Thu Dec 7 14:20:52 PST 2017


Thu Dec 7 14:20:52 PST 2017
[WorkerOrder] 11; 12,14; 11,12,14; 11-12-14-15
acald013@dblab-rack12: no org.apache.spark.deploy.worker.Worker to stop
acald013@dblab-rack15: no org.apache.spark.deploy.worker.Worker to stop
acald013@dblab-rack14: no org.apache.spark.deploy.worker.Worker to stop
acald013@dblab-rack11: no org.apache.spark.deploy.worker.Worker to stop
no org.apache.spark.deploy.master.Master to stop
starting org.apache.spark.deploy.master.Master, logging to /home/acald013/Spark/spark-2.1.0-bin-hadoop2.7/logs/spark-acald013-org.apache.spark.deploy.master.Master-1-dblab-rack11.cs.ucr.edu.out
acald013@dblab-rack11: starting org.apache.spark.deploy.worker.Worker, logging to /home/acald013/Spark/spark-2.1.0-bin-hadoop2.7/logs/spark-acald013-org.apache.spark.deploy.worker.Worker-1-dblab-rack11.cs.ucr.edu.out
Running iteration 1/3 for B60K (epsilon = 10 , mu = 10)...
2017-12-07 14:21:02,042 -> Starting session... [1.630s]
2017-12-07 14:21:04,771 -> Reading dataset... [2.727s]
2017-12-07 14:21:04,810 -> Lauching MaximalFinder at 14:21:04.777...
2017-12-07 14:21:04,811 -> 00.Setting mu=10,epsilon=10.0,cores=7,dataset=B60K
2017-12-07 14:21:04,811 -> [Partitions Info]Points;Before indexing;7
2017-12-07 14:21:20,658 -> [Partitions Info]Points;After indexing;1024
2017-12-07 14:21:20,658 -> 01.Indexing points... [15.847s] [60000 results]
2017-12-07 14:21:39,448 -> 02.Getting pairs... [18.790s] [15905 results]
2017-12-07 14:21:43,150 -> 03.Computing centers... [3.702s] [31810 results]
2017-12-07 14:21:43,150 -> [Partitions Info]Centers;Before indexing;7
2017-12-07 14:21:45,612 -> [Partitions Info]Centers;After indexing;1024
2017-12-07 14:21:45,613 -> 04.Indexing centers... [2.463s] [31810 results]
2017-12-07 14:21:59,724 -> 05.Getting disks... [14.111s] [31810 results]
2017-12-07 14:22:00,675 -> 06.Filtering less-than-mu disks... [0.951s] [89 results]
2017-12-07 14:22:07,600 -> 07.Prunning duplicate candidates... [6.925s] [50 results]
2017-12-07 14:22:07,610 -> [Partitions Info]Candidates;Before indexing;200
2017-12-07 14:22:08,337 -> 08.Indexing candidates... [7.662s] [50 results]
2017-12-07 14:22:08,579 -> [Partitions Info]Candidates;After indexing;9
2017-12-07 14:22:08,579 -> 09.Getting expansions... [0.242s] [282 results]
2017-12-07 14:22:09,043 -> 10.Finding maximal disks... [0.464s] [5 results]
2017-12-07 14:22:12,328 -> 11.Prunning duplicates and subsets... [3.285s] [5 results]
2017-12-07 14:22:12,328 ->      Dataset,   Eps, Cores, Mu,   Time, # Pairs,   # Disks, # Candidates, # Maximals
2017-12-07 14:22:12,328 ->         B60K,  10.0,     7, 10,  67.52,   15905,     31810,           50,          5
2017-12-07 14:22:12,401 -> Dropping indices...[0.073s]
2017-12-07 14:22:12,402 -> Finishing MaximalFinder at 14:22:12.401...
2017-12-07 14:22:12,402 -> Total time for MaximalFinder: 67.591ms...
2017-12-07 14:22:12,463 -> Closing session... [0.061s]
Done!!! Thu Dec  7 14:22:12 PST 2017
Running iteration 1/3 for B60K (epsilon = 20 , mu = 10)...
2017-12-07 14:22:16,374 -> Starting session... [1.632s]
2017-12-07 14:22:19,041 -> Reading dataset... [2.666s]
2017-12-07 14:22:19,082 -> Lauching MaximalFinder at 14:22:19.046...
2017-12-07 14:22:19,082 -> 00.Setting mu=10,epsilon=20.0,cores=7,dataset=B60K
2017-12-07 14:22:19,083 -> [Partitions Info]Points;Before indexing;7
2017-12-07 14:22:34,624 -> [Partitions Info]Points;After indexing;1024
2017-12-07 14:22:34,624 -> 01.Indexing points... [15.542s] [60000 results]
2017-12-07 14:22:53,479 -> 02.Getting pairs... [18.855s] [36979 results]
2017-12-07 14:22:57,063 -> 03.Computing centers... [3.584s] [73958 results]
2017-12-07 14:22:57,063 -> [Partitions Info]Centers;Before indexing;7
2017-12-07 14:22:59,525 -> [Partitions Info]Centers;After indexing;1024
2017-12-07 14:22:59,526 -> 04.Indexing centers... [2.463s] [73958 results]
2017-12-07 14:23:15,641 -> 05.Getting disks... [16.115s] [73958 results]
2017-12-07 14:23:16,975 -> 06.Filtering less-than-mu disks... [1.334s] [887 results]
2017-12-07 14:23:24,302 -> 07.Prunning duplicate candidates... [7.327s] [537 results]
2017-12-07 14:23:24,309 -> [Partitions Info]Candidates;Before indexing;200
2017-12-07 14:23:25,017 -> 08.Indexing candidates... [8.042s] [537 results]
2017-12-07 14:23:25,448 -> [Partitions Info]Candidates;After indexing;9
2017-12-07 14:23:25,448 -> 09.Getting expansions... [0.431s] [1398 results]
2017-12-07 14:23:25,949 -> 10.Finding maximal disks... [0.501s] [47 results]
2017-12-07 14:23:29,636 -> 11.Prunning duplicates and subsets... [3.687s] [47 results]
2017-12-07 14:23:29,637 ->      Dataset,   Eps, Cores, Mu,   Time, # Pairs,   # Disks, # Candidates, # Maximals
2017-12-07 14:23:29,637 ->         B60K,  20.0,     7, 10,  70.56,   36979,     73958,          537,         47
2017-12-07 14:23:29,690 -> Dropping indices...[0.053s]
2017-12-07 14:23:29,692 -> Finishing MaximalFinder at 14:23:29.691...
2017-12-07 14:23:29,692 -> Total time for MaximalFinder: 70.609ms...
2017-12-07 14:23:29,731 -> Closing session... [0.038s]
Done!!! Thu Dec  7 14:23:30 PST 2017
Running iteration 1/3 for B60K (epsilon = 30 , mu = 10)...
2017-12-07 14:23:33,715 -> Starting session... [1.469s]
2017-12-07 14:23:36,462 -> Reading dataset... [2.747s]
2017-12-07 14:23:36,496 -> Lauching MaximalFinder at 14:23:36.466...
2017-12-07 14:23:36,496 -> 00.Setting mu=10,epsilon=30.0,cores=7,dataset=B60K
2017-12-07 14:23:36,496 -> [Partitions Info]Points;Before indexing;7
2017-12-07 14:23:52,950 -> [Partitions Info]Points;After indexing;1024
2017-12-07 14:23:52,950 -> 01.Indexing points... [16.454s] [60000 results]
2017-12-07 14:24:12,522 -> 02.Getting pairs... [19.572s] [61034 results]
2017-12-07 14:24:16,531 -> 03.Computing centers... [4.009s] [122068 results]
2017-12-07 14:24:16,531 -> [Partitions Info]Centers;Before indexing;7
2017-12-07 14:24:19,493 -> [Partitions Info]Centers;After indexing;1024
2017-12-07 14:24:19,493 -> 04.Indexing centers... [2.962s] [122068 results]
2017-12-07 14:24:37,215 -> 05.Getting disks... [17.722s] [122068 results]
2017-12-07 14:24:39,035 -> 06.Filtering less-than-mu disks... [1.820s] [2569 results]
2017-12-07 14:24:47,282 -> 07.Prunning duplicate candidates... [8.247s] [1599 results]
2017-12-07 14:24:47,292 -> [Partitions Info]Candidates;Before indexing;200
2017-12-07 14:24:48,025 -> 08.Indexing candidates... [8.990s] [1599 results]
2017-12-07 14:24:48,371 -> [Partitions Info]Candidates;After indexing;9
2017-12-07 14:24:48,371 -> 09.Getting expansions... [0.346s] [2972 results]
2017-12-07 14:24:48,924 -> 10.Finding maximal disks... [0.553s] [129 results]
2017-12-07 14:24:52,325 -> 11.Prunning duplicates and subsets... [3.400s] [129 results]
2017-12-07 14:24:52,325 ->      Dataset,   Eps, Cores, Mu,   Time, # Pairs,   # Disks, # Candidates, # Maximals
2017-12-07 14:24:52,326 ->         B60K,  30.0,     7, 10,  75.83,   61034,    122068,         1599,        129
2017-12-07 14:24:52,382 -> Dropping indices...[0.055s]
2017-12-07 14:24:52,382 -> Finishing MaximalFinder at 14:24:52.382...
2017-12-07 14:24:52,382 -> Total time for MaximalFinder: 75.886ms...
2017-12-07 14:24:52,432 -> Closing session... [0.050s]
Done!!! Thu Dec  7 14:24:52 PST 2017
Running iteration 2/3 for B60K (epsilon = 10 , mu = 10)...
2017-12-07 14:24:56,699 -> Starting session... [1.741s]
2017-12-07 14:24:59,362 -> Reading dataset... [2.663s]
2017-12-07 14:24:59,401 -> Lauching MaximalFinder at 14:24:59.368...
2017-12-07 14:24:59,402 -> 00.Setting mu=10,epsilon=10.0,cores=7,dataset=B60K
2017-12-07 14:24:59,402 -> [Partitions Info]Points;Before indexing;7
2017-12-07 14:25:14,795 -> [Partitions Info]Points;After indexing;1024
2017-12-07 14:25:14,796 -> 01.Indexing points... [15.393s] [60000 results]
2017-12-07 14:25:33,063 -> 02.Getting pairs... [18.267s] [15905 results]
2017-12-07 14:25:36,569 -> 03.Computing centers... [3.506s] [31810 results]
2017-12-07 14:25:36,569 -> [Partitions Info]Centers;Before indexing;7
2017-12-07 14:25:38,677 -> [Partitions Info]Centers;After indexing;1024
2017-12-07 14:25:38,677 -> 04.Indexing centers... [2.108s] [31810 results]
2017-12-07 14:25:53,304 -> 05.Getting disks... [14.627s] [31810 results]
2017-12-07 14:25:54,306 -> 06.Filtering less-than-mu disks... [1.002s] [89 results]
2017-12-07 14:26:00,711 -> 07.Prunning duplicate candidates... [6.405s] [50 results]
2017-12-07 14:26:00,721 -> [Partitions Info]Candidates;Before indexing;200
2017-12-07 14:26:01,394 -> 08.Indexing candidates... [7.088s] [50 results]
2017-12-07 14:26:01,626 -> [Partitions Info]Candidates;After indexing;9
2017-12-07 14:26:01,627 -> 09.Getting expansions... [0.233s] [282 results]
2017-12-07 14:26:02,106 -> 10.Finding maximal disks... [0.479s] [5 results]
2017-12-07 14:26:05,300 -> 11.Prunning duplicates and subsets... [3.194s] [5 results]
2017-12-07 14:26:05,300 ->      Dataset,   Eps, Cores, Mu,   Time, # Pairs,   # Disks, # Candidates, # Maximals
2017-12-07 14:26:05,300 ->         B60K,  10.0,     7, 10,  65.90,   15905,     31810,           50,          5
2017-12-07 14:26:05,367 -> Dropping indices...[0.067s]
2017-12-07 14:26:05,367 -> Finishing MaximalFinder at 14:26:05.367...
2017-12-07 14:26:05,367 -> Total time for MaximalFinder: 65.965ms...
2017-12-07 14:26:05,415 -> Closing session... [0.048s]
Done!!! Thu Dec  7 14:26:05 PST 2017
Running iteration 2/3 for B60K (epsilon = 20 , mu = 10)...
2017-12-07 14:26:09,270 -> Starting session... [1.544s]
2017-12-07 14:26:12,107 -> Reading dataset... [2.837s]
2017-12-07 14:26:12,144 -> Lauching MaximalFinder at 14:26:12.112...
2017-12-07 14:26:12,145 -> 00.Setting mu=10,epsilon=20.0,cores=7,dataset=B60K
2017-12-07 14:26:12,145 -> [Partitions Info]Points;Before indexing;7
2017-12-07 14:26:27,693 -> [Partitions Info]Points;After indexing;1024
2017-12-07 14:26:27,693 -> 01.Indexing points... [15.548s] [60000 results]
2017-12-07 14:26:46,411 -> 02.Getting pairs... [18.717s] [36979 results]
2017-12-07 14:26:50,175 -> 03.Computing centers... [3.764s] [73958 results]
2017-12-07 14:26:50,175 -> [Partitions Info]Centers;Before indexing;7
2017-12-07 14:26:52,630 -> [Partitions Info]Centers;After indexing;1024
2017-12-07 14:26:52,630 -> 04.Indexing centers... [2.455s] [73958 results]
2017-12-07 14:27:08,542 -> 05.Getting disks... [15.912s] [73958 results]
2017-12-07 14:27:09,977 -> 06.Filtering less-than-mu disks... [1.435s] [887 results]
2017-12-07 14:27:17,292 -> 07.Prunning duplicate candidates... [7.315s] [537 results]
2017-12-07 14:27:17,299 -> [Partitions Info]Candidates;Before indexing;200
2017-12-07 14:27:18,207 -> 08.Indexing candidates... [8.230s] [537 results]
2017-12-07 14:27:18,499 -> [Partitions Info]Candidates;After indexing;9
2017-12-07 14:27:18,499 -> 09.Getting expansions... [0.292s] [1398 results]
2017-12-07 14:27:18,984 -> 10.Finding maximal disks... [0.485s] [47 results]
2017-12-07 14:27:22,429 -> 11.Prunning duplicates and subsets... [3.445s] [47 results]
2017-12-07 14:27:22,429 ->      Dataset,   Eps, Cores, Mu,   Time, # Pairs,   # Disks, # Candidates, # Maximals
2017-12-07 14:27:22,430 ->         B60K,  20.0,     7, 10,  70.28,   36979,     73958,          537,         47
2017-12-07 14:27:22,487 -> Dropping indices...[0.057s]
2017-12-07 14:27:22,487 -> Finishing MaximalFinder at 14:27:22.487...
2017-12-07 14:27:22,487 -> Total time for MaximalFinder: 70.342ms...
2017-12-07 14:27:22,540 -> Closing session... [0.053s]
Done!!! Thu Dec  7 14:27:22 PST 2017
Running iteration 2/3 for B60K (epsilon = 30 , mu = 10)...
2017-12-07 14:27:26,541 -> Starting session... [1.778s]
2017-12-07 14:27:29,272 -> Reading dataset... [2.730s]
2017-12-07 14:27:29,307 -> Lauching MaximalFinder at 14:27:29.276...
2017-12-07 14:27:29,307 -> 00.Setting mu=10,epsilon=30.0,cores=7,dataset=B60K
2017-12-07 14:27:29,308 -> [Partitions Info]Points;Before indexing;7
2017-12-07 14:27:44,749 -> [Partitions Info]Points;After indexing;1024
2017-12-07 14:27:44,749 -> 01.Indexing points... [15.441s] [60000 results]
2017-12-07 14:28:04,507 -> 02.Getting pairs... [19.758s] [61034 results]
2017-12-07 14:28:08,578 -> 03.Computing centers... [4.071s] [122068 results]
2017-12-07 14:28:08,578 -> [Partitions Info]Centers;Before indexing;7
2017-12-07 14:28:11,186 -> [Partitions Info]Centers;After indexing;1024
2017-12-07 14:28:11,187 -> 04.Indexing centers... [2.609s] [122068 results]
2017-12-07 14:28:28,471 -> 05.Getting disks... [17.284s] [122068 results]
2017-12-07 14:28:30,692 -> 06.Filtering less-than-mu disks... [2.221s] [2569 results]
2017-12-07 14:28:39,184 -> 07.Prunning duplicate candidates... [8.492s] [1599 results]
2017-12-07 14:28:39,191 -> [Partitions Info]Candidates;Before indexing;200
2017-12-07 14:28:40,018 -> 08.Indexing candidates... [9.326s] [1599 results]
2017-12-07 14:28:40,375 -> [Partitions Info]Candidates;After indexing;9
2017-12-07 14:28:40,375 -> 09.Getting expansions... [0.357s] [2972 results]
2017-12-07 14:28:40,899 -> 10.Finding maximal disks... [0.523s] [129 results]
2017-12-07 14:28:44,472 -> 11.Prunning duplicates and subsets... [3.573s] [129 results]
2017-12-07 14:28:44,472 ->      Dataset,   Eps, Cores, Mu,   Time, # Pairs,   # Disks, # Candidates, # Maximals
2017-12-07 14:28:44,472 ->         B60K,  30.0,     7, 10,  75.16,   61034,    122068,         1599,        129
2017-12-07 14:28:44,536 -> Dropping indices...[0.064s]
2017-12-07 14:28:44,536 -> Finishing MaximalFinder at 14:28:44.536...
2017-12-07 14:28:44,537 -> Total time for MaximalFinder: 75.229ms...
2017-12-07 14:28:44,580 -> Closing session... [0.041s]
Done!!! Thu Dec  7 14:28:45 PST 2017
Running iteration 3/3 for B60K (epsilon = 10 , mu = 10)...
2017-12-07 14:28:48,465 -> Starting session... [1.644s]
2017-12-07 14:28:51,213 -> Reading dataset... [2.747s]
2017-12-07 14:28:51,251 -> Lauching MaximalFinder at 14:28:51.218...
2017-12-07 14:28:51,251 -> 00.Setting mu=10,epsilon=10.0,cores=7,dataset=B60K
2017-12-07 14:28:51,251 -> [Partitions Info]Points;Before indexing;7
2017-12-07 14:29:07,627 -> [Partitions Info]Points;After indexing;1024
2017-12-07 14:29:07,628 -> 01.Indexing points... [16.376s] [60000 results]
2017-12-07 14:29:26,646 -> 02.Getting pairs... [19.018s] [15905 results]
2017-12-07 14:29:30,231 -> 03.Computing centers... [3.585s] [31810 results]
2017-12-07 14:29:30,231 -> [Partitions Info]Centers;Before indexing;7
2017-12-07 14:29:32,660 -> [Partitions Info]Centers;After indexing;1024
2017-12-07 14:29:32,660 -> 04.Indexing centers... [2.429s] [31810 results]
2017-12-07 14:29:47,488 -> 05.Getting disks... [14.828s] [31810 results]
2017-12-07 14:29:48,647 -> 06.Filtering less-than-mu disks... [1.159s] [89 results]
2017-12-07 14:29:55,452 -> 07.Prunning duplicate candidates... [6.805s] [50 results]
2017-12-07 14:29:55,460 -> [Partitions Info]Candidates;Before indexing;200
2017-12-07 14:29:56,172 -> 08.Indexing candidates... [7.525s] [50 results]
2017-12-07 14:29:56,435 -> [Partitions Info]Candidates;After indexing;9
2017-12-07 14:29:56,435 -> 09.Getting expansions... [0.263s] [282 results]
2017-12-07 14:29:56,879 -> 10.Finding maximal disks... [0.444s] [5 results]
2017-12-07 14:30:00,017 -> 11.Prunning duplicates and subsets... [3.138s] [5 results]
2017-12-07 14:30:00,017 ->      Dataset,   Eps, Cores, Mu,   Time, # Pairs,   # Disks, # Candidates, # Maximals
2017-12-07 14:30:00,018 ->         B60K,  10.0,     7, 10,  68.77,   15905,     31810,           50,          5
2017-12-07 14:30:00,074 -> Dropping indices...[0.056s]
2017-12-07 14:30:00,075 -> Finishing MaximalFinder at 14:30:00.074...
2017-12-07 14:30:00,075 -> Total time for MaximalFinder: 68.823ms...
2017-12-07 14:30:00,123 -> Closing session... [0.048s]
Done!!! Thu Dec  7 14:30:00 PST 2017
Running iteration 3/3 for B60K (epsilon = 20 , mu = 10)...
2017-12-07 14:30:03,961 -> Starting session... [1.634s]
2017-12-07 14:30:06,723 -> Reading dataset... [2.762s]
2017-12-07 14:30:06,764 -> Lauching MaximalFinder at 14:30:06.730...
2017-12-07 14:30:06,764 -> 00.Setting mu=10,epsilon=20.0,cores=7,dataset=B60K
2017-12-07 14:30:06,764 -> [Partitions Info]Points;Before indexing;7
2017-12-07 14:30:22,548 -> [Partitions Info]Points;After indexing;1024
2017-12-07 14:30:22,548 -> 01.Indexing points... [15.784s] [60000 results]
2017-12-07 14:30:41,085 -> 02.Getting pairs... [18.537s] [36979 results]
2017-12-07 14:30:44,705 -> 03.Computing centers... [3.620s] [73958 results]
2017-12-07 14:30:44,705 -> [Partitions Info]Centers;Before indexing;7
2017-12-07 14:30:47,193 -> [Partitions Info]Centers;After indexing;1024
2017-12-07 14:30:47,194 -> 04.Indexing centers... [2.489s] [73958 results]
2017-12-07 14:31:02,888 -> 05.Getting disks... [15.694s] [73958 results]
2017-12-07 14:31:04,773 -> 06.Filtering less-than-mu disks... [1.885s] [887 results]
2017-12-07 14:31:12,199 -> 07.Prunning duplicate candidates... [7.426s] [537 results]
2017-12-07 14:31:12,209 -> [Partitions Info]Candidates;Before indexing;200
2017-12-07 14:31:12,957 -> 08.Indexing candidates... [8.184s] [537 results]
2017-12-07 14:31:13,410 -> [Partitions Info]Candidates;After indexing;9
2017-12-07 14:31:13,410 -> 09.Getting expansions... [0.453s] [1398 results]
2017-12-07 14:31:13,944 -> 10.Finding maximal disks... [0.534s] [47 results]
2017-12-07 14:31:17,356 -> 11.Prunning duplicates and subsets... [3.412s] [47 results]
2017-12-07 14:31:17,357 ->      Dataset,   Eps, Cores, Mu,   Time, # Pairs,   # Disks, # Candidates, # Maximals
2017-12-07 14:31:17,357 ->         B60K,  20.0,     7, 10,  70.59,   36979,     73958,          537,         47
2017-12-07 14:31:17,421 -> Dropping indices...[0.064s]
2017-12-07 14:31:17,421 -> Finishing MaximalFinder at 14:31:17.421...
2017-12-07 14:31:17,421 -> Total time for MaximalFinder: 70.657ms...
2017-12-07 14:31:17,472 -> Closing session... [0.051s]
Done!!! Thu Dec  7 14:31:17 PST 2017
Running iteration 3/3 for B60K (epsilon = 30 , mu = 10)...
2017-12-07 14:31:21,457 -> Starting session... [1.685s]
2017-12-07 14:31:24,122 -> Reading dataset... [2.665s]
2017-12-07 14:31:24,162 -> Lauching MaximalFinder at 14:31:24.129...
2017-12-07 14:31:24,162 -> 00.Setting mu=10,epsilon=30.0,cores=7,dataset=B60K
2017-12-07 14:31:24,162 -> [Partitions Info]Points;Before indexing;7
2017-12-07 14:31:40,218 -> [Partitions Info]Points;After indexing;1024
2017-12-07 14:31:40,218 -> 01.Indexing points... [16.056s] [60000 results]
2017-12-07 14:31:59,306 -> 02.Getting pairs... [19.088s] [61034 results]
2017-12-07 14:32:03,347 -> 03.Computing centers... [4.041s] [122068 results]
2017-12-07 14:32:03,347 -> [Partitions Info]Centers;Before indexing;7
2017-12-07 14:32:06,102 -> [Partitions Info]Centers;After indexing;1024
2017-12-07 14:32:06,102 -> 04.Indexing centers... [2.755s] [122068 results]
2017-12-07 14:32:23,954 -> 05.Getting disks... [17.852s] [122068 results]
2017-12-07 14:32:26,069 -> 06.Filtering less-than-mu disks... [2.115s] [2569 results]
2017-12-07 14:32:34,797 -> 07.Prunning duplicate candidates... [8.728s] [1599 results]
2017-12-07 14:32:34,805 -> [Partitions Info]Candidates;Before indexing;200
2017-12-07 14:32:35,550 -> 08.Indexing candidates... [9.481s] [1599 results]
2017-12-07 14:32:35,887 -> [Partitions Info]Candidates;After indexing;9
2017-12-07 14:32:35,888 -> 09.Getting expansions... [0.338s] [2972 results]
2017-12-07 14:32:36,457 -> 10.Finding maximal disks... [0.569s] [129 results]
2017-12-07 14:32:39,855 -> 11.Prunning duplicates and subsets... [3.398s] [129 results]
2017-12-07 14:32:39,855 ->      Dataset,   Eps, Cores, Mu,   Time, # Pairs,   # Disks, # Candidates, # Maximals
2017-12-07 14:32:39,855 ->         B60K,  30.0,     7, 10,  75.69,   61034,    122068,         1599,        129
2017-12-07 14:32:39,924 -> Dropping indices...[0.069s]
2017-12-07 14:32:39,924 -> Finishing MaximalFinder at 14:32:39.924...
2017-12-07 14:32:39,925 -> Total time for MaximalFinder: 75.762ms...
2017-12-07 14:32:39,983 -> Closing session... [0.058s]
Done!!! Thu Dec  7 14:32:40 PST 2017
acald013@dblab-rack11: stopping org.apache.spark.deploy.worker.Worker
stopping org.apache.spark.deploy.master.Master
starting org.apache.spark.deploy.master.Master, logging to /home/acald013/Spark/spark-2.1.0-bin-hadoop2.7/logs/spark-acald013-org.apache.spark.deploy.master.Master-1-dblab-rack11.cs.ucr.edu.out
acald013@dblab-rack12: starting org.apache.spark.deploy.worker.Worker, logging to /home/acald013/Spark/spark-2.1.0-bin-hadoop2.7/logs/spark-acald013-org.apache.spark.deploy.worker.Worker-1-dblab-rack12.out
acald013@dblab-rack14: starting org.apache.spark.deploy.worker.Worker, logging to /home/acald013/Spark/spark-2.1.0-bin-hadoop2.7/logs/spark-acald013-org.apache.spark.deploy.worker.Worker-1-dblab-rack14.cs.ucr.edu.out
Running iteration 1/3 for B120K (epsilon = 10 , mu = 10)...
2017-12-07 14:32:49,188 -> Starting session... [1.421s]
2017-12-07 14:32:51,556 -> Reading dataset... [2.367s]
2017-12-07 14:32:51,602 -> Lauching MaximalFinder at 14:32:51.561...
2017-12-07 14:32:51,602 -> 00.Setting mu=10,epsilon=10.0,cores=14,dataset=B120K
2017-12-07 14:32:51,602 -> [Partitions Info]Points;Before indexing;14
2017-12-07 14:33:01,708 -> [Partitions Info]Points;After indexing;1024
2017-12-07 14:33:01,708 -> 01.Indexing points... [10.106s] [120000 results]
2017-12-07 14:33:12,844 -> 02.Getting pairs... [11.136s] [31810 results]
2017-12-07 14:33:14,979 -> 03.Computing centers... [2.135s] [63620 results]
2017-12-07 14:33:14,979 -> [Partitions Info]Centers;Before indexing;14
2017-12-07 14:33:16,633 -> [Partitions Info]Centers;After indexing;1024
2017-12-07 14:33:16,633 -> 04.Indexing centers... [1.654s] [63620 results]
2017-12-07 14:33:26,171 -> 05.Getting disks... [9.538s] [63620 results]
2017-12-07 14:33:27,060 -> 06.Filtering less-than-mu disks... [0.889s] [178 results]
2017-12-07 14:33:33,087 -> 07.Prunning duplicate candidates... [6.027s] [100 results]
2017-12-07 14:33:33,093 -> [Partitions Info]Candidates;Before indexing;200
2017-12-07 14:33:33,550 -> 08.Indexing candidates... [6.490s] [100 results]
2017-12-07 14:33:33,733 -> [Partitions Info]Candidates;After indexing;16
2017-12-07 14:33:33,733 -> 09.Getting expansions... [0.183s] [598 results]
2017-12-07 14:33:34,198 -> 10.Finding maximal disks... [0.464s] [10 results]
2017-12-07 14:33:36,441 -> 11.Prunning duplicates and subsets... [2.243s] [10 results]
2017-12-07 14:33:36,441 ->      Dataset,   Eps, Cores, Mu,   Time, # Pairs,   # Disks, # Candidates, # Maximals
2017-12-07 14:33:36,441 ->        B120K,  10.0,    14, 10,  44.84,   31810,     63620,          100,         10
2017-12-07 14:33:36,490 -> Dropping indices...[0.049s]
2017-12-07 14:33:36,490 -> Finishing MaximalFinder at 14:33:36.490...
2017-12-07 14:33:36,490 -> Total time for MaximalFinder: 44.888ms...
2017-12-07 14:33:36,527 -> Closing session... [0.037s]
Done!!! Thu Dec  7 14:33:36 PST 2017
Running iteration 1/3 for B120K (epsilon = 20 , mu = 10)...
2017-12-07 14:33:40,158 -> Starting session... [1.425s]
2017-12-07 14:33:42,356 -> Reading dataset... [2.198s]
2017-12-07 14:33:42,403 -> Lauching MaximalFinder at 14:33:42.363...
2017-12-07 14:33:42,404 -> 00.Setting mu=10,epsilon=20.0,cores=14,dataset=B120K
2017-12-07 14:33:42,404 -> [Partitions Info]Points;Before indexing;14
2017-12-07 14:33:52,589 -> [Partitions Info]Points;After indexing;1024
2017-12-07 14:33:52,589 -> 01.Indexing points... [10.185s] [120000 results]
2017-12-07 14:34:04,257 -> 02.Getting pairs... [11.668s] [73958 results]
2017-12-07 14:34:06,566 -> 03.Computing centers... [2.309s] [147916 results]
2017-12-07 14:34:06,566 -> [Partitions Info]Centers;Before indexing;14
2017-12-07 14:34:08,680 -> [Partitions Info]Centers;After indexing;1024
2017-12-07 14:34:08,680 -> 04.Indexing centers... [2.114s] [147916 results]
2017-12-07 14:34:20,669 -> 05.Getting disks... [11.989s] [147916 results]
2017-12-07 14:34:22,007 -> 06.Filtering less-than-mu disks... [1.338s] [1774 results]
2017-12-07 14:34:28,515 -> 07.Prunning duplicate candidates... [6.507s] [1074 results]
2017-12-07 14:34:28,524 -> [Partitions Info]Candidates;Before indexing;200
2017-12-07 14:34:29,030 -> 08.Indexing candidates... [7.022s] [1074 results]
2017-12-07 14:34:29,248 -> [Partitions Info]Candidates;After indexing;16
2017-12-07 14:34:29,248 -> 09.Getting expansions... [0.218s] [2622 results]
2017-12-07 14:34:29,792 -> 10.Finding maximal disks... [0.544s] [94 results]
2017-12-07 14:34:32,245 -> 11.Prunning duplicates and subsets... [2.453s] [94 results]
2017-12-07 14:34:32,245 ->      Dataset,   Eps, Cores, Mu,   Time, # Pairs,   # Disks, # Candidates, # Maximals
2017-12-07 14:34:32,246 ->        B120K,  20.0,    14, 10,  49.84,   73958,    147916,         1074,         94
2017-12-07 14:34:32,298 -> Dropping indices...[0.052s]
2017-12-07 14:34:32,299 -> Finishing MaximalFinder at 14:34:32.298...
2017-12-07 14:34:32,299 -> Total time for MaximalFinder: 49.894ms...
2017-12-07 14:34:32,336 -> Closing session... [0.037s]
Done!!! Thu Dec  7 14:34:32 PST 2017
Running iteration 1/3 for B120K (epsilon = 30 , mu = 10)...
2017-12-07 14:34:36,192 -> Starting session... [1.629s]
2017-12-07 14:34:38,549 -> Reading dataset... [2.357s]
2017-12-07 14:34:38,602 -> Lauching MaximalFinder at 14:34:38.557...
2017-12-07 14:34:38,602 -> 00.Setting mu=10,epsilon=30.0,cores=14,dataset=B120K
2017-12-07 14:34:38,602 -> [Partitions Info]Points;Before indexing;14
2017-12-07 14:34:49,218 -> [Partitions Info]Points;After indexing;1024
2017-12-07 14:34:49,218 -> 01.Indexing points... [10.616s] [120000 results]
2017-12-07 14:35:01,162 -> 02.Getting pairs... [11.944s] [122068 results]
2017-12-07 14:35:03,794 -> 03.Computing centers... [2.632s] [244136 results]
2017-12-07 14:35:03,795 -> [Partitions Info]Centers;Before indexing;14
2017-12-07 14:35:05,943 -> [Partitions Info]Centers;After indexing;1024
2017-12-07 14:35:05,943 -> 04.Indexing centers... [2.149s] [244136 results]
2017-12-07 14:35:18,411 -> 05.Getting disks... [12.468s] [244136 results]
2017-12-07 14:35:20,473 -> 06.Filtering less-than-mu disks... [2.062s] [5138 results]
2017-12-07 14:35:27,657 -> 07.Prunning duplicate candidates... [7.184s] [3198 results]
2017-12-07 14:35:27,663 -> [Partitions Info]Candidates;Before indexing;200
2017-12-07 14:35:28,187 -> 08.Indexing candidates... [7.714s] [3198 results]
2017-12-07 14:35:28,564 -> [Partitions Info]Candidates;After indexing;16
2017-12-07 14:35:28,564 -> 09.Getting expansions... [0.377s] [6395 results]
2017-12-07 14:35:29,198 -> 10.Finding maximal disks... [0.634s] [258 results]
2017-12-07 14:35:31,639 -> 11.Prunning duplicates and subsets... [2.441s] [258 results]
2017-12-07 14:35:31,639 ->      Dataset,   Eps, Cores, Mu,   Time, # Pairs,   # Disks, # Candidates, # Maximals
2017-12-07 14:35:31,640 ->        B120K,  30.0,    14, 10,  53.04,  122068,    244136,         3198,        258
2017-12-07 14:35:31,708 -> Dropping indices...[0.068s]
2017-12-07 14:35:31,708 -> Finishing MaximalFinder at 14:35:31.708...
2017-12-07 14:35:31,708 -> Total time for MaximalFinder: 53.106ms...
2017-12-07 14:35:31,744 -> Closing session... [0.036s]
Done!!! Thu Dec  7 14:35:32 PST 2017
Running iteration 2/3 for B120K (epsilon = 10 , mu = 10)...
2017-12-07 14:35:35,492 -> Starting session... [1.547s]
2017-12-07 14:35:37,943 -> Reading dataset... [2.451s]
2017-12-07 14:35:37,988 -> Lauching MaximalFinder at 14:35:37.949...
2017-12-07 14:35:37,988 -> 00.Setting mu=10,epsilon=10.0,cores=14,dataset=B120K
2017-12-07 14:35:37,989 -> [Partitions Info]Points;Before indexing;14
2017-12-07 14:35:48,725 -> [Partitions Info]Points;After indexing;1024
2017-12-07 14:35:48,726 -> 01.Indexing points... [10.737s] [120000 results]
2017-12-07 14:36:00,027 -> 02.Getting pairs... [11.301s] [31810 results]
2017-12-07 14:36:02,234 -> 03.Computing centers... [2.207s] [63620 results]
2017-12-07 14:36:02,234 -> [Partitions Info]Centers;Before indexing;14
2017-12-07 14:36:04,000 -> [Partitions Info]Centers;After indexing;1024
2017-12-07 14:36:04,000 -> 04.Indexing centers... [1.766s] [63620 results]
2017-12-07 14:36:13,794 -> 05.Getting disks... [9.794s] [63620 results]
2017-12-07 14:36:14,665 -> 06.Filtering less-than-mu disks... [0.871s] [178 results]
2017-12-07 14:36:20,308 -> 07.Prunning duplicate candidates... [5.643s] [100 results]
2017-12-07 14:36:20,315 -> [Partitions Info]Candidates;Before indexing;200
2017-12-07 14:36:20,813 -> 08.Indexing candidates... [6.148s] [100 results]
2017-12-07 14:36:20,987 -> [Partitions Info]Candidates;After indexing;16
2017-12-07 14:36:20,987 -> 09.Getting expansions... [0.174s] [598 results]
2017-12-07 14:36:21,483 -> 10.Finding maximal disks... [0.496s] [10 results]
2017-12-07 14:36:23,977 -> 11.Prunning duplicates and subsets... [2.494s] [10 results]
2017-12-07 14:36:23,977 ->      Dataset,   Eps, Cores, Mu,   Time, # Pairs,   # Disks, # Candidates, # Maximals
2017-12-07 14:36:23,977 ->        B120K,  10.0,    14, 10,  45.99,   31810,     63620,          100,         10
2017-12-07 14:36:24,029 -> Dropping indices...[0.052s]
2017-12-07 14:36:24,029 -> Finishing MaximalFinder at 14:36:24.029...
2017-12-07 14:36:24,029 -> Total time for MaximalFinder: 46.041ms...
2017-12-07 14:36:24,065 -> Closing session... [0.036s]
Done!!! Thu Dec  7 14:36:24 PST 2017
Running iteration 2/3 for B120K (epsilon = 20 , mu = 10)...
2017-12-07 14:36:27,736 -> Starting session... [1.381s]
2017-12-07 14:36:30,199 -> Reading dataset... [2.462s]
2017-12-07 14:36:30,244 -> Lauching MaximalFinder at 14:36:30.207...
2017-12-07 14:36:30,245 -> 00.Setting mu=10,epsilon=20.0,cores=14,dataset=B120K
2017-12-07 14:36:30,245 -> [Partitions Info]Points;Before indexing;14
2017-12-07 14:36:40,246 -> [Partitions Info]Points;After indexing;1024
2017-12-07 14:36:40,246 -> 01.Indexing points... [10.001s] [120000 results]
2017-12-07 14:36:51,502 -> 02.Getting pairs... [11.256s] [73958 results]
2017-12-07 14:36:53,929 -> 03.Computing centers... [2.427s] [147916 results]
2017-12-07 14:36:53,929 -> [Partitions Info]Centers;Before indexing;14
2017-12-07 14:36:55,842 -> [Partitions Info]Centers;After indexing;1024
2017-12-07 14:36:55,842 -> 04.Indexing centers... [1.913s] [147916 results]
2017-12-07 14:37:07,053 -> 05.Getting disks... [11.211s] [147916 results]
2017-12-07 14:37:08,630 -> 06.Filtering less-than-mu disks... [1.577s] [1774 results]
2017-12-07 14:37:14,772 -> 07.Prunning duplicate candidates... [6.142s] [1074 results]
2017-12-07 14:37:14,779 -> [Partitions Info]Candidates;Before indexing;200
2017-12-07 14:37:15,339 -> 08.Indexing candidates... [6.709s] [1074 results]
2017-12-07 14:37:15,545 -> [Partitions Info]Candidates;After indexing;16
2017-12-07 14:37:15,545 -> 09.Getting expansions... [0.206s] [2622 results]
2017-12-07 14:37:16,072 -> 10.Finding maximal disks... [0.527s] [94 results]
2017-12-07 14:37:19,107 -> 11.Prunning duplicates and subsets... [3.035s] [94 results]
2017-12-07 14:37:19,107 ->      Dataset,   Eps, Cores, Mu,   Time, # Pairs,   # Disks, # Candidates, # Maximals
2017-12-07 14:37:19,107 ->        B120K,  20.0,    14, 10,  48.86,   73958,    147916,         1074,         94
2017-12-07 14:37:19,156 -> Dropping indices...[0.049s]
2017-12-07 14:37:19,157 -> Finishing MaximalFinder at 14:37:19.157...
2017-12-07 14:37:19,157 -> Total time for MaximalFinder: 48.913ms...
2017-12-07 14:37:19,194 -> Closing session... [0.037s]
Done!!! Thu Dec  7 14:37:19 PST 2017
Running iteration 2/3 for B120K (epsilon = 30 , mu = 10)...
2017-12-07 14:37:22,901 -> Starting session... [1.435s]
2017-12-07 14:37:25,329 -> Reading dataset... [2.428s]
2017-12-07 14:37:25,364 -> Lauching MaximalFinder at 14:37:25.334...
2017-12-07 14:37:25,364 -> 00.Setting mu=10,epsilon=30.0,cores=14,dataset=B120K
2017-12-07 14:37:25,364 -> [Partitions Info]Points;Before indexing;14
2017-12-07 14:37:35,360 -> [Partitions Info]Points;After indexing;1024
2017-12-07 14:37:35,360 -> 01.Indexing points... [9.996s] [120000 results]
2017-12-07 14:37:47,531 -> 02.Getting pairs... [12.170s] [122068 results]
2017-12-07 14:37:50,076 -> 03.Computing centers... [2.545s] [244136 results]
2017-12-07 14:37:50,076 -> [Partitions Info]Centers;Before indexing;14
2017-12-07 14:37:52,497 -> [Partitions Info]Centers;After indexing;1024
2017-12-07 14:37:52,497 -> 04.Indexing centers... [2.421s] [244136 results]
2017-12-07 14:38:04,508 -> 05.Getting disks... [12.011s] [244136 results]
2017-12-07 14:38:06,659 -> 06.Filtering less-than-mu disks... [2.151s] [5138 results]
2017-12-07 14:38:14,264 -> 07.Prunning duplicate candidates... [7.605s] [3198 results]
2017-12-07 14:38:14,271 -> [Partitions Info]Candidates;Before indexing;200
2017-12-07 14:38:14,754 -> 08.Indexing candidates... [8.095s] [3198 results]
2017-12-07 14:38:15,037 -> [Partitions Info]Candidates;After indexing;16
2017-12-07 14:38:15,037 -> 09.Getting expansions... [0.283s] [6394 results]
2017-12-07 14:38:15,597 -> 10.Finding maximal disks... [0.560s] [258 results]
2017-12-07 14:38:18,217 -> 11.Prunning duplicates and subsets... [2.619s] [258 results]
2017-12-07 14:38:18,218 ->      Dataset,   Eps, Cores, Mu,   Time, # Pairs,   # Disks, # Candidates, # Maximals
2017-12-07 14:38:18,218 ->        B120K,  30.0,    14, 10,  52.85,  122068,    244136,         3198,        258
2017-12-07 14:38:18,273 -> Dropping indices...[0.055s]
2017-12-07 14:38:18,273 -> Finishing MaximalFinder at 14:38:18.273...
2017-12-07 14:38:18,273 -> Total time for MaximalFinder: 52.909ms...
2017-12-07 14:38:18,310 -> Closing session... [0.037s]
Done!!! Thu Dec  7 14:38:18 PST 2017
Running iteration 3/3 for B120K (epsilon = 10 , mu = 10)...
2017-12-07 14:38:22,059 -> Starting session... [1.474s]
2017-12-07 14:38:24,188 -> Reading dataset... [2.129s]
2017-12-07 14:38:24,234 -> Lauching MaximalFinder at 14:38:24.194...
2017-12-07 14:38:24,235 -> 00.Setting mu=10,epsilon=10.0,cores=14,dataset=B120K
2017-12-07 14:38:24,235 -> [Partitions Info]Points;Before indexing;14
2017-12-07 14:38:34,777 -> [Partitions Info]Points;After indexing;1024
2017-12-07 14:38:34,778 -> 01.Indexing points... [10.543s] [120000 results]
2017-12-07 14:38:46,019 -> 02.Getting pairs... [11.241s] [31810 results]
2017-12-07 14:38:48,418 -> 03.Computing centers... [2.399s] [63620 results]
2017-12-07 14:38:48,419 -> [Partitions Info]Centers;Before indexing;14
2017-12-07 14:38:50,023 -> [Partitions Info]Centers;After indexing;1024
2017-12-07 14:38:50,023 -> 04.Indexing centers... [1.604s] [63620 results]
2017-12-07 14:38:59,079 -> 05.Getting disks... [9.056s] [63620 results]
2017-12-07 14:39:00,041 -> 06.Filtering less-than-mu disks... [0.962s] [178 results]
2017-12-07 14:39:06,036 -> 07.Prunning duplicate candidates... [5.995s] [100 results]
2017-12-07 14:39:06,045 -> [Partitions Info]Candidates;Before indexing;200
2017-12-07 14:39:06,522 -> 08.Indexing candidates... [6.481s] [100 results]
2017-12-07 14:39:06,684 -> [Partitions Info]Candidates;After indexing;16
2017-12-07 14:39:06,684 -> 09.Getting expansions... [0.162s] [598 results]
2017-12-07 14:39:07,171 -> 10.Finding maximal disks... [0.487s] [10 results]
2017-12-07 14:39:09,588 -> 11.Prunning duplicates and subsets... [2.416s] [10 results]
2017-12-07 14:39:09,588 ->      Dataset,   Eps, Cores, Mu,   Time, # Pairs,   # Disks, # Candidates, # Maximals
2017-12-07 14:39:09,588 ->        B120K,  10.0,    14, 10,  45.35,   31810,     63620,          100,         10
2017-12-07 14:39:09,770 -> Dropping indices...[0.181s]
2017-12-07 14:39:09,770 -> Finishing MaximalFinder at 14:39:09.770...
2017-12-07 14:39:09,770 -> Total time for MaximalFinder: 45.536ms...
2017-12-07 14:39:09,828 -> Closing session... [0.058s]
Done!!! Thu Dec  7 14:39:10 PST 2017
Running iteration 3/3 for B120K (epsilon = 20 , mu = 10)...
2017-12-07 14:39:13,421 -> Starting session... [1.398s]
2017-12-07 14:39:15,789 -> Reading dataset... [2.367s]
2017-12-07 14:39:15,838 -> Lauching MaximalFinder at 14:39:15.795...
2017-12-07 14:39:15,839 -> 00.Setting mu=10,epsilon=20.0,cores=14,dataset=B120K
2017-12-07 14:39:15,839 -> [Partitions Info]Points;Before indexing;14
2017-12-07 14:39:26,061 -> [Partitions Info]Points;After indexing;1024
2017-12-07 14:39:26,061 -> 01.Indexing points... [10.222s] [120000 results]
2017-12-07 14:39:37,745 -> 02.Getting pairs... [11.684s] [73958 results]
2017-12-07 14:39:40,208 -> 03.Computing centers... [2.463s] [147916 results]
2017-12-07 14:39:40,208 -> [Partitions Info]Centers;Before indexing;14
2017-12-07 14:39:42,088 -> [Partitions Info]Centers;After indexing;1024
2017-12-07 14:39:42,088 -> 04.Indexing centers... [1.880s] [147916 results]
2017-12-07 14:39:53,790 -> 05.Getting disks... [11.702s] [147916 results]
2017-12-07 14:39:55,773 -> 06.Filtering less-than-mu disks... [1.983s] [1774 results]
2017-12-07 14:40:01,927 -> 07.Prunning duplicate candidates... [6.154s] [1074 results]
2017-12-07 14:40:01,935 -> [Partitions Info]Candidates;Before indexing;200
2017-12-07 14:40:02,531 -> 08.Indexing candidates... [6.758s] [1074 results]
2017-12-07 14:40:02,754 -> [Partitions Info]Candidates;After indexing;16
2017-12-07 14:40:02,754 -> 09.Getting expansions... [0.223s] [2622 results]
2017-12-07 14:40:03,328 -> 10.Finding maximal disks... [0.574s] [94 results]
2017-12-07 14:40:05,790 -> 11.Prunning duplicates and subsets... [2.462s] [94 results]
2017-12-07 14:40:05,790 ->      Dataset,   Eps, Cores, Mu,   Time, # Pairs,   # Disks, # Candidates, # Maximals
2017-12-07 14:40:05,790 ->        B120K,  20.0,    14, 10,  49.95,   73958,    147916,         1074,         94
2017-12-07 14:40:05,840 -> Dropping indices...[0.049s]
2017-12-07 14:40:05,840 -> Finishing MaximalFinder at 14:40:05.840...
2017-12-07 14:40:05,840 -> Total time for MaximalFinder: 50.002ms...
2017-12-07 14:40:05,878 -> Closing session... [0.038s]
Done!!! Thu Dec  7 14:40:06 PST 2017
Running iteration 3/3 for B120K (epsilon = 30 , mu = 10)...
2017-12-07 14:40:09,496 -> Starting session... [1.370s]
2017-12-07 14:40:11,764 -> Reading dataset... [2.268s]
2017-12-07 14:40:11,815 -> Lauching MaximalFinder at 14:40:11.770...
2017-12-07 14:40:11,815 -> 00.Setting mu=10,epsilon=30.0,cores=14,dataset=B120K
2017-12-07 14:40:11,815 -> [Partitions Info]Points;Before indexing;14
2017-12-07 14:40:22,233 -> [Partitions Info]Points;After indexing;1024
2017-12-07 14:40:22,233 -> 01.Indexing points... [10.418s] [120000 results]
2017-12-07 14:40:34,730 -> 02.Getting pairs... [12.497s] [122068 results]
2017-12-07 14:40:38,082 -> 03.Computing centers... [3.352s] [244136 results]
2017-12-07 14:40:38,083 -> [Partitions Info]Centers;Before indexing;14
2017-12-07 14:40:40,305 -> [Partitions Info]Centers;After indexing;1024
2017-12-07 14:40:40,305 -> 04.Indexing centers... [2.222s] [244136 results]
2017-12-07 14:40:51,999 -> 05.Getting disks... [11.694s] [244136 results]
2017-12-07 14:40:53,855 -> 06.Filtering less-than-mu disks... [1.856s] [5138 results]
2017-12-07 14:41:01,080 -> 07.Prunning duplicate candidates... [7.225s] [3198 results]
2017-12-07 14:41:01,087 -> [Partitions Info]Candidates;Before indexing;200
2017-12-07 14:41:01,590 -> 08.Indexing candidates... [7.735s] [3198 results]
2017-12-07 14:41:01,851 -> [Partitions Info]Candidates;After indexing;16
2017-12-07 14:41:01,851 -> 09.Getting expansions... [0.260s] [6394 results]
2017-12-07 14:41:02,396 -> 10.Finding maximal disks... [0.545s] [258 results]
2017-12-07 14:41:05,090 -> 11.Prunning duplicates and subsets... [2.694s] [258 results]
2017-12-07 14:41:05,090 ->      Dataset,   Eps, Cores, Mu,   Time, # Pairs,   # Disks, # Candidates, # Maximals
2017-12-07 14:41:05,090 ->        B120K,  30.0,    14, 10,  53.28,  122068,    244136,         3198,        258
2017-12-07 14:41:05,137 -> Dropping indices...[0.047s]
2017-12-07 14:41:05,138 -> Finishing MaximalFinder at 14:41:05.137...
2017-12-07 14:41:05,138 -> Total time for MaximalFinder: 53.322ms...
2017-12-07 14:41:05,175 -> Closing session... [0.037s]
Done!!! Thu Dec  7 14:41:05 PST 2017
acald013@dblab-rack14: stopping org.apache.spark.deploy.worker.Worker
acald013@dblab-rack12: stopping org.apache.spark.deploy.worker.Worker
stopping org.apache.spark.deploy.master.Master
starting org.apache.spark.deploy.master.Master, logging to /home/acald013/Spark/spark-2.1.0-bin-hadoop2.7/logs/spark-acald013-org.apache.spark.deploy.master.Master-1-dblab-rack11.cs.ucr.edu.out
acald013@dblab-rack12: starting org.apache.spark.deploy.worker.Worker, logging to /home/acald013/Spark/spark-2.1.0-bin-hadoop2.7/logs/spark-acald013-org.apache.spark.deploy.worker.Worker-1-dblab-rack12.out
acald013@dblab-rack14: starting org.apache.spark.deploy.worker.Worker, logging to /home/acald013/Spark/spark-2.1.0-bin-hadoop2.7/logs/spark-acald013-org.apache.spark.deploy.worker.Worker-1-dblab-rack14.cs.ucr.edu.out
acald013@dblab-rack11: starting org.apache.spark.deploy.worker.Worker, logging to /home/acald013/Spark/spark-2.1.0-bin-hadoop2.7/logs/spark-acald013-org.apache.spark.deploy.worker.Worker-1-dblab-rack11.cs.ucr.edu.out
Running iteration 1/3 for B180K (epsilon = 10 , mu = 10)...
2017-12-07 14:41:14,737 -> Starting session... [1.657s]
2017-12-07 14:41:17,136 -> Reading dataset... [2.399s]
2017-12-07 14:41:17,189 -> Lauching MaximalFinder at 14:41:17.141...
2017-12-07 14:41:17,190 -> 00.Setting mu=10,epsilon=10.0,cores=21,dataset=B180K
2017-12-07 14:41:17,190 -> [Partitions Info]Points;Before indexing;21
2017-12-07 14:41:29,734 -> [Partitions Info]Points;After indexing;1024
2017-12-07 14:41:29,734 -> 01.Indexing points... [12.544s] [180000 results]
2017-12-07 14:41:42,123 -> 02.Getting pairs... [12.389s] [47715 results]
2017-12-07 14:41:44,722 -> 03.Computing centers... [2.599s] [95430 results]
2017-12-07 14:41:44,722 -> [Partitions Info]Centers;Before indexing;21
2017-12-07 14:41:46,658 -> [Partitions Info]Centers;After indexing;1024
2017-12-07 14:41:46,658 -> 04.Indexing centers... [1.936s] [95430 results]
2017-12-07 14:41:56,494 -> 05.Getting disks... [9.836s] [95430 results]
2017-12-07 14:41:57,376 -> 06.Filtering less-than-mu disks... [0.882s] [267 results]
2017-12-07 14:42:02,532 -> 07.Prunning duplicate candidates... [5.156s] [150 results]
2017-12-07 14:42:02,539 -> [Partitions Info]Candidates;Before indexing;200
2017-12-07 14:42:03,091 -> 08.Indexing candidates... [5.715s] [150 results]
2017-12-07 14:42:03,265 -> [Partitions Info]Candidates;After indexing;25
2017-12-07 14:42:03,265 -> 09.Getting expansions... [0.174s] [1046 results]
2017-12-07 14:42:03,930 -> 10.Finding maximal disks... [0.665s] [15 results]
2017-12-07 14:42:06,490 -> 11.Prunning duplicates and subsets... [2.560s] [15 results]
2017-12-07 14:42:06,491 ->      Dataset,   Eps, Cores, Mu,   Time, # Pairs,   # Disks, # Candidates, # Maximals
2017-12-07 14:42:06,491 ->        B180K,  10.0,    21, 10,  49.30,   47715,     95430,          150,         15
2017-12-07 14:42:06,558 -> Dropping indices...[0.067s]
2017-12-07 14:42:06,558 -> Finishing MaximalFinder at 14:42:06.558...
2017-12-07 14:42:06,558 -> Total time for MaximalFinder: 49.369ms...
2017-12-07 14:42:06,716 -> Closing session... [0.158s]
Done!!! Thu Dec  7 14:42:07 PST 2017
Running iteration 1/3 for B180K (epsilon = 20 , mu = 10)...
2017-12-07 14:42:10,517 -> Starting session... [1.560s]
2017-12-07 14:42:13,421 -> Reading dataset... [2.903s]
2017-12-07 14:42:13,475 -> Lauching MaximalFinder at 14:42:13.428...
2017-12-07 14:42:13,476 -> 00.Setting mu=10,epsilon=20.0,cores=21,dataset=B180K
2017-12-07 14:42:13,476 -> [Partitions Info]Points;Before indexing;21
2017-12-07 14:42:26,476 -> [Partitions Info]Points;After indexing;1024
2017-12-07 14:42:26,476 -> 01.Indexing points... [13.000s] [180000 results]
2017-12-07 14:42:38,839 -> 02.Getting pairs... [12.363s] [110937 results]
2017-12-07 14:42:41,649 -> 03.Computing centers... [2.810s] [221874 results]
2017-12-07 14:42:41,650 -> [Partitions Info]Centers;Before indexing;21
2017-12-07 14:42:43,609 -> [Partitions Info]Centers;After indexing;1024
2017-12-07 14:42:43,609 -> 04.Indexing centers... [1.959s] [221874 results]
2017-12-07 14:42:54,281 -> 05.Getting disks... [10.672s] [221874 results]
2017-12-07 14:42:56,012 -> 06.Filtering less-than-mu disks... [1.731s] [2661 results]
2017-12-07 14:43:01,970 -> 07.Prunning duplicate candidates... [5.958s] [1611 results]
2017-12-07 14:43:01,979 -> [Partitions Info]Candidates;Before indexing;200
2017-12-07 14:43:02,558 -> 08.Indexing candidates... [6.546s] [1611 results]
2017-12-07 14:43:02,787 -> [Partitions Info]Candidates;After indexing;25
2017-12-07 14:43:02,787 -> 09.Getting expansions... [0.229s] [4836 results]
2017-12-07 14:43:03,356 -> 10.Finding maximal disks... [0.569s] [141 results]
2017-12-07 14:43:06,265 -> 11.Prunning duplicates and subsets... [2.909s] [141 results]
2017-12-07 14:43:06,266 ->      Dataset,   Eps, Cores, Mu,   Time, # Pairs,   # Disks, # Candidates, # Maximals
2017-12-07 14:43:06,266 ->        B180K,  20.0,    21, 10,  52.79,  110937,    221874,         1611,        141
2017-12-07 14:43:06,326 -> Dropping indices...[0.060s]
2017-12-07 14:43:06,327 -> Finishing MaximalFinder at 14:43:06.327...
2017-12-07 14:43:06,327 -> Total time for MaximalFinder: 52.852ms...
2017-12-07 14:43:06,373 -> Closing session... [0.046s]
Done!!! Thu Dec  7 14:43:07 PST 2017
Running iteration 1/3 for B180K (epsilon = 30 , mu = 10)...
2017-12-07 14:43:11,195 -> Starting session... [1.787s]
2017-12-07 14:43:14,330 -> Reading dataset... [3.135s]
2017-12-07 14:43:14,382 -> Lauching MaximalFinder at 14:43:14.337...
2017-12-07 14:43:14,382 -> 00.Setting mu=10,epsilon=30.0,cores=21,dataset=B180K
2017-12-07 14:43:14,382 -> [Partitions Info]Points;Before indexing;21
2017-12-07 14:43:26,492 -> [Partitions Info]Points;After indexing;1024
2017-12-07 14:43:26,493 -> 01.Indexing points... [12.110s] [180000 results]
2017-12-07 14:43:39,180 -> 02.Getting pairs... [12.687s] [183102 results]
2017-12-07 14:43:41,951 -> 03.Computing centers... [2.771s] [366204 results]
2017-12-07 14:43:41,951 -> [Partitions Info]Centers;Before indexing;21
2017-12-07 14:43:44,813 -> [Partitions Info]Centers;After indexing;1024
2017-12-07 14:43:44,813 -> 04.Indexing centers... [2.862s] [366204 results]
2017-12-07 14:43:56,126 -> 05.Getting disks... [11.313s] [366204 results]
2017-12-07 14:43:58,116 -> 06.Filtering less-than-mu disks... [1.990s] [7707 results]
2017-12-07 14:44:04,951 -> 07.Prunning duplicate candidates... [6.835s] [4797 results]
2017-12-07 14:44:04,960 -> [Partitions Info]Candidates;Before indexing;200
2017-12-07 14:44:05,513 -> 08.Indexing candidates... [7.397s] [4797 results]
2017-12-07 14:44:05,846 -> [Partitions Info]Candidates;After indexing;25
2017-12-07 14:44:05,846 -> 09.Getting expansions... [0.333s] [10344 results]
2017-12-07 14:44:06,422 -> 10.Finding maximal disks... [0.576s] [387 results]
2017-12-07 14:44:08,885 -> 11.Prunning duplicates and subsets... [2.463s] [387 results]
2017-12-07 14:44:08,885 ->      Dataset,   Eps, Cores, Mu,   Time, # Pairs,   # Disks, # Candidates, # Maximals
2017-12-07 14:44:08,885 ->        B180K,  30.0,    21, 10,  54.50,  183102,    366204,         4797,        387
2017-12-07 14:44:08,950 -> Dropping indices...[0.065s]
2017-12-07 14:44:08,950 -> Finishing MaximalFinder at 14:44:08.950...
2017-12-07 14:44:08,950 -> Total time for MaximalFinder: 54.568ms...
2017-12-07 14:44:09,006 -> Closing session... [0.056s]
Done!!! Thu Dec  7 14:44:10 PST 2017
Running iteration 2/3 for B180K (epsilon = 10 , mu = 10)...
2017-12-07 14:44:13,932 -> Starting session... [1.692s]
2017-12-07 14:44:16,801 -> Reading dataset... [2.868s]
2017-12-07 14:44:16,841 -> Lauching MaximalFinder at 14:44:16.807...
2017-12-07 14:44:16,842 -> 00.Setting mu=10,epsilon=10.0,cores=21,dataset=B180K
2017-12-07 14:44:16,842 -> [Partitions Info]Points;Before indexing;21
2017-12-07 14:44:29,363 -> [Partitions Info]Points;After indexing;1024
2017-12-07 14:44:29,363 -> 01.Indexing points... [12.521s] [180000 results]
2017-12-07 14:44:41,377 -> 02.Getting pairs... [12.014s] [47715 results]
2017-12-07 14:44:43,595 -> 03.Computing centers... [2.218s] [95430 results]
2017-12-07 14:44:43,595 -> [Partitions Info]Centers;Before indexing;21
2017-12-07 14:44:45,205 -> [Partitions Info]Centers;After indexing;1024
2017-12-07 14:44:45,205 -> 04.Indexing centers... [1.610s] [95430 results]
2017-12-07 14:44:55,177 -> 05.Getting disks... [9.972s] [95430 results]
2017-12-07 14:44:56,291 -> 06.Filtering less-than-mu disks... [1.113s] [267 results]
2017-12-07 14:45:01,237 -> 07.Prunning duplicate candidates... [4.946s] [150 results]
2017-12-07 14:45:01,244 -> [Partitions Info]Candidates;Before indexing;200
2017-12-07 14:45:01,780 -> 08.Indexing candidates... [5.489s] [150 results]
2017-12-07 14:45:02,149 -> [Partitions Info]Candidates;After indexing;25
2017-12-07 14:45:02,149 -> 09.Getting expansions... [0.368s] [1046 results]
2017-12-07 14:45:02,650 -> 10.Finding maximal disks... [0.501s] [15 results]
2017-12-07 14:45:04,898 -> 11.Prunning duplicates and subsets... [2.248s] [15 results]
2017-12-07 14:45:04,898 ->      Dataset,   Eps, Cores, Mu,   Time, # Pairs,   # Disks, # Candidates, # Maximals
2017-12-07 14:45:04,899 ->        B180K,  10.0,    21, 10,  48.06,   47715,     95430,          150,         15
2017-12-07 14:45:04,951 -> Dropping indices...[0.052s]
2017-12-07 14:45:04,951 -> Finishing MaximalFinder at 14:45:04.951...
2017-12-07 14:45:04,951 -> Total time for MaximalFinder: 48.109ms...
2017-12-07 14:45:04,997 -> Closing session... [0.046s]
Done!!! Thu Dec  7 14:45:05 PST 2017
Running iteration 2/3 for B180K (epsilon = 20 , mu = 10)...
2017-12-07 14:45:08,937 -> Starting session... [1.615s]
2017-12-07 14:45:11,745 -> Reading dataset... [2.808s]
2017-12-07 14:45:11,783 -> Lauching MaximalFinder at 14:45:11.750...
2017-12-07 14:45:11,783 -> 00.Setting mu=10,epsilon=20.0,cores=21,dataset=B180K
2017-12-07 14:45:11,783 -> [Partitions Info]Points;Before indexing;21
2017-12-07 14:45:24,181 -> [Partitions Info]Points;After indexing;1024
2017-12-07 14:45:24,182 -> 01.Indexing points... [12.399s] [180000 results]
2017-12-07 14:45:36,085 -> 02.Getting pairs... [11.903s] [110937 results]
2017-12-07 14:45:38,517 -> 03.Computing centers... [2.432s] [221874 results]
2017-12-07 14:45:38,517 -> [Partitions Info]Centers;Before indexing;21
2017-12-07 14:45:40,553 -> [Partitions Info]Centers;After indexing;1024
2017-12-07 14:45:40,553 -> 04.Indexing centers... [2.036s] [221874 results]
2017-12-07 14:45:51,491 -> 05.Getting disks... [10.938s] [221874 results]
2017-12-07 14:45:53,283 -> 06.Filtering less-than-mu disks... [1.791s] [2661 results]
2017-12-07 14:45:59,810 -> 07.Prunning duplicate candidates... [6.527s] [1611 results]
2017-12-07 14:45:59,820 -> [Partitions Info]Candidates;Before indexing;200
2017-12-07 14:46:00,354 -> 08.Indexing candidates... [7.071s] [1611 results]
2017-12-07 14:46:00,751 -> [Partitions Info]Candidates;After indexing;25
2017-12-07 14:46:00,751 -> 09.Getting expansions... [0.397s] [4836 results]
2017-12-07 14:46:01,300 -> 10.Finding maximal disks... [0.549s] [141 results]
2017-12-07 14:46:03,693 -> 11.Prunning duplicates and subsets... [2.393s] [141 results]
2017-12-07 14:46:03,693 ->      Dataset,   Eps, Cores, Mu,   Time, # Pairs,   # Disks, # Candidates, # Maximals
2017-12-07 14:46:03,693 ->        B180K,  20.0,    21, 10,  51.91,  110937,    221874,         1611,        141
2017-12-07 14:46:03,751 -> Dropping indices...[0.058s]
2017-12-07 14:46:03,751 -> Finishing MaximalFinder at 14:46:03.751...
2017-12-07 14:46:03,751 -> Total time for MaximalFinder: 51.968ms...
2017-12-07 14:46:03,806 -> Closing session... [0.055s]
Done!!! Thu Dec  7 14:46:04 PST 2017
Running iteration 2/3 for B180K (epsilon = 30 , mu = 10)...
2017-12-07 14:46:07,784 -> Starting session... [1.623s]
2017-12-07 14:46:10,732 -> Reading dataset... [2.947s]
2017-12-07 14:46:10,779 -> Lauching MaximalFinder at 14:46:10.737...
2017-12-07 14:46:10,779 -> 00.Setting mu=10,epsilon=30.0,cores=21,dataset=B180K
2017-12-07 14:46:10,779 -> [Partitions Info]Points;Before indexing;21
2017-12-07 14:46:23,052 -> [Partitions Info]Points;After indexing;1024
2017-12-07 14:46:23,052 -> 01.Indexing points... [12.273s] [180000 results]
2017-12-07 14:46:35,578 -> 02.Getting pairs... [12.526s] [183102 results]
2017-12-07 14:46:38,164 -> 03.Computing centers... [2.586s] [366204 results]
2017-12-07 14:46:38,164 -> [Partitions Info]Centers;Before indexing;21
2017-12-07 14:46:41,318 -> [Partitions Info]Centers;After indexing;1024
2017-12-07 14:46:41,318 -> 04.Indexing centers... [3.154s] [366204 results]
2017-12-07 14:46:51,786 -> 05.Getting disks... [10.468s] [366204 results]
2017-12-07 14:46:53,690 -> 06.Filtering less-than-mu disks... [1.904s] [7707 results]
2017-12-07 14:47:00,928 -> 07.Prunning duplicate candidates... [7.238s] [4797 results]
2017-12-07 14:47:00,937 -> [Partitions Info]Candidates;Before indexing;200
2017-12-07 14:47:01,494 -> 08.Indexing candidates... [7.804s] [4797 results]
2017-12-07 14:47:01,807 -> [Partitions Info]Candidates;After indexing;25
2017-12-07 14:47:01,807 -> 09.Getting expansions... [0.313s] [10344 results]
2017-12-07 14:47:02,426 -> 10.Finding maximal disks... [0.619s] [387 results]
2017-12-07 14:47:04,960 -> 11.Prunning duplicates and subsets... [2.533s] [387 results]
2017-12-07 14:47:04,960 ->      Dataset,   Eps, Cores, Mu,   Time, # Pairs,   # Disks, # Candidates, # Maximals
2017-12-07 14:47:04,961 ->        B180K,  30.0,    21, 10,  54.18,  183102,    366204,         4797,        387
2017-12-07 14:47:05,017 -> Dropping indices...[0.056s]
2017-12-07 14:47:05,018 -> Finishing MaximalFinder at 14:47:05.017...
2017-12-07 14:47:05,018 -> Total time for MaximalFinder: 54.238ms...
2017-12-07 14:47:05,067 -> Closing session... [0.049s]
Done!!! Thu Dec  7 14:47:06 PST 2017
Running iteration 3/3 for B180K (epsilon = 10 , mu = 10)...
2017-12-07 14:47:09,824 -> Starting session... [1.586s]
2017-12-07 14:47:12,990 -> Reading dataset... [3.166s]
2017-12-07 14:47:13,042 -> Lauching MaximalFinder at 14:47:12.996...
2017-12-07 14:47:13,043 -> 00.Setting mu=10,epsilon=10.0,cores=21,dataset=B180K
2017-12-07 14:47:13,043 -> [Partitions Info]Points;Before indexing;21
2017-12-07 14:47:25,085 -> [Partitions Info]Points;After indexing;1024
2017-12-07 14:47:25,085 -> 01.Indexing points... [12.042s] [180000 results]
2017-12-07 14:47:36,525 -> 02.Getting pairs... [11.440s] [47715 results]
2017-12-07 14:47:38,754 -> 03.Computing centers... [2.229s] [95430 results]
2017-12-07 14:47:38,754 -> [Partitions Info]Centers;Before indexing;21
2017-12-07 14:47:40,590 -> [Partitions Info]Centers;After indexing;1024
2017-12-07 14:47:40,590 -> 04.Indexing centers... [1.836s] [95430 results]
2017-12-07 14:47:49,534 -> 05.Getting disks... [8.944s] [95430 results]
2017-12-07 14:47:50,689 -> 06.Filtering less-than-mu disks... [1.155s] [267 results]
2017-12-07 14:47:55,844 -> 07.Prunning duplicate candidates... [5.155s] [150 results]
2017-12-07 14:47:55,852 -> [Partitions Info]Candidates;Before indexing;200
2017-12-07 14:47:56,403 -> 08.Indexing candidates... [5.714s] [150 results]
2017-12-07 14:47:56,590 -> [Partitions Info]Candidates;After indexing;25
2017-12-07 14:47:56,590 -> 09.Getting expansions... [0.187s] [1046 results]
2017-12-07 14:47:57,108 -> 10.Finding maximal disks... [0.518s] [15 results]
2017-12-07 14:47:59,882 -> 11.Prunning duplicates and subsets... [2.774s] [15 results]
2017-12-07 14:47:59,882 ->      Dataset,   Eps, Cores, Mu,   Time, # Pairs,   # Disks, # Candidates, # Maximals
2017-12-07 14:47:59,882 ->        B180K,  10.0,    21, 10,  46.84,   47715,     95430,          150,         15
2017-12-07 14:47:59,938 -> Dropping indices...[0.055s]
2017-12-07 14:47:59,938 -> Finishing MaximalFinder at 14:47:59.938...
2017-12-07 14:47:59,938 -> Total time for MaximalFinder: 46.896ms...
2017-12-07 14:47:59,978 -> Closing session... [0.040s]
Done!!! Thu Dec  7 14:48:01 PST 2017
Running iteration 3/3 for B180K (epsilon = 20 , mu = 10)...
2017-12-07 14:48:04,793 -> Starting session... [1.613s]
2017-12-07 14:48:07,655 -> Reading dataset... [2.861s]
2017-12-07 14:48:07,711 -> Lauching MaximalFinder at 14:48:07.662...
2017-12-07 14:48:07,711 -> 00.Setting mu=10,epsilon=20.0,cores=21,dataset=B180K
2017-12-07 14:48:07,712 -> [Partitions Info]Points;Before indexing;21
2017-12-07 14:48:19,750 -> [Partitions Info]Points;After indexing;1024
2017-12-07 14:48:19,751 -> 01.Indexing points... [12.039s] [180000 results]
2017-12-07 14:48:31,642 -> 02.Getting pairs... [11.891s] [110937 results]
2017-12-07 14:48:34,013 -> 03.Computing centers... [2.370s] [221874 results]
2017-12-07 14:48:34,013 -> [Partitions Info]Centers;Before indexing;21
2017-12-07 14:48:36,473 -> [Partitions Info]Centers;After indexing;1024
2017-12-07 14:48:36,473 -> 04.Indexing centers... [2.460s] [221874 results]
2017-12-07 14:48:47,345 -> 05.Getting disks... [10.872s] [221874 results]
2017-12-07 14:48:48,877 -> 06.Filtering less-than-mu disks... [1.532s] [2661 results]
2017-12-07 14:48:54,981 -> 07.Prunning duplicate candidates... [6.104s] [1611 results]
2017-12-07 14:48:54,988 -> [Partitions Info]Candidates;Before indexing;200
2017-12-07 14:48:55,568 -> 08.Indexing candidates... [6.691s] [1611 results]
2017-12-07 14:48:55,856 -> [Partitions Info]Candidates;After indexing;25
2017-12-07 14:48:55,856 -> 09.Getting expansions... [0.288s] [4836 results]
2017-12-07 14:48:56,459 -> 10.Finding maximal disks... [0.603s] [141 results]
2017-12-07 14:48:59,251 -> 11.Prunning duplicates and subsets... [2.792s] [141 results]
2017-12-07 14:48:59,251 ->      Dataset,   Eps, Cores, Mu,   Time, # Pairs,   # Disks, # Candidates, # Maximals
2017-12-07 14:48:59,251 ->        B180K,  20.0,    21, 10,  51.54,  110937,    221874,         1611,        141
2017-12-07 14:48:59,308 -> Dropping indices...[0.057s]
2017-12-07 14:48:59,309 -> Finishing MaximalFinder at 14:48:59.309...
2017-12-07 14:48:59,309 -> Total time for MaximalFinder: 51.598ms...
2017-12-07 14:48:59,353 -> Closing session... [0.044s]
Done!!! Thu Dec  7 14:48:59 PST 2017
Running iteration 3/3 for B180K (epsilon = 30 , mu = 10)...
2017-12-07 14:49:03,186 -> Starting session... [1.536s]
2017-12-07 14:49:05,920 -> Reading dataset... [2.733s]
2017-12-07 14:49:05,977 -> Lauching MaximalFinder at 14:49:05.927...
2017-12-07 14:49:05,978 -> 00.Setting mu=10,epsilon=30.0,cores=21,dataset=B180K
2017-12-07 14:49:05,978 -> [Partitions Info]Points;Before indexing;21
2017-12-07 14:49:18,646 -> [Partitions Info]Points;After indexing;1024
2017-12-07 14:49:18,646 -> 01.Indexing points... [12.668s] [180000 results]
2017-12-07 14:49:31,103 -> 02.Getting pairs... [12.456s] [183102 results]
2017-12-07 14:49:33,990 -> 03.Computing centers... [2.887s] [366204 results]
2017-12-07 14:49:33,990 -> [Partitions Info]Centers;Before indexing;21
2017-12-07 14:49:36,471 -> [Partitions Info]Centers;After indexing;1024
2017-12-07 14:49:36,471 -> 04.Indexing centers... [2.481s] [366204 results]
2017-12-07 14:49:47,998 -> 05.Getting disks... [11.527s] [366204 results]
2017-12-07 14:49:50,269 -> 06.Filtering less-than-mu disks... [2.271s] [7707 results]
2017-12-07 14:49:56,583 -> 07.Prunning duplicate candidates... [6.314s] [4797 results]
2017-12-07 14:49:56,590 -> [Partitions Info]Candidates;Before indexing;200
2017-12-07 14:49:57,174 -> 08.Indexing candidates... [6.905s] [4797 results]
2017-12-07 14:49:57,507 -> [Partitions Info]Candidates;After indexing;25
2017-12-07 14:49:57,507 -> 09.Getting expansions... [0.333s] [10344 results]
2017-12-07 14:49:58,275 -> 10.Finding maximal disks... [0.768s] [387 results]
2017-12-07 14:50:00,809 -> 11.Prunning duplicates and subsets... [2.534s] [387 results]
2017-12-07 14:50:00,809 ->      Dataset,   Eps, Cores, Mu,   Time, # Pairs,   # Disks, # Candidates, # Maximals
2017-12-07 14:50:00,809 ->        B180K,  30.0,    21, 10,  54.83,  183102,    366204,         4797,        387
2017-12-07 14:50:00,866 -> Dropping indices...[0.057s]
2017-12-07 14:50:00,866 -> Finishing MaximalFinder at 14:50:00.866...
2017-12-07 14:50:00,866 -> Total time for MaximalFinder: 54.888ms...
2017-12-07 14:50:00,908 -> Closing session... [0.042s]
Done!!! Thu Dec  7 14:50:01 PST 2017
acald013@dblab-rack12: stopping org.apache.spark.deploy.worker.Worker
acald013@dblab-rack14: stopping org.apache.spark.deploy.worker.Worker
acald013@dblab-rack11: stopping org.apache.spark.deploy.worker.Worker
stopping org.apache.spark.deploy.master.Master
starting org.apache.spark.deploy.master.Master, logging to /home/acald013/Spark/spark-2.1.0-bin-hadoop2.7/logs/spark-acald013-org.apache.spark.deploy.master.Master-1-dblab-rack11.cs.ucr.edu.out
acald013@dblab-rack12: starting org.apache.spark.deploy.worker.Worker, logging to /home/acald013/Spark/spark-2.1.0-bin-hadoop2.7/logs/spark-acald013-org.apache.spark.deploy.worker.Worker-1-dblab-rack12.out
acald013@dblab-rack15: starting org.apache.spark.deploy.worker.Worker, logging to /home/acald013/Spark/spark-2.1.0-bin-hadoop2.7/logs/spark-acald013-org.apache.spark.deploy.worker.Worker-1-dblab-rack15.out
acald013@dblab-rack14: starting org.apache.spark.deploy.worker.Worker, logging to /home/acald013/Spark/spark-2.1.0-bin-hadoop2.7/logs/spark-acald013-org.apache.spark.deploy.worker.Worker-1-dblab-rack14.cs.ucr.edu.out
acald013@dblab-rack11: starting org.apache.spark.deploy.worker.Worker, logging to /home/acald013/Spark/spark-2.1.0-bin-hadoop2.7/logs/spark-acald013-org.apache.spark.deploy.worker.Worker-1-dblab-rack11.cs.ucr.edu.out
Running iteration 1/3 for B240K (epsilon = 10 , mu = 10)...
2017-12-07 14:50:10,385 -> Starting session... [1.671s]
2017-12-07 14:50:13,640 -> Reading dataset... [3.255s]
2017-12-07 14:50:13,688 -> Lauching MaximalFinder at 14:50:13.647...
2017-12-07 14:50:13,688 -> 00.Setting mu=10,epsilon=10.0,cores=35,dataset=B240K
2017-12-07 14:50:13,688 -> [Partitions Info]Points;Before indexing;35
2017-12-07 14:50:27,117 -> [Partitions Info]Points;After indexing;1024
2017-12-07 14:50:27,117 -> 01.Indexing points... [13.429s] [240000 results]
2017-12-07 14:50:39,006 -> 02.Getting pairs... [11.887s] [63620 results]
2017-12-07 14:50:41,375 -> 03.Computing centers... [2.369s] [127240 results]
2017-12-07 14:50:41,375 -> [Partitions Info]Centers;Before indexing;35
2017-12-07 14:50:43,441 -> [Partitions Info]Centers;After indexing;1024
2017-12-07 14:50:43,441 -> 04.Indexing centers... [2.066s] [127240 results]
2017-12-07 14:50:51,654 -> 05.Getting disks... [8.213s] [127240 results]
2017-12-07 14:50:52,653 -> 06.Filtering less-than-mu disks... [0.999s] [356 results]
2017-12-07 14:50:57,675 -> 07.Prunning duplicate candidates... [5.022s] [200 results]
2017-12-07 14:50:57,682 -> [Partitions Info]Candidates;Before indexing;200
2017-12-07 14:50:58,297 -> 08.Indexing candidates... [5.644s] [200 results]
2017-12-07 14:50:58,662 -> [Partitions Info]Candidates;After indexing;36
2017-12-07 14:50:58,662 -> 09.Getting expansions... [0.365s] [1626 results]
2017-12-07 14:50:59,352 -> 10.Finding maximal disks... [0.690s] [20 results]
2017-12-07 14:51:01,881 -> 11.Prunning duplicates and subsets... [2.529s] [20 results]
2017-12-07 14:51:01,881 ->      Dataset,   Eps, Cores, Mu,   Time, # Pairs,   # Disks, # Candidates, # Maximals
2017-12-07 14:51:01,881 ->        B240K,  10.0,    35, 10,  48.19,   63620,    127240,          200,         20
2017-12-07 14:51:01,946 -> Dropping indices...[0.065s]
2017-12-07 14:51:01,946 -> Finishing MaximalFinder at 14:51:01.946...
2017-12-07 14:51:01,946 -> Total time for MaximalFinder: 48.258ms...
2017-12-07 14:51:01,998 -> Closing session... [0.052s]
Done!!! Thu Dec  7 14:51:02 PST 2017
Running iteration 1/3 for B240K (epsilon = 20 , mu = 10)...
2017-12-07 14:51:06,099 -> Starting session... [1.698s]
2017-12-07 14:51:09,156 -> Reading dataset... [3.056s]
2017-12-07 14:51:09,195 -> Lauching MaximalFinder at 14:51:09.162...
2017-12-07 14:51:09,195 -> 00.Setting mu=10,epsilon=20.0,cores=35,dataset=B240K
2017-12-07 14:51:09,195 -> [Partitions Info]Points;Before indexing;35
2017-12-07 14:51:22,098 -> [Partitions Info]Points;After indexing;1024
2017-12-07 14:51:22,099 -> 01.Indexing points... [12.904s] [240000 results]
2017-12-07 14:51:34,466 -> 02.Getting pairs... [12.367s] [147916 results]
2017-12-07 14:51:37,088 -> 03.Computing centers... [2.622s] [295832 results]
2017-12-07 14:51:37,088 -> [Partitions Info]Centers;Before indexing;35
2017-12-07 14:51:39,789 -> [Partitions Info]Centers;After indexing;1024
2017-12-07 14:51:39,789 -> 04.Indexing centers... [2.701s] [295832 results]
2017-12-07 14:51:51,233 -> 05.Getting disks... [11.444s] [295832 results]
2017-12-07 14:51:53,274 -> 06.Filtering less-than-mu disks... [2.041s] [3548 results]
2017-12-07 14:52:00,538 -> 07.Prunning duplicate candidates... [7.264s] [2148 results]
2017-12-07 14:52:00,545 -> [Partitions Info]Candidates;Before indexing;200
2017-12-07 14:52:01,241 -> 08.Indexing candidates... [7.967s] [2148 results]
2017-12-07 14:52:01,619 -> [Partitions Info]Candidates;After indexing;36
2017-12-07 14:52:01,620 -> 09.Getting expansions... [0.379s] [6954 results]
2017-12-07 14:52:02,692 -> 10.Finding maximal disks... [1.072s] [188 results]
2017-12-07 14:52:05,346 -> 11.Prunning duplicates and subsets... [2.654s] [188 results]
2017-12-07 14:52:05,346 ->      Dataset,   Eps, Cores, Mu,   Time, # Pairs,   # Disks, # Candidates, # Maximals
2017-12-07 14:52:05,346 ->        B240K,  20.0,    35, 10,  56.15,  147916,    295832,         2148,        188
2017-12-07 14:52:05,406 -> Dropping indices...[0.060s]
2017-12-07 14:52:05,406 -> Finishing MaximalFinder at 14:52:05.406...
2017-12-07 14:52:05,406 -> Total time for MaximalFinder: 56.211ms...
2017-12-07 14:52:05,446 -> Closing session... [0.040s]
Done!!! Thu Dec  7 14:52:05 PST 2017
Running iteration 1/3 for B240K (epsilon = 30 , mu = 10)...
2017-12-07 14:52:09,652 -> Starting session... [1.763s]
2017-12-07 14:52:12,948 -> Reading dataset... [3.295s]
2017-12-07 14:52:12,986 -> Lauching MaximalFinder at 14:52:12.953...
2017-12-07 14:52:12,987 -> 00.Setting mu=10,epsilon=30.0,cores=35,dataset=B240K
2017-12-07 14:52:12,987 -> [Partitions Info]Points;Before indexing;35
2017-12-07 14:52:26,146 -> [Partitions Info]Points;After indexing;1024
2017-12-07 14:52:26,146 -> 01.Indexing points... [13.159s] [240000 results]
2017-12-07 14:52:39,312 -> 02.Getting pairs... [13.166s] [244136 results]
2017-12-07 14:52:42,212 -> 03.Computing centers... [2.900s] [488272 results]
2017-12-07 14:52:42,212 -> [Partitions Info]Centers;Before indexing;35
2017-12-07 14:52:45,741 -> [Partitions Info]Centers;After indexing;1024
2017-12-07 14:52:45,741 -> 04.Indexing centers... [3.529s] [488272 results]
2017-12-07 14:52:57,865 -> 05.Getting disks... [12.124s] [488272 results]
2017-12-07 14:53:00,415 -> 06.Filtering less-than-mu disks... [2.550s] [10276 results]
2017-12-07 14:53:07,898 -> 07.Prunning duplicate candidates... [7.483s] [6396 results]
2017-12-07 14:53:07,904 -> [Partitions Info]Candidates;Before indexing;200
2017-12-07 14:53:08,570 -> 08.Indexing candidates... [8.155s] [6396 results]
2017-12-07 14:53:08,905 -> [Partitions Info]Candidates;After indexing;36
2017-12-07 14:53:08,905 -> 09.Getting expansions... [0.335s] [14106 results]
2017-12-07 14:53:09,924 -> 10.Finding maximal disks... [1.019s] [516 results]
2017-12-07 14:53:12,701 -> 11.Prunning duplicates and subsets... [2.777s] [516 results]
2017-12-07 14:53:12,701 ->      Dataset,   Eps, Cores, Mu,   Time, # Pairs,   # Disks, # Candidates, # Maximals
2017-12-07 14:53:12,702 ->        B240K,  30.0,    35, 10,  59.71,  244136,    488272,         6396,        516
2017-12-07 14:53:12,754 -> Dropping indices...[0.052s]
2017-12-07 14:53:12,754 -> Finishing MaximalFinder at 14:53:12.754...
2017-12-07 14:53:12,754 -> Total time for MaximalFinder: 59.768ms...
2017-12-07 14:53:12,816 -> Closing session... [0.062s]
Done!!! Thu Dec  7 14:53:13 PST 2017
Running iteration 2/3 for B240K (epsilon = 10 , mu = 10)...
2017-12-07 14:53:16,959 -> Starting session... [1.772s]
2017-12-07 14:53:19,944 -> Reading dataset... [2.984s]
2017-12-07 14:53:20,001 -> Lauching MaximalFinder at 14:53:19.950...
2017-12-07 14:53:20,002 -> 00.Setting mu=10,epsilon=10.0,cores=35,dataset=B240K
2017-12-07 14:53:20,002 -> [Partitions Info]Points;Before indexing;35
2017-12-07 14:53:32,974 -> [Partitions Info]Points;After indexing;1024
2017-12-07 14:53:32,974 -> 01.Indexing points... [12.972s] [240000 results]
2017-12-07 14:53:44,756 -> 02.Getting pairs... [11.782s] [63620 results]
2017-12-07 14:53:46,933 -> 03.Computing centers... [2.177s] [127240 results]
2017-12-07 14:53:46,933 -> [Partitions Info]Centers;Before indexing;35
2017-12-07 14:53:48,992 -> [Partitions Info]Centers;After indexing;1024
2017-12-07 14:53:48,993 -> 04.Indexing centers... [2.060s] [127240 results]
2017-12-07 14:53:58,266 -> 05.Getting disks... [9.273s] [127240 results]
2017-12-07 14:53:59,328 -> 06.Filtering less-than-mu disks... [1.062s] [356 results]
2017-12-07 14:54:03,776 -> 07.Prunning duplicate candidates... [4.448s] [200 results]
2017-12-07 14:54:03,786 -> [Partitions Info]Candidates;Before indexing;200
2017-12-07 14:54:04,368 -> 08.Indexing candidates... [5.040s] [200 results]
2017-12-07 14:54:04,598 -> [Partitions Info]Candidates;After indexing;36
2017-12-07 14:54:04,598 -> 09.Getting expansions... [0.230s] [1626 results]
2017-12-07 14:54:05,603 -> 10.Finding maximal disks... [1.005s] [20 results]
2017-12-07 14:54:08,345 -> 11.Prunning duplicates and subsets... [2.742s] [20 results]
2017-12-07 14:54:08,345 ->      Dataset,   Eps, Cores, Mu,   Time, # Pairs,   # Disks, # Candidates, # Maximals
2017-12-07 14:54:08,345 ->        B240K,  10.0,    35, 10,  48.34,   63620,    127240,          200,         20
2017-12-07 14:54:08,417 -> Dropping indices...[0.072s]
2017-12-07 14:54:08,417 -> Finishing MaximalFinder at 14:54:08.417...
2017-12-07 14:54:08,417 -> Total time for MaximalFinder: 48.415ms...
2017-12-07 14:54:08,484 -> Closing session... [0.067s]
Done!!! Thu Dec  7 14:54:09 PST 2017
Running iteration 2/3 for B240K (epsilon = 20 , mu = 10)...
2017-12-07 14:54:13,374 -> Starting session... [1.669s]
2017-12-07 14:54:16,437 -> Reading dataset... [3.062s]
2017-12-07 14:54:16,492 -> Lauching MaximalFinder at 14:54:16.443...
2017-12-07 14:54:16,492 -> 00.Setting mu=10,epsilon=20.0,cores=35,dataset=B240K
2017-12-07 14:54:16,492 -> [Partitions Info]Points;Before indexing;35
2017-12-07 14:54:30,198 -> [Partitions Info]Points;After indexing;1024
2017-12-07 14:54:30,198 -> 01.Indexing points... [13.706s] [240000 results]
2017-12-07 14:54:43,183 -> 02.Getting pairs... [12.985s] [147916 results]
2017-12-07 14:54:45,631 -> 03.Computing centers... [2.448s] [295832 results]
2017-12-07 14:54:45,631 -> [Partitions Info]Centers;Before indexing;35
2017-12-07 14:54:48,796 -> [Partitions Info]Centers;After indexing;1024
2017-12-07 14:54:48,797 -> 04.Indexing centers... [3.166s] [295832 results]
2017-12-07 14:54:58,640 -> 05.Getting disks... [9.843s] [295832 results]
2017-12-07 14:55:00,357 -> 06.Filtering less-than-mu disks... [1.717s] [3548 results]
2017-12-07 14:55:06,430 -> 07.Prunning duplicate candidates... [6.073s] [2148 results]
2017-12-07 14:55:06,437 -> [Partitions Info]Candidates;Before indexing;200
2017-12-07 14:55:06,965 -> 08.Indexing candidates... [6.608s] [2148 results]
2017-12-07 14:55:07,342 -> [Partitions Info]Candidates;After indexing;36
2017-12-07 14:55:07,342 -> 09.Getting expansions... [0.377s] [6954 results]
2017-12-07 14:55:07,986 -> 10.Finding maximal disks... [0.644s] [188 results]
2017-12-07 14:55:10,599 -> 11.Prunning duplicates and subsets... [2.613s] [188 results]
2017-12-07 14:55:10,600 ->      Dataset,   Eps, Cores, Mu,   Time, # Pairs,   # Disks, # Candidates, # Maximals
2017-12-07 14:55:10,600 ->        B240K,  20.0,    35, 10,  54.11,  147916,    295832,         2148,        188
2017-12-07 14:55:10,664 -> Dropping indices...[0.064s]
2017-12-07 14:55:10,664 -> Finishing MaximalFinder at 14:55:10.664...
2017-12-07 14:55:10,664 -> Total time for MaximalFinder: 54.172ms...
2017-12-07 14:55:10,707 -> Closing session... [0.043s]
Done!!! Thu Dec  7 14:55:11 PST 2017
Running iteration 2/3 for B240K (epsilon = 30 , mu = 10)...
2017-12-07 14:55:14,745 -> Starting session... [1.543s]
2017-12-07 14:55:17,647 -> Reading dataset... [2.901s]
2017-12-07 14:55:17,705 -> Lauching MaximalFinder at 14:55:17.653...
2017-12-07 14:55:17,705 -> 00.Setting mu=10,epsilon=30.0,cores=35,dataset=B240K
2017-12-07 14:55:17,706 -> [Partitions Info]Points;Before indexing;35
2017-12-07 14:55:30,937 -> [Partitions Info]Points;After indexing;1024
2017-12-07 14:55:30,937 -> 01.Indexing points... [13.231s] [240000 results]
2017-12-07 14:55:43,371 -> 02.Getting pairs... [12.434s] [244136 results]
2017-12-07 14:55:46,024 -> 03.Computing centers... [2.653s] [488272 results]
2017-12-07 14:55:46,024 -> [Partitions Info]Centers;Before indexing;35
2017-12-07 14:55:49,173 -> [Partitions Info]Centers;After indexing;1024
2017-12-07 14:55:49,173 -> 04.Indexing centers... [3.149s] [488272 results]
2017-12-07 14:56:00,183 -> 05.Getting disks... [11.010s] [488272 results]
2017-12-07 14:56:02,443 -> 06.Filtering less-than-mu disks... [2.260s] [10276 results]
2017-12-07 14:56:09,292 -> 07.Prunning duplicate candidates... [6.849s] [6396 results]
2017-12-07 14:56:09,303 -> [Partitions Info]Candidates;Before indexing;200
2017-12-07 14:56:10,021 -> 08.Indexing candidates... [7.578s] [6396 results]
2017-12-07 14:56:10,722 -> [Partitions Info]Candidates;After indexing;36
2017-12-07 14:56:10,722 -> 09.Getting expansions... [0.700s] [14106 results]
2017-12-07 14:56:11,360 -> 10.Finding maximal disks... [0.638s] [516 results]
2017-12-07 14:56:13,857 -> 11.Prunning duplicates and subsets... [2.497s] [516 results]
2017-12-07 14:56:13,857 ->      Dataset,   Eps, Cores, Mu,   Time, # Pairs,   # Disks, # Candidates, # Maximals
2017-12-07 14:56:13,857 ->        B240K,  30.0,    35, 10,  56.15,  244136,    488272,         6396,        516
2017-12-07 14:56:13,914 -> Dropping indices...[0.056s]
2017-12-07 14:56:13,914 -> Finishing MaximalFinder at 14:56:13.914...
2017-12-07 14:56:13,914 -> Total time for MaximalFinder: 56.209ms...
2017-12-07 14:56:13,964 -> Closing session... [0.050s]
Done!!! Thu Dec  7 14:56:14 PST 2017
Running iteration 3/3 for B240K (epsilon = 10 , mu = 10)...
2017-12-07 14:56:18,149 -> Starting session... [1.731s]
2017-12-07 14:56:21,274 -> Reading dataset... [3.124s]
2017-12-07 14:56:21,318 -> Lauching MaximalFinder at 14:56:21.279...
2017-12-07 14:56:21,318 -> 00.Setting mu=10,epsilon=10.0,cores=35,dataset=B240K
2017-12-07 14:56:21,318 -> [Partitions Info]Points;Before indexing;35
2017-12-07 14:56:33,797 -> [Partitions Info]Points;After indexing;1024
2017-12-07 14:56:33,797 -> 01.Indexing points... [12.479s] [240000 results]
2017-12-07 14:56:45,520 -> 02.Getting pairs... [11.723s] [63620 results]
2017-12-07 14:56:47,854 -> 03.Computing centers... [2.333s] [127240 results]
2017-12-07 14:56:47,854 -> [Partitions Info]Centers;Before indexing;35
2017-12-07 14:56:49,880 -> [Partitions Info]Centers;After indexing;1024
2017-12-07 14:56:49,881 -> 04.Indexing centers... [2.027s] [127240 results]
2017-12-07 14:56:58,850 -> 05.Getting disks... [8.969s] [127240 results]
2017-12-07 14:57:00,144 -> 06.Filtering less-than-mu disks... [1.294s] [356 results]
2017-12-07 14:57:05,114 -> 07.Prunning duplicate candidates... [4.970s] [200 results]
2017-12-07 14:57:05,123 -> [Partitions Info]Candidates;Before indexing;200
2017-12-07 14:57:05,677 -> 08.Indexing candidates... [5.533s] [200 results]
2017-12-07 14:57:05,887 -> [Partitions Info]Candidates;After indexing;36
2017-12-07 14:57:05,887 -> 09.Getting expansions... [0.210s] [1626 results]
2017-12-07 14:57:06,751 -> 10.Finding maximal disks... [0.864s] [20 results]
2017-12-07 14:57:09,462 -> 11.Prunning duplicates and subsets... [2.711s] [20 results]
2017-12-07 14:57:09,462 ->      Dataset,   Eps, Cores, Mu,   Time, # Pairs,   # Disks, # Candidates, # Maximals
2017-12-07 14:57:09,462 ->        B240K,  10.0,    35, 10,  48.14,   63620,    127240,          200,         20
2017-12-07 14:57:09,526 -> Dropping indices...[0.064s]
2017-12-07 14:57:09,527 -> Finishing MaximalFinder at 14:57:09.527...
2017-12-07 14:57:09,527 -> Total time for MaximalFinder: 48.209ms...
2017-12-07 14:57:09,580 -> Closing session... [0.053s]
Done!!! Thu Dec  7 14:57:10 PST 2017
Running iteration 3/3 for B240K (epsilon = 20 , mu = 10)...
2017-12-07 14:57:13,537 -> Starting session... [1.561s]
2017-12-07 14:57:16,793 -> Reading dataset... [3.256s]
2017-12-07 14:57:16,845 -> Lauching MaximalFinder at 14:57:16.800...
2017-12-07 14:57:16,845 -> 00.Setting mu=10,epsilon=20.0,cores=35,dataset=B240K
2017-12-07 14:57:16,845 -> [Partitions Info]Points;Before indexing;35
2017-12-07 14:57:30,074 -> [Partitions Info]Points;After indexing;1024
2017-12-07 14:57:30,075 -> 01.Indexing points... [13.229s] [240000 results]
2017-12-07 14:57:42,512 -> 02.Getting pairs... [12.437s] [147916 results]
2017-12-07 14:57:45,202 -> 03.Computing centers... [2.690s] [295832 results]
2017-12-07 14:57:45,203 -> [Partitions Info]Centers;Before indexing;35
2017-12-07 14:57:47,893 -> [Partitions Info]Centers;After indexing;1024
2017-12-07 14:57:47,893 -> 04.Indexing centers... [2.690s] [295832 results]
2017-12-07 14:57:57,869 -> 05.Getting disks... [9.976s] [295832 results]
2017-12-07 14:57:59,636 -> 06.Filtering less-than-mu disks... [1.767s] [3548 results]
2017-12-07 14:58:05,919 -> 07.Prunning duplicate candidates... [6.283s] [2148 results]
2017-12-07 14:58:05,929 -> [Partitions Info]Candidates;Before indexing;200
2017-12-07 14:58:06,511 -> 08.Indexing candidates... [6.875s] [2148 results]
2017-12-07 14:58:06,816 -> [Partitions Info]Candidates;After indexing;36
2017-12-07 14:58:06,816 -> 09.Getting expansions... [0.304s] [6954 results]
2017-12-07 14:58:07,472 -> 10.Finding maximal disks... [0.656s] [188 results]
2017-12-07 14:58:10,092 -> 11.Prunning duplicates and subsets... [2.620s] [188 results]
2017-12-07 14:58:10,092 ->      Dataset,   Eps, Cores, Mu,   Time, # Pairs,   # Disks, # Candidates, # Maximals
2017-12-07 14:58:10,093 ->        B240K,  20.0,    35, 10,  53.25,  147916,    295832,         2148,        188
2017-12-07 14:58:10,149 -> Dropping indices...[0.056s]
2017-12-07 14:58:10,149 -> Finishing MaximalFinder at 14:58:10.149...
2017-12-07 14:58:10,149 -> Total time for MaximalFinder: 53.304ms...
2017-12-07 14:58:10,194 -> Closing session... [0.045s]
Done!!! Thu Dec  7 14:58:10 PST 2017
Running iteration 3/3 for B240K (epsilon = 30 , mu = 10)...
2017-12-07 14:58:14,267 -> Starting session... [1.672s]
2017-12-07 14:58:17,551 -> Reading dataset... [3.284s]
2017-12-07 14:58:17,612 -> Lauching MaximalFinder at 14:58:17.559...
2017-12-07 14:58:17,612 -> 00.Setting mu=10,epsilon=30.0,cores=35,dataset=B240K
2017-12-07 14:58:17,613 -> [Partitions Info]Points;Before indexing;35
2017-12-07 14:58:31,034 -> [Partitions Info]Points;After indexing;1024
2017-12-07 14:58:31,034 -> 01.Indexing points... [13.421s] [240000 results]
2017-12-07 14:58:43,698 -> 02.Getting pairs... [12.664s] [244136 results]
2017-12-07 14:58:46,321 -> 03.Computing centers... [2.623s] [488272 results]
2017-12-07 14:58:46,321 -> [Partitions Info]Centers;Before indexing;35
2017-12-07 14:58:49,895 -> [Partitions Info]Centers;After indexing;1024
2017-12-07 14:58:49,896 -> 04.Indexing centers... [3.575s] [488272 results]
2017-12-07 14:59:01,174 -> 05.Getting disks... [11.278s] [488272 results]
2017-12-07 14:59:03,377 -> 06.Filtering less-than-mu disks... [2.203s] [10276 results]
2017-12-07 14:59:10,821 -> 07.Prunning duplicate candidates... [7.444s] [6396 results]
2017-12-07 14:59:10,832 -> [Partitions Info]Candidates;Before indexing;200
2017-12-07 14:59:11,361 -> 08.Indexing candidates... [7.984s] [6396 results]
2017-12-07 14:59:11,646 -> [Partitions Info]Candidates;After indexing;36
2017-12-07 14:59:11,646 -> 09.Getting expansions... [0.285s] [14106 results]
2017-12-07 14:59:12,456 -> 10.Finding maximal disks... [0.810s] [516 results]
2017-12-07 14:59:15,068 -> 11.Prunning duplicates and subsets... [2.612s] [516 results]
2017-12-07 14:59:15,069 ->      Dataset,   Eps, Cores, Mu,   Time, # Pairs,   # Disks, # Candidates, # Maximals
2017-12-07 14:59:15,069 ->        B240K,  30.0,    35, 10,  57.46,  244136,    488272,         6396,        516
2017-12-07 14:59:15,123 -> Dropping indices...[0.054s]
2017-12-07 14:59:15,125 -> Finishing MaximalFinder at 14:59:15.125...
2017-12-07 14:59:15,126 -> Total time for MaximalFinder: 57.513ms...
2017-12-07 14:59:15,167 -> Closing session... [0.041s]
Done!!! Thu Dec  7 14:59:15 PST 2017
acald013@dblab-rack14: stopping org.apache.spark.deploy.worker.Worker
acald013@dblab-rack15: stopping org.apache.spark.deploy.worker.Worker
acald013@dblab-rack11: stopping org.apache.spark.deploy.worker.Worker
acald013@dblab-rack12: stopping org.apache.spark.deploy.worker.Worker
stopping org.apache.spark.deploy.master.Master
Done!!!
