acald013@dblab-rack12: no org.apache.spark.deploy.worker.Worker to stop
acald013@dblab-rack15: no org.apache.spark.deploy.worker.Worker to stop
acald013@dblab-rack14: no org.apache.spark.deploy.worker.Worker to stop
acald013@dblab-rack11: no org.apache.spark.deploy.worker.Worker to stop
no org.apache.spark.deploy.master.Master to stop
starting org.apache.spark.deploy.master.Master, logging to /home/acald013/Spark/spark-2.1.0-bin-hadoop2.7/logs/spark-acald013-org.apache.spark.deploy.master.Master-1-dblab-rack15.out
acald013@dblab-rack12: starting org.apache.spark.deploy.worker.Worker, logging to /home/acald013/Spark/spark-2.1.0-bin-hadoop2.7/logs/spark-acald013-org.apache.spark.deploy.worker.Worker-1-dblab-rack12.out
acald013@dblab-rack15: starting org.apache.spark.deploy.worker.Worker, logging to /home/acald013/Spark/spark-2.1.0-bin-hadoop2.7/logs/spark-acald013-org.apache.spark.deploy.worker.Worker-1-dblab-rack15.out
acald013@dblab-rack14: starting org.apache.spark.deploy.worker.Worker, logging to /home/acald013/Spark/spark-2.1.0-bin-hadoop2.7/logs/spark-acald013-org.apache.spark.deploy.worker.Worker-1-dblab-rack14.cs.ucr.edu.out
acald013@dblab-rack11: starting org.apache.spark.deploy.worker.Worker, logging to /home/acald013/Spark/spark-2.1.0-bin-hadoop2.7/logs/spark-acald013-org.apache.spark.deploy.worker.Worker-1-dblab-rack11.cs.ucr.edu.out
Running in 28 cores and 256 partitions.  Setting mu = 12 ...
2017-10-16 17:51:52,508 [main] INFO  myLogger - Starting app...
2017-10-16 17:51:58,249 [main] INFO  myLogger - Running app-20171016175157-0000 on 28 cores and 256 partitions...
2017-10-16 17:52:47,921 [main] INFO  myLogger - Writing maximal disks...
2017-10-16 17:52:48,184 [main] INFO  myLogger - 8 maximal disks has been written...
2017-10-16 17:52:48,188 [main] INFO  myLogger -  PFlock  10.0     20K_1S    34.363    14.387    48.750     25626      8   28   256    17:52:48.188
2017-10-16 17:53:16,035 [main] INFO  myLogger - Writing maximal disks...
2017-10-16 17:53:16,463 [main] INFO  myLogger - 334 maximal disks has been written...
2017-10-16 17:53:16,464 [main] INFO  myLogger -  PFlock  20.0     20K_1S    13.961    14.137    28.098     52118    334   28   256    17:53:16.464
2017-10-16 17:53:44,977 [main] INFO  myLogger - Writing maximal disks...
2017-10-16 17:53:45,441 [main] INFO  myLogger - 644 maximal disks has been written...
2017-10-16 17:53:45,442 [main] INFO  myLogger -  PFlock  30.0     20K_1S    14.434    14.439    28.873     78182    644   28   256    17:53:45.442
2017-10-16 17:53:45,515 [main] INFO  myLogger - Clossing app...
Done!!! Mon Oct 16 17:53:45 PDT 2017
Running in 28 cores and 256 partitions.  Setting mu = 12 ...
2017-10-16 17:53:47,357 [main] INFO  myLogger - Starting app...
2017-10-16 17:53:53,189 [main] INFO  myLogger - Running app-20171016175352-0001 on 28 cores and 256 partitions...
2017-10-16 17:54:43,585 [main] INFO  myLogger - Writing maximal disks...
2017-10-16 17:54:44,041 [main] INFO  myLogger - 356 maximal disks has been written...
2017-10-16 17:54:44,046 [main] INFO  myLogger -  PFlock  10.0     20K_2S    33.578    16.085    49.663     34316    356   28   256    17:54:44.045
2017-10-16 17:55:14,127 [main] INFO  myLogger - Writing maximal disks...
2017-10-16 17:55:14,624 [main] INFO  myLogger - 661 maximal disks has been written...
2017-10-16 17:55:14,625 [main] INFO  myLogger -  PFlock  20.0     20K_2S    16.129    14.264    30.393     69306    661   28   256    17:55:14.624
2017-10-16 17:55:43,618 [main] INFO  myLogger - Writing maximal disks...
2017-10-16 17:55:44,208 [main] INFO  myLogger - 816 maximal disks has been written...
2017-10-16 17:55:44,209 [main] INFO  myLogger -  PFlock  30.0     20K_2S    14.355    15.119    29.474    102350    816   28   256    17:55:44.208
2017-10-16 17:55:44,278 [main] INFO  myLogger - Clossing app...
Done!!! Mon Oct 16 17:55:44 PDT 2017
Running in 28 cores and 256 partitions.  Setting mu = 12 ...
2017-10-16 17:55:46,093 [main] INFO  myLogger - Starting app...
2017-10-16 17:55:51,972 [main] INFO  myLogger - Running app-20171016175551-0002 on 28 cores and 256 partitions...
2017-10-16 17:56:44,466 [main] INFO  myLogger - Writing maximal disks...
2017-10-16 17:56:44,899 [main] INFO  myLogger - 361 maximal disks has been written...
2017-10-16 17:56:44,904 [main] INFO  myLogger -  PFlock  10.0        40K    34.237    17.490    51.727     59972    361   28   256    17:56:44.903
2017-10-16 17:57:19,746 [main] INFO  myLogger - Writing maximal disks...
2017-10-16 17:57:20,309 [main] INFO  myLogger - 752 maximal disks has been written...
2017-10-16 17:57:20,310 [main] INFO  myLogger -  PFlock  20.0        40K    18.876    16.349    35.225    121488    752   28   256    17:57:20.309
2017-10-16 17:58:04,260 [main] INFO  myLogger - Writing maximal disks...
2017-10-16 17:58:04,810 [main] INFO  myLogger - 1105 maximal disks has been written...
2017-10-16 17:58:04,811 [main] INFO  myLogger -  PFlock  30.0        40K    20.077    24.319    44.396    180652   1105   28   256    17:58:04.811
2017-10-16 17:58:04,882 [main] INFO  myLogger - Clossing app...
Done!!! Mon Oct 16 17:58:05 PDT 2017
Running in 28 cores and 256 partitions.  Setting mu = 12 ...
2017-10-16 17:58:06,693 [main] INFO  myLogger - Starting app...
2017-10-16 17:58:12,500 [main] INFO  myLogger - Running app-20171016175811-0003 on 28 cores and 256 partitions...
2017-10-16 17:58:56,439 [main] INFO  myLogger - Writing maximal disks...
2017-10-16 17:58:56,708 [main] INFO  myLogger - 19 maximal disks has been written...
2017-10-16 17:58:56,713 [main] INFO  myLogger -  PFlock  10.0     20K_3S    29.883    13.175    43.058     22452     19   28   256    17:58:56.712
2017-10-16 17:59:27,615 [main] INFO  myLogger - Writing maximal disks...
2017-10-16 17:59:28,133 [main] INFO  myLogger - 339 maximal disks has been written...
2017-10-16 17:59:28,134 [main] INFO  myLogger -  PFlock  20.0     20K_3S    16.284    14.946    31.230     47638    339   28   256    17:59:28.133
2017-10-16 17:59:55,503 [main] INFO  myLogger - Writing maximal disks...
2017-10-16 17:59:55,953 [main] INFO  myLogger - 467 maximal disks has been written...
2017-10-16 17:59:55,954 [main] INFO  myLogger -  PFlock  30.0     20K_3S    14.815    12.895    27.710     72348    467   28   256    17:59:55.954
2017-10-16 17:59:56,027 [main] INFO  myLogger - Clossing app...
Done!!! Mon Oct 16 17:59:56 PDT 2017
Running in 28 cores and 256 partitions.  Setting mu = 12 ...
2017-10-16 17:59:57,839 [main] INFO  myLogger - Starting app...
2017-10-16 18:00:03,592 [main] INFO  myLogger - Running app-20171016180002-0004 on 28 cores and 256 partitions...
2017-10-16 18:01:07,448 [main] INFO  myLogger - Writing maximal disks...
2017-10-16 18:01:07,905 [main] INFO  myLogger - 364 maximal disks has been written...
2017-10-16 18:01:07,909 [main] INFO  myLogger -  PFlock  10.0        60K    41.396    21.782    63.178     82420    364   28   256    18:01:07.908
2017-10-16 18:01:49,053 [main] INFO  myLogger - Writing maximal disks...
2017-10-16 18:01:49,601 [main] INFO  myLogger - 776 maximal disks has been written...
2017-10-16 18:01:49,602 [main] INFO  myLogger -  PFlock  20.0        60K    21.785    19.724    41.509    169122    776   28   256    18:01:49.602
2017-10-16 18:02:36,549 [main] INFO  myLogger - Writing maximal disks...
2017-10-16 18:02:37,154 [main] INFO  myLogger - 1161 maximal disks has been written...
2017-10-16 18:02:37,156 [main] INFO  myLogger -  PFlock  30.0        60K    22.055    25.393    47.448    252992   1161   28   256    18:02:37.155
2017-10-16 18:02:37,225 [main] INFO  myLogger - Clossing app...
Done!!! Mon Oct 16 18:02:37 PDT 2017
Running in 28 cores and 256 partitions.  Setting mu = 12 ...
2017-10-16 18:02:39,103 [main] INFO  myLogger - Starting app...
2017-10-16 18:02:44,828 [main] INFO  myLogger - Running app-20171016180244-0005 on 28 cores and 256 partitions...
2017-10-16 18:03:29,295 [main] INFO  myLogger - Writing maximal disks...
2017-10-16 18:03:29,726 [main] INFO  myLogger - 255 maximal disks has been written...
2017-10-16 18:03:29,730 [main] INFO  myLogger -  PFlock  10.0     20K_4S    29.392    14.311    43.703     25490    255   28   256    18:03:29.730
2017-10-16 18:03:57,583 [main] INFO  myLogger - Writing maximal disks...
2017-10-16 18:03:58,008 [main] INFO  myLogger - 417 maximal disks has been written...
2017-10-16 18:03:58,009 [main] INFO  myLogger -  PFlock  20.0     20K_4S    14.729    13.364    28.093     52228    417   28   256    18:03:58.009
2017-10-16 18:04:25,614 [main] INFO  myLogger - Writing maximal disks...
2017-10-16 18:04:26,076 [main] INFO  myLogger - 586 maximal disks has been written...
2017-10-16 18:04:26,077 [main] INFO  myLogger -  PFlock  30.0     20K_4S    13.572    14.389    27.961     78364    586   28   256    18:04:26.077
2017-10-16 18:04:26,148 [main] INFO  myLogger - Clossing app...
Done!!! Mon Oct 16 18:04:26 PDT 2017
Running in 28 cores and 256 partitions.  Setting mu = 12 ...
2017-10-16 18:04:27,988 [main] INFO  myLogger - Starting app...
2017-10-16 18:04:33,673 [main] INFO  myLogger - Running app-20171016180432-0006 on 28 cores and 256 partitions...
2017-10-16 18:05:37,406 [main] INFO  myLogger - Writing maximal disks...
2017-10-16 18:05:37,913 [main] INFO  myLogger - 450 maximal disks has been written...
2017-10-16 18:05:37,917 [main] INFO  myLogger -  PFlock  10.0        80K    42.306    20.781    63.087    107922    450   28   256    18:05:37.916
2017-10-16 18:06:26,273 [main] INFO  myLogger - Writing maximal disks...
2017-10-16 18:06:26,894 [main] INFO  myLogger - 868 maximal disks has been written...
2017-10-16 18:06:26,895 [main] INFO  myLogger -  PFlock  20.0        80K    25.522    23.277    48.799    221368    868   28   256    18:06:26.895
2017-10-16 18:07:24,964 [main] INFO  myLogger - Writing maximal disks...
2017-10-16 18:07:25,547 [main] INFO  myLogger - 1351 maximal disks has been written...
2017-10-16 18:07:25,548 [main] INFO  myLogger -  PFlock  30.0        80K    24.644    33.905    58.549    331400   1351   28   256    18:07:25.548
2017-10-16 18:07:25,616 [main] INFO  myLogger - Clossing app...
Done!!! Mon Oct 16 18:07:26 PDT 2017
acald013@dblab-rack12: stopping org.apache.spark.deploy.worker.Worker
acald013@dblab-rack14: stopping org.apache.spark.deploy.worker.Worker
acald013@dblab-rack11: stopping org.apache.spark.deploy.worker.Worker
acald013@dblab-rack15: stopping org.apache.spark.deploy.worker.Worker
stopping org.apache.spark.deploy.master.Master
Done!!!
