Using Spark's default log4j profile: org/apache/spark/log4j-defaults.properties
17/03/22 15:38:29 INFO SparkContext: Running Spark version 1.6.3
17/03/22 15:38:29 WARN NativeCodeLoader: Unable to load native-hadoop library for your platform... using builtin-java classes where applicable
17/03/22 15:38:30 WARN Utils: Your hostname, and-dblab resolves to a loopback address: 127.0.1.1; using 169.235.25.252 instead (on interface eth0)
17/03/22 15:38:30 WARN Utils: Set SPARK_LOCAL_IP if you need to bind to another address
17/03/22 15:38:30 INFO SecurityManager: Changing view acls to: and
17/03/22 15:38:30 INFO SecurityManager: Changing modify acls to: and
17/03/22 15:38:30 INFO SecurityManager: SecurityManager: authentication disabled; ui acls disabled; users with view permissions: Set(and); users with modify permissions: Set(and)
17/03/22 15:38:30 INFO Utils: Successfully started service 'sparkDriver' on port 41913.
17/03/22 15:38:31 INFO Slf4jLogger: Slf4jLogger started
17/03/22 15:38:31 INFO Remoting: Starting remoting
17/03/22 15:38:31 INFO Remoting: Remoting started; listening on addresses :[akka.tcp://sparkDriverActorSystem@169.235.25.252:33933]
17/03/22 15:38:31 INFO Utils: Successfully started service 'sparkDriverActorSystem' on port 33933.
17/03/22 15:38:31 INFO SparkEnv: Registering MapOutputTracker
17/03/22 15:38:31 INFO SparkEnv: Registering BlockManagerMaster
17/03/22 15:38:31 INFO DiskBlockManager: Created local directory at /tmp/blockmgr-541cd199-6dd6-4d28-8594-7952edcfa34a
17/03/22 15:38:31 INFO MemoryStore: MemoryStore started with capacity 1103.3 MB
17/03/22 15:38:31 INFO SparkEnv: Registering OutputCommitCoordinator
17/03/22 15:38:31 INFO Utils: Successfully started service 'SparkUI' on port 4040.
17/03/22 15:38:31 INFO SparkUI: Started SparkUI at http://169.235.25.252:4040
17/03/22 15:38:31 INFO Executor: Starting executor ID driver on host localhost
17/03/22 15:38:31 INFO Utils: Successfully started service 'org.apache.spark.network.netty.NettyBlockTransferService' on port 42526.
17/03/22 15:38:31 INFO NettyBlockTransferService: Server created on 42526
17/03/22 15:38:31 INFO BlockManagerMaster: Trying to register BlockManager
17/03/22 15:38:31 INFO BlockManagerMasterEndpoint: Registering block manager localhost:42526 with 1103.3 MB RAM, BlockManagerId(driver, localhost, 42526)
17/03/22 15:38:31 INFO BlockManagerMaster: Registered BlockManager
