This is pdfTeX, Version 3.14159265-2.6-1.40.16 (TeX Live 2015/Debian) (preloaded format=pdflatex 2015.11.13)  16 OCT 2016 20:59
entering extended mode
 \write18 enabled.
 %&-line parsing enabled.
**cg_hadoop.tex
(./cg_hadoop.tex
LaTeX2e <2015/01/01>
Babel <3.9l> and hyphenation patterns for 5 languages loaded.
(/usr/share/texlive/texmf-dist/tex/latex/beamer/beamer.cls
(/usr/share/texlive/texmf-dist/tex/latex/beamer/beamerbasercs.sty
Package: beamerbasercs 2015/03/08 (rcs-revision 368aa9ba9d38)
)
Document Class: beamer 2015/01/05 3.36 A class for typesetting presentations (r
cs-revision 8a39122e1f63)
(/usr/share/texlive/texmf-dist/tex/latex/beamer/beamerbasemodes.sty
Package: beamerbasemodes 2013/09/03 (rcs-revision 768f2d98ca64)
\beamer@tempbox=\box26
\beamer@tempcount=\count79
\c@beamerpauses=\count80

(/usr/share/texlive/texmf-dist/tex/latex/beamer/beamerbasedecode.sty
Package: beamerbasedecode 2010/05/01 (rcs-revision efa082c6111d)
\beamer@slideinframe=\count81
\beamer@minimum=\count82
)
\beamer@commentbox=\box27
\beamer@modecount=\count83
)
(/usr/share/texlive/texmf-dist/tex/generic/oberdiek/ifpdf.sty
Package: ifpdf 2011/01/30 v2.3 Provides the ifpdf switch (HO)
Package ifpdf Info: pdfTeX in PDF mode is detected.
)
\headheight=\dimen102
\headdp=\dimen103
\footheight=\dimen104
\sidebarheight=\dimen105
\beamer@tempdim=\dimen106
\beamer@finalheight=\dimen107
\beamer@animht=\dimen108
\beamer@animdp=\dimen109
\beamer@animwd=\dimen110
\beamer@leftmargin=\dimen111
\beamer@rightmargin=\dimen112
\beamer@leftsidebar=\dimen113
\beamer@rightsidebar=\dimen114
\beamer@boxsize=\dimen115
\beamer@vboxoffset=\dimen116
\beamer@descdefault=\dimen117
\beamer@descriptionwidth=\dimen118
\beamer@lastskip=\skip41
\beamer@areabox=\box28
\beamer@animcurrent=\box29
\beamer@animshowbox=\box30
\beamer@sectionbox=\box31
\beamer@logobox=\box32
\beamer@linebox=\box33
\beamer@sectioncount=\count84
\beamer@subsubsectionmax=\count85
\beamer@subsectionmax=\count86
\beamer@sectionmax=\count87
\beamer@totalheads=\count88
\beamer@headcounter=\count89
\beamer@partstartpage=\count90
\beamer@sectionstartpage=\count91
\beamer@subsectionstartpage=\count92
\beamer@animationtempa=\count93
\beamer@animationtempb=\count94
\beamer@xpos=\count95
\beamer@ypos=\count96
\beamer@showpartnumber=\count97
\beamer@currentsubsection=\count98
\beamer@coveringdepth=\count99
\beamer@sectionadjust=\count100
\beamer@tocsectionnumber=\count101

(/usr/share/texlive/texmf-dist/tex/latex/beamer/beamerbaseoptions.sty
Package: beamerbaseoptions 2013/03/10 (rcs-revision 47431932db0d)

(/usr/share/texlive/texmf-dist/tex/latex/graphics/keyval.sty
Package: keyval 2014/10/28 v1.15 key=value parser (DPC)
\KV@toks@=\toks14
))
\beamer@paperwidth=\skip42
\beamer@paperheight=\skip43

(/usr/share/texlive/texmf-dist/tex/latex/geometry/geometry.sty
Package: geometry 2010/09/12 v5.6 Page Geometry

(/usr/share/texlive/texmf-dist/tex/generic/oberdiek/ifvtex.sty
Package: ifvtex 2010/03/01 v1.5 Detect VTeX and its facilities (HO)
Package ifvtex Info: VTeX not detected.
)
(/usr/share/texlive/texmf-dist/tex/generic/ifxetex/ifxetex.sty
Package: ifxetex 2010/09/12 v0.6 Provides ifxetex conditional
)
\Gm@cnth=\count102
\Gm@cntv=\count103
\c@Gm@tempcnt=\count104
\Gm@bindingoffset=\dimen119
\Gm@wd@mp=\dimen120
\Gm@odd@mp=\dimen121
\Gm@even@mp=\dimen122
\Gm@layoutwidth=\dimen123
\Gm@layoutheight=\dimen124
\Gm@layouthoffset=\dimen125
\Gm@layoutvoffset=\dimen126
\Gm@dimlist=\toks15
)
(/usr/share/texlive/texmf-dist/tex/latex/base/size11.clo
File: size11.clo 2014/09/29 v1.4h Standard LaTeX file (size option)
)
(/usr/share/texlive/texmf-dist/tex/latex/pgf/basiclayer/pgfcore.sty
(/usr/share/texlive/texmf-dist/tex/latex/graphics/graphicx.sty
Package: graphicx 2014/10/28 v1.0g Enhanced LaTeX Graphics (DPC,SPQR)

(/usr/share/texlive/texmf-dist/tex/latex/graphics/graphics.sty
Package: graphics 2014/10/28 v1.0p Standard LaTeX Graphics (DPC,SPQR)

(/usr/share/texlive/texmf-dist/tex/latex/graphics/trig.sty
Package: trig 1999/03/16 v1.09 sin cos tan (DPC)
)
(/usr/share/texlive/texmf-dist/tex/latex/latexconfig/graphics.cfg
File: graphics.cfg 2010/04/23 v1.9 graphics configuration of TeX Live
)
Package graphics Info: Driver file: pdftex.def on input line 94.

(/usr/share/texlive/texmf-dist/tex/latex/pdftex-def/pdftex.def
File: pdftex.def 2011/05/27 v0.06d Graphics/color for pdfTeX

(/usr/share/texlive/texmf-dist/tex/generic/oberdiek/infwarerr.sty
Package: infwarerr 2010/04/08 v1.3 Providing info/warning/error messages (HO)
)
(/usr/share/texlive/texmf-dist/tex/generic/oberdiek/ltxcmds.sty
Package: ltxcmds 2011/11/09 v1.22 LaTeX kernel commands for general use (HO)
)
\Gread@gobject=\count105
))
\Gin@req@height=\dimen127
\Gin@req@width=\dimen128
)
(/usr/share/texlive/texmf-dist/tex/latex/pgf/systemlayer/pgfsys.sty
(/usr/share/texlive/texmf-dist/tex/latex/pgf/utilities/pgfrcs.sty
(/usr/share/texlive/texmf-dist/tex/generic/pgf/utilities/pgfutil-common.tex
\pgfutil@everybye=\toks16
\pgfutil@tempdima=\dimen129
\pgfutil@tempdimb=\dimen130

(/usr/share/texlive/texmf-dist/tex/generic/pgf/utilities/pgfutil-common-lists.t
ex)) (/usr/share/texlive/texmf-dist/tex/generic/pgf/utilities/pgfutil-latex.def
\pgfutil@abb=\box34
(/usr/share/texlive/texmf-dist/tex/latex/ms/everyshi.sty
Package: everyshi 2001/05/15 v3.00 EveryShipout Package (MS)
))
(/usr/share/texlive/texmf-dist/tex/generic/pgf/utilities/pgfrcs.code.tex
Package: pgfrcs 2013/12/20 v3.0.0 (rcs-revision 1.28)
))
(/usr/share/texlive/texmf-dist/tex/generic/pgf/systemlayer/pgfsys.code.tex
Package: pgfsys 2013/11/30 v3.0.0 (rcs-revision 1.47)

(/usr/share/texlive/texmf-dist/tex/generic/pgf/utilities/pgfkeys.code.tex
\pgfkeys@pathtoks=\toks17
\pgfkeys@temptoks=\toks18

(/usr/share/texlive/texmf-dist/tex/generic/pgf/utilities/pgfkeysfiltered.code.t
ex
\pgfkeys@tmptoks=\toks19
))
\pgf@x=\dimen131
\pgf@y=\dimen132
\pgf@xa=\dimen133
\pgf@ya=\dimen134
\pgf@xb=\dimen135
\pgf@yb=\dimen136
\pgf@xc=\dimen137
\pgf@yc=\dimen138
\w@pgf@writea=\write3
\r@pgf@reada=\read1
\c@pgf@counta=\count106
\c@pgf@countb=\count107
\c@pgf@countc=\count108
\c@pgf@countd=\count109
\t@pgf@toka=\toks20
\t@pgf@tokb=\toks21
\t@pgf@tokc=\toks22
 (/usr/share/texlive/texmf-dist/tex/generic/pgf/systemlayer/pgf.cfg
File: pgf.cfg 2008/05/14  (rcs-revision 1.7)
)
Driver file for pgf: pgfsys-pdftex.def

(/usr/share/texlive/texmf-dist/tex/generic/pgf/systemlayer/pgfsys-pdftex.def
File: pgfsys-pdftex.def 2013/07/18  (rcs-revision 1.33)

(/usr/share/texlive/texmf-dist/tex/generic/pgf/systemlayer/pgfsys-common-pdf.de
f
File: pgfsys-common-pdf.def 2013/10/10  (rcs-revision 1.13)
)))
(/usr/share/texlive/texmf-dist/tex/generic/pgf/systemlayer/pgfsyssoftpath.code.
tex
File: pgfsyssoftpath.code.tex 2013/09/09  (rcs-revision 1.9)
\pgfsyssoftpath@smallbuffer@items=\count110
\pgfsyssoftpath@bigbuffer@items=\count111
)
(/usr/share/texlive/texmf-dist/tex/generic/pgf/systemlayer/pgfsysprotocol.code.
tex
File: pgfsysprotocol.code.tex 2006/10/16  (rcs-revision 1.4)
)) (/usr/share/texlive/texmf-dist/tex/latex/xcolor/xcolor.sty
Package: xcolor 2007/01/21 v2.11 LaTeX color extensions (UK)

(/usr/share/texlive/texmf-dist/tex/latex/latexconfig/color.cfg
File: color.cfg 2007/01/18 v1.5 color configuration of teTeX/TeXLive
)
Package xcolor Info: Driver file: pdftex.def on input line 225.
Package xcolor Info: Model `cmy' substituted by `cmy0' on input line 1337.
Package xcolor Info: Model `hsb' substituted by `rgb' on input line 1341.
Package xcolor Info: Model `RGB' extended on input line 1353.
Package xcolor Info: Model `HTML' substituted by `rgb' on input line 1355.
Package xcolor Info: Model `Hsb' substituted by `hsb' on input line 1356.
Package xcolor Info: Model `tHsb' substituted by `hsb' on input line 1357.
Package xcolor Info: Model `HSB' substituted by `hsb' on input line 1358.
Package xcolor Info: Model `Gray' substituted by `gray' on input line 1359.
Package xcolor Info: Model `wave' substituted by `hsb' on input line 1360.
)
(/usr/share/texlive/texmf-dist/tex/generic/pgf/basiclayer/pgfcore.code.tex
Package: pgfcore 2010/04/11 v3.0.0 (rcs-revision 1.7)

(/usr/share/texlive/texmf-dist/tex/generic/pgf/math/pgfmath.code.tex
(/usr/share/texlive/texmf-dist/tex/generic/pgf/math/pgfmathcalc.code.tex
(/usr/share/texlive/texmf-dist/tex/generic/pgf/math/pgfmathutil.code.tex)
(/usr/share/texlive/texmf-dist/tex/generic/pgf/math/pgfmathparser.code.tex
\pgfmath@dimen=\dimen139
\pgfmath@count=\count112
\pgfmath@box=\box35
\pgfmath@toks=\toks23
\pgfmath@stack@operand=\toks24
\pgfmath@stack@operation=\toks25
)
(/usr/share/texlive/texmf-dist/tex/generic/pgf/math/pgfmathfunctions.code.tex
(/usr/share/texlive/texmf-dist/tex/generic/pgf/math/pgfmathfunctions.basic.code
.tex)
(/usr/share/texlive/texmf-dist/tex/generic/pgf/math/pgfmathfunctions.trigonomet
ric.code.tex)
(/usr/share/texlive/texmf-dist/tex/generic/pgf/math/pgfmathfunctions.random.cod
e.tex)
(/usr/share/texlive/texmf-dist/tex/generic/pgf/math/pgfmathfunctions.comparison
.code.tex)
(/usr/share/texlive/texmf-dist/tex/generic/pgf/math/pgfmathfunctions.base.code.
tex)
(/usr/share/texlive/texmf-dist/tex/generic/pgf/math/pgfmathfunctions.round.code
.tex)
(/usr/share/texlive/texmf-dist/tex/generic/pgf/math/pgfmathfunctions.misc.code.
tex)
(/usr/share/texlive/texmf-dist/tex/generic/pgf/math/pgfmathfunctions.integerari
thmetics.code.tex)))
(/usr/share/texlive/texmf-dist/tex/generic/pgf/math/pgfmathfloat.code.tex
\c@pgfmathroundto@lastzeros=\count113
))
(/usr/share/texlive/texmf-dist/tex/generic/pgf/basiclayer/pgfcorepoints.code.te
x
File: pgfcorepoints.code.tex 2013/10/07  (rcs-revision 1.27)
\pgf@picminx=\dimen140
\pgf@picmaxx=\dimen141
\pgf@picminy=\dimen142
\pgf@picmaxy=\dimen143
\pgf@pathminx=\dimen144
\pgf@pathmaxx=\dimen145
\pgf@pathminy=\dimen146
\pgf@pathmaxy=\dimen147
\pgf@xx=\dimen148
\pgf@xy=\dimen149
\pgf@yx=\dimen150
\pgf@yy=\dimen151
\pgf@zx=\dimen152
\pgf@zy=\dimen153
)
(/usr/share/texlive/texmf-dist/tex/generic/pgf/basiclayer/pgfcorepathconstruct.
code.tex
File: pgfcorepathconstruct.code.tex 2013/10/07  (rcs-revision 1.29)
\pgf@path@lastx=\dimen154
\pgf@path@lasty=\dimen155
)
(/usr/share/texlive/texmf-dist/tex/generic/pgf/basiclayer/pgfcorepathusage.code
.tex
File: pgfcorepathusage.code.tex 2013/12/13  (rcs-revision 1.23)
\pgf@shorten@end@additional=\dimen156
\pgf@shorten@start@additional=\dimen157
)
(/usr/share/texlive/texmf-dist/tex/generic/pgf/basiclayer/pgfcorescopes.code.te
x
File: pgfcorescopes.code.tex 2013/10/09  (rcs-revision 1.44)
\pgfpic=\box36
\pgf@hbox=\box37
\pgf@layerbox@main=\box38
\pgf@picture@serial@count=\count114
)
(/usr/share/texlive/texmf-dist/tex/generic/pgf/basiclayer/pgfcoregraphicstate.c
ode.tex
File: pgfcoregraphicstate.code.tex 2013/09/19  (rcs-revision 1.11)
\pgflinewidth=\dimen158
)
(/usr/share/texlive/texmf-dist/tex/generic/pgf/basiclayer/pgfcoretransformation
s.code.tex
File: pgfcoretransformations.code.tex 2013/10/10  (rcs-revision 1.17)
\pgf@pt@x=\dimen159
\pgf@pt@y=\dimen160
\pgf@pt@temp=\dimen161
)
(/usr/share/texlive/texmf-dist/tex/generic/pgf/basiclayer/pgfcorequick.code.tex
File: pgfcorequick.code.tex 2008/10/09  (rcs-revision 1.3)
)
(/usr/share/texlive/texmf-dist/tex/generic/pgf/basiclayer/pgfcoreobjects.code.t
ex
File: pgfcoreobjects.code.tex 2006/10/11  (rcs-revision 1.2)
)
(/usr/share/texlive/texmf-dist/tex/generic/pgf/basiclayer/pgfcorepathprocessing
.code.tex
File: pgfcorepathprocessing.code.tex 2013/09/09  (rcs-revision 1.9)
)
(/usr/share/texlive/texmf-dist/tex/generic/pgf/basiclayer/pgfcorearrows.code.te
x
File: pgfcorearrows.code.tex 2013/11/07  (rcs-revision 1.40)
\pgfarrowsep=\dimen162
)
(/usr/share/texlive/texmf-dist/tex/generic/pgf/basiclayer/pgfcoreshade.code.tex
File: pgfcoreshade.code.tex 2013/07/15  (rcs-revision 1.15)
\pgf@max=\dimen163
\pgf@sys@shading@range@num=\count115
)
(/usr/share/texlive/texmf-dist/tex/generic/pgf/basiclayer/pgfcoreimage.code.tex
File: pgfcoreimage.code.tex 2013/07/15  (rcs-revision 1.18)

(/usr/share/texlive/texmf-dist/tex/generic/pgf/basiclayer/pgfcoreexternal.code.
tex
File: pgfcoreexternal.code.tex 2013/07/15  (rcs-revision 1.20)
\pgfexternal@startupbox=\box39
))
(/usr/share/texlive/texmf-dist/tex/generic/pgf/basiclayer/pgfcorelayers.code.te
x
File: pgfcorelayers.code.tex 2013/07/18  (rcs-revision 1.7)
)
(/usr/share/texlive/texmf-dist/tex/generic/pgf/basiclayer/pgfcoretransparency.c
ode.tex
File: pgfcoretransparency.code.tex 2013/09/30  (rcs-revision 1.5)
)
(/usr/share/texlive/texmf-dist/tex/generic/pgf/basiclayer/pgfcorepatterns.code.
tex
File: pgfcorepatterns.code.tex 2013/11/07  (rcs-revision 1.5)
))) (/usr/share/texlive/texmf-dist/tex/latex/pgf/utilities/xxcolor.sty
Package: xxcolor 2003/10/24 ver 0.1
\XC@nummixins=\count116
\XC@countmixins=\count117
)
(/usr/share/texlive/texmf-dist/tex/generic/oberdiek/atbegshi.sty
Package: atbegshi 2011/10/05 v1.16 At begin shipout hook (HO)
)
(/usr/share/texlive/texmf-dist/tex/latex/hyperref/hyperref.sty
Package: hyperref 2012/11/06 v6.83m Hypertext links for LaTeX

(/usr/share/texlive/texmf-dist/tex/generic/oberdiek/hobsub-hyperref.sty
Package: hobsub-hyperref 2012/05/28 v1.13 Bundle oberdiek, subset hyperref (HO)


(/usr/share/texlive/texmf-dist/tex/generic/oberdiek/hobsub-generic.sty
Package: hobsub-generic 2012/05/28 v1.13 Bundle oberdiek, subset generic (HO)
Package: hobsub 2012/05/28 v1.13 Construct package bundles (HO)
Package hobsub Info: Skipping package `infwarerr' (already loaded).
Package hobsub Info: Skipping package `ltxcmds' (already loaded).
Package: ifluatex 2010/03/01 v1.3 Provides the ifluatex switch (HO)
Package ifluatex Info: LuaTeX not detected.
Package hobsub Info: Skipping package `ifvtex' (already loaded).
Package: intcalc 2007/09/27 v1.1 Expandable calculations with integers (HO)
Package hobsub Info: Skipping package `ifpdf' (already loaded).
Package: etexcmds 2011/02/16 v1.5 Avoid name clashes with e-TeX commands (HO)
Package etexcmds Info: Could not find \expanded.
(etexcmds)             That can mean that you are not using pdfTeX 1.50 or
(etexcmds)             that some package has redefined \expanded.
(etexcmds)             In the latter case, load this package earlier.
Package: kvsetkeys 2012/04/25 v1.16 Key value parser (HO)
Package: kvdefinekeys 2011/04/07 v1.3 Define keys (HO)
Package: pdftexcmds 2011/11/29 v0.20 Utility functions of pdfTeX for LuaTeX (HO
)
Package pdftexcmds Info: LuaTeX not detected.
Package pdftexcmds Info: \pdf@primitive is available.
Package pdftexcmds Info: \pdf@ifprimitive is available.
Package pdftexcmds Info: \pdfdraftmode found.
Package: pdfescape 2011/11/25 v1.13 Implements pdfTeX's escape features (HO)
Package: bigintcalc 2012/04/08 v1.3 Expandable calculations on big integers (HO
)
Package: bitset 2011/01/30 v1.1 Handle bit-vector datatype (HO)
Package: uniquecounter 2011/01/30 v1.2 Provide unlimited unique counter (HO)
)
Package hobsub Info: Skipping package `hobsub' (already loaded).
Package: letltxmacro 2010/09/02 v1.4 Let assignment for LaTeX macros (HO)
Package: hopatch 2012/05/28 v1.2 Wrapper for package hooks (HO)
Package: xcolor-patch 2011/01/30 xcolor patch
Package: atveryend 2011/06/30 v1.8 Hooks at the very end of document (HO)
Package atveryend Info: \enddocument detected (standard20110627).
Package hobsub Info: Skipping package `atbegshi' (already loaded).
Package: refcount 2011/10/16 v3.4 Data extraction from label references (HO)
Package: hycolor 2011/01/30 v1.7 Color options for hyperref/bookmark (HO)
)
(/usr/share/texlive/texmf-dist/tex/latex/oberdiek/auxhook.sty
Package: auxhook 2011/03/04 v1.3 Hooks for auxiliary files (HO)
)
(/usr/share/texlive/texmf-dist/tex/latex/oberdiek/kvoptions.sty
Package: kvoptions 2011/06/30 v3.11 Key value format for package options (HO)
)
\@linkdim=\dimen164
\Hy@linkcounter=\count118
\Hy@pagecounter=\count119

(/usr/share/texlive/texmf-dist/tex/latex/hyperref/pd1enc.def
File: pd1enc.def 2012/11/06 v6.83m Hyperref: PDFDocEncoding definition (HO)
)
\Hy@SavedSpaceFactor=\count120

(/usr/share/texlive/texmf-dist/tex/latex/latexconfig/hyperref.cfg
File: hyperref.cfg 2002/06/06 v1.2 hyperref configuration of TeXLive
)
Package hyperref Info: Option `bookmarks' set `true' on input line 4319.
Package hyperref Info: Option `bookmarksopen' set `true' on input line 4319.
Package hyperref Info: Option `implicit' set `false' on input line 4319.
Package hyperref Info: Hyper figures OFF on input line 4443.
Package hyperref Info: Link nesting OFF on input line 4448.
Package hyperref Info: Hyper index ON on input line 4451.
Package hyperref Info: Plain pages OFF on input line 4458.
Package hyperref Info: Backreferencing OFF on input line 4463.
Package hyperref Info: Implicit mode OFF; no redefinition of LaTeX internals.
Package hyperref Info: Bookmarks ON on input line 4688.
\c@Hy@tempcnt=\count121

(/usr/share/texlive/texmf-dist/tex/latex/url/url.sty
\Urlmuskip=\muskip10
Package: url 2013/09/16  ver 3.4  Verb mode for urls, etc.
)
LaTeX Info: Redefining \url on input line 5041.
\XeTeXLinkMargin=\dimen165
\Fld@menulength=\count122
\Field@Width=\dimen166
\Fld@charsize=\dimen167
Package hyperref Info: Hyper figures OFF on input line 6295.
Package hyperref Info: Link nesting OFF on input line 6300.
Package hyperref Info: Hyper index ON on input line 6303.
Package hyperref Info: backreferencing OFF on input line 6310.
Package hyperref Info: Link coloring OFF on input line 6315.
Package hyperref Info: Link coloring with OCG OFF on input line 6320.
Package hyperref Info: PDF/A mode OFF on input line 6325.
LaTeX Info: Redefining \ref on input line 6365.
LaTeX Info: Redefining \pageref on input line 6369.
\Hy@abspage=\count123


Package hyperref Message: Stopped early.

)

Package hyperref Message: Driver (autodetected): hpdftex.

(/usr/share/texlive/texmf-dist/tex/latex/hyperref/hpdftex.def
File: hpdftex.def 2012/11/06 v6.83m Hyperref driver for pdfTeX
\Fld@listcount=\count124
\c@bookmark@seq@number=\count125

(/usr/share/texlive/texmf-dist/tex/latex/oberdiek/rerunfilecheck.sty
Package: rerunfilecheck 2011/04/15 v1.7 Rerun checks for auxiliary files (HO)
Package uniquecounter Info: New unique counter `rerunfilecheck' on input line 2
82.
))
(/usr/share/texlive/texmf-dist/tex/latex/beamer/beamerbaserequires.sty
Package: beamerbaserequires 2010/05/01  (rcs-revision efa082c6111d)

(/usr/share/texlive/texmf-dist/tex/latex/beamer/beamerbasecompatibility.sty
Package: beamerbasecompatibility 2012/05/01  (rcs-revision 67c48b3b652d)
)
(/usr/share/texlive/texmf-dist/tex/latex/beamer/beamerbasefont.sty
Package: beamerbasefont 2015/01/05  (rcs-revision b4b4bee242e2)

(/usr/share/texlive/texmf-dist/tex/latex/amsfonts/amssymb.sty
Package: amssymb 2013/01/14 v3.01 AMS font symbols

(/usr/share/texlive/texmf-dist/tex/latex/amsfonts/amsfonts.sty
Package: amsfonts 2013/01/14 v3.01 Basic AMSFonts support
\@emptytoks=\toks26
\symAMSa=\mathgroup4
\symAMSb=\mathgroup5
LaTeX Font Info:    Overwriting math alphabet `\mathfrak' in version `bold'
(Font)                  U/euf/m/n --> U/euf/b/n on input line 106.
)))
(/usr/share/texlive/texmf-dist/tex/latex/beamer/beamerbasetranslator.sty
Package: beamerbasetranslator 2010/06/11  (rcs-revision 85fd1cc7fc42)

(/usr/share/texlive/texmf-dist/tex/latex/beamer/translator/translator.sty
Package: translator 2010/06/12 ver 1.10

(/usr/share/texlive/texmf-dist/tex/latex/beamer/translator/translator-language-
mappings.tex)))
(/usr/share/texlive/texmf-dist/tex/latex/beamer/beamerbasemisc.sty
Package: beamerbasemisc 2013/09/03  (rcs-revision a55719c41d85)
)
(/usr/share/texlive/texmf-dist/tex/latex/beamer/beamerbasetwoscreens.sty
Package: beamerbasetwoscreens 2010/05/01  (rcs-revision efa082c6111d)
)
(/usr/share/texlive/texmf-dist/tex/latex/beamer/beamerbaseoverlay.sty
Package: beamerbaseoverlay 2013/12/25  (rcs-revision f6bd5e3805da)
\beamer@argscount=\count126
\beamer@lastskipcover=\skip44
\beamer@trivlistdepth=\count127
)
(/usr/share/texlive/texmf-dist/tex/latex/beamer/beamerbasetitle.sty
Package: beamerbasetitle 2010/09/21  (rcs-revision f0446ed0b6ae)
)
(/usr/share/texlive/texmf-dist/tex/latex/beamer/beamerbasesection.sty
Package: beamerbasesection 2013/06/07  (rcs-revision 60b9fe0f342f)
\c@lecture=\count128
\c@part=\count129
\c@section=\count130
\c@subsection=\count131
\c@subsubsection=\count132
)
(/usr/share/texlive/texmf-dist/tex/latex/beamer/beamerbaseframe.sty
Package: beamerbaseframe 2014/02/20  (rcs-revision 4b8ceeeff434)
\beamer@framebox=\box40
\beamer@frametitlebox=\box41
\beamer@zoombox=\box42
\beamer@zoomcount=\count133
\beamer@zoomframecount=\count134
\beamer@frametextheight=\dimen168
\c@subsectionslide=\count135
\beamer@frametopskip=\skip45
\beamer@framebottomskip=\skip46
\beamer@frametopskipautobreak=\skip47
\beamer@framebottomskipautobreak=\skip48
\beamer@envbody=\toks27
\framewidth=\dimen169
\c@framenumber=\count136
)
(/usr/share/texlive/texmf-dist/tex/latex/beamer/beamerbaseverbatim.sty
Package: beamerbaseverbatim 2015/01/05  (rcs-revision 431510bb5890)
\beamer@verbatimfileout=\write4
)
(/usr/share/texlive/texmf-dist/tex/latex/beamer/beamerbaseframesize.sty
Package: beamerbaseframesize 2011/09/12  (rcs-revision 70f9d8411e54)
\beamer@splitbox=\box43
\beamer@autobreakcount=\count137
\beamer@autobreaklastheight=\dimen170
\beamer@frametitletoks=\toks28
\beamer@framesubtitletoks=\toks29
)
(/usr/share/texlive/texmf-dist/tex/latex/beamer/beamerbaseframecomponents.sty
Package: beamerbaseframecomponents 2013/10/18  (rcs-revision 5cf6c5555a45)
\beamer@footins=\box44
)
(/usr/share/texlive/texmf-dist/tex/latex/beamer/beamerbasecolor.sty
Package: beamerbasecolor 2015/02/21  (rcs-revision d944b04ee2d5)
)
(/usr/share/texlive/texmf-dist/tex/latex/beamer/beamerbasenotes.sty
Package: beamerbasenotes 2012/12/19  (rcs-revision 1686da3db3c9)
\beamer@frameboxcopy=\box45
)
(/usr/share/texlive/texmf-dist/tex/latex/beamer/beamerbasetoc.sty
Package: beamerbasetoc 2015/03/08  (rcs-revision 7270298bbaae)
)
(/usr/share/texlive/texmf-dist/tex/latex/beamer/beamerbasetemplates.sty
Package: beamerbasetemplates 2010/05/01  (rcs-revision efa082c6111d)
\beamer@sbttoks=\toks30

(/usr/share/texlive/texmf-dist/tex/latex/beamer/beamerbaseauxtemplates.sty
Package: beamerbaseauxtemplates 2014/06/30  (rcs-revision 580088513a67)

(/usr/share/texlive/texmf-dist/tex/latex/beamer/beamerbaseboxes.sty
Package: beamerbaseboxes 2012/05/13  (rcs-revision 56972908a390)
\bmb@box=\box46
\bmb@colorbox=\box47
\bmb@boxshadow=\box48
\bmb@boxshadowball=\box49
\bmb@boxshadowballlarge=\box50
\bmb@temp=\dimen171
\bmb@dima=\dimen172
\bmb@dimb=\dimen173
\bmb@prevheight=\dimen174
)
\beamer@blockheadheight=\dimen175
))
(/usr/share/texlive/texmf-dist/tex/latex/beamer/beamerbaselocalstructure.sty
Package: beamerbaselocalstructure 2014/09/10  (rcs-revision 393f6dcff371)

(/usr/share/texlive/texmf-dist/tex/latex/tools/enumerate.sty
Package: enumerate 2014/10/28 v3.00 enumerate extensions (DPC)
\@enLab=\toks31
)
\c@figure=\count138
\c@table=\count139
\abovecaptionskip=\skip49
\belowcaptionskip=\skip50
)
(/usr/share/texlive/texmf-dist/tex/latex/beamer/beamerbasenavigation.sty
Package: beamerbasenavigation 2015/02/27  (rcs-revision 923f4bf87efa)
\beamer@section@min@dim=\dimen176
)
(/usr/share/texlive/texmf-dist/tex/latex/beamer/beamerbasetheorems.sty
Package: beamerbasetheorems 2010/06/06  (rcs-revision 7e7cc5e53e9d)

(/usr/share/texlive/texmf-dist/tex/latex/amsmath/amsmath.sty
Package: amsmath 2013/01/14 v2.14 AMS math features
\@mathmargin=\skip51

For additional information on amsmath, use the `?' option.
(/usr/share/texlive/texmf-dist/tex/latex/amsmath/amstext.sty
Package: amstext 2000/06/29 v2.01

(/usr/share/texlive/texmf-dist/tex/latex/amsmath/amsgen.sty
File: amsgen.sty 1999/11/30 v2.0
\@emptytoks=\toks32
\ex@=\dimen177
))
(/usr/share/texlive/texmf-dist/tex/latex/amsmath/amsbsy.sty
Package: amsbsy 1999/11/29 v1.2d
\pmbraise@=\dimen178
)
(/usr/share/texlive/texmf-dist/tex/latex/amsmath/amsopn.sty
Package: amsopn 1999/12/14 v2.01 operator names
)
\inf@bad=\count140
LaTeX Info: Redefining \frac on input line 210.
\uproot@=\count141
\leftroot@=\count142
LaTeX Info: Redefining \overline on input line 306.
\classnum@=\count143
\DOTSCASE@=\count144
LaTeX Info: Redefining \ldots on input line 378.
LaTeX Info: Redefining \dots on input line 381.
LaTeX Info: Redefining \cdots on input line 466.
\Mathstrutbox@=\box51
\strutbox@=\box52
\big@size=\dimen179
LaTeX Font Info:    Redeclaring font encoding OML on input line 566.
LaTeX Font Info:    Redeclaring font encoding OMS on input line 567.
\macc@depth=\count145
\c@MaxMatrixCols=\count146
\dotsspace@=\muskip11
\c@parentequation=\count147
\dspbrk@lvl=\count148
\tag@help=\toks33
\row@=\count149
\column@=\count150
\maxfields@=\count151
\andhelp@=\toks34
\eqnshift@=\dimen180
\alignsep@=\dimen181
\tagshift@=\dimen182
\tagwidth@=\dimen183
\totwidth@=\dimen184
\lineht@=\dimen185
\@envbody=\toks35
\multlinegap=\skip52
\multlinetaggap=\skip53
\mathdisplay@stack=\toks36
LaTeX Info: Redefining \[ on input line 2665.
LaTeX Info: Redefining \] on input line 2666.
)
(/usr/share/texlive/texmf-dist/tex/latex/amscls/amsthm.sty
Package: amsthm 2015/03/04 v2.20.2
\thm@style=\toks37
\thm@bodyfont=\toks38
\thm@headfont=\toks39
\thm@notefont=\toks40
\thm@headpunct=\toks41
\thm@preskip=\skip54
\thm@postskip=\skip55
\thm@headsep=\skip56
\dth@everypar=\toks42
)
\c@theorem=\count152
)
(/usr/share/texlive/texmf-dist/tex/latex/beamer/beamerbasethemes.sty
Package: beamerbasethemes 2010/05/01  (rcs-revision efa082c6111d)
))
(/usr/share/texlive/texmf-dist/tex/latex/beamer/themes/theme/beamerthemedefault
.sty
Package: beamerthemedefault 2010/06/17  (rcs-revision d02a7cf4d8ae)

(/usr/share/texlive/texmf-dist/tex/latex/beamer/themes/font/beamerfontthemedefa
ult.sty
Package: beamerfontthemedefault 2012/12/19  (rcs-revision 1686da3db3c9)
)
(/usr/share/texlive/texmf-dist/tex/latex/beamer/themes/color/beamercolorthemede
fault.sty
Package: beamercolorthemedefault 2012/12/19  (rcs-revision 1686da3db3c9)
)
(/usr/share/texlive/texmf-dist/tex/latex/beamer/themes/inner/beamerinnerthemede
fault.sty
Package: beamerinnerthemedefault 2014/06/30  (rcs-revision 580088513a67)
\beamer@dima=\dimen186
\beamer@dimb=\dimen187
)
(/usr/share/texlive/texmf-dist/tex/latex/beamer/themes/outer/beamerouterthemede
fault.sty
Package: beamerouterthemedefault 2012/12/19  (rcs-revision 1686da3db3c9)
))) (/usr/share/texlive/texmf-dist/tex/latex/psnfss/mathptmx.sty
Package: mathptmx 2005/04/12 PSNFSS-v9.2a Times w/ Math, improved (SPQR, WaS) 
LaTeX Font Info:    Redeclaring symbol font `operators' on input line 28.
LaTeX Font Info:    Overwriting symbol font `operators' in version `normal'
(Font)                  OT1/cmr/m/n --> OT1/ztmcm/m/n on input line 28.
LaTeX Font Info:    Overwriting symbol font `operators' in version `bold'
(Font)                  OT1/cmr/bx/n --> OT1/ztmcm/m/n on input line 28.
LaTeX Font Info:    Redeclaring symbol font `letters' on input line 29.
LaTeX Font Info:    Overwriting symbol font `letters' in version `normal'
(Font)                  OML/cmm/m/it --> OML/ztmcm/m/it on input line 29.
LaTeX Font Info:    Overwriting symbol font `letters' in version `bold'
(Font)                  OML/cmm/b/it --> OML/ztmcm/m/it on input line 29.
LaTeX Font Info:    Redeclaring symbol font `symbols' on input line 30.
LaTeX Font Info:    Overwriting symbol font `symbols' in version `normal'
(Font)                  OMS/cmsy/m/n --> OMS/ztmcm/m/n on input line 30.
LaTeX Font Info:    Overwriting symbol font `symbols' in version `bold'
(Font)                  OMS/cmsy/b/n --> OMS/ztmcm/m/n on input line 30.
LaTeX Font Info:    Redeclaring symbol font `largesymbols' on input line 31.
LaTeX Font Info:    Overwriting symbol font `largesymbols' in version `normal'
(Font)                  OMX/cmex/m/n --> OMX/ztmcm/m/n on input line 31.
LaTeX Font Info:    Overwriting symbol font `largesymbols' in version `bold'
(Font)                  OMX/cmex/m/n --> OMX/ztmcm/m/n on input line 31.
\symbold=\mathgroup6
\symitalic=\mathgroup7
LaTeX Font Info:    Redeclaring math alphabet \mathbf on input line 34.
LaTeX Font Info:    Overwriting math alphabet `\mathbf' in version `normal'
(Font)                  OT1/cmr/bx/n --> OT1/ptm/bx/n on input line 34.
LaTeX Font Info:    Overwriting math alphabet `\mathbf' in version `bold'
(Font)                  OT1/cmr/bx/n --> OT1/ptm/bx/n on input line 34.
LaTeX Font Info:    Redeclaring math alphabet \mathit on input line 35.
LaTeX Font Info:    Overwriting math alphabet `\mathit' in version `normal'
(Font)                  OT1/cmr/m/it --> OT1/ptm/m/it on input line 35.
LaTeX Font Info:    Overwriting math alphabet `\mathit' in version `bold'
(Font)                  OT1/cmr/bx/it --> OT1/ptm/m/it on input line 35.
LaTeX Info: Redefining \hbar on input line 50.
)
(/usr/share/texlive/texmf-dist/tex/latex/minted/minted.sty
Package: minted 2015/01/31 v2.0 Yet another Pygments shim for LaTeX

(/usr/share/texlive/texmf-dist/tex/latex/fancyvrb/fancyvrb.sty
Package: fancyvrb 2008/02/07

Style option: `fancyvrb' v2.7a, with DG/SPQR fixes, and firstline=lastline fix 
<2008/02/07> (tvz)
\FV@CodeLineNo=\count153
\FV@InFile=\read2
\FV@TabBox=\box53
\c@FancyVerbLine=\count154
\FV@StepNumber=\count155
\FV@OutFile=\write5
) (/usr/share/texlive/texmf-dist/tex/latex/float/float.sty
Package: float 2001/11/08 v1.3d Float enhancements (AL)
\c@float@type=\count156
\float@exts=\toks43
\float@box=\box54
\@float@everytoks=\toks44
\@floatcapt=\box55
)
(/usr/share/texlive/texmf-dist/tex/latex/base/ifthen.sty
Package: ifthen 2014/09/29 v1.1c Standard LaTeX ifthen package (DPC)
)
(/usr/share/texlive/texmf-dist/tex/latex/tools/calc.sty
Package: calc 2014/10/28 v4.3 Infix arithmetic (KKT,FJ)
\calc@Acount=\count157
\calc@Bcount=\count158
\calc@Adimen=\dimen188
\calc@Bdimen=\dimen189
\calc@Askip=\skip57
\calc@Bskip=\skip58
LaTeX Info: Redefining \setlength on input line 80.
LaTeX Info: Redefining \addtolength on input line 81.
\calc@Ccount=\count159
\calc@Cskip=\skip59
)
(/usr/share/texlive/texmf-dist/tex/latex/ifplatform/ifplatform.sty
Package: ifplatform 2010/10/22 v0.4 Testing for the operating system

(/usr/share/texlive/texmf-dist/tex/generic/oberdiek/catchfile.sty
Package: catchfile 2011/03/01 v1.6 Catch the contents of a file (HO)
)
runsystem(uname -s > "cg_hadoop.w18")...executed.


(./cg_hadoop.w18)
runsystem(rm -- "cg_hadoop.w18")...executed.

)
(/usr/share/texlive/texmf-dist/tex/latex/etoolbox/etoolbox.sty
Package: etoolbox 2015/08/02 v2.2a e-TeX tools for LaTeX (JAW)
\etb@tempcnta=\count160
)
(/usr/share/texlive/texmf-dist/tex/generic/xstring/xstring.sty
(/usr/share/texlive/texmf-dist/tex/generic/xstring/xstring.tex
\@xs@message=\write6
\integerpart=\count161
\decimalpart=\count162
)
Package: xstring 2013/10/13  v1.7c  String manipulations (C Tellechea)
)
(/usr/share/texlive/texmf-dist/tex/latex/lineno/lineno.sty
Package: lineno 2005/11/02 line numbers on paragraphs v4.41
\linenopenalty=\count163
\output=\toks45
\linenoprevgraf=\count164
\linenumbersep=\dimen190
\linenumberwidth=\dimen191
\c@linenumber=\count165
\c@pagewiselinenumber=\count166
\c@LN@truepage=\count167
\c@internallinenumber=\count168
\c@internallinenumbers=\count169
\quotelinenumbersep=\dimen192
\bframerule=\dimen193
\bframesep=\dimen194
\bframebox=\box56
LaTeX Info: Redefining \\ on input line 3056.
)
\minted@appexistsfile=\read3
\FV@BreakIndent=\dimen195
\FV@BreakSymbolSepLeft=\dimen196
\FV@BreakSymbolSepRight=\dimen197
\FV@BreakSymbolIndentLeft=\dimen198
\FV@BreakSymbolIndentRight=\dimen199
\c@FancyVerbLineBreakLast=\count170
\FV@LineBox=\box57
\FV@LineIndentBox=\box58
\minted@bgbox=\box59
\minted@code=\write7
\c@minted@FancyVerbLineTemp=\count171
\@float@every@listing=\toks46
\c@listing=\count172
)
runsystem(mkdir -p "_minted-cg_hadoop")...executed.

runsystem(which "pygmentize" && touch "cg_hadoop.aex")...executed.

runsystem(rm "cg_hadoop.aex")...executed.


(./_minted-cg_hadoop/default.pygstyle)
Package hyperref Info: Option `unicode' set `true' on input line 20.

(/usr/share/texlive/texmf-dist/tex/latex/hyperref/puenc.def
File: puenc.def 2012/11/06 v6.83m Hyperref: PDF Unicode definition (HO)
)
Package hyperref Info: Option `bookmarksnumbered' set `false' on input line 20.

Package hyperref Info: Option `bookmarksopen' set `false' on input line 20.
Package hyperref Info: Option `breaklinks' set `false' on input line 20.
Package hyperref Info: Option `colorlinks' set `false' on input line 20.

(/usr/share/texlive/texmf-dist/tex/latex/beamer/themes/theme/beamerthemeWarsaw.
sty
Package: beamerthemeWarsaw 2010/06/17  (rcs-revision d02a7cf4d8ae)

(/usr/share/texlive/texmf-dist/tex/latex/beamer/themes/inner/beamerinnerthemero
unded.sty
Package: beamerinnerthemerounded 2010/06/17  (rcs-revision d02a7cf4d8ae)
)
(/usr/share/texlive/texmf-dist/tex/latex/beamer/themes/outer/beamerouterthemesh
adow.sty
Package: beamerouterthemeshadow 2010/06/17  (rcs-revision d02a7cf4d8ae)

(/usr/share/texlive/texmf-dist/tex/latex/beamer/themes/outer/beamerouterthemesp
lit.sty
Package: beamerouterthemesplit 2012/10/16  (rcs-revision 51a8c72084af)
))
(/usr/share/texlive/texmf-dist/tex/latex/beamer/themes/color/beamercolorthemeor
chid.sty
Package: beamercolorthemeorchid 2010/06/17  (rcs-revision d02a7cf4d8ae)
)
(/usr/share/texlive/texmf-dist/tex/latex/beamer/themes/color/beamercolorthemewh
ale.sty
Package: beamercolorthemewhale 2010/06/17  (rcs-revision d02a7cf4d8ae)
))
(/usr/share/texlive/texmf-dist/tex/latex/beamer/themes/outer/beamerouterthemein
folines.sty
Package: beamerouterthemeinfolines 2012/10/16  (rcs-revision 51a8c72084af)
) (/usr/share/texlive/texmf-dist/tex/latex/psnfss/pifont.sty
Package: pifont 2005/04/12 PSNFSS-v9.2a Pi font support (SPQR) 
LaTeX Font Info:    Try loading font information for U+pzd on input line 63.

(/usr/share/texlive/texmf-dist/tex/latex/psnfss/upzd.fd
File: upzd.fd 2001/06/04 font definitions for U/pzd.
)
LaTeX Font Info:    Try loading font information for U+psy on input line 64.

(/usr/share/texlive/texmf-dist/tex/latex/psnfss/upsy.fd
File: upsy.fd 2001/06/04 font definitions for U/psy.
))
(/usr/share/texlive/texmf-dist/tex/latex/animate/animate.sty
Package: animate 2015/06/19 PDF animations from files and inline graphics

(/usr/share/texlive/texmf-dist/tex/latex/oberdiek/ifdraft.sty
Package: ifdraft 2008/08/11 v1.3 Detect class options draft and final (HO)
)
(/usr/share/texlive/texmf-dist/tex/latex/oberdiek/atenddvi.sty
Package: atenddvi 2007/04/17 v1.1 At end DVI hook (HO)

(/usr/share/texlive/texmf-dist/tex/latex/oberdiek/zref-abspage.sty
Package: zref-abspage 2012/04/04 v2.24 Module abspage for zref (HO)

(/usr/share/texlive/texmf-dist/tex/latex/oberdiek/zref-base.sty
Package: zref-base 2012/04/04 v2.24 Module base for zref (HO)
Package zref Info: New property list: main on input line 759.
Package zref Info: New property: default on input line 760.
Package zref Info: New property: page on input line 761.
)
\c@abspage=\count173
Package zref Info: New property: abspage on input line 62.
)
(/usr/share/texlive/texmf-dist/tex/latex/oberdiek/zref-lastpage.sty
Package: zref-lastpage 2012/04/04 v2.24 Module lastpage for zref (HO)
Package zref Info: New property list: LastPage on input line 55.
))
(/usr/share/texlive/texmf-dist/tex/latex/animate/animfp.sty
Package: animfp 2009/07/23 fixed point addition for animate.sty
\afp@xs=\count174
\afp@xia=\count175
\afp@xib=\count176
\afp@xfa=\count177
\afp@xfb=\count178
\afp@rega=\count179
\afp@regb=\count180
\afp@regs=\count181
)
(/usr/share/texlive/texmf-dist/tex/context/base/supp-pdf.mkii
[Loading MPS to PDF converter (version 2006.09.02).]
\scratchcounter=\count182
\scratchdimen=\dimen200
\scratchbox=\box60
\nofMPsegments=\count183
\nofMParguments=\count184
\everyMPshowfont=\toks47
\MPscratchCnt=\count185
\MPscratchDim=\dimen201
\MPnumerator=\count186
\makeMPintoPDFobject=\count187
\everyMPtoPDFconversion=\toks48
)
\@anim@box=\box61
\@anim@measbox=\box62
\@anim@tmpdima=\dimen202
\@anim@tmpdimb=\dimen203
\@anim@ocnum=\count188
\@anim@num=\count189
\@anim@curframe=\count190
\@anim@curframe@zb=\count191
\@anim@resizeflags=\count192
\@anim@skipfram=\count193
\@anim@mulframecnt=\count194
\@anim@@tmlnfile=\read4
\@anim@tmpcnt=\count195
\c@@anim@ltxcnt=\count196
\@anim@curlayer=\count197
\@anim@lineno=\count198
\@anim@curfield=\count199
\@anim@begin=\toks49
\@anim@end=\toks50
\@anim@@resizeflags=\count200
) (./cg_hadoop.aux)
\openout1 = `cg_hadoop.aux'.

LaTeX Font Info:    Checking defaults for OML/cmm/m/it on input line 63.
LaTeX Font Info:    ... okay on input line 63.
LaTeX Font Info:    Checking defaults for T1/cmr/m/n on input line 63.
LaTeX Font Info:    ... okay on input line 63.
LaTeX Font Info:    Checking defaults for OT1/cmr/m/n on input line 63.
LaTeX Font Info:    ... okay on input line 63.
LaTeX Font Info:    Checking defaults for OMS/cmsy/m/n on input line 63.
LaTeX Font Info:    ... okay on input line 63.
LaTeX Font Info:    Checking defaults for OMX/cmex/m/n on input line 63.
LaTeX Font Info:    ... okay on input line 63.
LaTeX Font Info:    Checking defaults for U/cmr/m/n on input line 63.
LaTeX Font Info:    ... okay on input line 63.
LaTeX Font Info:    Checking defaults for PD1/pdf/m/n on input line 63.
LaTeX Font Info:    ... okay on input line 63.
LaTeX Font Info:    Checking defaults for PU/pdf/m/n on input line 63.
LaTeX Font Info:    ... okay on input line 63.

*geometry* driver: auto-detecting
*geometry* detected driver: pdftex
*geometry* verbose mode - [ preamble ] result:
* driver: pdftex
* paper: custom
* layout: <same size as paper>
* layoutoffset:(h,v)=(0.0pt,0.0pt)
* modes: includehead includefoot 
* h-part:(L,W,R)=(10.95003pt, 342.2953pt, 10.95003pt)
* v-part:(T,H,B)=(0.0pt, 273.14662pt, 0.0pt)
* \paperwidth=364.19536pt
* \paperheight=273.14662pt
* \textwidth=342.2953pt
* \textheight=244.6939pt
* \oddsidemargin=-61.31996pt
* \evensidemargin=-61.31996pt
* \topmargin=-72.26999pt
* \headheight=14.22636pt
* \headsep=0.0pt
* \topskip=11.0pt
* \footskip=14.22636pt
* \marginparwidth=4.0pt
* \marginparsep=10.0pt
* \columnsep=10.0pt
* \skip\footins=10.0pt plus 4.0pt minus 2.0pt
* \hoffset=0.0pt
* \voffset=0.0pt
* \mag=1000
* \@twocolumnfalse
* \@twosidefalse
* \@mparswitchfalse
* \@reversemarginfalse
* (1in=72.27pt=25.4mm, 1cm=28.453pt)

(/usr/share/texlive/texmf-dist/tex/latex/oberdiek/epstopdf-base.sty
Package: epstopdf-base 2010/02/09 v2.5 Base part for package epstopdf

(/usr/share/texlive/texmf-dist/tex/latex/oberdiek/grfext.sty
Package: grfext 2010/08/19 v1.1 Manage graphics extensions (HO)
)
Package grfext Info: Graphics extension search list:
(grfext)             [.png,.pdf,.jpg,.mps,.jpeg,.jbig2,.jb2,.PNG,.PDF,.JPG,.JPE
G,.JBIG2,.JB2,.eps]
(grfext)             \AppendGraphicsExtensions on input line 452.

(/usr/share/texlive/texmf-dist/tex/latex/latexconfig/epstopdf-sys.cfg
File: epstopdf-sys.cfg 2010/07/13 v1.3 Configuration of (r)epstopdf for TeX Liv
e
))
ABD: EveryShipout initializing macros
\AtBeginShipoutBox=\box63
Package hyperref Info: Link coloring OFF on input line 63.

(/usr/share/texlive/texmf-dist/tex/latex/hyperref/nameref.sty
Package: nameref 2012/10/27 v2.43 Cross-referencing by name of section

(/usr/share/texlive/texmf-dist/tex/generic/oberdiek/gettitlestring.sty
Package: gettitlestring 2010/12/03 v1.4 Cleanup title references (HO)
)
\c@section@level=\count201
)
LaTeX Info: Redefining \ref on input line 63.
LaTeX Info: Redefining \pageref on input line 63.
LaTeX Info: Redefining \nameref on input line 63.

(./cg_hadoop.out) (./cg_hadoop.out)
\@outlinefile=\write8
\openout8 = `cg_hadoop.out'.

LaTeX Font Info:    Overwriting symbol font `operators' in version `normal'
(Font)                  OT1/ztmcm/m/n --> OT1/cmss/m/n on input line 63.
LaTeX Font Info:    Overwriting symbol font `operators' in version `bold'
(Font)                  OT1/ztmcm/m/n --> OT1/cmss/bx/n on input line 63.
\symnumbers=\mathgroup8
\sympureletters=\mathgroup9
LaTeX Font Info:    Overwriting math alphabet `\mathrm' in version `normal'
(Font)                  OT1/cmss/m/n --> OT1/ptm/m/n on input line 63.
LaTeX Font Info:    Redeclaring math alphabet \mathbf on input line 63.
LaTeX Font Info:    Overwriting math alphabet `\mathbf' in version `normal'
(Font)                  OT1/ptm/bx/n --> OT1/cmss/bx/n on input line 63.
LaTeX Font Info:    Overwriting math alphabet `\mathbf' in version `bold'
(Font)                  OT1/ptm/bx/n --> OT1/cmss/bx/n on input line 63.
LaTeX Font Info:    Redeclaring math alphabet \mathsf on input line 63.
LaTeX Font Info:    Overwriting math alphabet `\mathsf' in version `normal'
(Font)                  OT1/cmss/m/n --> OT1/cmss/m/n on input line 63.
LaTeX Font Info:    Overwriting math alphabet `\mathsf' in version `bold'
(Font)                  OT1/cmss/bx/n --> OT1/cmss/m/n on input line 63.
LaTeX Font Info:    Redeclaring math alphabet \mathit on input line 63.
LaTeX Font Info:    Overwriting math alphabet `\mathit' in version `normal'
(Font)                  OT1/ptm/m/it --> OT1/cmss/m/it on input line 63.
LaTeX Font Info:    Overwriting math alphabet `\mathit' in version `bold'
(Font)                  OT1/ptm/m/it --> OT1/cmss/m/it on input line 63.
LaTeX Font Info:    Redeclaring math alphabet \mathtt on input line 63.
LaTeX Font Info:    Overwriting math alphabet `\mathtt' in version `normal'
(Font)                  OT1/cmtt/m/n --> OT1/cmtt/m/n on input line 63.
LaTeX Font Info:    Overwriting math alphabet `\mathtt' in version `bold'
(Font)                  OT1/cmtt/m/n --> OT1/cmtt/m/n on input line 63.
LaTeX Font Info:    Overwriting symbol font `numbers' in version `bold'
(Font)                  OT1/cmss/m/n --> OT1/cmss/bx/n on input line 63.
LaTeX Font Info:    Overwriting symbol font `pureletters' in version `bold'
(Font)                  OT1/cmss/m/it --> OT1/cmss/bx/it on input line 63.
LaTeX Font Info:    Overwriting math alphabet `\mathrm' in version `bold'
(Font)                  OT1/cmss/bx/n --> OT1/ptm/bx/n on input line 63.
LaTeX Font Info:    Overwriting math alphabet `\mathbf' in version `bold'
(Font)                  OT1/cmss/bx/n --> OT1/cmss/bx/n on input line 63.
LaTeX Font Info:    Overwriting math alphabet `\mathsf' in version `bold'
(Font)                  OT1/cmss/m/n --> OT1/cmss/bx/n on input line 63.
LaTeX Font Info:    Overwriting math alphabet `\mathit' in version `bold'
(Font)                  OT1/cmss/m/it --> OT1/cmss/bx/it on input line 63.
LaTeX Font Info:    Overwriting math alphabet `\mathtt' in version `bold'
(Font)                  OT1/cmtt/m/n --> OT1/cmtt/bx/n on input line 63.

(/usr/share/texlive/texmf-dist/tex/latex/beamer/translator/dicts/translator-bas
ic-dictionary/translator-basic-dictionary-English.dict
Dictionary: translator-basic-dictionary, Language: English 
)
(/usr/share/texlive/texmf-dist/tex/latex/beamer/translator/dicts/translator-bib
liography-dictionary/translator-bibliography-dictionary-English.dict
Dictionary: translator-bibliography-dictionary, Language: English 
)
(/usr/share/texlive/texmf-dist/tex/latex/beamer/translator/dicts/translator-env
ironment-dictionary/translator-environment-dictionary-English.dict
Dictionary: translator-environment-dictionary, Language: English 
)
(/usr/share/texlive/texmf-dist/tex/latex/beamer/translator/dicts/translator-mon
ths-dictionary/translator-months-dictionary-English.dict
Dictionary: translator-months-dictionary, Language: English 
)
(/usr/share/texlive/texmf-dist/tex/latex/beamer/translator/dicts/translator-num
bers-dictionary/translator-numbers-dictionary-English.dict
Dictionary: translator-numbers-dictionary, Language: English 
)
(/usr/share/texlive/texmf-dist/tex/latex/beamer/translator/dicts/translator-the
orem-dictionary/translator-theorem-dictionary-English.dict
Dictionary: translator-theorem-dictionary, Language: English 
)
LaTeX Info: Redefining \includegraphics on input line 63.
 (./cg_hadoop.nav)

Package hyperref Warning: Option `pdfauthor' has already been used,
(hyperref)                setting the option has no effect on input line 67.


LaTeX Font Warning: Font shape `OT1/cmss/m/n' in size <4> not available
(Font)              size <5> substituted on input line 70.

[1

{/var/lib/texmf/fonts/map/pdftex/updmap/pdftex.map}] (./cg_hadoop.toc)
[2

] (./cg_hadoop.toc) [3

] <Figures/sentinel.jpg, id=183, 1927.2pt x 1445.4pt>
File: Figures/sentinel.jpg Graphic file (type jpg)

<use Figures/sentinel.jpg>
Package pdftex.def Info: Figures/sentinel.jpg used on input line 124.
(pdftex.def)             Requested size: 154.03183pt x 115.52408pt.
LaTeX Font Info:    Try loading font information for OML+ztmcm on input line 12
4.

(/usr/share/texlive/texmf-dist/tex/latex/psnfss/omlztmcm.fd
File: omlztmcm.fd 2000/01/03 Fontinst v1.801 font definitions for OML/ztmcm.
)
LaTeX Font Info:    Try loading font information for OMS+ztmcm on input line 12
4.

(/usr/share/texlive/texmf-dist/tex/latex/psnfss/omsztmcm.fd
File: omsztmcm.fd 2000/01/03 Fontinst v1.801 font definitions for OMS/ztmcm.
)
LaTeX Font Info:    Try loading font information for OMX+ztmcm on input line 12
4.

(/usr/share/texlive/texmf-dist/tex/latex/psnfss/omxztmcm.fd
File: omxztmcm.fd 2000/01/03 Fontinst v1.801 font definitions for OMX/ztmcm.
)
LaTeX Font Info:    Try loading font information for OT1+ptm on input line 124.


(/usr/share/texlive/texmf-dist/tex/latex/psnfss/ot1ptm.fd
File: ot1ptm.fd 2001/06/04 font definitions for OT1/ptm.
)
LaTeX Font Info:    Font shape `OT1/ptm/bx/n' in size <10.95> not available
(Font)              Font shape `OT1/ptm/b/n' tried instead on input line 124.
LaTeX Font Info:    Font shape `OT1/ptm/bx/n' in size <8> not available
(Font)              Font shape `OT1/ptm/b/n' tried instead on input line 124.
LaTeX Font Info:    Font shape `OT1/ptm/bx/n' in size <6> not available
(Font)              Font shape `OT1/ptm/b/n' tried instead on input line 124.

<Figures/medical.jpg, id=184, 1385.175pt x 1003.75pt>
File: Figures/medical.jpg Graphic file (type jpg)

<use Figures/medical.jpg>
Package pdftex.def Info: Figures/medical.jpg used on input line 124.
(pdftex.def)             Requested size: 154.03183pt x 111.60748pt.
 [4

 <./Figures/sentinel.jpg> <./Figures/medical.jpg>]
<Figures/ch.png, id=212, 803.0pt x 803.0pt>
File: Figures/ch.png Graphic file (type png)
 <use Figures/ch.png>
Package pdftex.def Info: Figures/ch.png used on input line 142.
(pdftex.def)             Requested size: 154.03183pt x 154.02966pt.

<Figures/pu.png, id=214, 7913.565pt x 4964.949pt>
File: Figures/pu.png Graphic file (type png)
 <use Figures/pu.png>
Package pdftex.def Info: Figures/pu.png used on input line 142.
(pdftex.def)             Requested size: 154.03183pt x 96.59262pt.
 [5

 <./Figures/ch.png> <./Figures/pu.png (PNG copy)>]
LaTeX Font Info:    Font shape `OT1/ptm/bx/n' in size <10> not available
(Font)              Font shape `OT1/ptm/b/n' tried instead on input line 157.
LaTeX Font Info:    Font shape `OT1/ptm/bx/n' in size <7.4> not available
(Font)              Font shape `OT1/ptm/b/n' tried instead on input line 157.

<Figures/index2.pdf, id=244, 614.295pt x 794.97pt>
File: Figures/index2.pdf Graphic file (type pdf)
 <use Figures/index2.pdf>
Package pdftex.def Info: Figures/index2.pdf used on input line 157.
(pdftex.def)             Requested size: 342.2953pt x 109.18463pt.

[6

 <./Figures/index2.pdf>] [7

]
<Figures/arch.png, id=382, 818.05624pt x 634.37pt>
File: Figures/arch.png Graphic file (type png)
 <use Figures/arch.png>
Package pdftex.def Info: Figures/arch.png used on input line 176.
(pdftex.def)             Requested size: 205.37926pt x 159.26pt.

[8

 <./Figures/arch.png>] (./cg_hadoop.toc) [9

] (./cg_hadoop.toc) [10

]
<Figures/ops.pdf, id=485, 614.295pt x 794.97pt>
File: Figures/ops.pdf Graphic file (type pdf)
 <use Figures/ops.pdf>
Package pdftex.def Info: Figures/ops.pdf used on input line 185.
(pdftex.def)             Requested size: 273.83728pt x 129.00696pt.
 [11

 <./Figures/ops.pdf>] <Figures/example.png, id=569, 1101.36469pt x 364.36125pt>
File: Figures/example.png Graphic file (type png)

<use Figures/example.png>
Package pdftex.def Info: Figures/example.png used on input line 190.
(pdftex.def)             Requested size: 342.2953pt x 113.23991pt.
 [12

 <./Figures/example.png>]
<Figures/union1.pdf, id=599, 794.97pt x 614.295pt>
File: Figures/union1.pdf Graphic file (type pdf)
 <use Figures/union1.pdf>
Package pdftex.def Info: Figures/union1.pdf used on input line 195.
(pdftex.def)             Requested size: 205.37926pt x 178.07666pt.

[13

 <./Figures/union1.pdf>] <Figures/union2.pdf, id=648, 794.97pt x 614.295pt>
File: Figures/union2.pdf Graphic file (type pdf)

<use Figures/union2.pdf>
Package pdftex.def Info: Figures/union2.pdf used on input line 200.
(pdftex.def)             Requested size: 205.37926pt x 178.07666pt.
 [14

 <./Figures/union2.pdf>]
<Figures/union3.pdf, id=696, 794.97pt x 614.295pt>
File: Figures/union3.pdf Graphic file (type pdf)
 <use Figures/union3.pdf>
Package pdftex.def Info: Figures/union3.pdf used on input line 205.
(pdftex.def)             Requested size: 205.37926pt x 178.07666pt.

[15

 <./Figures/union3.pdf>] <Figures/union4.pdf, id=741, 794.97pt x 614.295pt>
File: Figures/union4.pdf Graphic file (type pdf)

<use Figures/union4.pdf>
Package pdftex.def Info: Figures/union4.pdf used on input line 210.
(pdftex.def)             Requested size: 205.37926pt x 178.07666pt.
 [16

 <./Figures/union4.pdf>]
<Figures/union5.pdf, id=787, 794.97pt x 614.295pt>
File: Figures/union5.pdf Graphic file (type pdf)
 <use Figures/union5.pdf>
Package pdftex.def Info: Figures/union5.pdf used on input line 215.
(pdftex.def)             Requested size: 205.37926pt x 178.07666pt.

[17

 <./Figures/union5.pdf>]
File: Figures/union1.pdf Graphic file (type pdf)
 <use Figures/union1.pdf>
Package pdftex.def Info: Figures/union1.pdf used on input line 220.
(pdftex.def)             Requested size: 205.37926pt x 178.07666pt.
 [18

]
<Figures/union2sh.pdf, id=853, 794.97pt x 614.295pt>
File: Figures/union2sh.pdf Graphic file (type pdf)

<use Figures/union2sh.pdf>
Package pdftex.def Info: Figures/union2sh.pdf used on input line 225.
(pdftex.def)             Requested size: 205.37926pt x 178.07666pt.
 [19

 <./Figures/union2sh.pdf>]
<Figures/union3sh.pdf, id=902, 794.97pt x 614.295pt>
File: Figures/union3sh.pdf Graphic file (type pdf)

<use Figures/union3sh.pdf>
Package pdftex.def Info: Figures/union3sh.pdf used on input line 230.
(pdftex.def)             Requested size: 205.37926pt x 178.07666pt.
 [20

 <./Figures/union3sh.pdf>]
<Figures/union4sh.pdf, id=947, 794.97pt x 614.295pt>
File: Figures/union4sh.pdf Graphic file (type pdf)

<use Figures/union4sh.pdf>
Package pdftex.def Info: Figures/union4sh.pdf used on input line 235.
(pdftex.def)             Requested size: 205.37926pt x 178.07666pt.
 [21

 <./Figures/union4sh.pdf>]
<Figures/union5sh.pdf, id=991, 794.97pt x 614.295pt>
File: Figures/union5sh.pdf Graphic file (type pdf)

<use Figures/union5sh.pdf>
Package pdftex.def Info: Figures/union5sh.pdf used on input line 240.
(pdftex.def)             Requested size: 205.37926pt x 178.07666pt.
 [22

 <./Figures/union5sh.pdf>] (./cg_hadoop.toc)
[23

] <Figures/skyline/input.png, id=1065, 509.65407pt x 401.24907pt>
File: Figures/skyline/input.png Graphic file (type png)

<use Figures/skyline/input.png>
Package pdftex.def Info: Figures/skyline/input.png used on input line 253.
(pdftex.def)             Requested size: 154.03183pt x 121.26953pt.

<Figures/skyline/output.png, id=1066, 509.65407pt x 401.24907pt>
File: Figures/skyline/output.png Graphic file (type png)

<use Figures/skyline/output.png>
Package pdftex.def Info: Figures/skyline/output.png used on input line 253.
(pdftex.def)             Requested size: 154.03183pt x 121.26953pt.
 [24

 <./Figures/skyline/input.png> <./Figures/skyline/output.png>]
<Figures/skyline/example.png, id=1097, 884.55469pt x 292.09125pt>
File: Figures/skyline/example.png Graphic file (type png)

<use Figures/skyline/example.png>
Package pdftex.def Info: Figures/skyline/example.png used on input line 258.
(pdftex.def)             Requested size: 342.2953pt x 113.03264pt.
 [25

 <./Figures/skyline/example.png>]
<Figures/skyline/skyline-0.png, id=1128, 509.65407pt x 401.24907pt>
File: Figures/skyline/skyline-0.png Graphic file (type png)

<use Figures/skyline/skyline-0.png>
Package pdftex.def Info: Figures/skyline/skyline-0.png used on input line 263.
(pdftex.def)             Requested size: 205.37926pt x 161.6968pt.
 [26

 <./Figures/skyline/skyline-0.png>]
<Figures/skyline/skyline-1.png, id=1159, 509.65407pt x 401.24907pt>
File: Figures/skyline/skyline-1.png Graphic file (type png)

<use Figures/skyline/skyline-1.png>
Package pdftex.def Info: Figures/skyline/skyline-1.png used on input line 268.
(pdftex.def)             Requested size: 205.37926pt x 161.6968pt.
 [27

 <./Figures/skyline/skyline-1.png>]
<Figures/skyline/skyline-2.png, id=1189, 516.42938pt x 408.02437pt>
File: Figures/skyline/skyline-2.png Graphic file (type png)

<use Figures/skyline/skyline-2.png>
Package pdftex.def Info: Figures/skyline/skyline-2.png used on input line 273.
(pdftex.def)             Requested size: 205.37926pt x 162.26674pt.
 [28

 <./Figures/skyline/skyline-2.png>]
<Figures/skyline/skyline-3.png, id=1219, 516.42938pt x 408.02437pt>
File: Figures/skyline/skyline-3.png Graphic file (type png)

<use Figures/skyline/skyline-3.png>
Package pdftex.def Info: Figures/skyline/skyline-3.png used on input line 278.
(pdftex.def)             Requested size: 205.37926pt x 162.26674pt.
 [29

 <./Figures/skyline/skyline-3.png>]
<Figures/skyline/skyline-4.png, id=1249, 516.42938pt x 408.02437pt>
File: Figures/skyline/skyline-4.png Graphic file (type png)

<use Figures/skyline/skyline-4.png>
Package pdftex.def Info: Figures/skyline/skyline-4.png used on input line 283.
(pdftex.def)             Requested size: 205.37926pt x 162.26674pt.
 [30

 <./Figures/skyline/skyline-4.png>]
<Figures/skyline/skyline-5.png, id=1280, 509.65407pt x 401.24907pt>
File: Figures/skyline/skyline-5.png Graphic file (type png)

<use Figures/skyline/skyline-5.png>
Package pdftex.def Info: Figures/skyline/skyline-5.png used on input line 288.
(pdftex.def)             Requested size: 205.37926pt x 161.6968pt.
 [31

 <./Figures/skyline/skyline-5.png>]
<Figures/skyline/skyline-6.png, id=1311, 509.65407pt x 401.24907pt>
File: Figures/skyline/skyline-6.png Graphic file (type png)

<use Figures/skyline/skyline-6.png>
Package pdftex.def Info: Figures/skyline/skyline-6.png used on input line 293.
(pdftex.def)             Requested size: 205.37926pt x 161.6968pt.
 [32

 <./Figures/skyline/skyline-6.png>]
<Figures/figure4.pdf, id=1341, 614.295pt x 794.97pt>
File: Figures/figure4.pdf Graphic file (type pdf)
 <use Figures/figure4.pdf>
Package pdftex.def Info: Figures/figure4.pdf used on input line 304.
(pdftex.def)             Requested size: 239.60567pt x 253.39127pt.

Overfull \vbox (30.11546pt too high) detected at line 304
 []

[33

 <./Figures/figure4.pdf>]
<Figures/skyline/sh-0.png, id=1443, 509.65407pt x 401.24907pt>
File: Figures/skyline/sh-0.png Graphic file (type png)

<use Figures/skyline/sh-0.png>
Package pdftex.def Info: Figures/skyline/sh-0.png used on input line 309.
(pdftex.def)             Requested size: 205.37926pt x 161.6968pt.
 [34

 <./Figures/skyline/sh-0.png>]
<Figures/skyline/sh-1.png, id=1473, 509.65407pt x 401.24907pt>
File: Figures/skyline/sh-1.png Graphic file (type png)

<use Figures/skyline/sh-1.png>
Package pdftex.def Info: Figures/skyline/sh-1.png used on input line 314.
(pdftex.def)             Requested size: 205.37926pt x 161.6968pt.
 [35

 <./Figures/skyline/sh-1.png>]
<Figures/skyline/sh-2.png, id=1504, 509.65407pt x 401.24907pt>
File: Figures/skyline/sh-2.png Graphic file (type png)

<use Figures/skyline/sh-2.png>
Package pdftex.def Info: Figures/skyline/sh-2.png used on input line 319.
(pdftex.def)             Requested size: 205.37926pt x 161.6968pt.
 [36

 <./Figures/skyline/sh-2.png>]
<Figures/skyline/sh-3.png, id=1534, 509.65407pt x 401.24907pt>
File: Figures/skyline/sh-3.png Graphic file (type png)

<use Figures/skyline/sh-3.png>
Package pdftex.def Info: Figures/skyline/sh-3.png used on input line 324.
(pdftex.def)             Requested size: 205.37926pt x 161.6968pt.
 [37

 <./Figures/skyline/sh-3.png>]
<Figures/skyline/sh-4.png, id=1565, 509.65407pt x 401.24907pt>
File: Figures/skyline/sh-4.png Graphic file (type png)

<use Figures/skyline/sh-4.png>
Package pdftex.def Info: Figures/skyline/sh-4.png used on input line 329.
(pdftex.def)             Requested size: 205.37926pt x 161.6968pt.
 [38

 <./Figures/skyline/sh-4.png>]
<Figures/skyline/sh-5.png, id=1595, 509.65407pt x 401.24907pt>
File: Figures/skyline/sh-5.png Graphic file (type png)

<use Figures/skyline/sh-5.png>
Package pdftex.def Info: Figures/skyline/sh-5.png used on input line 334.
(pdftex.def)             Requested size: 205.37926pt x 161.6968pt.
 [39

 <./Figures/skyline/sh-5.png>]
<Figures/skyline/sh-6.png, id=1626, 509.65407pt x 401.24907pt>
File: Figures/skyline/sh-6.png Graphic file (type png)

<use Figures/skyline/sh-6.png>
Package pdftex.def Info: Figures/skyline/sh-6.png used on input line 339.
(pdftex.def)             Requested size: 205.37926pt x 161.6968pt.
 [40

 <./Figures/skyline/sh-6.png>]
<Figures/skyline/sh-7.png, id=1655, 509.65407pt x 401.24907pt>
File: Figures/skyline/sh-7.png Graphic file (type png)

<use Figures/skyline/sh-7.png>
Package pdftex.def Info: Figures/skyline/sh-7.png used on input line 344.
(pdftex.def)             Requested size: 205.37926pt x 161.6968pt.
 [41

 <./Figures/skyline/sh-7.png>]
(./cg_hadoop.toc) [42

]
<Figures/ch/input.png, id=1723, 436.63126pt x 436.63126pt>
File: Figures/ch/input.png Graphic file (type png)

<use Figures/ch/input.png>
Package pdftex.def Info: Figures/ch/input.png used on input line 363.
(pdftex.def)             Requested size: 154.03183pt x 154.02913pt.

<Figures/ch/output.png, id=1724, 436.63126pt x 436.63126pt>
File: Figures/ch/output.png Graphic file (type png)

<use Figures/ch/output.png>
Package pdftex.def Info: Figures/ch/output.png used on input line 363.
(pdftex.def)             Requested size: 154.03183pt x 154.02913pt.
 [43

 <./Figures/ch/input.png> <./Figures/ch/output.png>] <./Figures/convex-hull/fra
me-0.png> <./Figures/convex-hull/frame-1.png> <./Figures/convex-hull/frame-2.pn
g> <./Figures/convex-hull/frame-3.png> <./Figures/convex-hull/frame-4.png> <./F
igures/convex-hull/frame-5.png> <./Figures/convex-hull/frame-6.png> <./Figures/
convex-hull/frame-7.png> <./Figures/convex-hull/frame-8.png> <./Figures/convex-
hull/frame-9.png> <./Figures/convex-hull/frame-10.png> <./Figures/convex-hull/f
rame-11.png> <./Figures/convex-hull/frame-12.png> <./Figures/convex-hull/frame-
13.png> <./Figures/convex-hull/frame-14.png> <./Figures/convex-hull/frame-15.pn
g> <./Figures/convex-hull/frame-16.png> <./Figures/convex-hull/frame-17.png> <.
/Figures/convex-hull/frame-18.png> <./Figures/convex-hull/frame-19.png> <./Figu
res/convex-hull/frame-20.png> <./Figures/convex-hull/frame-21.png> <./Figures/c
onvex-hull/frame-22.png> <./Figures/convex-hull/frame-23.png> <./Figures/convex
-hull/frame-24.png> <./Figures/convex-hull/frame-25.png> <./Figures/convex-hull
/frame-26.png> <./Figures/convex-hull/frame-27.png> <./Figures/convex-hull/fram
e-28.png> <./Figures/convex-hull/frame-29.png> <./Figures/convex-hull/frame-30.
png> <./Figures/convex-hull/frame-31.png> <./Figures/convex-hull/frame-32.png> 
<./Figures/convex-hull/frame-33.png> <./Figures/convex-hull/frame-34.png> <./Fi
gures/convex-hull/frame-35.png> <./Figures/convex-hull/frame-36.png> <./Figures
/convex-hull/frame-37.png> <./Figures/convex-hull/frame-38.png> <./Figures/conv
ex-hull/frame-39.png> <./Figures/convex-hull/frame-40.png> <./Figures/convex-hu
ll/frame-41.png> <./Figures/convex-hull/frame-42.png> <./Figures/convex-hull/fr
ame-43.png> <./Figures/convex-hull/frame-44.png> <./Figures/convex-hull/frame-4
5.png> <./Figures/convex-hull/frame-46.png> <./Figures/convex-hull/frame-47.png
> <./Figures/convex-hull/frame-48.png> <./Figures/convex-hull/frame-49.png> <./
Figures/convex-hull/frame-50.png> <./Figures/convex-hull/frame-51.png> <./Figur
es/convex-hull/frame-52.png> <./Figures/convex-hull/frame-53.png> <./Figures/co
nvex-hull/frame-54.png> <./Figures/convex-hull/frame-55.png> <./Figures/convex-
hull/frame-56.png> <./Figures/convex-hull/frame-57.png> <./Figures/convex-hull/
frame-58.png> <./Figures/convex-hull/frame-59.png> <./Figures/convex-hull/frame
-60.png> <./Figures/convex-hull/frame-61.png> <./Figures/convex-hull/frame-62.p
ng> <./Figures/convex-hull/frame-63.png> <./Figures/convex-hull/frame-64.png> <
./Figures/convex-hull/frame-65.png> <./Figures/convex-hull/frame-66.png> <./Fig
ures/convex-hull/frame-67.png> <./Figures/convex-hull/frame-68.png> <./Figures/
convex-hull/frame-69.png> <./Figures/convex-hull/frame-70.png> <./Figures/conve
x-hull/frame-71.png> <./Figures/convex-hull/frame-72.png> <./Figures/convex-hul
l/frame-73.png> <./Figures/convex-hull/frame-74.png> <./Figures/convex-hull/fra
me-75.png> <./Figures/convex-hull/frame-76.png> <./Figures/convex-hull/frame-77
.png> <./Figures/convex-hull/frame-78.png> <./Figures/convex-hull/frame-79.png>
 <./Figures/convex-hull/frame-80.png> <./Figures/convex-hull/frame-81.png> <./F
igures/convex-hull/frame-82.png> <./Figures/convex-hull/frame-83.png> <./Figure
s/convex-hull/frame-84.png> <./Figures/convex-hull/frame-85.png> <./Figures/con
vex-hull/frame-86.png> <./Figures/convex-hull/frame-87.png> <./Figures/convex-h
ull/frame-88.png> <./Figures/convex-hull/frame-89.png> <./Figures/convex-hull/f
rame-90.png> <./Figures/convex-hull/frame-91.png> <./Figures/convex-hull/frame-
92.png> <./Figures/convex-hull/frame-93.png> <./Figures/convex-hull/frame-94.pn
g> <./Figures/convex-hull/frame-95.png> <./Figures/convex-hull/frame-96.png> <.
/Figures/convex-hull/frame-97.png> <./Figures/convex-hull/frame-98.png> <./Figu
res/convex-hull/frame-99.png> <./Figures/convex-hull/frame-100.png> <./Figures/
convex-hull/frame-101.png> <./Figures/convex-hull/frame-102.png> <./Figures/con
vex-hull/frame-103.png> <./Figures/convex-hull/frame-104.png> <./Figures/convex
-hull/frame-105.png> <./Figures/convex-hull/frame-106.png> <./Figures/convex-hu
ll/frame-107.png> <./Figures/convex-hull/frame-108.png> <./Figures/convex-hull/
frame-109.png> <./Figures/convex-hull/frame-110.png> <./Figures/convex-hull/fra
me-111.png> <./Figures/convex-hull/frame-112.png> <./Figures/convex-hull/frame-
113.png> <./Figures/convex-hull/frame-114.png> <./Figures/convex-hull/frame-115
.png> <./Figures/convex-hull/frame-116.png> <./Figures/convex-hull/frame-117.pn
g> <./Figures/convex-hull/frame-118.png> <./Figures/convex-hull/frame-119.png> 
<./Figures/convex-hull/frame-120.png> <./Figures/convex-hull/frame-121.png> <./
Figures/convex-hull/frame-122.png> <./Figures/convex-hull/frame-123.png> <./Fig
ures/convex-hull/frame-124.png> <./Figures/convex-hull/frame-125.png> <./Figure
s/convex-hull/frame-126.png> <./Figures/convex-hull/frame-127.png> <./Figures/c
onvex-hull/frame-128.png> <./Figures/convex-hull/frame-129.png> <./Figures/conv
ex-hull/frame-130.png> <./Figures/convex-hull/frame-131.png> <./Figures/convex-
hull/frame-132.png> <./Figures/convex-hull/frame-133.png> <./Figures/convex-hul
l/frame-134.png> <./Figures/convex-hull/frame-135.png> <./Figures/convex-hull/f
rame-136.png> <./Figures/convex-hull/frame-137.png> <./Figures/convex-hull/fram
e-138.png> <./Figures/convex-hull/frame-139.png> [44

] <Figures/ch/ch-0.png, id=2654, 436.63126pt x 436.63126pt>
File: Figures/ch/ch-0.png Graphic file (type png)

<use Figures/ch/ch-0.png>
Package pdftex.def Info: Figures/ch/ch-0.png used on input line 373.
(pdftex.def)             Requested size: 205.37926pt x 205.37662pt.
 [45

 <./Figures/ch/ch-0.png>]
<Figures/ch/ch-1.png, id=2684, 436.63126pt x 436.63126pt>
File: Figures/ch/ch-1.png Graphic file (type png)

<use Figures/ch/ch-1.png>
Package pdftex.def Info: Figures/ch/ch-1.png used on input line 378.
(pdftex.def)             Requested size: 205.37926pt x 205.37662pt.
 [46

 <./Figures/ch/ch-1.png>]
<Figures/ch/ch-2.png, id=2715, 440.39531pt x 440.39531pt>
File: Figures/ch/ch-2.png Graphic file (type png)

<use Figures/ch/ch-2.png>
Package pdftex.def Info: Figures/ch/ch-2.png used on input line 383.
(pdftex.def)             Requested size: 205.37926pt x 205.37976pt.
 [47

 <./Figures/ch/ch-2.png>]
<Figures/ch/ch-3.png, id=2745, 440.39531pt x 440.39531pt>
File: Figures/ch/ch-3.png Graphic file (type png)

<use Figures/ch/ch-3.png>
Package pdftex.def Info: Figures/ch/ch-3.png used on input line 388.
(pdftex.def)             Requested size: 205.37926pt x 205.37976pt.
 [48

 <./Figures/ch/ch-3.png>]
<Figures/ch/ch-4.png, id=2775, 440.39531pt x 440.39531pt>
File: Figures/ch/ch-4.png Graphic file (type png)

<use Figures/ch/ch-4.png>
Package pdftex.def Info: Figures/ch/ch-4.png used on input line 393.
(pdftex.def)             Requested size: 205.37926pt x 205.37976pt.
 [49

 <./Figures/ch/ch-4.png>]
<Figures/ch/ch-5.png, id=2806, 436.63126pt x 436.63126pt>
File: Figures/ch/ch-5.png Graphic file (type png)

<use Figures/ch/ch-5.png>
Package pdftex.def Info: Figures/ch/ch-5.png used on input line 398.
(pdftex.def)             Requested size: 205.37926pt x 205.37662pt.
 [50

 <./Figures/ch/ch-5.png>]
<Figures/ch/ch-6.png, id=2837, 436.63126pt x 436.63126pt>
File: Figures/ch/ch-6.png Graphic file (type png)

<use Figures/ch/ch-6.png>
Package pdftex.def Info: Figures/ch/ch-6.png used on input line 403.
(pdftex.def)             Requested size: 205.37926pt x 205.37662pt.
 [51

 <./Figures/ch/ch-6.png>]
<Figures/ch/ch-7.png, id=2867, 436.63126pt x 436.63126pt>
File: Figures/ch/ch-7.png Graphic file (type png)

<use Figures/ch/ch-7.png>
Package pdftex.def Info: Figures/ch/ch-7.png used on input line 408.
(pdftex.def)             Requested size: 205.37926pt x 205.37662pt.
 [52

 <./Figures/ch/ch-7.png>]
<Figures/figure56.pdf, id=2897, 614.295pt x 794.97pt>
File: Figures/figure56.pdf Graphic file (type pdf)

<use Figures/figure56.pdf>
Package pdftex.def Info: Figures/figure56.pdf used on input line 419.
(pdftex.def)             Requested size: 273.83728pt x 215.50388pt.
 [53

 <./Figures/figure56.pdf>]
<Figures/ch/sh-0.png, id=3010, 436.63126pt x 436.63126pt>
File: Figures/ch/sh-0.png Graphic file (type png)

<use Figures/ch/sh-0.png>
Package pdftex.def Info: Figures/ch/sh-0.png used on input line 424.
(pdftex.def)             Requested size: 205.37926pt x 205.37662pt.
 [54

 <./Figures/ch/sh-0.png>]
<Figures/ch/sh-1.png, id=3040, 436.63126pt x 436.63126pt>
File: Figures/ch/sh-1.png Graphic file (type png)

<use Figures/ch/sh-1.png>
Package pdftex.def Info: Figures/ch/sh-1.png used on input line 429.
(pdftex.def)             Requested size: 205.37926pt x 205.37662pt.
 [55

 <./Figures/ch/sh-1.png>]
<Figures/ch/sh-2.png, id=3072, 436.63126pt x 436.63126pt>
File: Figures/ch/sh-2.png Graphic file (type png)

<use Figures/ch/sh-2.png>
Package pdftex.def Info: Figures/ch/sh-2.png used on input line 434.
(pdftex.def)             Requested size: 205.37926pt x 205.37662pt.
 [56

 <./Figures/ch/sh-2.png>]
<Figures/ch/sh-3.png, id=3102, 436.63126pt x 436.63126pt>
File: Figures/ch/sh-3.png Graphic file (type png)

<use Figures/ch/sh-3.png>
Package pdftex.def Info: Figures/ch/sh-3.png used on input line 439.
(pdftex.def)             Requested size: 205.37926pt x 205.37662pt.
 [57

 <./Figures/ch/sh-3.png>]
<Figures/ch/sh-4.png, id=3132, 436.63126pt x 436.63126pt>
File: Figures/ch/sh-4.png Graphic file (type png)

<use Figures/ch/sh-4.png>
Package pdftex.def Info: Figures/ch/sh-4.png used on input line 444.
(pdftex.def)             Requested size: 205.37926pt x 205.37662pt.
 [58

 <./Figures/ch/sh-4.png>]
<Figures/ch/sh-5.png, id=3162, 436.63126pt x 436.63126pt>
File: Figures/ch/sh-5.png Graphic file (type png)

<use Figures/ch/sh-5.png>
Package pdftex.def Info: Figures/ch/sh-5.png used on input line 449.
(pdftex.def)             Requested size: 205.37926pt x 205.37662pt.
 [59

 <./Figures/ch/sh-5.png>]
<Figures/ch/sh-6.png, id=3192, 436.63126pt x 436.63126pt>
File: Figures/ch/sh-6.png Graphic file (type png)

<use Figures/ch/sh-6.png>
Package pdftex.def Info: Figures/ch/sh-6.png used on input line 454.
(pdftex.def)             Requested size: 205.37926pt x 205.37662pt.
 [60

 <./Figures/ch/sh-6.png>] (./cg_hadoop.toc)
[61

] <Figures/fp/input.png, id=3260, 436.63126pt x 436.63126pt>
File: Figures/fp/input.png Graphic file (type png)

<use Figures/fp/input.png>
Package pdftex.def Info: Figures/fp/input.png used on input line 473.
(pdftex.def)             Requested size: 154.03183pt x 154.02913pt.

<Figures/fp/output.png, id=3261, 436.63126pt x 436.63126pt>
File: Figures/fp/output.png Graphic file (type png)

<use Figures/fp/output.png>
Package pdftex.def Info: Figures/fp/output.png used on input line 473.
(pdftex.def)             Requested size: 154.03183pt x 154.02913pt.
 [62

 <./Figures/fp/input.png> <./Figures/fp/output.png>] <./Figures/calipers/frame-
0.png> <./Figures/calipers/frame-1.png> <./Figures/calipers/frame-2.png> <./Fig
ures/calipers/frame-3.png> <./Figures/calipers/frame-4.png> <./Figures/calipers
/frame-5.png> <./Figures/calipers/frame-6.png> <./Figures/calipers/frame-7.png>
 <./Figures/calipers/frame-8.png> <./Figures/calipers/frame-9.png> <./Figures/c
alipers/frame-10.png> <./Figures/calipers/frame-11.png> <./Figures/calipers/fra
me-12.png> <./Figures/calipers/frame-13.png> <./Figures/calipers/frame-14.png> 
<./Figures/calipers/frame-15.png> <./Figures/calipers/frame-16.png> <./Figures/
calipers/frame-17.png> <./Figures/calipers/frame-18.png> [63

] <Figures/fp/h-0.png, id=3431, 508.90125pt x 508.90125pt>
File: Figures/fp/h-0.png Graphic file (type png)

<use Figures/fp/h-0.png>
Package pdftex.def Info: Figures/fp/h-0.png used on input line 483.
(pdftex.def)             Requested size: 205.37926pt x 205.38171pt.
 [64

 <./Figures/fp/h-0.png>]
<Figures/fp/h-1.png, id=3462, 508.90125pt x 508.90125pt>
File: Figures/fp/h-1.png Graphic file (type png)

<use Figures/fp/h-1.png>
Package pdftex.def Info: Figures/fp/h-1.png used on input line 487.
(pdftex.def)             Requested size: 205.37926pt x 205.38171pt.
 [65

 <./Figures/fp/h-1.png>]
<Figures/fp/h-2.png, id=3492, 508.90125pt x 508.90125pt>
File: Figures/fp/h-2.png Graphic file (type png)

<use Figures/fp/h-2.png>
Package pdftex.def Info: Figures/fp/h-2.png used on input line 491.
(pdftex.def)             Requested size: 205.37926pt x 205.38171pt.
 [66

 <./Figures/fp/h-2.png>]
<Figures/fp/h-3.png, id=3522, 508.90125pt x 508.90125pt>
File: Figures/fp/h-3.png Graphic file (type png)

<use Figures/fp/h-3.png>
Package pdftex.def Info: Figures/fp/h-3.png used on input line 495.
(pdftex.def)             Requested size: 205.37926pt x 205.38171pt.
 [67

 <./Figures/fp/h-3.png>]
<Figures/fp/h-4.png, id=3553, 508.90125pt x 508.90125pt>
File: Figures/fp/h-4.png Graphic file (type png)

<use Figures/fp/h-4.png>
Package pdftex.def Info: Figures/fp/h-4.png used on input line 499.
(pdftex.def)             Requested size: 205.37926pt x 205.38171pt.
 [68

 <./Figures/fp/h-4.png>]
<Figures/fp/h-5.png, id=3584, 508.90125pt x 508.90125pt>
File: Figures/fp/h-5.png Graphic file (type png)

<use Figures/fp/h-5.png>
Package pdftex.def Info: Figures/fp/h-5.png used on input line 503.
(pdftex.def)             Requested size: 205.37926pt x 205.38171pt.
 [69

 <./Figures/fp/h-5.png>]
<Figures/fp/h-6.png, id=3614, 508.90125pt x 508.90125pt>
File: Figures/fp/h-6.png Graphic file (type png)

<use Figures/fp/h-6.png>
Package pdftex.def Info: Figures/fp/h-6.png used on input line 507.
(pdftex.def)             Requested size: 205.37926pt x 205.38171pt.
 [70

 <./Figures/fp/h-6.png>]
File: Figures/figure56.pdf Graphic file (type pdf)

<use Figures/figure56.pdf>
Package pdftex.def Info: Figures/figure56.pdf used on input line 518.
(pdftex.def)             Requested size: 239.60567pt x 205.55466pt.
 [71

]
<Figures/fp/sh-0.png, id=3675, 508.90125pt x 508.90125pt>
File: Figures/fp/sh-0.png Graphic file (type png)

<use Figures/fp/sh-0.png>
Package pdftex.def Info: Figures/fp/sh-0.png used on input line 523.
(pdftex.def)             Requested size: 205.37926pt x 205.38171pt.
 [72

 <./Figures/fp/sh-0.png>]
<Figures/fp/sh-1.png, id=3705, 508.90125pt x 508.90125pt>
File: Figures/fp/sh-1.png Graphic file (type png)

<use Figures/fp/sh-1.png>
Package pdftex.def Info: Figures/fp/sh-1.png used on input line 527.
(pdftex.def)             Requested size: 205.37926pt x 205.38171pt.
 [73

 <./Figures/fp/sh-1.png>]
<Figures/fp/sh-2.png, id=3736, 508.90125pt x 508.90125pt>
File: Figures/fp/sh-2.png Graphic file (type png)

<use Figures/fp/sh-2.png>
Package pdftex.def Info: Figures/fp/sh-2.png used on input line 531.
(pdftex.def)             Requested size: 205.37926pt x 205.38171pt.
 [74

 <./Figures/fp/sh-2.png>]
<Figures/fp/sh-3.png, id=3766, 508.90125pt x 508.90125pt>
File: Figures/fp/sh-3.png Graphic file (type png)

<use Figures/fp/sh-3.png>
Package pdftex.def Info: Figures/fp/sh-3.png used on input line 535.
(pdftex.def)             Requested size: 205.37926pt x 205.38171pt.
 [75

 <./Figures/fp/sh-3.png>]
<Figures/fp/sh-4.png, id=3797, 508.90125pt x 508.90125pt>
File: Figures/fp/sh-4.png Graphic file (type png)

<use Figures/fp/sh-4.png>
Package pdftex.def Info: Figures/fp/sh-4.png used on input line 539.
(pdftex.def)             Requested size: 205.37926pt x 205.38171pt.
 [76

 <./Figures/fp/sh-4.png>]
<Figures/fp/sh-5.png, id=3827, 508.90125pt x 508.90125pt>
File: Figures/fp/sh-5.png Graphic file (type png)

<use Figures/fp/sh-5.png>
Package pdftex.def Info: Figures/fp/sh-5.png used on input line 543.
(pdftex.def)             Requested size: 205.37926pt x 205.38171pt.
 [77

 <./Figures/fp/sh-5.png>]
<Figures/fp/sh-6.png, id=3857, 508.90125pt x 508.90125pt>
File: Figures/fp/sh-6.png Graphic file (type png)

<use Figures/fp/sh-6.png>
Package pdftex.def Info: Figures/fp/sh-6.png used on input line 547.
(pdftex.def)             Requested size: 205.37926pt x 205.38171pt.
 [78

 <./Figures/fp/sh-6.png>]
<Figures/fp/sh-7.png, id=3887, 508.90125pt x 508.90125pt>
File: Figures/fp/sh-7.png Graphic file (type png)

<use Figures/fp/sh-7.png>
Package pdftex.def Info: Figures/fp/sh-7.png used on input line 551.
(pdftex.def)             Requested size: 205.37926pt x 205.38171pt.
 [79

 <./Figures/fp/sh-7.png>]
<Figures/fp/sh-8.png, id=3918, 508.90125pt x 508.90125pt>
File: Figures/fp/sh-8.png Graphic file (type png)

<use Figures/fp/sh-8.png>
Package pdftex.def Info: Figures/fp/sh-8.png used on input line 555.
(pdftex.def)             Requested size: 205.37926pt x 205.38171pt.
 [80

 <./Figures/fp/sh-8.png>] (./cg_hadoop.toc)
[81

] <Figures/cp/input.png, id=3984, 581.17125pt x 581.17125pt>
File: Figures/cp/input.png Graphic file (type png)

<use Figures/cp/input.png>
Package pdftex.def Info: Figures/cp/input.png used on input line 574.
(pdftex.def)             Requested size: 154.03183pt x 154.02737pt.

<Figures/cp/output.png, id=3985, 581.17125pt x 581.17125pt>
File: Figures/cp/output.png Graphic file (type png)

<use Figures/cp/output.png>
Package pdftex.def Info: Figures/cp/output.png used on input line 574.
(pdftex.def)             Requested size: 154.03183pt x 154.02737pt.
 [82

 <./Figures/cp/input.png> <./Figures/cp/output.png>] <Figures/cp/example.png, i
d=4017, 884.55469pt x 292.09125pt>
File: Figures/cp/example.png Graphic file (type png)

<use Figures/cp/example.png>
Package pdftex.def Info: Figures/cp/example.png used on input line 579.
(pdftex.def)             Requested size: 342.2953pt x 113.03264pt.
 [83

 <./Figures/cp/example.png>]
<Figures/cp/sh-0.png, id=4047, 581.17125pt x 581.17125pt>
File: Figures/cp/sh-0.png Graphic file (type png)

<use Figures/cp/sh-0.png>
Package pdftex.def Info: Figures/cp/sh-0.png used on input line 584.
(pdftex.def)             Requested size: 205.37926pt x 205.38167pt.
 [84

 <./Figures/cp/sh-0.png>]
<Figures/cp/sh-1.png, id=4077, 581.17125pt x 581.17125pt>
File: Figures/cp/sh-1.png Graphic file (type png)

<use Figures/cp/sh-1.png>
Package pdftex.def Info: Figures/cp/sh-1.png used on input line 588.
(pdftex.def)             Requested size: 205.37926pt x 205.38167pt.
 [85

 <./Figures/cp/sh-1.png>]
<Figures/cp/sh-2.png, id=4108, 581.17125pt x 581.17125pt>
File: Figures/cp/sh-2.png Graphic file (type png)

<use Figures/cp/sh-2.png>
Package pdftex.def Info: Figures/cp/sh-2.png used on input line 592.
(pdftex.def)             Requested size: 205.37926pt x 205.38167pt.
 [86

 <./Figures/cp/sh-2.png>]
<Figures/cp/sh-3.png, id=4139, 581.17125pt x 581.17125pt>
File: Figures/cp/sh-3.png Graphic file (type png)

<use Figures/cp/sh-3.png>
Package pdftex.def Info: Figures/cp/sh-3.png used on input line 596.
(pdftex.def)             Requested size: 205.37926pt x 205.38167pt.
 [87

 <./Figures/cp/sh-3.png>]
<Figures/cp/sh-4.png, id=4169, 581.17125pt x 581.17125pt>
File: Figures/cp/sh-4.png Graphic file (type png)

<use Figures/cp/sh-4.png>
Package pdftex.def Info: Figures/cp/sh-4.png used on input line 600.
(pdftex.def)             Requested size: 205.37926pt x 205.38167pt.
 [88

 <./Figures/cp/sh-4.png>]
<Figures/figure7.pdf, id=4199, 614.295pt x 794.97pt>
File: Figures/figure7.pdf Graphic file (type pdf)
 <use Figures/figure7.pdf>
Package pdftex.def Info: Figures/figure7.pdf used on input line 611.
(pdftex.def)             Requested size: 256.72147pt x 227.48105pt.

Overfull \vbox (4.20525pt too high) detected at line 611
 []

[89

 <./Figures/figure7.pdf>]
<Figures/cp/h-0.png, id=4323, 581.17125pt x 581.17125pt>
File: Figures/cp/h-0.png Graphic file (type png)

<use Figures/cp/h-0.png>
Package pdftex.def Info: Figures/cp/h-0.png used on input line 616.
(pdftex.def)             Requested size: 205.37926pt x 205.38167pt.
 [90

 <./Figures/cp/h-0.png>]
<Figures/cp/h-1.png, id=4353, 581.17125pt x 581.17125pt>
File: Figures/cp/h-1.png Graphic file (type png)

<use Figures/cp/h-1.png>
Package pdftex.def Info: Figures/cp/h-1.png used on input line 620.
(pdftex.def)             Requested size: 205.37926pt x 205.38167pt.
 [91

 <./Figures/cp/h-1.png>]
<Figures/cp/h-2.png, id=4385, 581.17125pt x 581.17125pt>
File: Figures/cp/h-2.png Graphic file (type png)

<use Figures/cp/h-2.png>
Package pdftex.def Info: Figures/cp/h-2.png used on input line 624.
(pdftex.def)             Requested size: 205.37926pt x 205.38167pt.
 [92

 <./Figures/cp/h-2.png>]
<Figures/cp/h-3.png, id=4415, 581.17125pt x 581.17125pt>
File: Figures/cp/h-3.png Graphic file (type png)

<use Figures/cp/h-3.png>
Package pdftex.def Info: Figures/cp/h-3.png used on input line 628.
(pdftex.def)             Requested size: 205.37926pt x 205.38167pt.
 [93

 <./Figures/cp/h-3.png>]
<Figures/cp/h-4.png, id=4445, 581.17125pt x 581.17125pt>
File: Figures/cp/h-4.png Graphic file (type png)

<use Figures/cp/h-4.png>
Package pdftex.def Info: Figures/cp/h-4.png used on input line 632.
(pdftex.def)             Requested size: 205.37926pt x 205.38167pt.
 [94

 <./Figures/cp/h-4.png>]
<Figures/cp/h-5.png, id=4476, 581.17125pt x 581.17125pt>
File: Figures/cp/h-5.png Graphic file (type png)

<use Figures/cp/h-5.png>
Package pdftex.def Info: Figures/cp/h-5.png used on input line 636.
(pdftex.def)             Requested size: 205.37926pt x 205.38167pt.
 [95

 <./Figures/cp/h-5.png>]
<Figures/cp/h-6.png, id=4505, 581.17125pt x 581.17125pt>
File: Figures/cp/h-6.png Graphic file (type png)

<use Figures/cp/h-6.png>
Package pdftex.def Info: Figures/cp/h-6.png used on input line 640.
(pdftex.def)             Requested size: 205.37926pt x 205.38167pt.
 [96

 <./Figures/cp/h-6.png>] (./cg_hadoop.toc) [97

]
[98

] <Figures/experiments/datasets.png, id=4600, 901.11656pt x 239.39438pt>
File: Figures/experiments/datasets.png Graphic file (type png)

<use Figures/experiments/datasets.png>
Package pdftex.def Info: Figures/experiments/datasets.png used on input line 68
2.
(pdftex.def)             Requested size: 273.83728pt x 72.75034pt.
 [99

 <./Figures/experiments/datasets.png (PNG copy)>]
<Figures/experiments/01-union.png, id=4628, 302.70157pt x 211.51273pt>
File: Figures/experiments/01-union.png Graphic file (type png)

<use Figures/experiments/01-union.png>
Package pdftex.def Info: Figures/experiments/01-union.png used on input line 68
8.
(pdftex.def)             Requested size: 205.37926pt x 143.51369pt.
 [100

 <./Figures/experiments/01-union.png>] <Figures/experiments/02-others.png, id=4
657, 291.72864pt x 197.1344pt>
File: Figures/experiments/02-others.png Graphic file (type png)

<use Figures/experiments/02-others.png>
Package pdftex.def Info: Figures/experiments/02-others.png used on input line 6
94.
(pdftex.def)             Requested size: 205.37926pt x 138.78725pt.
 [101

 <./Figures/experiments/02-others.png>] <Figures/experiments/03-cor.png, id=468
6, 345.45816pt x 250.10718pt>
File: Figures/experiments/03-cor.png Graphic file (type png)

<use Figures/experiments/03-cor.png>
Package pdftex.def Info: Figures/experiments/03-cor.png used on input line 708.

(pdftex.def)             Requested size: 154.03183pt x 111.51677pt.

<Figures/experiments/04-anticor.png, id=4687, 354.16084pt x 250.10718pt>
File: Figures/experiments/04-anticor.png Graphic file (type png)

<use Figures/experiments/04-anticor.png>
Package pdftex.def Info: Figures/experiments/04-anticor.png used on input line 
708.
(pdftex.def)             Requested size: 154.03183pt x 108.77666pt.
 [102

 <./Figures/experiments/03-cor.png> <./Figures/experiments/04-anticor.png>]
<Figures/experiments/05-uniform.png, id=4718, 303.07994pt x 213.78299pt>
File: Figures/experiments/05-uniform.png Graphic file (type png)

<use Figures/experiments/05-uniform.png>
Package pdftex.def Info: Figures/experiments/05-uniform.png used on input line 
722.
(pdftex.def)             Requested size: 154.03183pt x 108.64948pt.

<Figures/experiments/06-gaussian.png, id=4719, 303.07994pt x 213.78299pt>
File: Figures/experiments/06-gaussian.png Graphic file (type png)

<use Figures/experiments/06-gaussian.png>
Package pdftex.def Info: Figures/experiments/06-gaussian.png used on input line
 722.
(pdftex.def)             Requested size: 154.03183pt x 108.64948pt.
 [103

 <./Figures/experiments/05-uniform.png> <./Figures/experiments/06-gaussian.png>
]
<Figures/experiments/07-farthest.png, id=4749, 299.67456pt x 213.4046pt>
File: Figures/experiments/07-farthest.png Graphic file (type png)

<use Figures/experiments/07-farthest.png>
Package pdftex.def Info: Figures/experiments/07-farthest.png used on input line
 736.
(pdftex.def)             Requested size: 154.03183pt x 109.68805pt.

<Figures/experiments/08-closest.png, id=4750, 299.67456pt x 213.78299pt>
File: Figures/experiments/08-closest.png Graphic file (type png)

<use Figures/experiments/08-closest.png>
Package pdftex.def Info: Figures/experiments/08-closest.png used on input line 
736.
(pdftex.def)             Requested size: 154.03183pt x 109.88254pt.
 [104

 <./Figures/experiments/07-farthest.png> <./Figures/experiments/08-closest.png>
] (./cg_hadoop.toc) [105

] [106

]
[107

]
Package atenddvi Info: Last page = 108.
 [108

]
\tf@nav=\write9
\openout9 = `cg_hadoop.nav'.

\tf@toc=\write10
\openout10 = `cg_hadoop.toc'.

\tf@snm=\write11
\openout11 = `cg_hadoop.snm'.

Package atveryend Info: Empty hook `BeforeClearDocument' on input line 771.
Package atveryend Info: Executing hook `AfterLastShipout' on input line 771.
 (./cg_hadoop.aux)
Package atveryend Info: Executing hook `AtVeryEndDocument' on input line 771.
Package atveryend Info: Executing hook `AtEndAfterFileList' on input line 771.
Package rerunfilecheck Info: File `cg_hadoop.out' has not changed.
(rerunfilecheck)             Checksum: 81E522FF9FEFA56E9B4B66CC6D59C676;1051.


LaTeX Font Warning: Size substitutions with differences
(Font)              up to 1.0pt have occurred.

Package atveryend Info: Empty hook `AtVeryVeryEnd' on input line 771.
 ) 
Here is how much of TeX's memory you used:
 25012 strings out of 494938
 450942 string characters out of 6179230
 538841 words of memory out of 5000000
 27310 multiletter control sequences out of 15000+600000
 22456 words of font info for 68 fonts, out of 8000000 for 9000
 40 hyphenation exceptions out of 8191
 48i,17n,65p,934b,651s stack positions out of 5000i,500n,10000p,200000b,80000s
</usr/share/texlive/texmf-dist/fonts/type1/public/amsfonts/cm/cmmi10.pfb></us
r/share/texlive/texmf-dist/fonts/type1/public/amsfonts/cm/cmmi12.pfb></usr/shar
e/texlive/texmf-dist/fonts/type1/public/amsfonts/cm/cmmi5.pfb></usr/share/texli
ve/texmf-dist/fonts/type1/public/amsfonts/cm/cmmi6.pfb></usr/share/texlive/texm
f-dist/fonts/type1/public/amsfonts/cm/cmmi7.pfb></usr/share/texlive/texmf-dist/
fonts/type1/public/amsfonts/cm/cmmi9.pfb></usr/share/texlive/texmf-dist/fonts/t
ype1/public/amsfonts/cm/cmr10.pfb></usr/share/texlive/texmf-dist/fonts/type1/pu
blic/amsfonts/cm/cmr12.pfb></usr/share/texlive/texmf-dist/fonts/type1/public/am
sfonts/cm/cmr6.pfb></usr/share/texlive/texmf-dist/fonts/type1/public/amsfonts/c
m/cmr7.pfb></usr/share/texlive/texmf-dist/fonts/type1/public/amsfonts/cm/cmr8.p
fb></usr/share/texlive/texmf-dist/fonts/type1/public/amsfonts/cm/cmr9.pfb></usr
/share/texlive/texmf-dist/fonts/type1/public/amsfonts/cm/cmss10.pfb></usr/share
/texlive/texmf-dist/fonts/type1/public/amsfonts/cm/cmss12.pfb></usr/share/texli
ve/texmf-dist/fonts/type1/public/amsfonts/cm/cmss17.pfb></usr/share/texlive/tex
mf-dist/fonts/type1/public/amsfonts/cm/cmss8.pfb></usr/share/texlive/texmf-dist
/fonts/type1/public/amsfonts/cm/cmsy10.pfb></usr/share/texlive/texmf-dist/fonts
/type1/public/amsfonts/cm/cmsy9.pfb></usr/share/texlive/texmf-dist/fonts/type1/
public/amsfonts/cm/cmtt10.pfb></usr/share/texmf/fonts/type1/public/tex-gyre/qtm
b.pfb></usr/share/texmf/fonts/type1/public/tex-gyre/qtmr.pfb></usr/share/texmf/
fonts/type1/public/tex-gyre/qtmri.pfb></usr/share/texlive/texmf-dist/fonts/type
1/urw/times/utmr8a.pfb>
Output written on cg_hadoop.pdf (108 pages, 8585081 bytes).
PDF statistics:
 4991 PDF objects out of 5155 (max. 8388607)
 3828 compressed objects within 39 object streams
 227 named destinations out of 1000 (max. 500000)
 3525 words of extra memory for PDF output out of 10000 (max. 10000000)

