acald013@dblab-rack12: stopping org.apache.spark.deploy.worker.Worker
acald013@dblab-rack14: stopping org.apache.spark.deploy.worker.Worker
stopping org.apache.spark.deploy.master.Master
starting org.apache.spark.deploy.master.Master, logging to /home/acald013/Spark/spark-2.1.0-bin-hadoop2.7/logs/spark-acald013-org.apache.spark.deploy.master.Master-1-dblab-rack15.out
acald013@dblab-rack12: starting org.apache.spark.deploy.worker.Worker, logging to /home/acald013/Spark/spark-2.1.0-bin-hadoop2.7/logs/spark-acald013-org.apache.spark.deploy.worker.Worker-1-dblab-rack12.out
Running iteration 1/5 ...
2017-11-22 10:29:13,638 -> Starting session... [3.284ms]
2017-11-22 10:29:18,949 -> Reading dataset... [5.310ms]
2017-11-22 10:29:19,033 -> Lauching MaximalFinder at 10:29:18.960...
2017-11-22 10:29:19,095 -> 00.Setting mu=30,epsilon=40.0,cores=7,candidatesPartitions=256,dataset=B20K
2017-11-22 10:29:26,496 -> 01.Indexing points... [7.400ms] [19714 results]
2017-11-22 10:29:32,771 -> 02.Getting pairs... [6.275ms] [52767 results]
2017-11-22 10:29:37,886 -> 03.Computing centers... [5.114ms] [105534 results]
2017-11-22 10:29:48,026 -> 04.Indexing centers... [10.140ms] [105534 results]
2017-11-22 10:30:01,188 -> 05.Getting disks... [13.161ms] [105534 results]
2017-11-22 10:30:02,966 -> 06.Filtering less-than-mu disks... [1.777ms] [700 results]
2017-11-22 10:30:06,284 -> 07.Prunning duplicate candidates... [3.318ms] [414 results]
2017-11-22 10:30:06,429 -> Candidates # of partitions: 200
2017-11-22 10:30:07,018 -> 08.Indexing candidates... [4.052ms] [414 results]
2017-11-22 10:30:07,033 -> Candidates # of partitions: 9
2017-11-22 10:30:07,395 -> 09.Getting expansions... [0.377ms] [3726 results]
2017-11-22 10:31:35,322 -> 10.Finding maximal disks... [87.927ms] [315 results]
2017-11-22 10:31:35,488 -> 11.Prunning redundants... [0.166ms] [35 results]
2017-11-22 10:31:35,489 ->      Dataset,   Eps, Cores,   Time, # Pairs,   # Disks, # Candidates, # Maximals
2017-11-22 10:31:35,489 ->         B20K,  40.0,     7, 136.39,   52767,    105534,          414,         35
2017-11-22 10:31:35,607 -> Dropping indices...[0.117ms]
2017-11-22 10:31:35,623 -> Finishing MaximalFinder at 10:31:35.623...
2017-11-22 10:31:35,623 -> Total time for MaximalFinder: 136.589ms...
2017-11-22 10:31:35,703 -> Closing session... [0.080ms]
Done!!! Wed Nov 22 10:31:36 PST 2017
2017-11-22 10:31:43,157 -> Starting session... [3.096ms]
2017-11-22 10:31:48,115 -> Reading dataset... [4.957ms]
2017-11-22 10:31:48,197 -> Lauching MaximalFinder at 10:31:48.125...
2017-11-22 10:31:48,256 -> 00.Setting mu=40,epsilon=50.0,cores=7,candidatesPartitions=256,dataset=B20K
2017-11-22 10:31:55,163 -> 01.Indexing points... [6.906ms] [19714 results]
2017-11-22 10:32:01,454 -> 02.Getting pairs... [6.290ms] [66825 results]
2017-11-22 10:32:06,633 -> 03.Computing centers... [5.179ms] [133650 results]
2017-11-22 10:32:16,510 -> 04.Indexing centers... [9.876ms] [133650 results]
2017-11-22 10:32:30,911 -> 05.Getting disks... [14.401ms] [133650 results]
2017-11-22 10:32:32,744 -> 06.Filtering less-than-mu disks... [1.833ms] [1412 results]
2017-11-22 10:32:35,856 -> 07.Prunning duplicate candidates... [3.112ms] [1031 results]
2017-11-22 10:32:35,998 -> Candidates # of partitions: 200
2017-11-22 10:32:36,743 -> 08.Indexing candidates... [3.999ms] [1031 results]
2017-11-22 10:32:36,759 -> Candidates # of partitions: 9
2017-11-22 10:32:37,160 -> 09.Getting expansions... [0.416ms] [9279 results]
2017-11-22 10:34:08,217 -> 10.Finding maximal disks... [91.057ms] [171 results]
2017-11-22 10:34:08,374 -> 11.Prunning redundants... [0.157ms] [19 results]
2017-11-22 10:34:08,375 ->      Dataset,   Eps, Cores,   Time, # Pairs,   # Disks, # Candidates, # Maximals
2017-11-22 10:34:08,375 ->         B20K,  50.0,     7, 140.12,   66825,    133650,         1031,         19
2017-11-22 10:34:08,495 -> Dropping indices...[0.120ms]
2017-11-22 10:34:08,496 -> Finishing MaximalFinder at 10:34:08.496...
2017-11-22 10:34:08,496 -> Total time for MaximalFinder: 140.299ms...
2017-11-22 10:34:08,575 -> Closing session... [0.079ms]
Done!!! Wed Nov 22 10:34:08 PST 2017
Running iteration 2/5 ...
2017-11-22 10:34:16,279 -> Starting session... [3.225ms]
2017-11-22 10:34:21,468 -> Reading dataset... [5.187ms]
2017-11-22 10:34:21,552 -> Lauching MaximalFinder at 10:34:21.478...
2017-11-22 10:34:21,614 -> 00.Setting mu=30,epsilon=40.0,cores=7,candidatesPartitions=256,dataset=B20K
2017-11-22 10:34:28,555 -> 01.Indexing points... [6.941ms] [19714 results]
2017-11-22 10:34:34,772 -> 02.Getting pairs... [6.216ms] [52767 results]
2017-11-22 10:34:39,964 -> 03.Computing centers... [5.192ms] [105534 results]
2017-11-22 10:34:49,743 -> 04.Indexing centers... [9.779ms] [105534 results]
2017-11-22 10:35:02,920 -> 05.Getting disks... [13.177ms] [105534 results]
2017-11-22 10:35:04,720 -> 06.Filtering less-than-mu disks... [1.800ms] [700 results]
2017-11-22 10:35:07,891 -> 07.Prunning duplicate candidates... [3.170ms] [414 results]
2017-11-22 10:35:08,042 -> Candidates # of partitions: 200
2017-11-22 10:35:08,617 -> 08.Indexing candidates... [3.896ms] [414 results]
2017-11-22 10:35:08,632 -> Candidates # of partitions: 9
2017-11-22 10:35:08,994 -> 09.Getting expansions... [0.377ms] [3726 results]
2017-11-22 10:36:36,673 -> 10.Finding maximal disks... [87.679ms] [315 results]
2017-11-22 10:36:36,826 -> 11.Prunning redundants... [0.153ms] [35 results]
2017-11-22 10:36:36,827 ->      Dataset,   Eps, Cores,   Time, # Pairs,   # Disks, # Candidates, # Maximals
2017-11-22 10:36:36,827 ->         B20K,  40.0,     7, 135.21,   52767,    105534,          414,         35
2017-11-22 10:36:36,951 -> Dropping indices...[0.124ms]
2017-11-22 10:36:36,952 -> Finishing MaximalFinder at 10:36:36.952...
2017-11-22 10:36:36,952 -> Total time for MaximalFinder: 135.400ms...
2017-11-22 10:36:37,033 -> Closing session... [0.081ms]
Done!!! Wed Nov 22 10:36:37 PST 2017
2017-11-22 10:36:44,600 -> Starting session... [3.127ms]
2017-11-22 10:36:49,617 -> Reading dataset... [5.017ms]
2017-11-22 10:36:49,700 -> Lauching MaximalFinder at 10:36:49.627...
2017-11-22 10:36:49,761 -> 00.Setting mu=40,epsilon=50.0,cores=7,candidatesPartitions=256,dataset=B20K
2017-11-22 10:36:57,088 -> 01.Indexing points... [7.326ms] [19714 results]
2017-11-22 10:37:04,044 -> 02.Getting pairs... [6.955ms] [66825 results]
2017-11-22 10:37:09,451 -> 03.Computing centers... [5.407ms] [133650 results]
2017-11-22 10:37:19,836 -> 04.Indexing centers... [10.385ms] [133650 results]
2017-11-22 10:37:34,479 -> 05.Getting disks... [14.643ms] [133650 results]
2017-11-22 10:37:36,248 -> 06.Filtering less-than-mu disks... [1.769ms] [1412 results]
2017-11-22 10:37:39,515 -> 07.Prunning duplicate candidates... [3.266ms] [1031 results]
2017-11-22 10:37:39,668 -> Candidates # of partitions: 200
2017-11-22 10:37:40,363 -> 08.Indexing candidates... [4.114ms] [1031 results]
2017-11-22 10:37:40,378 -> Candidates # of partitions: 9
2017-11-22 10:37:40,772 -> 09.Getting expansions... [0.409ms] [9279 results]
2017-11-22 10:39:12,317 -> 10.Finding maximal disks... [91.545ms] [171 results]
2017-11-22 10:39:12,468 -> 11.Prunning redundants... [0.151ms] [19 results]
2017-11-22 10:39:12,468 ->      Dataset,   Eps, Cores,   Time, # Pairs,   # Disks, # Candidates, # Maximals
2017-11-22 10:39:12,469 ->         B20K,  50.0,     7, 142.71,   66825,    133650,         1031,         19
2017-11-22 10:39:12,590 -> Dropping indices...[0.121ms]
2017-11-22 10:39:12,590 -> Finishing MaximalFinder at 10:39:12.590...
2017-11-22 10:39:12,590 -> Total time for MaximalFinder: 142.890ms...
2017-11-22 10:39:12,671 -> Closing session... [0.081ms]
Done!!! Wed Nov 22 10:39:13 PST 2017
Running iteration 3/5 ...
2017-11-22 10:39:20,234 -> Starting session... [3.136ms]
2017-11-22 10:39:25,210 -> Reading dataset... [4.976ms]
2017-11-22 10:39:25,294 -> Lauching MaximalFinder at 10:39:25.220...
2017-11-22 10:39:25,355 -> 00.Setting mu=30,epsilon=40.0,cores=7,candidatesPartitions=256,dataset=B20K
2017-11-22 10:39:32,398 -> 01.Indexing points... [7.043ms] [19714 results]
2017-11-22 10:39:38,565 -> 02.Getting pairs... [6.167ms] [52767 results]
2017-11-22 10:39:43,765 -> 03.Computing centers... [5.200ms] [105534 results]
2017-11-22 10:39:53,528 -> 04.Indexing centers... [9.763ms] [105534 results]
2017-11-22 10:40:06,927 -> 05.Getting disks... [13.399ms] [105534 results]
2017-11-22 10:40:08,667 -> 06.Filtering less-than-mu disks... [1.740ms] [700 results]
2017-11-22 10:40:11,832 -> 07.Prunning duplicate candidates... [3.165ms] [414 results]
2017-11-22 10:40:11,989 -> Candidates # of partitions: 200
2017-11-22 10:40:12,566 -> 08.Indexing candidates... [3.899ms] [414 results]
2017-11-22 10:40:12,581 -> Candidates # of partitions: 9
2017-11-22 10:40:12,932 -> 09.Getting expansions... [0.366ms] [3726 results]
2017-11-22 10:41:42,532 -> 10.Finding maximal disks... [89.599ms] [315 results]
2017-11-22 10:41:42,689 -> 11.Prunning redundants... [0.157ms] [35 results]
2017-11-22 10:41:42,690 ->      Dataset,   Eps, Cores,   Time, # Pairs,   # Disks, # Candidates, # Maximals
2017-11-22 10:41:42,690 ->         B20K,  40.0,     7, 137.33,   52767,    105534,          414,         35
2017-11-22 10:41:42,810 -> Dropping indices...[0.119ms]
2017-11-22 10:41:42,810 -> Finishing MaximalFinder at 10:41:42.810...
2017-11-22 10:41:42,810 -> Total time for MaximalFinder: 137.516ms...
2017-11-22 10:41:42,891 -> Closing session... [0.081ms]
Done!!! Wed Nov 22 10:41:43 PST 2017
2017-11-22 10:41:50,488 -> Starting session... [3.190ms]
2017-11-22 10:41:55,485 -> Reading dataset... [4.997ms]
2017-11-22 10:41:55,569 -> Lauching MaximalFinder at 10:41:55.495...
2017-11-22 10:41:55,629 -> 00.Setting mu=40,epsilon=50.0,cores=7,candidatesPartitions=256,dataset=B20K
2017-11-22 10:42:02,958 -> 01.Indexing points... [7.329ms] [19714 results]
2017-11-22 10:42:09,412 -> 02.Getting pairs... [6.454ms] [66825 results]
2017-11-22 10:42:14,564 -> 03.Computing centers... [5.152ms] [133650 results]
2017-11-22 10:42:24,993 -> 04.Indexing centers... [10.428ms] [133650 results]
2017-11-22 10:42:39,068 -> 05.Getting disks... [14.075ms] [133650 results]
2017-11-22 10:42:41,087 -> 06.Filtering less-than-mu disks... [2.018ms] [1412 results]
2017-11-22 10:42:44,257 -> 07.Prunning duplicate candidates... [3.170ms] [1031 results]
2017-11-22 10:42:44,405 -> Candidates # of partitions: 200
2017-11-22 10:42:45,029 -> 08.Indexing candidates... [3.942ms] [1031 results]
2017-11-22 10:42:45,044 -> Candidates # of partitions: 9
2017-11-22 10:42:45,444 -> 09.Getting expansions... [0.415ms] [9279 results]
2017-11-22 10:44:16,950 -> 10.Finding maximal disks... [91.506ms] [171 results]
2017-11-22 10:44:17,101 -> 11.Prunning redundants... [0.151ms] [19 results]
2017-11-22 10:44:17,102 ->      Dataset,   Eps, Cores,   Time, # Pairs,   # Disks, # Candidates, # Maximals
2017-11-22 10:44:17,102 ->         B20K,  50.0,     7, 141.47,   66825,    133650,         1031,         19
2017-11-22 10:44:17,222 -> Dropping indices...[0.118ms]
2017-11-22 10:44:17,222 -> Finishing MaximalFinder at 10:44:17.222...
2017-11-22 10:44:17,222 -> Total time for MaximalFinder: 141.653ms...
2017-11-22 10:44:17,305 -> Closing session... [0.082ms]
Done!!! Wed Nov 22 10:44:17 PST 2017
Running iteration 4/5 ...
2017-11-22 10:44:24,888 -> Starting session... [3.082ms]
2017-11-22 10:44:29,843 -> Reading dataset... [4.953ms]
2017-11-22 10:44:29,926 -> Lauching MaximalFinder at 10:44:29.853...
2017-11-22 10:44:29,986 -> 00.Setting mu=30,epsilon=40.0,cores=7,candidatesPartitions=256,dataset=B20K
2017-11-22 10:44:36,816 -> 01.Indexing points... [6.829ms] [19714 results]
2017-11-22 10:44:42,976 -> 02.Getting pairs... [6.159ms] [52767 results]
2017-11-22 10:44:48,111 -> 03.Computing centers... [5.134ms] [105534 results]
2017-11-22 10:44:57,758 -> 04.Indexing centers... [9.646ms] [105534 results]
2017-11-22 10:45:10,697 -> 05.Getting disks... [12.938ms] [105534 results]
2017-11-22 10:45:12,538 -> 06.Filtering less-than-mu disks... [1.841ms] [700 results]
2017-11-22 10:45:15,608 -> 07.Prunning duplicate candidates... [3.070ms] [414 results]
2017-11-22 10:45:15,755 -> Candidates # of partitions: 200
2017-11-22 10:45:16,343 -> 08.Indexing candidates... [3.805ms] [414 results]
2017-11-22 10:45:16,358 -> Candidates # of partitions: 9
2017-11-22 10:45:16,686 -> 09.Getting expansions... [0.342ms] [3726 results]
2017-11-22 10:46:45,229 -> 10.Finding maximal disks... [88.543ms] [315 results]
2017-11-22 10:46:45,389 -> 11.Prunning redundants... [0.160ms] [35 results]
2017-11-22 10:46:45,390 ->      Dataset,   Eps, Cores,   Time, # Pairs,   # Disks, # Candidates, # Maximals
2017-11-22 10:46:45,390 ->         B20K,  40.0,     7, 135.40,   52767,    105534,          414,         35
2017-11-22 10:46:45,520 -> Dropping indices...[0.129ms]
2017-11-22 10:46:45,520 -> Finishing MaximalFinder at 10:46:45.520...
2017-11-22 10:46:45,520 -> Total time for MaximalFinder: 135.593ms...
2017-11-22 10:46:45,598 -> Closing session... [0.078ms]
Done!!! Wed Nov 22 10:46:45 PST 2017
2017-11-22 10:46:53,177 -> Starting session... [3.142ms]
2017-11-22 10:46:58,248 -> Reading dataset... [5.071ms]
2017-11-22 10:46:58,333 -> Lauching MaximalFinder at 10:46:58.259...
2017-11-22 10:46:58,393 -> 00.Setting mu=40,epsilon=50.0,cores=7,candidatesPartitions=256,dataset=B20K
2017-11-22 10:47:05,900 -> 01.Indexing points... [7.506ms] [19714 results]
2017-11-22 10:47:12,210 -> 02.Getting pairs... [6.309ms] [66825 results]
2017-11-22 10:47:17,129 -> 03.Computing centers... [4.919ms] [133650 results]
2017-11-22 10:47:27,340 -> 04.Indexing centers... [10.211ms] [133650 results]
2017-11-22 10:47:41,941 -> 05.Getting disks... [14.601ms] [133650 results]
2017-11-22 10:47:43,747 -> 06.Filtering less-than-mu disks... [1.806ms] [1412 results]
2017-11-22 10:47:46,864 -> 07.Prunning duplicate candidates... [3.117ms] [1031 results]
2017-11-22 10:47:47,011 -> Candidates # of partitions: 200
2017-11-22 10:47:47,663 -> 08.Indexing candidates... [3.916ms] [1031 results]
2017-11-22 10:47:47,678 -> Candidates # of partitions: 9
2017-11-22 10:47:48,071 -> 09.Getting expansions... [0.408ms] [9279 results]
2017-11-22 10:49:17,941 -> 10.Finding maximal disks... [89.870ms] [171 results]
2017-11-22 10:49:18,092 -> 11.Prunning redundants... [0.151ms] [19 results]
2017-11-22 10:49:18,092 ->      Dataset,   Eps, Cores,   Time, # Pairs,   # Disks, # Candidates, # Maximals
2017-11-22 10:49:18,093 ->         B20K,  50.0,     7, 139.70,   66825,    133650,         1031,         19
2017-11-22 10:49:18,212 -> Dropping indices...[0.119ms]
2017-11-22 10:49:18,212 -> Finishing MaximalFinder at 10:49:18.212...
2017-11-22 10:49:18,212 -> Total time for MaximalFinder: 139.879ms...
2017-11-22 10:49:18,291 -> Closing session... [0.079ms]
Done!!! Wed Nov 22 10:49:18 PST 2017
Running iteration 5/5 ...
2017-11-22 10:49:25,772 -> Starting session... [3.094ms]
2017-11-22 10:49:30,709 -> Reading dataset... [4.937ms]
2017-11-22 10:49:30,792 -> Lauching MaximalFinder at 10:49:30.719...
2017-11-22 10:49:30,852 -> 00.Setting mu=30,epsilon=40.0,cores=7,candidatesPartitions=256,dataset=B20K
2017-11-22 10:49:37,967 -> 01.Indexing points... [7.115ms] [19714 results]
2017-11-22 10:49:44,114 -> 02.Getting pairs... [6.147ms] [52767 results]
2017-11-22 10:49:49,265 -> 03.Computing centers... [5.151ms] [105534 results]
2017-11-22 10:49:59,040 -> 04.Indexing centers... [9.774ms] [105534 results]
2017-11-22 10:50:12,427 -> 05.Getting disks... [13.387ms] [105534 results]
2017-11-22 10:50:14,231 -> 06.Filtering less-than-mu disks... [1.804ms] [700 results]
2017-11-22 10:50:17,604 -> 07.Prunning duplicate candidates... [3.373ms] [414 results]
2017-11-22 10:50:17,755 -> Candidates # of partitions: 200
2017-11-22 10:50:18,363 -> 08.Indexing candidates... [4.132ms] [414 results]
2017-11-22 10:50:18,378 -> Candidates # of partitions: 9
2017-11-22 10:50:18,735 -> 09.Getting expansions... [0.372ms] [3726 results]
2017-11-22 10:51:46,833 -> 10.Finding maximal disks... [88.098ms] [315 results]
2017-11-22 10:51:46,986 -> 11.Prunning redundants... [0.153ms] [35 results]
2017-11-22 10:51:46,986 ->      Dataset,   Eps, Cores,   Time, # Pairs,   # Disks, # Candidates, # Maximals
2017-11-22 10:51:46,987 ->         B20K,  40.0,     7, 136.13,   52767,    105534,          414,         35
2017-11-22 10:51:47,110 -> Dropping indices...[0.123ms]
2017-11-22 10:51:47,111 -> Finishing MaximalFinder at 10:51:47.110...
2017-11-22 10:51:47,111 -> Total time for MaximalFinder: 136.318ms...
2017-11-22 10:51:47,267 -> Closing session... [0.156ms]
Done!!! Wed Nov 22 10:51:47 PST 2017
2017-11-22 10:51:54,860 -> Starting session... [3.142ms]
2017-11-22 10:51:59,877 -> Reading dataset... [5.016ms]
2017-11-22 10:51:59,961 -> Lauching MaximalFinder at 10:51:59.888...
2017-11-22 10:52:00,021 -> 00.Setting mu=40,epsilon=50.0,cores=7,candidatesPartitions=256,dataset=B20K
2017-11-22 10:52:06,951 -> 01.Indexing points... [6.930ms] [19714 results]
2017-11-22 10:52:13,204 -> 02.Getting pairs... [6.252ms] [66825 results]
2017-11-22 10:52:18,577 -> 03.Computing centers... [5.372ms] [133650 results]
2017-11-22 10:52:28,493 -> 04.Indexing centers... [9.915ms] [133650 results]
2017-11-22 10:52:42,539 -> 05.Getting disks... [14.046ms] [133650 results]
2017-11-22 10:52:44,773 -> 06.Filtering less-than-mu disks... [2.233ms] [1412 results]
2017-11-22 10:52:48,049 -> 07.Prunning duplicate candidates... [3.276ms] [1031 results]
2017-11-22 10:52:48,206 -> Candidates # of partitions: 200
2017-11-22 10:52:48,805 -> 08.Indexing candidates... [4.032ms] [1031 results]
2017-11-22 10:52:48,821 -> Candidates # of partitions: 9
2017-11-22 10:52:49,214 -> 09.Getting expansions... [0.409ms] [9279 results]
2017-11-22 10:54:20,646 -> 10.Finding maximal disks... [91.432ms] [171 results]
2017-11-22 10:54:20,805 -> 11.Prunning redundants... [0.158ms] [19 results]
2017-11-22 10:54:20,805 ->      Dataset,   Eps, Cores,   Time, # Pairs,   # Disks, # Candidates, # Maximals
2017-11-22 10:54:20,805 ->         B20K,  50.0,     7, 140.78,   66825,    133650,         1031,         19
2017-11-22 10:54:21,013 -> Dropping indices...[0.207ms]
2017-11-22 10:54:21,013 -> Finishing MaximalFinder at 10:54:21.013...
2017-11-22 10:54:21,013 -> Total time for MaximalFinder: 141.051ms...
2017-11-22 10:54:21,096 -> Closing session... [0.083ms]
Done!!! Wed Nov 22 10:54:21 PST 2017
acald013@dblab-rack12: stopping org.apache.spark.deploy.worker.Worker
stopping org.apache.spark.deploy.master.Master
starting org.apache.spark.deploy.master.Master, logging to /home/acald013/Spark/spark-2.1.0-bin-hadoop2.7/logs/spark-acald013-org.apache.spark.deploy.master.Master-1-dblab-rack15.out
acald013@dblab-rack12: starting org.apache.spark.deploy.worker.Worker, logging to /home/acald013/Spark/spark-2.1.0-bin-hadoop2.7/logs/spark-acald013-org.apache.spark.deploy.worker.Worker-1-dblab-rack12.out
acald013@dblab-rack14: starting org.apache.spark.deploy.worker.Worker, logging to /home/acald013/Spark/spark-2.1.0-bin-hadoop2.7/logs/spark-acald013-org.apache.spark.deploy.worker.Worker-1-dblab-rack14.cs.ucr.edu.out
Running iteration 1/5 ...
2017-11-22 10:54:34,219 -> Starting session... [3.236ms]
2017-11-22 10:54:39,340 -> Reading dataset... [5.119ms]
2017-11-22 10:54:39,423 -> Lauching MaximalFinder at 10:54:39.350...
2017-11-22 10:54:39,483 -> 00.Setting mu=30,epsilon=40.0,cores=14,candidatesPartitions=256,dataset=B40K
2017-11-22 10:54:46,134 -> 01.Indexing points... [6.650ms] [39440 results]
2017-11-22 10:54:53,212 -> 02.Getting pairs... [7.077ms] [120554 results]
2017-11-22 10:54:56,751 -> 03.Computing centers... [3.539ms] [241108 results]
2017-11-22 10:55:05,461 -> 04.Indexing centers... [8.710ms] [241108 results]
2017-11-22 10:55:17,533 -> 05.Getting disks... [12.072ms] [241108 results]
2017-11-22 10:55:19,751 -> 06.Filtering less-than-mu disks... [2.218ms] [2800 results]
2017-11-22 10:55:22,909 -> 07.Prunning duplicate candidates... [3.158ms] [1964 results]
2017-11-22 10:55:23,093 -> Candidates # of partitions: 200
2017-11-22 10:55:23,626 -> 08.Indexing candidates... [3.875ms] [1964 results]
2017-11-22 10:55:23,642 -> Candidates # of partitions: 16
2017-11-22 10:55:23,994 -> 09.Getting expansions... [0.367ms] [11003 results]
2017-11-22 10:56:02,461 -> 10.Finding maximal disks... [38.467ms] [224 results]
2017-11-22 10:56:02,621 -> 11.Prunning redundants... [0.160ms] [55 results]
2017-11-22 10:56:02,621 ->      Dataset,   Eps, Cores,   Time, # Pairs,   # Disks, # Candidates, # Maximals
2017-11-22 10:56:02,622 ->         B40K,  40.0,    14,  83.14,  120554,    241108,         1964,         55
2017-11-22 10:56:02,741 -> Dropping indices...[0.119ms]
2017-11-22 10:56:02,741 -> Finishing MaximalFinder at 10:56:02.741...
2017-11-22 10:56:02,741 -> Total time for MaximalFinder: 83.317ms...
2017-11-22 10:56:02,824 -> Closing session... [0.083ms]
Done!!! Wed Nov 22 10:56:03 PST 2017
2017-11-22 10:56:10,434 -> Starting session... [3.141ms]
2017-11-22 10:56:15,494 -> Reading dataset... [5.060ms]
2017-11-22 10:56:15,578 -> Lauching MaximalFinder at 10:56:15.504...
2017-11-22 10:56:15,637 -> 00.Setting mu=40,epsilon=50.0,cores=14,candidatesPartitions=256,dataset=B40K
2017-11-22 10:56:22,226 -> 01.Indexing points... [6.588ms] [39440 results]
2017-11-22 10:56:29,824 -> 02.Getting pairs... [7.597ms] [150902 results]
2017-11-22 10:56:33,634 -> 03.Computing centers... [3.810ms] [301804 results]
2017-11-22 10:56:42,044 -> 04.Indexing centers... [8.410ms] [301804 results]
2017-11-22 10:56:55,070 -> 05.Getting disks... [13.026ms] [301804 results]
2017-11-22 10:56:57,435 -> 06.Filtering less-than-mu disks... [2.365ms] [2118 results]
2017-11-22 10:57:00,489 -> 07.Prunning duplicate candidates... [3.053ms] [1544 results]
2017-11-22 10:57:00,647 -> Candidates # of partitions: 200
2017-11-22 10:57:01,178 -> 08.Indexing candidates... [3.743ms] [1544 results]
2017-11-22 10:57:01,215 -> Candidates # of partitions: 16
2017-11-22 10:57:01,540 -> 09.Getting expansions... [0.342ms] [13164 results]
2017-11-22 10:57:52,232 -> 10.Finding maximal disks... [50.692ms] [229 results]
2017-11-22 10:57:52,398 -> 11.Prunning redundants... [0.166ms] [25 results]
2017-11-22 10:57:52,398 ->      Dataset,   Eps, Cores,   Time, # Pairs,   # Disks, # Candidates, # Maximals
2017-11-22 10:57:52,399 ->         B40K,  50.0,    14,  96.76,  150902,    301804,         1544,         25
2017-11-22 10:57:52,517 -> Dropping indices...[0.118ms]
2017-11-22 10:57:52,518 -> Finishing MaximalFinder at 10:57:52.517...
2017-11-22 10:57:52,518 -> Total time for MaximalFinder: 96.939ms...
2017-11-22 10:57:52,603 -> Closing session... [0.085ms]
Done!!! Wed Nov 22 10:57:52 PST 2017
Running iteration 2/5 ...
2017-11-22 10:58:00,204 -> Starting session... [3.122ms]
2017-11-22 10:58:05,227 -> Reading dataset... [5.022ms]
2017-11-22 10:58:05,310 -> Lauching MaximalFinder at 10:58:05.237...
2017-11-22 10:58:05,369 -> 00.Setting mu=30,epsilon=40.0,cores=14,candidatesPartitions=256,dataset=B40K
2017-11-22 10:58:11,984 -> 01.Indexing points... [6.614ms] [39440 results]
2017-11-22 10:58:18,998 -> 02.Getting pairs... [7.014ms] [120554 results]
2017-11-22 10:58:22,705 -> 03.Computing centers... [3.707ms] [241108 results]
2017-11-22 10:58:30,927 -> 04.Indexing centers... [8.221ms] [241108 results]
2017-11-22 10:58:43,007 -> 05.Getting disks... [12.080ms] [241108 results]
2017-11-22 10:58:44,827 -> 06.Filtering less-than-mu disks... [1.820ms] [2800 results]
2017-11-22 10:58:47,861 -> 07.Prunning duplicate candidates... [3.034ms] [1964 results]
2017-11-22 10:58:48,021 -> Candidates # of partitions: 200
2017-11-22 10:58:48,638 -> 08.Indexing candidates... [3.811ms] [1964 results]
2017-11-22 10:58:48,653 -> Candidates # of partitions: 16
2017-11-22 10:58:48,952 -> 09.Getting expansions... [0.314ms] [11003 results]
2017-11-22 10:59:26,155 -> 10.Finding maximal disks... [37.203ms] [224 results]
2017-11-22 10:59:26,324 -> 11.Prunning redundants... [0.169ms] [55 results]
2017-11-22 10:59:26,324 ->      Dataset,   Eps, Cores,   Time, # Pairs,   # Disks, # Candidates, # Maximals
2017-11-22 10:59:26,324 ->         B40K,  40.0,    14,  80.96,  120554,    241108,         1964,         55
2017-11-22 10:59:26,451 -> Dropping indices...[0.125ms]
2017-11-22 10:59:26,451 -> Finishing MaximalFinder at 10:59:26.451...
2017-11-22 10:59:26,451 -> Total time for MaximalFinder: 81.141ms...
2017-11-22 10:59:26,536 -> Closing session... [0.085ms]
Done!!! Wed Nov 22 10:59:26 PST 2017
2017-11-22 10:59:34,056 -> Starting session... [3.075ms]
2017-11-22 10:59:39,136 -> Reading dataset... [5.080ms]
2017-11-22 10:59:39,219 -> Lauching MaximalFinder at 10:59:39.146...
2017-11-22 10:59:39,277 -> 00.Setting mu=40,epsilon=50.0,cores=14,candidatesPartitions=256,dataset=B40K
2017-11-22 10:59:45,977 -> 01.Indexing points... [6.700ms] [39440 results]
2017-11-22 10:59:53,515 -> 02.Getting pairs... [7.538ms] [150902 results]
2017-11-22 10:59:57,389 -> 03.Computing centers... [3.874ms] [301804 results]
2017-11-22 11:00:05,752 -> 04.Indexing centers... [8.363ms] [301804 results]
2017-11-22 11:00:19,111 -> 05.Getting disks... [13.358ms] [301804 results]
2017-11-22 11:00:21,400 -> 06.Filtering less-than-mu disks... [2.289ms] [2118 results]
2017-11-22 11:00:24,497 -> 07.Prunning duplicate candidates... [3.097ms] [1544 results]
2017-11-22 11:00:24,650 -> Candidates # of partitions: 200
2017-11-22 11:00:25,181 -> 08.Indexing candidates... [3.781ms] [1544 results]
2017-11-22 11:00:25,197 -> Candidates # of partitions: 16
2017-11-22 11:00:25,514 -> 09.Getting expansions... [0.333ms] [13164 results]
2017-11-22 11:01:16,383 -> 10.Finding maximal disks... [50.869ms] [229 results]
2017-11-22 11:01:16,547 -> 11.Prunning redundants... [0.164ms] [25 results]
2017-11-22 11:01:16,547 ->      Dataset,   Eps, Cores,   Time, # Pairs,   # Disks, # Candidates, # Maximals
2017-11-22 11:01:16,547 ->         B40K,  50.0,    14,  97.27,  150902,    301804,         1544,         25
2017-11-22 11:01:16,671 -> Dropping indices...[0.123ms]
2017-11-22 11:01:16,672 -> Finishing MaximalFinder at 11:01:16.672...
2017-11-22 11:01:16,672 -> Total time for MaximalFinder: 97.453ms...
2017-11-22 11:01:16,753 -> Closing session... [0.081ms]
Done!!! Wed Nov 22 11:01:17 PST 2017
Running iteration 3/5 ...
2017-11-22 11:01:24,373 -> Starting session... [3.188ms]
2017-11-22 11:01:29,429 -> Reading dataset... [5.055ms]
2017-11-22 11:01:29,514 -> Lauching MaximalFinder at 11:01:29.439...
2017-11-22 11:01:29,575 -> 00.Setting mu=30,epsilon=40.0,cores=14,candidatesPartitions=256,dataset=B40K
2017-11-22 11:01:36,083 -> 01.Indexing points... [6.508ms] [39440 results]
2017-11-22 11:01:43,197 -> 02.Getting pairs... [7.113ms] [120554 results]
2017-11-22 11:01:46,800 -> 03.Computing centers... [3.603ms] [241108 results]
2017-11-22 11:01:54,744 -> 04.Indexing centers... [7.944ms] [241108 results]
2017-11-22 11:02:07,437 -> 05.Getting disks... [12.693ms] [241108 results]
2017-11-22 11:02:09,602 -> 06.Filtering less-than-mu disks... [2.165ms] [2800 results]
2017-11-22 11:02:12,645 -> 07.Prunning duplicate candidates... [3.043ms] [1964 results]
2017-11-22 11:02:12,786 -> Candidates # of partitions: 200
2017-11-22 11:02:13,300 -> 08.Indexing candidates... [3.698ms] [1964 results]
2017-11-22 11:02:13,315 -> Candidates # of partitions: 16
2017-11-22 11:02:13,629 -> 09.Getting expansions... [0.328ms] [11003 results]
2017-11-22 11:02:55,693 -> 10.Finding maximal disks... [42.064ms] [224 results]
2017-11-22 11:02:55,861 -> 11.Prunning redundants... [0.168ms] [55 results]
2017-11-22 11:02:55,861 ->      Dataset,   Eps, Cores,   Time, # Pairs,   # Disks, # Candidates, # Maximals
2017-11-22 11:02:55,862 ->         B40K,  40.0,    14,  86.29,  120554,    241108,         1964,         55
2017-11-22 11:02:55,980 -> Dropping indices...[0.118ms]
2017-11-22 11:02:55,980 -> Finishing MaximalFinder at 11:02:55.980...
2017-11-22 11:02:55,980 -> Total time for MaximalFinder: 86.466ms...
2017-11-22 11:02:56,062 -> Closing session... [0.081ms]
Done!!! Wed Nov 22 11:02:56 PST 2017
2017-11-22 11:03:03,706 -> Starting session... [3.158ms]
2017-11-22 11:03:08,803 -> Reading dataset... [5.096ms]
2017-11-22 11:03:08,887 -> Lauching MaximalFinder at 11:03:08.814...
2017-11-22 11:03:08,947 -> 00.Setting mu=40,epsilon=50.0,cores=14,candidatesPartitions=256,dataset=B40K
2017-11-22 11:03:15,748 -> 01.Indexing points... [6.801ms] [39440 results]
2017-11-22 11:03:23,241 -> 02.Getting pairs... [7.492ms] [150902 results]
2017-11-22 11:03:26,868 -> 03.Computing centers... [3.627ms] [301804 results]
2017-11-22 11:03:35,182 -> 04.Indexing centers... [8.314ms] [301804 results]
2017-11-22 11:03:48,409 -> 05.Getting disks... [13.227ms] [301804 results]
2017-11-22 11:03:50,401 -> 06.Filtering less-than-mu disks... [1.992ms] [2118 results]
2017-11-22 11:03:53,553 -> 07.Prunning duplicate candidates... [3.152ms] [1544 results]
2017-11-22 11:03:53,713 -> Candidates # of partitions: 200
2017-11-22 11:03:54,254 -> 08.Indexing candidates... [3.853ms] [1544 results]
2017-11-22 11:03:54,270 -> Candidates # of partitions: 16
2017-11-22 11:03:54,640 -> 09.Getting expansions... [0.386ms] [13164 results]
2017-11-22 11:04:53,089 -> 10.Finding maximal disks... [58.449ms] [229 results]
2017-11-22 11:04:53,255 -> 11.Prunning redundants... [0.166ms] [25 results]
2017-11-22 11:04:53,256 ->      Dataset,   Eps, Cores,   Time, # Pairs,   # Disks, # Candidates, # Maximals
2017-11-22 11:04:53,256 ->         B40K,  50.0,    14, 104.31,  150902,    301804,         1544,         25
2017-11-22 11:04:53,379 -> Dropping indices...[0.123ms]
2017-11-22 11:04:53,379 -> Finishing MaximalFinder at 11:04:53.379...
2017-11-22 11:04:53,379 -> Total time for MaximalFinder: 104.492ms...
2017-11-22 11:04:53,461 -> Closing session... [0.082ms]
Done!!! Wed Nov 22 11:04:53 PST 2017
Running iteration 4/5 ...
2017-11-22 11:05:01,081 -> Starting session... [3.142ms]
2017-11-22 11:05:05,963 -> Reading dataset... [4.882ms]
2017-11-22 11:05:06,046 -> Lauching MaximalFinder at 11:05:05.973...
2017-11-22 11:05:06,105 -> 00.Setting mu=30,epsilon=40.0,cores=14,candidatesPartitions=256,dataset=B40K
2017-11-22 11:05:12,915 -> 01.Indexing points... [6.809ms] [39440 results]
2017-11-22 11:05:20,105 -> 02.Getting pairs... [7.189ms] [120554 results]
2017-11-22 11:05:24,055 -> 03.Computing centers... [3.950ms] [241108 results]
2017-11-22 11:05:32,251 -> 04.Indexing centers... [8.195ms] [241108 results]
2017-11-22 11:05:44,579 -> 05.Getting disks... [12.328ms] [241108 results]
2017-11-22 11:05:46,414 -> 06.Filtering less-than-mu disks... [1.835ms] [2800 results]
2017-11-22 11:05:49,403 -> 07.Prunning duplicate candidates... [2.989ms] [1964 results]
2017-11-22 11:05:49,563 -> Candidates # of partitions: 200
2017-11-22 11:05:50,090 -> 08.Indexing candidates... [3.676ms] [1964 results]
2017-11-22 11:05:50,106 -> Candidates # of partitions: 16
2017-11-22 11:05:50,420 -> 09.Getting expansions... [0.329ms] [11003 results]
2017-11-22 11:06:26,997 -> 10.Finding maximal disks... [36.577ms] [224 results]
2017-11-22 11:06:27,158 -> 11.Prunning redundants... [0.160ms] [55 results]
2017-11-22 11:06:27,158 ->      Dataset,   Eps, Cores,   Time, # Pairs,   # Disks, # Candidates, # Maximals
2017-11-22 11:06:27,159 ->         B40K,  40.0,    14,  81.05,  120554,    241108,         1964,         55
2017-11-22 11:06:27,280 -> Dropping indices...[0.121ms]
2017-11-22 11:06:27,281 -> Finishing MaximalFinder at 11:06:27.281...
2017-11-22 11:06:27,281 -> Total time for MaximalFinder: 81.234ms...
2017-11-22 11:06:27,364 -> Closing session... [0.083ms]
Done!!! Wed Nov 22 11:06:27 PST 2017
2017-11-22 11:06:34,972 -> Starting session... [3.168ms]
2017-11-22 11:06:40,069 -> Reading dataset... [5.096ms]
2017-11-22 11:06:40,152 -> Lauching MaximalFinder at 11:06:40.079...
2017-11-22 11:06:40,211 -> 00.Setting mu=40,epsilon=50.0,cores=14,candidatesPartitions=256,dataset=B40K
2017-11-22 11:06:47,079 -> 01.Indexing points... [6.868ms] [39440 results]
2017-11-22 11:06:54,634 -> 02.Getting pairs... [7.555ms] [150902 results]
2017-11-22 11:06:58,256 -> 03.Computing centers... [3.622ms] [301804 results]
2017-11-22 11:07:06,613 -> 04.Indexing centers... [8.357ms] [301804 results]
2017-11-22 11:07:20,144 -> 05.Getting disks... [13.531ms] [301804 results]
2017-11-22 11:07:22,807 -> 06.Filtering less-than-mu disks... [2.663ms] [2118 results]
2017-11-22 11:07:25,972 -> 07.Prunning duplicate candidates... [3.165ms] [1544 results]
2017-11-22 11:07:26,126 -> Candidates # of partitions: 200
2017-11-22 11:07:26,660 -> 08.Indexing candidates... [3.853ms] [1544 results]
2017-11-22 11:07:26,676 -> Candidates # of partitions: 16
2017-11-22 11:07:26,971 -> 09.Getting expansions... [0.311ms] [13164 results]
2017-11-22 11:08:22,445 -> 10.Finding maximal disks... [55.474ms] [229 results]
2017-11-22 11:08:22,613 -> 11.Prunning redundants... [0.167ms] [25 results]
2017-11-22 11:08:22,614 ->      Dataset,   Eps, Cores,   Time, # Pairs,   # Disks, # Candidates, # Maximals
2017-11-22 11:08:22,615 ->         B40K,  50.0,    14, 102.40,  150902,    301804,         1544,         25
2017-11-22 11:08:22,739 -> Dropping indices...[0.124ms]
2017-11-22 11:08:22,740 -> Finishing MaximalFinder at 11:08:22.740...
2017-11-22 11:08:22,740 -> Total time for MaximalFinder: 102.588ms...
2017-11-22 11:08:22,824 -> Closing session... [0.084ms]
Done!!! Wed Nov 22 11:08:23 PST 2017
Running iteration 5/5 ...
2017-11-22 11:08:30,342 -> Starting session... [3.132ms]
2017-11-22 11:08:35,447 -> Reading dataset... [5.104ms]
2017-11-22 11:08:35,531 -> Lauching MaximalFinder at 11:08:35.457...
2017-11-22 11:08:35,591 -> 00.Setting mu=30,epsilon=40.0,cores=14,candidatesPartitions=256,dataset=B40K
2017-11-22 11:08:42,328 -> 01.Indexing points... [6.737ms] [39440 results]
2017-11-22 11:08:49,616 -> 02.Getting pairs... [7.288ms] [120554 results]
2017-11-22 11:08:53,250 -> 03.Computing centers... [3.634ms] [241108 results]
2017-11-22 11:09:01,199 -> 04.Indexing centers... [7.949ms] [241108 results]
2017-11-22 11:09:13,648 -> 05.Getting disks... [12.449ms] [241108 results]
2017-11-22 11:09:15,701 -> 06.Filtering less-than-mu disks... [2.052ms] [2800 results]
2017-11-22 11:09:18,921 -> 07.Prunning duplicate candidates... [3.220ms] [1964 results]
2017-11-22 11:09:19,076 -> Candidates # of partitions: 200
2017-11-22 11:09:19,607 -> 08.Indexing candidates... [3.906ms] [1964 results]
2017-11-22 11:09:19,623 -> Candidates # of partitions: 16
2017-11-22 11:09:20,010 -> 09.Getting expansions... [0.402ms] [11003 results]
2017-11-22 11:09:58,229 -> 10.Finding maximal disks... [38.219ms] [224 results]
2017-11-22 11:09:58,395 -> 11.Prunning redundants... [0.165ms] [55 results]
2017-11-22 11:09:58,396 ->      Dataset,   Eps, Cores,   Time, # Pairs,   # Disks, # Candidates, # Maximals
2017-11-22 11:09:58,396 ->         B40K,  40.0,    14,  82.80,  120554,    241108,         1964,         55
2017-11-22 11:09:58,525 -> Dropping indices...[0.128ms]
2017-11-22 11:09:58,525 -> Finishing MaximalFinder at 11:09:58.525...
2017-11-22 11:09:58,525 -> Total time for MaximalFinder: 82.993ms...
2017-11-22 11:09:58,606 -> Closing session... [0.081ms]
Done!!! Wed Nov 22 11:09:58 PST 2017
2017-11-22 11:10:06,160 -> Starting session... [3.146ms]
2017-11-22 11:10:11,208 -> Reading dataset... [5.047ms]
2017-11-22 11:10:11,292 -> Lauching MaximalFinder at 11:10:11.218...
2017-11-22 11:10:11,352 -> 00.Setting mu=40,epsilon=50.0,cores=14,candidatesPartitions=256,dataset=B40K
2017-11-22 11:10:17,858 -> 01.Indexing points... [6.506ms] [39440 results]
2017-11-22 11:10:25,292 -> 02.Getting pairs... [7.433ms] [150902 results]
2017-11-22 11:10:28,971 -> 03.Computing centers... [3.678ms] [301804 results]
2017-11-22 11:10:37,368 -> 04.Indexing centers... [8.397ms] [301804 results]
2017-11-22 11:10:50,353 -> 05.Getting disks... [12.985ms] [301804 results]
2017-11-22 11:10:52,370 -> 06.Filtering less-than-mu disks... [2.017ms] [2118 results]
2017-11-22 11:10:55,485 -> 07.Prunning duplicate candidates... [3.115ms] [1544 results]
2017-11-22 11:10:55,632 -> Candidates # of partitions: 200
2017-11-22 11:10:56,157 -> 08.Indexing candidates... [3.787ms] [1544 results]
2017-11-22 11:10:56,172 -> Candidates # of partitions: 16
2017-11-22 11:10:56,485 -> 09.Getting expansions... [0.328ms] [13164 results]
