Mon Dec 4 12:09:47 PST 2017
[WorkerOrder] 14; 11,14; 11,12,14; 11,12,14,15
acald013@dblab-rack12: no org.apache.spark.deploy.worker.Worker to stop
acald013@dblab-rack15: no org.apache.spark.deploy.worker.Worker to stop
acald013@dblab-rack14: no org.apache.spark.deploy.worker.Worker to stop
acald013@dblab-rack11: no org.apache.spark.deploy.worker.Worker to stop
no org.apache.spark.deploy.master.Master to stop
starting org.apache.spark.deploy.master.Master, logging to /home/acald013/Spark/spark-2.1.0-bin-hadoop2.7/logs/spark-acald013-org.apache.spark.deploy.master.Master-1-dblab-rack11.cs.ucr.edu.out
acald013@dblab-rack14: starting org.apache.spark.deploy.worker.Worker, logging to /home/acald013/Spark/spark-2.1.0-bin-hadoop2.7/logs/spark-acald013-org.apache.spark.deploy.worker.Worker-1-dblab-rack14.cs.ucr.edu.out
Running iteration 1/3 for B20K (epsilon = 10 , mu = 10)...
2017-12-04 12:09:55,787 -> Starting session... [1.461s]
2017-12-04 12:09:58,120 -> Reading dataset... [2.333s]
2017-12-04 12:09:58,173 -> Lauching MaximalFinder at 12:09:58.127...
2017-12-04 12:09:58,173 -> 00.Setting mu=10,epsilon=10.0,cores=7,dataset=B20K
2017-12-04 12:09:58,174 -> [Partitions Info]Points;Before indexing;7
2017-12-04 12:10:08,265 -> [Partitions Info]Points;After indexing;992
2017-12-04 12:10:08,265 -> 01.Indexing points... [10.091s] [19715 results]
2017-12-04 12:10:21,231 -> 02.Getting pairs... [12.966s] [11226 results]
2017-12-04 12:10:24,362 -> 03.Computing centers... [3.131s] [22452 results]
2017-12-04 12:10:24,362 -> [Partitions Info]Centers;Before indexing;7
2017-12-04 12:10:26,308 -> [Partitions Info]Centers;After indexing;1024
2017-12-04 12:10:26,308 -> 04.Indexing centers... [1.946s] [22452 results]
2017-12-04 12:10:37,827 -> 05.Getting disks... [11.518s] [22452 results]
2017-12-04 12:10:38,578 -> 06.Filtering less-than-mu disks... [0.751s] [210 results]
2017-12-04 12:10:43,790 -> 07.Prunning duplicate candidates... [5.212s] [111 results]
2017-12-04 12:10:43,797 -> [Partitions Info]Candidates;Before indexing;200
2017-12-04 12:10:44,475 -> 08.Indexing candidates... [5.897s] [111 results]
2017-12-04 12:10:44,695 -> [Partitions Info]Candidates;After indexing;9
2017-12-04 12:10:44,695 -> 09.Getting expansions... [0.220s] [466 results]
2017-12-04 12:10:45,129 -> 10.Finding maximal disks... [0.434s] [17 results]
2017-12-04 12:10:47,721 -> 11.Prunning duplicates and subsets... [2.592s] [17 results]
2017-12-04 12:10:47,721 ->      Dataset,   Eps, Cores, Mu,   Time, # Pairs,   # Disks, # Candidates, # Maximals
2017-12-04 12:10:47,721 ->         B20K,  10.0,     7, 10,  49.55,   11226,     22452,          111,         17
2017-12-04 12:10:47,774 -> Dropping indices...[0.053s]
2017-12-04 12:10:47,774 -> Finishing MaximalFinder at 12:10:47.774...
2017-12-04 12:10:47,774 -> Total time for MaximalFinder: 49.601ms...
2017-12-04 12:10:47,814 -> Closing session... [0.039s]
Done!!! Mon Dec  4 12:10:48 PST 2017
Running iteration 1/3 for B20K (epsilon = 20 , mu = 10)...
2017-12-04 12:10:51,531 -> Starting session... [1.430s]
2017-12-04 12:10:53,620 -> Reading dataset... [2.089s]
2017-12-04 12:10:53,670 -> Lauching MaximalFinder at 12:10:53.629...
2017-12-04 12:10:53,670 -> 00.Setting mu=10,epsilon=20.0,cores=7,dataset=B20K
2017-12-04 12:10:53,671 -> [Partitions Info]Points;Before indexing;7
2017-12-04 12:11:03,595 -> [Partitions Info]Points;After indexing;992
2017-12-04 12:11:03,595 -> 01.Indexing points... [9.925s] [19715 results]
2017-12-04 12:11:16,241 -> 02.Getting pairs... [12.646s] [23819 results]
2017-12-04 12:11:19,228 -> 03.Computing centers... [2.987s] [47638 results]
2017-12-04 12:11:19,229 -> [Partitions Info]Centers;Before indexing;7
2017-12-04 12:11:21,241 -> [Partitions Info]Centers;After indexing;1024
2017-12-04 12:11:21,241 -> 04.Indexing centers... [2.013s] [47638 results]
2017-12-04 12:11:33,496 -> 05.Getting disks... [12.255s] [47638 results]
2017-12-04 12:11:34,645 -> 06.Filtering less-than-mu disks... [1.149s] [2392 results]
2017-12-04 12:11:42,037 -> 07.Prunning duplicate candidates... [7.392s] [1524 results]
2017-12-04 12:11:42,044 -> [Partitions Info]Candidates;Before indexing;200
2017-12-04 12:11:42,629 -> 08.Indexing candidates... [7.984s] [1524 results]
2017-12-04 12:11:42,890 -> [Partitions Info]Candidates;After indexing;9
2017-12-04 12:11:42,890 -> 09.Getting expansions... [0.261s] [2613 results]
2017-12-04 12:11:43,406 -> 10.Finding maximal disks... [0.516s] [108 results]
2017-12-04 12:11:46,297 -> 11.Prunning duplicates and subsets... [2.891s] [108 results]
2017-12-04 12:11:46,298 ->      Dataset,   Eps, Cores, Mu,   Time, # Pairs,   # Disks, # Candidates, # Maximals
2017-12-04 12:11:46,298 ->         B20K,  20.0,     7, 10,  52.63,   23819,     47638,         1524,        108
2017-12-04 12:11:46,348 -> Dropping indices...[0.050s]
2017-12-04 12:11:46,348 -> Finishing MaximalFinder at 12:11:46.348...
2017-12-04 12:11:46,348 -> Total time for MaximalFinder: 52.678ms...
2017-12-04 12:11:46,383 -> Closing session... [0.035s]
Done!!! Mon Dec  4 12:11:46 PST 2017
Running iteration 1/3 for B20K (epsilon = 30 , mu = 10)...
2017-12-04 12:11:50,081 -> Starting session... [1.472s]
2017-12-04 12:11:52,309 -> Reading dataset... [2.228s]
2017-12-04 12:11:52,349 -> Lauching MaximalFinder at 12:11:52.314...
2017-12-04 12:11:52,349 -> 00.Setting mu=10,epsilon=30.0,cores=7,dataset=B20K
2017-12-04 12:11:52,350 -> [Partitions Info]Points;Before indexing;7
2017-12-04 12:12:02,455 -> [Partitions Info]Points;After indexing;992
2017-12-04 12:12:02,456 -> 01.Indexing points... [10.106s] [19715 results]
2017-12-04 12:12:15,599 -> 02.Getting pairs... [13.143s] [36174 results]
2017-12-04 12:12:18,826 -> 03.Computing centers... [3.227s] [72348 results]
2017-12-04 12:12:18,827 -> [Partitions Info]Centers;Before indexing;7
2017-12-04 12:12:20,989 -> [Partitions Info]Centers;After indexing;1024
2017-12-04 12:12:20,989 -> 04.Indexing centers... [2.163s] [72348 results]
2017-12-04 12:12:34,381 -> 05.Getting disks... [13.392s] [72348 results]
2017-12-04 12:12:35,885 -> 06.Filtering less-than-mu disks... [1.504s] [5877 results]
2017-12-04 12:12:43,604 -> 07.Prunning duplicate candidates... [7.718s] [3889 results]
2017-12-04 12:12:43,614 -> [Partitions Info]Candidates;Before indexing;200
2017-12-04 12:12:44,219 -> 08.Indexing candidates... [8.333s] [3889 results]
2017-12-04 12:12:44,608 -> [Partitions Info]Candidates;After indexing;9
2017-12-04 12:12:44,608 -> 09.Getting expansions... [0.389s] [5518 results]
2017-12-04 12:12:45,226 -> 10.Finding maximal disks... [0.618s] [240 results]
2017-12-04 12:12:48,233 -> 11.Prunning duplicates and subsets... [3.007s] [240 results]
2017-12-04 12:12:48,233 ->      Dataset,   Eps, Cores, Mu,   Time, # Pairs,   # Disks, # Candidates, # Maximals
2017-12-04 12:12:48,233 ->         B20K,  30.0,     7, 10,  55.88,   36174,     72348,         3889,        240
2017-12-04 12:12:48,282 -> Dropping indices...[0.049s]
2017-12-04 12:12:48,283 -> Finishing MaximalFinder at 12:12:48.283...
2017-12-04 12:12:48,283 -> Total time for MaximalFinder: 55.934ms...
2017-12-04 12:12:48,321 -> Closing session... [0.038s]
Done!!! Mon Dec  4 12:12:48 PST 2017
Running iteration 2/3 for B20K (epsilon = 10 , mu = 10)...
2017-12-04 12:12:51,928 -> Starting session... [1.410s]
2017-12-04 12:12:54,015 -> Reading dataset... [2.087s]
2017-12-04 12:12:54,069 -> Lauching MaximalFinder at 12:12:54.021...
2017-12-04 12:12:54,069 -> 00.Setting mu=10,epsilon=10.0,cores=7,dataset=B20K
2017-12-04 12:12:54,069 -> [Partitions Info]Points;Before indexing;7
2017-12-04 12:13:03,922 -> [Partitions Info]Points;After indexing;992
2017-12-04 12:13:03,922 -> 01.Indexing points... [9.853s] [19715 results]
2017-12-04 12:13:16,310 -> 02.Getting pairs... [12.388s] [11226 results]
2017-12-04 12:13:19,155 -> 03.Computing centers... [2.845s] [22452 results]
2017-12-04 12:13:19,155 -> [Partitions Info]Centers;Before indexing;7
2017-12-04 12:13:20,896 -> [Partitions Info]Centers;After indexing;1024
2017-12-04 12:13:20,896 -> 04.Indexing centers... [1.741s] [22452 results]
2017-12-04 12:13:32,213 -> 05.Getting disks... [11.316s] [22452 results]
2017-12-04 12:13:32,925 -> 06.Filtering less-than-mu disks... [0.712s] [210 results]
2017-12-04 12:13:38,265 -> 07.Prunning duplicate candidates... [5.340s] [111 results]
2017-12-04 12:13:38,275 -> [Partitions Info]Candidates;Before indexing;200
2017-12-04 12:13:38,833 -> 08.Indexing candidates... [5.908s] [111 results]
2017-12-04 12:13:39,051 -> [Partitions Info]Candidates;After indexing;9
2017-12-04 12:13:39,051 -> 09.Getting expansions... [0.218s] [466 results]
2017-12-04 12:13:39,487 -> 10.Finding maximal disks... [0.436s] [17 results]
2017-12-04 12:13:42,051 -> 11.Prunning duplicates and subsets... [2.564s] [17 results]
2017-12-04 12:13:42,051 ->      Dataset,   Eps, Cores, Mu,   Time, # Pairs,   # Disks, # Candidates, # Maximals
2017-12-04 12:13:42,052 ->         B20K,  10.0,     7, 10,  47.98,   11226,     22452,          111,         17
2017-12-04 12:13:42,097 -> Dropping indices...[0.045s]
2017-12-04 12:13:42,097 -> Finishing MaximalFinder at 12:13:42.097...
2017-12-04 12:13:42,097 -> Total time for MaximalFinder: 48.028ms...
2017-12-04 12:13:42,133 -> Closing session... [0.036s]
Done!!! Mon Dec  4 12:13:42 PST 2017
Running iteration 2/3 for B20K (epsilon = 20 , mu = 10)...
2017-12-04 12:13:45,748 -> Starting session... [1.401s]
2017-12-04 12:13:47,860 -> Reading dataset... [2.112s]
2017-12-04 12:13:47,909 -> Lauching MaximalFinder at 12:13:47.867...
2017-12-04 12:13:47,910 -> 00.Setting mu=10,epsilon=20.0,cores=7,dataset=B20K
2017-12-04 12:13:47,910 -> [Partitions Info]Points;Before indexing;7
2017-12-04 12:13:57,918 -> [Partitions Info]Points;After indexing;992
2017-12-04 12:13:57,918 -> 01.Indexing points... [10.008s] [19715 results]
2017-12-04 12:14:11,173 -> 02.Getting pairs... [13.255s] [23819 results]
2017-12-04 12:14:14,230 -> 03.Computing centers... [3.057s] [47638 results]
2017-12-04 12:14:14,231 -> [Partitions Info]Centers;Before indexing;7
2017-12-04 12:14:16,444 -> [Partitions Info]Centers;After indexing;1024
2017-12-04 12:14:16,444 -> 04.Indexing centers... [2.213s] [47638 results]
2017-12-04 12:14:28,925 -> 05.Getting disks... [12.481s] [47638 results]
2017-12-04 12:14:30,029 -> 06.Filtering less-than-mu disks... [1.103s] [2392 results]
2017-12-04 12:14:36,858 -> 07.Prunning duplicate candidates... [6.829s] [1524 results]
2017-12-04 12:14:36,864 -> [Partitions Info]Candidates;Before indexing;200
2017-12-04 12:14:37,429 -> 08.Indexing candidates... [7.400s] [1524 results]
2017-12-04 12:14:37,708 -> [Partitions Info]Candidates;After indexing;9
2017-12-04 12:14:37,708 -> 09.Getting expansions... [0.279s] [2613 results]
2017-12-04 12:14:38,233 -> 10.Finding maximal disks... [0.525s] [108 results]
2017-12-04 12:14:41,176 -> 11.Prunning duplicates and subsets... [2.943s] [108 results]
2017-12-04 12:14:41,177 ->      Dataset,   Eps, Cores, Mu,   Time, # Pairs,   # Disks, # Candidates, # Maximals
2017-12-04 12:14:41,177 ->         B20K,  20.0,     7, 10,  53.27,   23819,     47638,         1524,        108
2017-12-04 12:14:41,239 -> Dropping indices...[0.062s]
2017-12-04 12:14:41,240 -> Finishing MaximalFinder at 12:14:41.240...
2017-12-04 12:14:41,240 -> Total time for MaximalFinder: 53.331ms...
2017-12-04 12:14:41,276 -> Closing session... [0.036s]
Done!!! Mon Dec  4 12:14:41 PST 2017
Running iteration 2/3 for B20K (epsilon = 30 , mu = 10)...
2017-12-04 12:14:44,886 -> Starting session... [1.388s]
2017-12-04 12:14:47,112 -> Reading dataset... [2.225s]
2017-12-04 12:14:47,159 -> Lauching MaximalFinder at 12:14:47.118...
2017-12-04 12:14:47,160 -> 00.Setting mu=10,epsilon=30.0,cores=7,dataset=B20K
2017-12-04 12:14:47,160 -> [Partitions Info]Points;Before indexing;7
2017-12-04 12:14:56,940 -> [Partitions Info]Points;After indexing;992
2017-12-04 12:14:56,940 -> 01.Indexing points... [9.780s] [19715 results]
2017-12-04 12:15:10,098 -> 02.Getting pairs... [13.158s] [36174 results]
2017-12-04 12:15:13,444 -> 03.Computing centers... [3.346s] [72348 results]
2017-12-04 12:15:13,444 -> [Partitions Info]Centers;Before indexing;7
2017-12-04 12:15:15,604 -> [Partitions Info]Centers;After indexing;1024
2017-12-04 12:15:15,604 -> 04.Indexing centers... [2.160s] [72348 results]
2017-12-04 12:15:29,705 -> 05.Getting disks... [14.101s] [72348 results]
2017-12-04 12:15:30,995 -> 06.Filtering less-than-mu disks... [1.290s] [5877 results]
2017-12-04 12:15:38,689 -> 07.Prunning duplicate candidates... [7.693s] [3889 results]
2017-12-04 12:15:38,696 -> [Partitions Info]Candidates;Before indexing;200
2017-12-04 12:15:39,338 -> 08.Indexing candidates... [8.342s] [3889 results]
2017-12-04 12:15:39,657 -> [Partitions Info]Candidates;After indexing;9
2017-12-04 12:15:39,657 -> 09.Getting expansions... [0.318s] [5518 results]
2017-12-04 12:15:40,411 -> 10.Finding maximal disks... [0.754s] [240 results]
2017-12-04 12:15:43,371 -> 11.Prunning duplicates and subsets... [2.960s] [240 results]
2017-12-04 12:15:43,372 ->      Dataset,   Eps, Cores, Mu,   Time, # Pairs,   # Disks, # Candidates, # Maximals
2017-12-04 12:15:43,372 ->         B20K,  30.0,     7, 10,  56.21,   36174,     72348,         3889,        240
2017-12-04 12:15:43,427 -> Dropping indices...[0.055s]
2017-12-04 12:15:43,427 -> Finishing MaximalFinder at 12:15:43.427...
2017-12-04 12:15:43,427 -> Total time for MaximalFinder: 56.268ms...
2017-12-04 12:15:43,466 -> Closing session... [0.038s]
Done!!! Mon Dec  4 12:15:43 PST 2017
Running iteration 3/3 for B20K (epsilon = 10 , mu = 10)...
2017-12-04 12:15:47,132 -> Starting session... [1.412s]
2017-12-04 12:15:49,174 -> Reading dataset... [2.040s]
2017-12-04 12:15:49,221 -> Lauching MaximalFinder at 12:15:49.180...
2017-12-04 12:15:49,222 -> 00.Setting mu=10,epsilon=10.0,cores=7,dataset=B20K
2017-12-04 12:15:49,222 -> [Partitions Info]Points;Before indexing;7
2017-12-04 12:15:59,703 -> [Partitions Info]Points;After indexing;992
2017-12-04 12:15:59,704 -> 01.Indexing points... [10.482s] [19715 results]
2017-12-04 12:16:12,432 -> 02.Getting pairs... [12.728s] [11226 results]
2017-12-04 12:16:15,537 -> 03.Computing centers... [3.105s] [22452 results]
2017-12-04 12:16:15,537 -> [Partitions Info]Centers;Before indexing;7
2017-12-04 12:16:17,335 -> [Partitions Info]Centers;After indexing;1024
2017-12-04 12:16:17,335 -> 04.Indexing centers... [1.798s] [22452 results]
2017-12-04 12:16:28,910 -> 05.Getting disks... [11.575s] [22452 results]
2017-12-04 12:16:29,645 -> 06.Filtering less-than-mu disks... [0.735s] [210 results]
2017-12-04 12:16:34,958 -> 07.Prunning duplicate candidates... [5.313s] [111 results]
2017-12-04 12:16:34,968 -> [Partitions Info]Candidates;Before indexing;200
2017-12-04 12:16:35,547 -> 08.Indexing candidates... [5.902s] [111 results]
2017-12-04 12:16:35,764 -> [Partitions Info]Candidates;After indexing;9
2017-12-04 12:16:35,764 -> 09.Getting expansions... [0.217s] [466 results]
2017-12-04 12:16:36,186 -> 10.Finding maximal disks... [0.422s] [17 results]
2017-12-04 12:16:38,792 -> 11.Prunning duplicates and subsets... [2.606s] [17 results]
2017-12-04 12:16:38,792 ->      Dataset,   Eps, Cores, Mu,   Time, # Pairs,   # Disks, # Candidates, # Maximals
2017-12-04 12:16:38,793 ->         B20K,  10.0,     7, 10,  49.57,   11226,     22452,          111,         17
2017-12-04 12:16:38,849 -> Dropping indices...[0.056s]
2017-12-04 12:16:38,849 -> Finishing MaximalFinder at 12:16:38.849...
2017-12-04 12:16:38,849 -> Total time for MaximalFinder: 49.627ms...
2017-12-04 12:16:38,888 -> Closing session... [0.039s]
Done!!! Mon Dec  4 12:16:39 PST 2017
Running iteration 3/3 for B20K (epsilon = 20 , mu = 10)...
2017-12-04 12:16:42,498 -> Starting session... [1.393s]
2017-12-04 12:16:44,656 -> Reading dataset... [2.158s]
2017-12-04 12:16:44,707 -> Lauching MaximalFinder at 12:16:44.663...
2017-12-04 12:16:44,708 -> 00.Setting mu=10,epsilon=20.0,cores=7,dataset=B20K
2017-12-04 12:16:44,708 -> [Partitions Info]Points;Before indexing;7
2017-12-04 12:16:54,878 -> [Partitions Info]Points;After indexing;992
2017-12-04 12:16:54,878 -> 01.Indexing points... [10.170s] [19715 results]
2017-12-04 12:17:07,898 -> 02.Getting pairs... [13.020s] [23819 results]
2017-12-04 12:17:10,854 -> 03.Computing centers... [2.956s] [47638 results]
2017-12-04 12:17:10,854 -> [Partitions Info]Centers;Before indexing;7
2017-12-04 12:17:12,873 -> [Partitions Info]Centers;After indexing;1024
2017-12-04 12:17:12,873 -> 04.Indexing centers... [2.019s] [47638 results]
2017-12-04 12:17:25,497 -> 05.Getting disks... [12.624s] [47638 results]
2017-12-04 12:17:26,550 -> 06.Filtering less-than-mu disks... [1.053s] [2392 results]
2017-12-04 12:17:33,284 -> 07.Prunning duplicate candidates... [6.734s] [1524 results]
2017-12-04 12:17:33,292 -> [Partitions Info]Candidates;Before indexing;200
2017-12-04 12:17:33,935 -> 08.Indexing candidates... [7.385s] [1524 results]
2017-12-04 12:17:34,208 -> [Partitions Info]Candidates;After indexing;9
2017-12-04 12:17:34,208 -> 09.Getting expansions... [0.273s] [2613 results]
2017-12-04 12:17:34,703 -> 10.Finding maximal disks... [0.495s] [108 results]
2017-12-04 12:17:37,507 -> 11.Prunning duplicates and subsets... [2.803s] [108 results]
2017-12-04 12:17:37,507 ->      Dataset,   Eps, Cores, Mu,   Time, # Pairs,   # Disks, # Candidates, # Maximals
2017-12-04 12:17:37,507 ->         B20K,  20.0,     7, 10,  52.80,   23819,     47638,         1524,        108
2017-12-04 12:17:37,561 -> Dropping indices...[0.054s]
2017-12-04 12:17:37,561 -> Finishing MaximalFinder at 12:17:37.561...
2017-12-04 12:17:37,561 -> Total time for MaximalFinder: 52.854ms...
2017-12-04 12:17:37,599 -> Closing session... [0.038s]
Done!!! Mon Dec  4 12:17:38 PST 2017
Running iteration 3/3 for B20K (epsilon = 30 , mu = 10)...
2017-12-04 12:17:41,309 -> Starting session... [1.497s]
2017-12-04 12:17:43,492 -> Reading dataset... [2.183s]
2017-12-04 12:17:43,544 -> Lauching MaximalFinder at 12:17:43.502...
2017-12-04 12:17:43,544 -> 00.Setting mu=10,epsilon=30.0,cores=7,dataset=B20K
2017-12-04 12:17:43,545 -> [Partitions Info]Points;Before indexing;7
2017-12-04 12:17:53,488 -> [Partitions Info]Points;After indexing;992
2017-12-04 12:17:53,488 -> 01.Indexing points... [9.943s] [19715 results]
2017-12-04 12:18:06,507 -> 02.Getting pairs... [13.019s] [36174 results]
2017-12-04 12:18:09,626 -> 03.Computing centers... [3.119s] [72348 results]
2017-12-04 12:18:09,627 -> [Partitions Info]Centers;Before indexing;7
2017-12-04 12:18:11,812 -> [Partitions Info]Centers;After indexing;1024
2017-12-04 12:18:11,813 -> 04.Indexing centers... [2.187s] [72348 results]
2017-12-04 12:18:25,292 -> 05.Getting disks... [13.479s] [72348 results]
2017-12-04 12:18:26,680 -> 06.Filtering less-than-mu disks... [1.388s] [5877 results]
2017-12-04 12:18:34,376 -> 07.Prunning duplicate candidates... [7.695s] [3889 results]
2017-12-04 12:18:34,383 -> [Partitions Info]Candidates;Before indexing;200
2017-12-04 12:18:35,225 -> 08.Indexing candidates... [8.544s] [3889 results]
2017-12-04 12:18:35,538 -> [Partitions Info]Candidates;After indexing;9
2017-12-04 12:18:35,538 -> 09.Getting expansions... [0.313s] [5518 results]
2017-12-04 12:18:36,105 -> 10.Finding maximal disks... [0.567s] [240 results]
2017-12-04 12:18:39,030 -> 11.Prunning duplicates and subsets... [2.925s] [240 results]
2017-12-04 12:18:39,031 ->      Dataset,   Eps, Cores, Mu,   Time, # Pairs,   # Disks, # Candidates, # Maximals
2017-12-04 12:18:39,031 ->         B20K,  30.0,     7, 10,  55.49,   36174,     72348,         3889,        240
2017-12-04 12:18:39,083 -> Dropping indices...[0.052s]
2017-12-04 12:18:39,084 -> Finishing MaximalFinder at 12:18:39.083...
2017-12-04 12:18:39,084 -> Total time for MaximalFinder: 55.539ms...
2017-12-04 12:18:39,120 -> Closing session... [0.036s]
Done!!! Mon Dec  4 12:18:39 PST 2017
acald013@dblab-rack14: stopping org.apache.spark.deploy.worker.Worker
stopping org.apache.spark.deploy.master.Master
starting org.apache.spark.deploy.master.Master, logging to /home/acald013/Spark/spark-2.1.0-bin-hadoop2.7/logs/spark-acald013-org.apache.spark.deploy.master.Master-1-dblab-rack11.cs.ucr.edu.out
acald013@dblab-rack14: starting org.apache.spark.deploy.worker.Worker, logging to /home/acald013/Spark/spark-2.1.0-bin-hadoop2.7/logs/spark-acald013-org.apache.spark.deploy.worker.Worker-1-dblab-rack14.cs.ucr.edu.out
acald013@dblab-rack11: starting org.apache.spark.deploy.worker.Worker, logging to /home/acald013/Spark/spark-2.1.0-bin-hadoop2.7/logs/spark-acald013-org.apache.spark.deploy.worker.Worker-1-dblab-rack11.cs.ucr.edu.out
Running iteration 1/3 for B40K (epsilon = 10 , mu = 10)...
2017-12-04 12:18:48,589 -> Starting session... [1.673s]
2017-12-04 12:18:51,254 -> Reading dataset... [2.665s]
2017-12-04 12:18:51,294 -> Lauching MaximalFinder at 12:18:51.259...
2017-12-04 12:18:51,295 -> 00.Setting mu=10,epsilon=10.0,cores=14,dataset=B40K
2017-12-04 12:18:51,295 -> [Partitions Info]Points;Before indexing;14
2017-12-04 12:19:03,120 -> [Partitions Info]Points;After indexing;1024
2017-12-04 12:19:03,120 -> 01.Indexing points... [11.825s] [39429 results]
2017-12-04 12:19:14,261 -> 02.Getting pairs... [11.141s] [22452 results]
2017-12-04 12:19:16,888 -> 03.Computing centers... [2.627s] [44904 results]
2017-12-04 12:19:16,889 -> [Partitions Info]Centers;Before indexing;14
2017-12-04 12:19:18,848 -> [Partitions Info]Centers;After indexing;1024
2017-12-04 12:19:18,848 -> 04.Indexing centers... [1.959s] [44904 results]
2017-12-04 12:19:28,511 -> 05.Getting disks... [9.663s] [44904 results]
2017-12-04 12:19:29,352 -> 06.Filtering less-than-mu disks... [0.840s] [420 results]
2017-12-04 12:19:34,201 -> 07.Prunning duplicate candidates... [4.849s] [222 results]
2017-12-04 12:19:34,208 -> [Partitions Info]Candidates;Before indexing;200
2017-12-04 12:19:34,771 -> 08.Indexing candidates... [5.419s] [222 results]
2017-12-04 12:19:34,980 -> [Partitions Info]Candidates;After indexing;16
2017-12-04 12:19:34,980 -> 09.Getting expansions... [0.209s] [889 results]
2017-12-04 12:19:35,448 -> 10.Finding maximal disks... [0.468s] [34 results]
2017-12-04 12:19:38,075 -> 11.Prunning duplicates and subsets... [2.627s] [34 results]
2017-12-04 12:19:38,076 ->      Dataset,   Eps, Cores, Mu,   Time, # Pairs,   # Disks, # Candidates, # Maximals
2017-12-04 12:19:38,076 ->         B40K,  10.0,    14, 10,  46.78,   22452,     44904,          222,         34
2017-12-04 12:19:38,133 -> Dropping indices...[0.057s]
2017-12-04 12:19:38,133 -> Finishing MaximalFinder at 12:19:38.133...
2017-12-04 12:19:38,133 -> Total time for MaximalFinder: 46.839ms...
2017-12-04 12:19:38,177 -> Closing session... [0.044s]
Done!!! Mon Dec  4 12:19:38 PST 2017
Running iteration 1/3 for B40K (epsilon = 20 , mu = 10)...
2017-12-04 12:19:41,923 -> Starting session... [1.494s]
2017-12-04 12:19:44,772 -> Reading dataset... [2.848s]
2017-12-04 12:19:44,807 -> Lauching MaximalFinder at 12:19:44.776...
2017-12-04 12:19:44,808 -> 00.Setting mu=10,epsilon=20.0,cores=14,dataset=B40K
2017-12-04 12:19:44,808 -> [Partitions Info]Points;Before indexing;14
2017-12-04 12:19:56,665 -> [Partitions Info]Points;After indexing;1024
2017-12-04 12:19:56,666 -> 01.Indexing points... [11.858s] [39429 results]
2017-12-04 12:20:07,963 -> 02.Getting pairs... [11.297s] [47638 results]
2017-12-04 12:20:10,822 -> 03.Computing centers... [2.859s] [95276 results]
2017-12-04 12:20:10,823 -> [Partitions Info]Centers;Before indexing;14
2017-12-04 12:20:12,620 -> [Partitions Info]Centers;After indexing;1024
2017-12-04 12:20:12,620 -> 04.Indexing centers... [1.797s] [95276 results]
2017-12-04 12:20:22,922 -> 05.Getting disks... [10.301s] [95276 results]
2017-12-04 12:20:24,003 -> 06.Filtering less-than-mu disks... [1.081s] [4784 results]
2017-12-04 12:20:30,738 -> 07.Prunning duplicate candidates... [6.735s] [3048 results]
2017-12-04 12:20:30,747 -> [Partitions Info]Candidates;Before indexing;200
2017-12-04 12:20:31,307 -> 08.Indexing candidates... [7.304s] [3048 results]
2017-12-04 12:20:31,554 -> [Partitions Info]Candidates;After indexing;16
2017-12-04 12:20:31,554 -> 09.Getting expansions... [0.247s] [5824 results]
2017-12-04 12:20:32,104 -> 10.Finding maximal disks... [0.550s] [216 results]
2017-12-04 12:20:34,861 -> 11.Prunning duplicates and subsets... [2.757s] [216 results]
2017-12-04 12:20:34,861 ->      Dataset,   Eps, Cores, Mu,   Time, # Pairs,   # Disks, # Candidates, # Maximals
2017-12-04 12:20:34,862 ->         B40K,  20.0,    14, 10,  50.05,   47638,     95276,         3048,        216
2017-12-04 12:20:34,926 -> Dropping indices...[0.064s]
2017-12-04 12:20:34,926 -> Finishing MaximalFinder at 12:20:34.926...
2017-12-04 12:20:34,926 -> Total time for MaximalFinder: 50.118ms...
2017-12-04 12:20:35,009 -> Closing session... [0.083s]
Done!!! Mon Dec  4 12:20:35 PST 2017
Running iteration 1/3 for B40K (epsilon = 30 , mu = 10)...
2017-12-04 12:20:39,066 -> Starting session... [1.715s]
2017-12-04 12:20:41,591 -> Reading dataset... [2.524s]
2017-12-04 12:20:41,626 -> Lauching MaximalFinder at 12:20:41.596...
2017-12-04 12:20:41,627 -> 00.Setting mu=10,epsilon=30.0,cores=14,dataset=B40K
2017-12-04 12:20:41,627 -> [Partitions Info]Points;Before indexing;14
2017-12-04 12:20:53,046 -> [Partitions Info]Points;After indexing;1024
2017-12-04 12:20:53,046 -> 01.Indexing points... [11.419s] [39429 results]
2017-12-04 12:21:04,805 -> 02.Getting pairs... [11.759s] [72348 results]
2017-12-04 12:21:07,966 -> 03.Computing centers... [3.161s] [144696 results]
2017-12-04 12:21:07,966 -> [Partitions Info]Centers;Before indexing;14
2017-12-04 12:21:10,010 -> [Partitions Info]Centers;After indexing;1024
2017-12-04 12:21:10,010 -> 04.Indexing centers... [2.044s] [144696 results]
2017-12-04 12:21:21,889 -> 05.Getting disks... [11.879s] [144696 results]
2017-12-04 12:21:23,404 -> 06.Filtering less-than-mu disks... [1.515s] [11754 results]
2017-12-04 12:21:30,613 -> 07.Prunning duplicate candidates... [7.209s] [7778 results]
2017-12-04 12:21:30,623 -> [Partitions Info]Candidates;Before indexing;200
2017-12-04 12:21:31,267 -> 08.Indexing candidates... [7.863s] [7778 results]
2017-12-04 12:21:31,615 -> [Partitions Info]Candidates;After indexing;16
2017-12-04 12:21:31,615 -> 09.Getting expansions... [0.348s] [10911 results]
2017-12-04 12:21:32,233 -> 10.Finding maximal disks... [0.618s] [480 results]
2017-12-04 12:21:34,851 -> 11.Prunning duplicates and subsets... [2.618s] [480 results]
2017-12-04 12:21:34,851 ->      Dataset,   Eps, Cores, Mu,   Time, # Pairs,   # Disks, # Candidates, # Maximals
2017-12-04 12:21:34,851 ->         B40K,  30.0,    14, 10,  53.22,   72348,    144696,         7778,        480
2017-12-04 12:21:34,920 -> Dropping indices...[0.068s]
2017-12-04 12:21:34,920 -> Finishing MaximalFinder at 12:21:34.920...
2017-12-04 12:21:34,920 -> Total time for MaximalFinder: 53.294ms...
2017-12-04 12:21:34,962 -> Closing session... [0.042s]
Done!!! Mon Dec  4 12:21:35 PST 2017
Running iteration 2/3 for B40K (epsilon = 10 , mu = 10)...
2017-12-04 12:21:38,839 -> Starting session... [1.655s]
2017-12-04 12:21:41,531 -> Reading dataset... [2.692s]
2017-12-04 12:21:41,577 -> Lauching MaximalFinder at 12:21:41.538...
2017-12-04 12:21:41,577 -> 00.Setting mu=10,epsilon=10.0,cores=14,dataset=B40K
2017-12-04 12:21:41,577 -> [Partitions Info]Points;Before indexing;14
2017-12-04 12:21:53,737 -> [Partitions Info]Points;After indexing;1024
2017-12-04 12:21:53,738 -> 01.Indexing points... [12.161s] [39429 results]
2017-12-04 12:22:05,085 -> 02.Getting pairs... [11.347s] [22452 results]
2017-12-04 12:22:07,797 -> 03.Computing centers... [2.711s] [44904 results]
2017-12-04 12:22:07,797 -> [Partitions Info]Centers;Before indexing;14
2017-12-04 12:22:09,836 -> [Partitions Info]Centers;After indexing;1024
2017-12-04 12:22:09,836 -> 04.Indexing centers... [2.039s] [44904 results]
2017-12-04 12:22:20,083 -> 05.Getting disks... [10.247s] [44904 results]
2017-12-04 12:22:20,996 -> 06.Filtering less-than-mu disks... [0.913s] [420 results]
2017-12-04 12:22:25,611 -> 07.Prunning duplicate candidates... [4.615s] [222 results]
2017-12-04 12:22:25,617 -> [Partitions Info]Candidates;Before indexing;200
2017-12-04 12:22:26,270 -> 08.Indexing candidates... [5.274s] [222 results]
2017-12-04 12:22:26,605 -> [Partitions Info]Candidates;After indexing;16
2017-12-04 12:22:26,605 -> 09.Getting expansions... [0.335s] [889 results]
2017-12-04 12:22:27,214 -> 10.Finding maximal disks... [0.609s] [34 results]
2017-12-04 12:22:29,540 -> 11.Prunning duplicates and subsets... [2.326s] [34 results]
2017-12-04 12:22:29,540 ->      Dataset,   Eps, Cores, Mu,   Time, # Pairs,   # Disks, # Candidates, # Maximals
2017-12-04 12:22:29,541 ->         B40K,  10.0,    14, 10,  47.96,   22452,     44904,          222,         34
2017-12-04 12:22:29,620 -> Dropping indices...[0.079s]
2017-12-04 12:22:29,620 -> Finishing MaximalFinder at 12:22:29.620...
2017-12-04 12:22:29,620 -> Total time for MaximalFinder: 48.043ms...
2017-12-04 12:22:29,667 -> Closing session... [0.047s]
Done!!! Mon Dec  4 12:22:30 PST 2017
Running iteration 2/3 for B40K (epsilon = 20 , mu = 10)...
2017-12-04 12:22:33,655 -> Starting session... [1.685s]
2017-12-04 12:22:36,360 -> Reading dataset... [2.704s]
2017-12-04 12:22:36,400 -> Lauching MaximalFinder at 12:22:36.367...
2017-12-04 12:22:36,401 -> 00.Setting mu=10,epsilon=20.0,cores=14,dataset=B40K
2017-12-04 12:22:36,401 -> [Partitions Info]Points;Before indexing;14
2017-12-04 12:22:48,182 -> [Partitions Info]Points;After indexing;1024
2017-12-04 12:22:48,182 -> 01.Indexing points... [11.781s] [39429 results]
2017-12-04 12:22:59,558 -> 02.Getting pairs... [11.376s] [47638 results]
2017-12-04 12:23:02,255 -> 03.Computing centers... [2.697s] [95276 results]
2017-12-04 12:23:02,255 -> [Partitions Info]Centers;Before indexing;14
2017-12-04 12:23:04,343 -> [Partitions Info]Centers;After indexing;1024
2017-12-04 12:23:04,343 -> 04.Indexing centers... [2.088s] [95276 results]
2017-12-04 12:23:16,000 -> 05.Getting disks... [11.657s] [95276 results]
2017-12-04 12:23:16,965 -> 06.Filtering less-than-mu disks... [0.965s] [4784 results]
2017-12-04 12:23:22,895 -> 07.Prunning duplicate candidates... [5.930s] [3048 results]
2017-12-04 12:23:22,902 -> [Partitions Info]Candidates;Before indexing;200
2017-12-04 12:23:23,490 -> 08.Indexing candidates... [6.525s] [3048 results]
2017-12-04 12:23:23,792 -> [Partitions Info]Candidates;After indexing;16
2017-12-04 12:23:23,792 -> 09.Getting expansions... [0.302s] [5824 results]
2017-12-04 12:23:24,332 -> 10.Finding maximal disks... [0.540s] [216 results]
2017-12-04 12:23:26,809 -> 11.Prunning duplicates and subsets... [2.477s] [216 results]
2017-12-04 12:23:26,809 ->      Dataset,   Eps, Cores, Mu,   Time, # Pairs,   # Disks, # Candidates, # Maximals
2017-12-04 12:23:26,809 ->         B40K,  20.0,    14, 10,  50.41,   47638,     95276,         3048,        216
2017-12-04 12:23:26,870 -> Dropping indices...[0.061s]
2017-12-04 12:23:26,870 -> Finishing MaximalFinder at 12:23:26.870...
2017-12-04 12:23:26,870 -> Total time for MaximalFinder: 50.469ms...
2017-12-04 12:23:26,909 -> Closing session... [0.039s]
Done!!! Mon Dec  4 12:23:27 PST 2017
Running iteration 2/3 for B40K (epsilon = 30 , mu = 10)...
2017-12-04 12:23:30,740 -> Starting session... [1.557s]
2017-12-04 12:23:33,617 -> Reading dataset... [2.876s]
2017-12-04 12:23:33,654 -> Lauching MaximalFinder at 12:23:33.621...
2017-12-04 12:23:33,654 -> 00.Setting mu=10,epsilon=30.0,cores=14,dataset=B40K
2017-12-04 12:23:33,654 -> [Partitions Info]Points;Before indexing;14
2017-12-04 12:23:45,742 -> [Partitions Info]Points;After indexing;1024
2017-12-04 12:23:45,743 -> 01.Indexing points... [12.089s] [39429 results]
2017-12-04 12:23:57,916 -> 02.Getting pairs... [12.173s] [72348 results]
2017-12-04 12:24:00,894 -> 03.Computing centers... [2.978s] [144696 results]
2017-12-04 12:24:00,895 -> [Partitions Info]Centers;Before indexing;14
2017-12-04 12:24:02,908 -> [Partitions Info]Centers;After indexing;1024
2017-12-04 12:24:02,908 -> 04.Indexing centers... [2.013s] [144696 results]
2017-12-04 12:24:14,432 -> 05.Getting disks... [11.524s] [144696 results]
2017-12-04 12:24:15,939 -> 06.Filtering less-than-mu disks... [1.507s] [11754 results]
2017-12-04 12:24:22,925 -> 07.Prunning duplicate candidates... [6.986s] [7778 results]
2017-12-04 12:24:22,931 -> [Partitions Info]Candidates;Before indexing;200
2017-12-04 12:24:23,607 -> 08.Indexing candidates... [7.668s] [7778 results]
2017-12-04 12:24:23,878 -> [Partitions Info]Candidates;After indexing;16
2017-12-04 12:24:23,878 -> 09.Getting expansions... [0.271s] [10911 results]
2017-12-04 12:24:24,439 -> 10.Finding maximal disks... [0.561s] [480 results]
2017-12-04 12:24:26,978 -> 11.Prunning duplicates and subsets... [2.539s] [480 results]
2017-12-04 12:24:26,979 ->      Dataset,   Eps, Cores, Mu,   Time, # Pairs,   # Disks, # Candidates, # Maximals
2017-12-04 12:24:26,979 ->         B40K,  30.0,    14, 10,  53.32,   72348,    144696,         7778,        480
2017-12-04 12:24:27,033 -> Dropping indices...[0.054s]
2017-12-04 12:24:27,034 -> Finishing MaximalFinder at 12:24:27.033...
2017-12-04 12:24:27,034 -> Total time for MaximalFinder: 53.379ms...
2017-12-04 12:24:27,076 -> Closing session... [0.042s]
Done!!! Mon Dec  4 12:24:27 PST 2017
Running iteration 3/3 for B40K (epsilon = 10 , mu = 10)...
2017-12-04 12:24:30,841 -> Starting session... [1.497s]
2017-12-04 12:24:33,843 -> Reading dataset... [3.001s]
2017-12-04 12:24:33,896 -> Lauching MaximalFinder at 12:24:33.849...
2017-12-04 12:24:33,897 -> 00.Setting mu=10,epsilon=10.0,cores=14,dataset=B40K
2017-12-04 12:24:33,897 -> [Partitions Info]Points;Before indexing;14
2017-12-04 12:24:45,337 -> [Partitions Info]Points;After indexing;1024
2017-12-04 12:24:45,337 -> 01.Indexing points... [11.440s] [39429 results]
2017-12-04 12:24:56,245 -> 02.Getting pairs... [10.907s] [22452 results]
2017-12-04 12:24:58,993 -> 03.Computing centers... [2.747s] [44904 results]
2017-12-04 12:24:58,993 -> [Partitions Info]Centers;Before indexing;14
2017-12-04 12:25:00,877 -> [Partitions Info]Centers;After indexing;1024
2017-12-04 12:25:00,877 -> 04.Indexing centers... [1.884s] [44904 results]
2017-12-04 12:25:10,174 -> 05.Getting disks... [9.297s] [44904 results]
2017-12-04 12:25:11,001 -> 06.Filtering less-than-mu disks... [0.827s] [420 results]
2017-12-04 12:25:15,262 -> 07.Prunning duplicate candidates... [4.261s] [222 results]
2017-12-04 12:25:15,270 -> [Partitions Info]Candidates;Before indexing;200
2017-12-04 12:25:15,783 -> 08.Indexing candidates... [4.782s] [222 results]
2017-12-04 12:25:16,036 -> [Partitions Info]Candidates;After indexing;16
2017-12-04 12:25:16,036 -> 09.Getting expansions... [0.253s] [889 results]
2017-12-04 12:25:16,476 -> 10.Finding maximal disks... [0.440s] [34 results]
2017-12-04 12:25:18,914 -> 11.Prunning duplicates and subsets... [2.438s] [34 results]
2017-12-04 12:25:18,914 ->      Dataset,   Eps, Cores, Mu,   Time, # Pairs,   # Disks, # Candidates, # Maximals
2017-12-04 12:25:18,914 ->         B40K,  10.0,    14, 10,  45.02,   22452,     44904,          222,         34
2017-12-04 12:25:18,980 -> Dropping indices...[0.066s]
2017-12-04 12:25:18,980 -> Finishing MaximalFinder at 12:25:18.980...
2017-12-04 12:25:18,980 -> Total time for MaximalFinder: 45.084ms...
2017-12-04 12:25:19,031 -> Closing session... [0.051s]
Done!!! Mon Dec  4 12:25:20 PST 2017
Running iteration 3/3 for B40K (epsilon = 20 , mu = 10)...
2017-12-04 12:25:23,626 -> Starting session... [1.475s]
2017-12-04 12:25:26,491 -> Reading dataset... [2.865s]
2017-12-04 12:25:26,549 -> Lauching MaximalFinder at 12:25:26.499...
2017-12-04 12:25:26,549 -> 00.Setting mu=10,epsilon=20.0,cores=14,dataset=B40K
2017-12-04 12:25:26,549 -> [Partitions Info]Points;Before indexing;14
2017-12-04 12:25:38,228 -> [Partitions Info]Points;After indexing;1024
2017-12-04 12:25:38,228 -> 01.Indexing points... [11.679s] [39429 results]
2017-12-04 12:25:49,561 -> 02.Getting pairs... [11.333s] [47638 results]
2017-12-04 12:25:52,335 -> 03.Computing centers... [2.773s] [95276 results]
2017-12-04 12:25:52,335 -> [Partitions Info]Centers;Before indexing;14
2017-12-04 12:25:54,268 -> [Partitions Info]Centers;After indexing;1024
2017-12-04 12:25:54,268 -> 04.Indexing centers... [1.933s] [95276 results]
2017-12-04 12:26:05,367 -> 05.Getting disks... [11.099s] [95276 results]
2017-12-04 12:26:06,491 -> 06.Filtering less-than-mu disks... [1.124s] [4784 results]
2017-12-04 12:26:12,899 -> 07.Prunning duplicate candidates... [6.408s] [3048 results]
2017-12-04 12:26:12,908 -> [Partitions Info]Candidates;Before indexing;200
2017-12-04 12:26:13,539 -> 08.Indexing candidates... [7.048s] [3048 results]
2017-12-04 12:26:13,885 -> [Partitions Info]Candidates;After indexing;16
2017-12-04 12:26:13,885 -> 09.Getting expansions... [0.346s] [5824 results]
2017-12-04 12:26:14,419 -> 10.Finding maximal disks... [0.534s] [216 results]
2017-12-04 12:26:16,951 -> 11.Prunning duplicates and subsets... [2.532s] [216 results]
2017-12-04 12:26:16,951 ->      Dataset,   Eps, Cores, Mu,   Time, # Pairs,   # Disks, # Candidates, # Maximals
2017-12-04 12:26:16,952 ->         B40K,  20.0,    14, 10,  50.40,   47638,     95276,         3048,        216
2017-12-04 12:26:17,024 -> Dropping indices...[0.072s]
2017-12-04 12:26:17,025 -> Finishing MaximalFinder at 12:26:17.025...
2017-12-04 12:26:17,025 -> Total time for MaximalFinder: 50.476ms...
2017-12-04 12:26:17,108 -> Closing session... [0.083s]
Done!!! Mon Dec  4 12:26:17 PST 2017
Running iteration 3/3 for B40K (epsilon = 30 , mu = 10)...
2017-12-04 12:26:21,127 -> Starting session... [1.684s]
2017-12-04 12:26:23,995 -> Reading dataset... [2.867s]
2017-12-04 12:26:24,032 -> Lauching MaximalFinder at 12:26:24.000...
2017-12-04 12:26:24,033 -> 00.Setting mu=10,epsilon=30.0,cores=14,dataset=B40K
2017-12-04 12:26:24,033 -> [Partitions Info]Points;Before indexing;14
2017-12-04 12:26:35,401 -> [Partitions Info]Points;After indexing;1024
2017-12-04 12:26:35,401 -> 01.Indexing points... [11.368s] [39429 results]
2017-12-04 12:26:47,100 -> 02.Getting pairs... [11.699s] [72348 results]
2017-12-04 12:26:50,045 -> 03.Computing centers... [2.944s] [144696 results]
2017-12-04 12:26:50,045 -> [Partitions Info]Centers;Before indexing;14
2017-12-04 12:26:52,375 -> [Partitions Info]Centers;After indexing;1024
2017-12-04 12:26:52,375 -> 04.Indexing centers... [2.330s] [144696 results]
2017-12-04 12:27:03,742 -> 05.Getting disks... [11.366s] [144696 results]
2017-12-04 12:27:05,625 -> 06.Filtering less-than-mu disks... [1.883s] [11754 results]
2017-12-04 12:27:12,542 -> 07.Prunning duplicate candidates... [6.917s] [7778 results]
2017-12-04 12:27:12,551 -> [Partitions Info]Candidates;Before indexing;200
2017-12-04 12:27:13,122 -> 08.Indexing candidates... [7.497s] [7778 results]
2017-12-04 12:27:13,465 -> [Partitions Info]Candidates;After indexing;16
2017-12-04 12:27:13,465 -> 09.Getting expansions... [0.343s] [10911 results]
2017-12-04 12:27:14,067 -> 10.Finding maximal disks... [0.602s] [480 results]
2017-12-04 12:27:16,652 -> 11.Prunning duplicates and subsets... [2.585s] [480 results]
2017-12-04 12:27:16,653 ->      Dataset,   Eps, Cores, Mu,   Time, # Pairs,   # Disks, # Candidates, # Maximals
2017-12-04 12:27:16,653 ->         B40K,  30.0,    14, 10,  52.62,   72348,    144696,         7778,        480
2017-12-04 12:27:16,717 -> Dropping indices...[0.064s]
2017-12-04 12:27:16,718 -> Finishing MaximalFinder at 12:27:16.718...
2017-12-04 12:27:16,718 -> Total time for MaximalFinder: 52.686ms...
2017-12-04 12:27:16,760 -> Closing session... [0.042s]
Done!!! Mon Dec  4 12:27:17 PST 2017
acald013@dblab-rack14: stopping org.apache.spark.deploy.worker.Worker
acald013@dblab-rack11: stopping org.apache.spark.deploy.worker.Worker
stopping org.apache.spark.deploy.master.Master
starting org.apache.spark.deploy.master.Master, logging to /home/acald013/Spark/spark-2.1.0-bin-hadoop2.7/logs/spark-acald013-org.apache.spark.deploy.master.Master-1-dblab-rack11.cs.ucr.edu.out
acald013@dblab-rack12: starting org.apache.spark.deploy.worker.Worker, logging to /home/acald013/Spark/spark-2.1.0-bin-hadoop2.7/logs/spark-acald013-org.apache.spark.deploy.worker.Worker-1-dblab-rack12.out
acald013@dblab-rack14: starting org.apache.spark.deploy.worker.Worker, logging to /home/acald013/Spark/spark-2.1.0-bin-hadoop2.7/logs/spark-acald013-org.apache.spark.deploy.worker.Worker-1-dblab-rack14.cs.ucr.edu.out
acald013@dblab-rack11: starting org.apache.spark.deploy.worker.Worker, logging to /home/acald013/Spark/spark-2.1.0-bin-hadoop2.7/logs/spark-acald013-org.apache.spark.deploy.worker.Worker-1-dblab-rack11.cs.ucr.edu.out
Running iteration 1/3 for B60K (epsilon = 10 , mu = 10)...
2017-12-04 12:27:26,255 -> Starting session... [1.745s]
2017-12-04 12:27:29,269 -> Reading dataset... [3.014s]
2017-12-04 12:27:29,315 -> Lauching MaximalFinder at 12:27:29.276...
2017-12-04 12:27:29,316 -> 00.Setting mu=10,epsilon=10.0,cores=21,dataset=B60K
2017-12-04 12:27:29,316 -> [Partitions Info]Points;Before indexing;21
2017-12-04 12:27:39,582 -> [Partitions Info]Points;After indexing;1024
2017-12-04 12:27:39,582 -> 01.Indexing points... [10.266s] [59143 results]
2017-12-04 12:27:48,945 -> 02.Getting pairs... [9.363s] [33678 results]
2017-12-04 12:27:51,192 -> 03.Computing centers... [2.247s] [67356 results]
2017-12-04 12:27:51,192 -> [Partitions Info]Centers;Before indexing;21
2017-12-04 12:27:52,784 -> [Partitions Info]Centers;After indexing;1024
2017-12-04 12:27:52,784 -> 04.Indexing centers... [1.592s] [67356 results]
2017-12-04 12:28:00,568 -> 05.Getting disks... [7.784s] [67356 results]
2017-12-04 12:28:01,406 -> 06.Filtering less-than-mu disks... [0.838s] [630 results]
2017-12-04 12:28:05,963 -> 07.Prunning duplicate candidates... [4.557s] [333 results]
2017-12-04 12:28:05,971 -> [Partitions Info]Candidates;Before indexing;200
2017-12-04 12:28:06,545 -> 08.Indexing candidates... [5.139s] [333 results]
2017-12-04 12:28:06,732 -> [Partitions Info]Candidates;After indexing;25
2017-12-04 12:28:06,732 -> 09.Getting expansions... [0.187s] [1652 results]
2017-12-04 12:28:07,269 -> 10.Finding maximal disks... [0.537s] [51 results]
2017-12-04 12:28:09,444 -> 11.Prunning duplicates and subsets... [2.175s] [51 results]
2017-12-04 12:28:09,444 ->      Dataset,   Eps, Cores, Mu,   Time, # Pairs,   # Disks, # Candidates, # Maximals
2017-12-04 12:28:09,445 ->         B60K,  10.0,    21, 10,  40.13,   33678,     67356,          333,         51
2017-12-04 12:28:09,505 -> Dropping indices...[0.060s]
2017-12-04 12:28:09,505 -> Finishing MaximalFinder at 12:28:09.505...
2017-12-04 12:28:09,505 -> Total time for MaximalFinder: 40.190ms...
2017-12-04 12:28:09,553 -> Closing session... [0.048s]
Done!!! Mon Dec  4 12:28:10 PST 2017
Running iteration 1/3 for B60K (epsilon = 20 , mu = 10)...
2017-12-04 12:28:13,428 -> Starting session... [1.639s]
2017-12-04 12:28:16,105 -> Reading dataset... [2.677s]
2017-12-04 12:28:16,140 -> Lauching MaximalFinder at 12:28:16.110...
2017-12-04 12:28:16,141 -> 00.Setting mu=10,epsilon=20.0,cores=21,dataset=B60K
2017-12-04 12:28:16,141 -> [Partitions Info]Points;Before indexing;21
2017-12-04 12:28:26,926 -> [Partitions Info]Points;After indexing;1024
2017-12-04 12:28:26,926 -> 01.Indexing points... [10.785s] [59143 results]
2017-12-04 12:28:36,457 -> 02.Getting pairs... [9.530s] [71457 results]
2017-12-04 12:28:38,997 -> 03.Computing centers... [2.540s] [142914 results]
2017-12-04 12:28:38,997 -> [Partitions Info]Centers;Before indexing;21
2017-12-04 12:28:41,120 -> [Partitions Info]Centers;After indexing;1024
2017-12-04 12:28:41,120 -> 04.Indexing centers... [2.123s] [142914 results]
2017-12-04 12:28:50,330 -> 05.Getting disks... [9.210s] [142914 results]
2017-12-04 12:28:51,669 -> 06.Filtering less-than-mu disks... [1.339s] [7176 results]
2017-12-04 12:28:58,181 -> 07.Prunning duplicate candidates... [6.512s] [4572 results]
2017-12-04 12:28:58,188 -> [Partitions Info]Candidates;Before indexing;200
2017-12-04 12:28:58,697 -> 08.Indexing candidates... [7.028s] [4572 results]
2017-12-04 12:28:58,945 -> [Partitions Info]Candidates;After indexing;25
2017-12-04 12:28:58,945 -> 09.Getting expansions... [0.248s] [9578 results]
2017-12-04 12:28:59,517 -> 10.Finding maximal disks... [0.572s] [324 results]
2017-12-04 12:29:01,661 -> 11.Prunning duplicates and subsets... [2.144s] [324 results]
2017-12-04 12:29:01,661 ->      Dataset,   Eps, Cores, Mu,   Time, # Pairs,   # Disks, # Candidates, # Maximals
2017-12-04 12:29:01,662 ->         B60K,  20.0,    21, 10,  45.52,   71457,    142914,         4572,        324
2017-12-04 12:29:01,733 -> Dropping indices...[0.071s]
2017-12-04 12:29:01,734 -> Finishing MaximalFinder at 12:29:01.733...
2017-12-04 12:29:01,734 -> Total time for MaximalFinder: 45.593ms...
2017-12-04 12:29:01,780 -> Closing session... [0.046s]
Done!!! Mon Dec  4 12:29:02 PST 2017
Running iteration 1/3 for B60K (epsilon = 30 , mu = 10)...
2017-12-04 12:29:05,582 -> Starting session... [1.581s]
2017-12-04 12:29:08,545 -> Reading dataset... [2.962s]
2017-12-04 12:29:08,600 -> Lauching MaximalFinder at 12:29:08.553...
2017-12-04 12:29:08,601 -> 00.Setting mu=10,epsilon=30.0,cores=21,dataset=B60K
2017-12-04 12:29:08,601 -> [Partitions Info]Points;Before indexing;21
2017-12-04 12:29:19,057 -> [Partitions Info]Points;After indexing;1024
2017-12-04 12:29:19,058 -> 01.Indexing points... [10.456s] [59143 results]
2017-12-04 12:29:29,074 -> 02.Getting pairs... [10.016s] [108522 results]
2017-12-04 12:29:31,616 -> 03.Computing centers... [2.542s] [217044 results]
2017-12-04 12:29:31,616 -> [Partitions Info]Centers;Before indexing;21
2017-12-04 12:29:33,758 -> [Partitions Info]Centers;After indexing;1024
2017-12-04 12:29:33,759 -> 04.Indexing centers... [2.143s] [217044 results]
2017-12-04 12:29:44,999 -> 05.Getting disks... [11.240s] [217044 results]
2017-12-04 12:29:46,710 -> 06.Filtering less-than-mu disks... [1.711s] [17631 results]
2017-12-04 12:29:53,391 -> 07.Prunning duplicate candidates... [6.681s] [11667 results]
2017-12-04 12:29:53,401 -> [Partitions Info]Candidates;Before indexing;200
2017-12-04 12:29:54,033 -> 08.Indexing candidates... [7.323s] [11667 results]
2017-12-04 12:29:54,308 -> [Partitions Info]Candidates;After indexing;25
2017-12-04 12:29:54,308 -> 09.Getting expansions... [0.275s] [17632 results]
2017-12-04 12:29:54,930 -> 10.Finding maximal disks... [0.622s] [720 results]
2017-12-04 12:29:57,209 -> 11.Prunning duplicates and subsets... [2.278s] [720 results]
2017-12-04 12:29:57,209 ->      Dataset,   Eps, Cores, Mu,   Time, # Pairs,   # Disks, # Candidates, # Maximals
2017-12-04 12:29:57,210 ->         B60K,  30.0,    21, 10,  48.61,  108522,    217044,        11667,        720
2017-12-04 12:29:57,262 -> Dropping indices...[0.052s]
2017-12-04 12:29:57,263 -> Finishing MaximalFinder at 12:29:57.262...
2017-12-04 12:29:57,263 -> Total time for MaximalFinder: 48.661ms...
2017-12-04 12:29:57,303 -> Closing session... [0.040s]
Done!!! Mon Dec  4 12:29:57 PST 2017
Running iteration 2/3 for B60K (epsilon = 10 , mu = 10)...
2017-12-04 12:30:01,186 -> Starting session... [1.635s]
2017-12-04 12:30:03,770 -> Reading dataset... [2.584s]
2017-12-04 12:30:03,805 -> Lauching MaximalFinder at 12:30:03.774...
2017-12-04 12:30:03,806 -> 00.Setting mu=10,epsilon=10.0,cores=21,dataset=B60K
2017-12-04 12:30:03,806 -> [Partitions Info]Points;Before indexing;21
2017-12-04 12:30:13,952 -> [Partitions Info]Points;After indexing;1024
2017-12-04 12:30:13,952 -> 01.Indexing points... [10.146s] [59143 results]
2017-12-04 12:30:23,435 -> 02.Getting pairs... [9.482s] [33678 results]
2017-12-04 12:30:25,792 -> 03.Computing centers... [2.357s] [67356 results]
2017-12-04 12:30:25,793 -> [Partitions Info]Centers;Before indexing;21
2017-12-04 12:30:27,416 -> [Partitions Info]Centers;After indexing;1024
2017-12-04 12:30:27,416 -> 04.Indexing centers... [1.623s] [67356 results]
2017-12-04 12:30:35,549 -> 05.Getting disks... [8.133s] [67356 results]
2017-12-04 12:30:36,422 -> 06.Filtering less-than-mu disks... [0.873s] [630 results]
2017-12-04 12:30:40,412 -> 07.Prunning duplicate candidates... [3.990s] [333 results]
2017-12-04 12:30:40,421 -> [Partitions Info]Candidates;Before indexing;200
2017-12-04 12:30:40,991 -> 08.Indexing candidates... [4.569s] [333 results]
2017-12-04 12:30:41,319 -> [Partitions Info]Candidates;After indexing;25
2017-12-04 12:30:41,319 -> 09.Getting expansions... [0.328s] [1652 results]
2017-12-04 12:30:41,847 -> 10.Finding maximal disks... [0.528s] [51 results]
2017-12-04 12:30:44,009 -> 11.Prunning duplicates and subsets... [2.162s] [51 results]
2017-12-04 12:30:44,010 ->      Dataset,   Eps, Cores, Mu,   Time, # Pairs,   # Disks, # Candidates, # Maximals
2017-12-04 12:30:44,010 ->         B60K,  10.0,    21, 10,  40.20,   33678,     67356,          333,         51
2017-12-04 12:30:44,063 -> Dropping indices...[0.053s]
2017-12-04 12:30:44,063 -> Finishing MaximalFinder at 12:30:44.063...
2017-12-04 12:30:44,063 -> Total time for MaximalFinder: 40.257ms...
2017-12-04 12:30:44,101 -> Closing session... [0.038s]
Done!!! Mon Dec  4 12:30:44 PST 2017
Running iteration 2/3 for B60K (epsilon = 20 , mu = 10)...
2017-12-04 12:30:48,031 -> Starting session... [1.650s]
2017-12-04 12:30:50,944 -> Reading dataset... [2.913s]
2017-12-04 12:30:50,997 -> Lauching MaximalFinder at 12:30:50.951...
2017-12-04 12:30:50,997 -> 00.Setting mu=10,epsilon=20.0,cores=21,dataset=B60K
2017-12-04 12:30:50,997 -> [Partitions Info]Points;Before indexing;21
2017-12-04 12:31:01,377 -> [Partitions Info]Points;After indexing;1024
2017-12-04 12:31:01,377 -> 01.Indexing points... [10.380s] [59143 results]
2017-12-04 12:31:10,699 -> 02.Getting pairs... [9.322s] [71457 results]
2017-12-04 12:31:13,108 -> 03.Computing centers... [2.409s] [142914 results]
2017-12-04 12:31:13,109 -> [Partitions Info]Centers;Before indexing;21
2017-12-04 12:31:14,959 -> [Partitions Info]Centers;After indexing;1024
2017-12-04 12:31:14,959 -> 04.Indexing centers... [1.850s] [142914 results]
2017-12-04 12:31:24,346 -> 05.Getting disks... [9.387s] [142914 results]
2017-12-04 12:31:25,816 -> 06.Filtering less-than-mu disks... [1.470s] [7176 results]
2017-12-04 12:31:31,811 -> 07.Prunning duplicate candidates... [5.995s] [4572 results]
2017-12-04 12:31:31,820 -> [Partitions Info]Candidates;Before indexing;200
2017-12-04 12:31:32,432 -> 08.Indexing candidates... [6.616s] [4572 results]
2017-12-04 12:31:32,777 -> [Partitions Info]Candidates;After indexing;25
2017-12-04 12:31:32,777 -> 09.Getting expansions... [0.345s] [9578 results]
2017-12-04 12:31:33,379 -> 10.Finding maximal disks... [0.602s] [324 results]
2017-12-04 12:31:35,676 -> 11.Prunning duplicates and subsets... [2.297s] [324 results]
2017-12-04 12:31:35,677 ->      Dataset,   Eps, Cores, Mu,   Time, # Pairs,   # Disks, # Candidates, # Maximals
2017-12-04 12:31:35,677 ->         B60K,  20.0,    21, 10,  44.68,   71457,    142914,         4572,        324
2017-12-04 12:31:35,732 -> Dropping indices...[0.055s]
2017-12-04 12:31:35,732 -> Finishing MaximalFinder at 12:31:35.732...
2017-12-04 12:31:35,732 -> Total time for MaximalFinder: 44.735ms...
2017-12-04 12:31:35,773 -> Closing session... [0.041s]
Done!!! Mon Dec  4 12:31:36 PST 2017
Running iteration 2/3 for B60K (epsilon = 30 , mu = 10)...
2017-12-04 12:31:39,535 -> Starting session... [1.460s]
2017-12-04 12:31:42,365 -> Reading dataset... [2.829s]
2017-12-04 12:31:42,407 -> Lauching MaximalFinder at 12:31:42.370...
2017-12-04 12:31:42,407 -> 00.Setting mu=10,epsilon=30.0,cores=21,dataset=B60K
2017-12-04 12:31:42,407 -> [Partitions Info]Points;Before indexing;21
2017-12-04 12:31:53,079 -> [Partitions Info]Points;After indexing;1024
2017-12-04 12:31:53,079 -> 01.Indexing points... [10.672s] [59143 results]
2017-12-04 12:32:03,339 -> 02.Getting pairs... [10.260s] [108522 results]
2017-12-04 12:32:05,908 -> 03.Computing centers... [2.569s] [217044 results]
2017-12-04 12:32:05,909 -> [Partitions Info]Centers;Before indexing;21
2017-12-04 12:32:08,174 -> [Partitions Info]Centers;After indexing;1024
2017-12-04 12:32:08,174 -> 04.Indexing centers... [2.265s] [217044 results]
2017-12-04 12:32:17,290 -> 05.Getting disks... [9.116s] [217044 results]
2017-12-04 12:32:19,101 -> 06.Filtering less-than-mu disks... [1.811s] [17631 results]
2017-12-04 12:32:25,600 -> 07.Prunning duplicate candidates... [6.499s] [11667 results]
2017-12-04 12:32:25,611 -> [Partitions Info]Candidates;Before indexing;200
2017-12-04 12:32:26,278 -> 08.Indexing candidates... [7.177s] [11667 results]
2017-12-04 12:32:26,599 -> [Partitions Info]Candidates;After indexing;25
2017-12-04 12:32:26,599 -> 09.Getting expansions... [0.320s] [17632 results]
2017-12-04 12:32:27,250 -> 10.Finding maximal disks... [0.651s] [720 results]
2017-12-04 12:32:29,372 -> 11.Prunning duplicates and subsets... [2.122s] [720 results]
2017-12-04 12:32:29,373 ->      Dataset,   Eps, Cores, Mu,   Time, # Pairs,   # Disks, # Candidates, # Maximals
2017-12-04 12:32:29,373 ->         B60K,  30.0,    21, 10,  46.97,  108522,    217044,        11667,        720
2017-12-04 12:32:29,525 -> Dropping indices...[0.152s]
2017-12-04 12:32:29,525 -> Finishing MaximalFinder at 12:32:29.525...
2017-12-04 12:32:29,525 -> Total time for MaximalFinder: 47.118ms...
2017-12-04 12:32:29,589 -> Closing session... [0.064s]
Done!!! Mon Dec  4 12:32:30 PST 2017
Running iteration 3/3 for B60K (epsilon = 10 , mu = 10)...
2017-12-04 12:32:33,583 -> Starting session... [1.573s]
2017-12-04 12:32:36,623 -> Reading dataset... [3.040s]
2017-12-04 12:32:36,666 -> Lauching MaximalFinder at 12:32:36.628...
2017-12-04 12:32:36,666 -> 00.Setting mu=10,epsilon=10.0,cores=21,dataset=B60K
2017-12-04 12:32:36,666 -> [Partitions Info]Points;Before indexing;21
2017-12-04 12:32:46,945 -> [Partitions Info]Points;After indexing;1024
2017-12-04 12:32:46,945 -> 01.Indexing points... [10.279s] [59143 results]
2017-12-04 12:32:56,073 -> 02.Getting pairs... [9.128s] [33678 results]
2017-12-04 12:32:58,491 -> 03.Computing centers... [2.418s] [67356 results]
2017-12-04 12:32:58,491 -> [Partitions Info]Centers;Before indexing;21
2017-12-04 12:33:00,155 -> [Partitions Info]Centers;After indexing;1024
2017-12-04 12:33:00,155 -> 04.Indexing centers... [1.664s] [67356 results]
2017-12-04 12:33:08,007 -> 05.Getting disks... [7.852s] [67356 results]
2017-12-04 12:33:08,943 -> 06.Filtering less-than-mu disks... [0.936s] [630 results]
2017-12-04 12:33:13,474 -> 07.Prunning duplicate candidates... [4.531s] [333 results]
2017-12-04 12:33:13,484 -> [Partitions Info]Candidates;Before indexing;200
2017-12-04 12:33:14,059 -> 08.Indexing candidates... [5.116s] [333 results]
2017-12-04 12:33:14,266 -> [Partitions Info]Candidates;After indexing;25
2017-12-04 12:33:14,267 -> 09.Getting expansions... [0.207s] [1652 results]
2017-12-04 12:33:14,810 -> 10.Finding maximal disks... [0.543s] [51 results]
2017-12-04 12:33:17,193 -> 11.Prunning duplicates and subsets... [2.383s] [51 results]
2017-12-04 12:33:17,193 ->      Dataset,   Eps, Cores, Mu,   Time, # Pairs,   # Disks, # Candidates, # Maximals
2017-12-04 12:33:17,194 ->         B60K,  10.0,    21, 10,  40.53,   33678,     67356,          333,         51
2017-12-04 12:33:17,254 -> Dropping indices...[0.060s]
2017-12-04 12:33:17,254 -> Finishing MaximalFinder at 12:33:17.254...
2017-12-04 12:33:17,254 -> Total time for MaximalFinder: 40.588ms...
2017-12-04 12:33:17,302 -> Closing session... [0.048s]
Done!!! Mon Dec  4 12:33:17 PST 2017
Running iteration 3/3 for B60K (epsilon = 20 , mu = 10)...
2017-12-04 12:33:21,281 -> Starting session... [1.610s]
2017-12-04 12:33:24,250 -> Reading dataset... [2.969s]
2017-12-04 12:33:24,294 -> Lauching MaximalFinder at 12:33:24.257...
2017-12-04 12:33:24,295 -> 00.Setting mu=10,epsilon=20.0,cores=21,dataset=B60K
2017-12-04 12:33:24,295 -> [Partitions Info]Points;Before indexing;21
2017-12-04 12:33:34,693 -> [Partitions Info]Points;After indexing;1024
2017-12-04 12:33:34,694 -> 01.Indexing points... [10.399s] [59143 results]
2017-12-04 12:33:44,351 -> 02.Getting pairs... [9.657s] [71457 results]
2017-12-04 12:33:46,792 -> 03.Computing centers... [2.441s] [142914 results]
2017-12-04 12:33:46,792 -> [Partitions Info]Centers;Before indexing;21
2017-12-04 12:33:48,923 -> [Partitions Info]Centers;After indexing;1024
2017-12-04 12:33:48,923 -> 04.Indexing centers... [2.131s] [142914 results]
2017-12-04 12:33:58,124 -> 05.Getting disks... [9.200s] [142914 results]
2017-12-04 12:33:59,640 -> 06.Filtering less-than-mu disks... [1.516s] [7176 results]
2017-12-04 12:34:06,174 -> 07.Prunning duplicate candidates... [6.534s] [4572 results]
2017-12-04 12:34:06,181 -> [Partitions Info]Candidates;Before indexing;200
2017-12-04 12:34:06,716 -> 08.Indexing candidates... [7.076s] [4572 results]
2017-12-04 12:34:06,962 -> [Partitions Info]Candidates;After indexing;25
2017-12-04 12:34:06,962 -> 09.Getting expansions... [0.246s] [9578 results]
2017-12-04 12:34:07,522 -> 10.Finding maximal disks... [0.560s] [324 results]
2017-12-04 12:34:09,853 -> 11.Prunning duplicates and subsets... [2.331s] [324 results]
2017-12-04 12:34:09,853 ->      Dataset,   Eps, Cores, Mu,   Time, # Pairs,   # Disks, # Candidates, # Maximals
2017-12-04 12:34:09,853 ->         B60K,  20.0,    21, 10,  45.56,   71457,    142914,         4572,        324
2017-12-04 12:34:09,913 -> Dropping indices...[0.060s]
2017-12-04 12:34:09,914 -> Finishing MaximalFinder at 12:34:09.914...
2017-12-04 12:34:09,914 -> Total time for MaximalFinder: 45.620ms...
2017-12-04 12:34:09,978 -> Closing session... [0.064s]
Done!!! Mon Dec  4 12:34:11 PST 2017
Running iteration 3/3 for B60K (epsilon = 30 , mu = 10)...
2017-12-04 12:34:14,554 -> Starting session... [1.437s]
2017-12-04 12:34:17,608 -> Reading dataset... [3.053s]
2017-12-04 12:34:17,652 -> Lauching MaximalFinder at 12:34:17.614...
2017-12-04 12:34:17,652 -> 00.Setting mu=10,epsilon=30.0,cores=21,dataset=B60K
2017-12-04 12:34:17,652 -> [Partitions Info]Points;Before indexing;21
2017-12-04 12:34:27,905 -> [Partitions Info]Points;After indexing;1024
2017-12-04 12:34:27,905 -> 01.Indexing points... [10.253s] [59143 results]
2017-12-04 12:34:37,514 -> 02.Getting pairs... [9.609s] [108522 results]
2017-12-04 12:34:40,154 -> 03.Computing centers... [2.640s] [217044 results]
2017-12-04 12:34:40,155 -> [Partitions Info]Centers;Before indexing;21
2017-12-04 12:34:42,285 -> [Partitions Info]Centers;After indexing;1024
2017-12-04 12:34:42,286 -> 04.Indexing centers... [2.131s] [217044 results]
2017-12-04 12:34:52,200 -> 05.Getting disks... [9.914s] [217044 results]
2017-12-04 12:34:53,721 -> 06.Filtering less-than-mu disks... [1.521s] [17631 results]
2017-12-04 12:35:00,812 -> 07.Prunning duplicate candidates... [7.091s] [11667 results]
2017-12-04 12:35:00,822 -> [Partitions Info]Candidates;Before indexing;200
2017-12-04 12:35:01,555 -> 08.Indexing candidates... [7.834s] [11667 results]
2017-12-04 12:35:01,852 -> [Partitions Info]Candidates;After indexing;25
2017-12-04 12:35:01,852 -> 09.Getting expansions... [0.297s] [17632 results]
2017-12-04 12:35:02,466 -> 10.Finding maximal disks... [0.614s] [720 results]
2017-12-04 12:35:04,907 -> 11.Prunning duplicates and subsets... [2.441s] [720 results]
2017-12-04 12:35:04,907 ->      Dataset,   Eps, Cores, Mu,   Time, # Pairs,   # Disks, # Candidates, # Maximals
2017-12-04 12:35:04,908 ->         B60K,  30.0,    21, 10,  47.26,  108522,    217044,        11667,        720
2017-12-04 12:35:04,959 -> Dropping indices...[0.051s]
2017-12-04 12:35:04,959 -> Finishing MaximalFinder at 12:35:04.959...
2017-12-04 12:35:04,959 -> Total time for MaximalFinder: 47.307ms...
2017-12-04 12:35:05,001 -> Closing session... [0.041s]
Done!!! Mon Dec  4 12:35:05 PST 2017
acald013@dblab-rack14: stopping org.apache.spark.deploy.worker.Worker
acald013@dblab-rack11: stopping org.apache.spark.deploy.worker.Worker
acald013@dblab-rack12: stopping org.apache.spark.deploy.worker.Worker
stopping org.apache.spark.deploy.master.Master
starting org.apache.spark.deploy.master.Master, logging to /home/acald013/Spark/spark-2.1.0-bin-hadoop2.7/logs/spark-acald013-org.apache.spark.deploy.master.Master-1-dblab-rack11.cs.ucr.edu.out
acald013@dblab-rack12: starting org.apache.spark.deploy.worker.Worker, logging to /home/acald013/Spark/spark-2.1.0-bin-hadoop2.7/logs/spark-acald013-org.apache.spark.deploy.worker.Worker-1-dblab-rack12.out
acald013@dblab-rack15: starting org.apache.spark.deploy.worker.Worker, logging to /home/acald013/Spark/spark-2.1.0-bin-hadoop2.7/logs/spark-acald013-org.apache.spark.deploy.worker.Worker-1-dblab-rack15.out
acald013@dblab-rack14: starting org.apache.spark.deploy.worker.Worker, logging to /home/acald013/Spark/spark-2.1.0-bin-hadoop2.7/logs/spark-acald013-org.apache.spark.deploy.worker.Worker-1-dblab-rack14.cs.ucr.edu.out
acald013@dblab-rack11: starting org.apache.spark.deploy.worker.Worker, logging to /home/acald013/Spark/spark-2.1.0-bin-hadoop2.7/logs/spark-acald013-org.apache.spark.deploy.worker.Worker-1-dblab-rack11.cs.ucr.edu.out
Running iteration 1/3 for B80K (epsilon = 10 , mu = 10)...
2017-12-04 12:35:14,884 -> Starting session... [1.794s]
2017-12-04 12:35:17,883 -> Reading dataset... [2.999s]
2017-12-04 12:35:17,932 -> Lauching MaximalFinder at 12:35:17.889...
2017-12-04 12:35:17,933 -> 00.Setting mu=10,epsilon=10.0,cores=35,dataset=B80K
2017-12-04 12:35:17,933 -> [Partitions Info]Points;Before indexing;35
2017-12-04 12:35:28,577 -> [Partitions Info]Points;After indexing;1024
2017-12-04 12:35:28,577 -> 01.Indexing points... [10.644s] [78857 results]
2017-12-04 12:35:38,674 -> 02.Getting pairs... [10.097s] [44904 results]
2017-12-04 12:35:40,984 -> 03.Computing centers... [2.310s] [89808 results]
2017-12-04 12:35:40,984 -> [Partitions Info]Centers;Before indexing;35
2017-12-04 12:35:43,104 -> [Partitions Info]Centers;After indexing;1024
2017-12-04 12:35:43,105 -> 04.Indexing centers... [2.121s] [89808 results]
2017-12-04 12:35:51,403 -> 05.Getting disks... [8.298s] [89808 results]
2017-12-04 12:35:52,610 -> 06.Filtering less-than-mu disks... [1.207s] [840 results]
2017-12-04 12:35:58,260 -> 07.Prunning duplicate candidates... [5.650s] [444 results]
2017-12-04 12:35:58,270 -> [Partitions Info]Candidates;Before indexing;200
2017-12-04 12:35:58,896 -> 08.Indexing candidates... [6.286s] [444 results]
2017-12-04 12:35:59,137 -> [Partitions Info]Candidates;After indexing;36
2017-12-04 12:35:59,137 -> 09.Getting expansions... [0.241s] [2703 results]
2017-12-04 12:35:59,988 -> 10.Finding maximal disks... [0.851s] [68 results]
2017-12-04 12:36:02,219 -> 11.Prunning duplicates and subsets... [2.231s] [68 results]
2017-12-04 12:36:02,219 ->      Dataset,   Eps, Cores, Mu,   Time, # Pairs,   # Disks, # Candidates, # Maximals
2017-12-04 12:36:02,220 ->         B80K,  10.0,    35, 10,  44.29,   44904,     89808,          444,         68
2017-12-04 12:36:02,289 -> Dropping indices...[0.069s]
2017-12-04 12:36:02,289 -> Finishing MaximalFinder at 12:36:02.289...
2017-12-04 12:36:02,289 -> Total time for MaximalFinder: 44.357ms...
2017-12-04 12:36:02,355 -> Closing session... [0.065s]
Done!!! Mon Dec  4 12:36:02 PST 2017
Running iteration 1/3 for B80K (epsilon = 20 , mu = 10)...
2017-12-04 12:36:06,238 -> Starting session... [1.615s]
2017-12-04 12:36:09,443 -> Reading dataset... [3.205s]
2017-12-04 12:36:09,493 -> Lauching MaximalFinder at 12:36:09.451...
2017-12-04 12:36:09,494 -> 00.Setting mu=10,epsilon=20.0,cores=35,dataset=B80K
2017-12-04 12:36:09,494 -> [Partitions Info]Points;Before indexing;35
2017-12-04 12:36:19,558 -> [Partitions Info]Points;After indexing;1024
2017-12-04 12:36:19,558 -> 01.Indexing points... [10.064s] [78857 results]
2017-12-04 12:36:29,202 -> 02.Getting pairs... [9.644s] [95276 results]
2017-12-04 12:36:31,968 -> 03.Computing centers... [2.766s] [190552 results]
2017-12-04 12:36:31,968 -> [Partitions Info]Centers;Before indexing;35
2017-12-04 12:36:34,755 -> [Partitions Info]Centers;After indexing;1024
2017-12-04 12:36:34,755 -> 04.Indexing centers... [2.787s] [190552 results]
2017-12-04 12:36:43,989 -> 05.Getting disks... [9.234s] [190552 results]
2017-12-04 12:36:45,726 -> 06.Filtering less-than-mu disks... [1.737s] [9568 results]
2017-12-04 12:36:52,664 -> 07.Prunning duplicate candidates... [6.938s] [6096 results]
2017-12-04 12:36:52,676 -> [Partitions Info]Candidates;Before indexing;200
2017-12-04 12:36:53,207 -> 08.Indexing candidates... [7.481s] [6096 results]
2017-12-04 12:36:53,746 -> [Partitions Info]Candidates;After indexing;36
2017-12-04 12:36:53,746 -> 09.Getting expansions... [0.539s] [12585 results]
2017-12-04 12:36:55,172 -> 10.Finding maximal disks... [1.426s] [432 results]
2017-12-04 12:36:57,625 -> 11.Prunning duplicates and subsets... [2.453s] [432 results]
2017-12-04 12:36:57,625 ->      Dataset,   Eps, Cores, Mu,   Time, # Pairs,   # Disks, # Candidates, # Maximals
2017-12-04 12:36:57,626 ->         B80K,  20.0,    35, 10,  48.13,   95276,    190552,         6096,        432
2017-12-04 12:36:57,683 -> Dropping indices...[0.057s]
2017-12-04 12:36:57,683 -> Finishing MaximalFinder at 12:36:57.683...
2017-12-04 12:36:57,684 -> Total time for MaximalFinder: 48.190ms...
2017-12-04 12:36:57,726 -> Closing session... [0.042s]
Done!!! Mon Dec  4 12:36:58 PST 2017
Running iteration 1/3 for B80K (epsilon = 30 , mu = 10)...
2017-12-04 12:37:01,598 -> Starting session... [1.652s]
2017-12-04 12:37:04,612 -> Reading dataset... [3.014s]
2017-12-04 12:37:04,653 -> Lauching MaximalFinder at 12:37:04.619...
2017-12-04 12:37:04,653 -> 00.Setting mu=10,epsilon=30.0,cores=35,dataset=B80K
2017-12-04 12:37:04,654 -> [Partitions Info]Points;Before indexing;35
2017-12-04 12:37:15,366 -> [Partitions Info]Points;After indexing;1024
2017-12-04 12:37:15,367 -> 01.Indexing points... [10.713s] [78857 results]
2017-12-04 12:37:25,345 -> 02.Getting pairs... [9.978s] [144696 results]
2017-12-04 12:37:27,734 -> 03.Computing centers... [2.389s] [289392 results]
2017-12-04 12:37:27,734 -> [Partitions Info]Centers;Before indexing;35
2017-12-04 12:37:30,712 -> [Partitions Info]Centers;After indexing;1024
2017-12-04 12:37:30,712 -> 04.Indexing centers... [2.978s] [289392 results]
2017-12-04 12:37:40,845 -> 05.Getting disks... [10.133s] [289392 results]
2017-12-04 12:37:42,811 -> 06.Filtering less-than-mu disks... [1.966s] [23508 results]
2017-12-04 12:37:50,114 -> 07.Prunning duplicate candidates... [7.303s] [15556 results]
2017-12-04 12:37:50,120 -> [Partitions Info]Candidates;Before indexing;200
2017-12-04 12:37:50,714 -> 08.Indexing candidates... [7.903s] [15556 results]
2017-12-04 12:37:51,102 -> [Partitions Info]Candidates;After indexing;36
2017-12-04 12:37:51,102 -> 09.Getting expansions... [0.387s] [24005 results]
2017-12-04 12:37:52,313 -> 10.Finding maximal disks... [1.211s] [962 results]
2017-12-04 12:37:54,791 -> 11.Prunning duplicates and subsets... [2.478s] [960 results]
2017-12-04 12:37:54,792 ->      Dataset,   Eps, Cores, Mu,   Time, # Pairs,   # Disks, # Candidates, # Maximals
2017-12-04 12:37:54,792 ->         B80K,  30.0,    35, 10,  50.14,  144696,    289392,        15556,        960
2017-12-04 12:37:54,857 -> Dropping indices...[0.065s]
2017-12-04 12:37:54,857 -> Finishing MaximalFinder at 12:37:54.857...
2017-12-04 12:37:54,858 -> Total time for MaximalFinder: 50.204ms...
2017-12-04 12:37:54,899 -> Closing session... [0.041s]
Done!!! Mon Dec  4 12:37:55 PST 2017
Running iteration 2/3 for B80K (epsilon = 10 , mu = 10)...
2017-12-04 12:37:58,757 -> Starting session... [1.652s]
2017-12-04 12:38:01,931 -> Reading dataset... [3.173s]
2017-12-04 12:38:01,977 -> Lauching MaximalFinder at 12:38:01.938...
2017-12-04 12:38:01,978 -> 00.Setting mu=10,epsilon=10.0,cores=35,dataset=B80K
2017-12-04 12:38:01,978 -> [Partitions Info]Points;Before indexing;35
2017-12-04 12:38:12,758 -> [Partitions Info]Points;After indexing;1024
2017-12-04 12:38:12,758 -> 01.Indexing points... [10.780s] [78857 results]
2017-12-04 12:38:21,988 -> 02.Getting pairs... [9.230s] [44904 results]
2017-12-04 12:38:24,355 -> 03.Computing centers... [2.367s] [89808 results]
2017-12-04 12:38:24,355 -> [Partitions Info]Centers;Before indexing;35
2017-12-04 12:38:26,344 -> [Partitions Info]Centers;After indexing;1024
2017-12-04 12:38:26,344 -> 04.Indexing centers... [1.989s] [89808 results]
2017-12-04 12:38:34,214 -> 05.Getting disks... [7.869s] [89808 results]
2017-12-04 12:38:35,195 -> 06.Filtering less-than-mu disks... [0.981s] [840 results]
2017-12-04 12:38:39,755 -> 07.Prunning duplicate candidates... [4.560s] [444 results]
2017-12-04 12:38:39,763 -> [Partitions Info]Candidates;Before indexing;200
2017-12-04 12:38:40,233 -> 08.Indexing candidates... [5.038s] [444 results]
2017-12-04 12:38:40,423 -> [Partitions Info]Candidates;After indexing;36
2017-12-04 12:38:40,423 -> 09.Getting expansions... [0.190s] [2703 results]
2017-12-04 12:38:41,267 -> 10.Finding maximal disks... [0.844s] [68 results]
2017-12-04 12:38:43,518 -> 11.Prunning duplicates and subsets... [2.251s] [68 results]
2017-12-04 12:38:43,519 ->      Dataset,   Eps, Cores, Mu,   Time, # Pairs,   # Disks, # Candidates, # Maximals
2017-12-04 12:38:43,522 ->         B80K,  10.0,    35, 10,  41.54,   44904,     89808,          444,         68
2017-12-04 12:38:43,598 -> Dropping indices...[0.076s]
2017-12-04 12:38:43,599 -> Finishing MaximalFinder at 12:38:43.599...
2017-12-04 12:38:43,599 -> Total time for MaximalFinder: 41.622ms...
2017-12-04 12:38:43,645 -> Closing session... [0.046s]
Done!!! Mon Dec  4 12:38:44 PST 2017
Running iteration 2/3 for B80K (epsilon = 20 , mu = 10)...
2017-12-04 12:38:47,435 -> Starting session... [1.559s]
2017-12-04 12:38:50,524 -> Reading dataset... [3.089s]
2017-12-04 12:38:50,566 -> Lauching MaximalFinder at 12:38:50.529...
2017-12-04 12:38:50,566 -> 00.Setting mu=10,epsilon=20.0,cores=35,dataset=B80K
2017-12-04 12:38:50,567 -> [Partitions Info]Points;Before indexing;35
2017-12-04 12:39:01,307 -> [Partitions Info]Points;After indexing;1024
2017-12-04 12:39:01,308 -> 01.Indexing points... [10.741s] [78857 results]
2017-12-04 12:39:10,781 -> 02.Getting pairs... [9.473s] [95276 results]
2017-12-04 12:39:13,192 -> 03.Computing centers... [2.411s] [190552 results]
2017-12-04 12:39:13,192 -> [Partitions Info]Centers;Before indexing;35
2017-12-04 12:39:15,600 -> [Partitions Info]Centers;After indexing;1024
2017-12-04 12:39:15,600 -> 04.Indexing centers... [2.408s] [190552 results]
2017-12-04 12:39:24,733 -> 05.Getting disks... [9.133s] [190552 results]
2017-12-04 12:39:26,168 -> 06.Filtering less-than-mu disks... [1.435s] [9568 results]
2017-12-04 12:39:32,456 -> 07.Prunning duplicate candidates... [6.288s] [6096 results]
2017-12-04 12:39:32,466 -> [Partitions Info]Candidates;Before indexing;200
2017-12-04 12:39:33,142 -> 08.Indexing candidates... [6.974s] [6096 results]
2017-12-04 12:39:33,463 -> [Partitions Info]Candidates;After indexing;36
2017-12-04 12:39:33,463 -> 09.Getting expansions... [0.321s] [12585 results]
2017-12-04 12:39:34,407 -> 10.Finding maximal disks... [0.944s] [432 results]
2017-12-04 12:39:36,863 -> 11.Prunning duplicates and subsets... [2.456s] [432 results]
2017-12-04 12:39:36,864 ->      Dataset,   Eps, Cores, Mu,   Time, # Pairs,   # Disks, # Candidates, # Maximals
2017-12-04 12:39:36,864 ->         B80K,  20.0,    35, 10,  46.30,   95276,    190552,         6096,        432
2017-12-04 12:39:36,924 -> Dropping indices...[0.060s]
2017-12-04 12:39:36,924 -> Finishing MaximalFinder at 12:39:36.924...
2017-12-04 12:39:36,924 -> Total time for MaximalFinder: 46.358ms...
2017-12-04 12:39:36,967 -> Closing session... [0.043s]
Done!!! Mon Dec  4 12:39:37 PST 2017
Running iteration 2/3 for B80K (epsilon = 30 , mu = 10)...
2017-12-04 12:39:40,807 -> Starting session... [1.532s]
2017-12-04 12:39:43,625 -> Reading dataset... [2.817s]
2017-12-04 12:39:43,685 -> Lauching MaximalFinder at 12:39:43.631...
2017-12-04 12:39:43,686 -> 00.Setting mu=10,epsilon=30.0,cores=35,dataset=B80K
2017-12-04 12:39:43,686 -> [Partitions Info]Points;Before indexing;35
2017-12-04 12:39:54,793 -> [Partitions Info]Points;After indexing;1024
2017-12-04 12:39:54,793 -> 01.Indexing points... [11.107s] [78857 results]
2017-12-04 12:40:05,537 -> 02.Getting pairs... [10.744s] [144696 results]
2017-12-04 12:40:08,089 -> 03.Computing centers... [2.552s] [289392 results]
2017-12-04 12:40:08,089 -> [Partitions Info]Centers;Before indexing;35
2017-12-04 12:40:10,950 -> [Partitions Info]Centers;After indexing;1024
2017-12-04 12:40:10,950 -> 04.Indexing centers... [2.861s] [289392 results]
2017-12-04 12:40:21,148 -> 05.Getting disks... [10.198s] [289392 results]
2017-12-04 12:40:22,852 -> 06.Filtering less-than-mu disks... [1.704s] [23508 results]
2017-12-04 12:40:29,119 -> 07.Prunning duplicate candidates... [6.267s] [15556 results]
2017-12-04 12:40:29,126 -> [Partitions Info]Candidates;Before indexing;200
2017-12-04 12:40:29,732 -> 08.Indexing candidates... [6.880s] [15556 results]
2017-12-04 12:40:30,184 -> [Partitions Info]Candidates;After indexing;36
2017-12-04 12:40:30,184 -> 09.Getting expansions... [0.452s] [24005 results]
2017-12-04 12:40:31,512 -> 10.Finding maximal disks... [1.328s] [962 results]
2017-12-04 12:40:33,741 -> 11.Prunning duplicates and subsets... [2.229s] [960 results]
2017-12-04 12:40:33,742 ->      Dataset,   Eps, Cores, Mu,   Time, # Pairs,   # Disks, # Candidates, # Maximals
2017-12-04 12:40:33,742 ->         B80K,  30.0,    35, 10,  50.06,  144696,    289392,        15556,        960
2017-12-04 12:40:33,807 -> Dropping indices...[0.065s]
2017-12-04 12:40:33,807 -> Finishing MaximalFinder at 12:40:33.807...
2017-12-04 12:40:33,807 -> Total time for MaximalFinder: 50.122ms...
2017-12-04 12:40:33,859 -> Closing session... [0.052s]
Done!!! Mon Dec  4 12:40:34 PST 2017
Running iteration 3/3 for B80K (epsilon = 10 , mu = 10)...
2017-12-04 12:40:37,849 -> Starting session... [1.700s]
2017-12-04 12:40:40,982 -> Reading dataset... [3.132s]
2017-12-04 12:40:41,020 -> Lauching MaximalFinder at 12:40:40.987...
2017-12-04 12:40:41,020 -> 00.Setting mu=10,epsilon=10.0,cores=35,dataset=B80K
2017-12-04 12:40:41,020 -> [Partitions Info]Points;Before indexing;35
2017-12-04 12:40:51,810 -> [Partitions Info]Points;After indexing;1024
2017-12-04 12:40:51,811 -> 01.Indexing points... [10.791s] [78857 results]
2017-12-04 12:41:01,195 -> 02.Getting pairs... [9.383s] [44904 results]
2017-12-04 12:41:03,560 -> 03.Computing centers... [2.365s] [89808 results]
2017-12-04 12:41:03,560 -> [Partitions Info]Centers;Before indexing;35
2017-12-04 12:41:05,479 -> [Partitions Info]Centers;After indexing;1024
2017-12-04 12:41:05,479 -> 04.Indexing centers... [1.919s] [89808 results]
2017-12-04 12:41:13,442 -> 05.Getting disks... [7.963s] [89808 results]
2017-12-04 12:41:14,314 -> 06.Filtering less-than-mu disks... [0.872s] [840 results]
2017-12-04 12:41:19,727 -> 07.Prunning duplicate candidates... [5.413s] [444 results]
2017-12-04 12:41:19,737 -> [Partitions Info]Candidates;Before indexing;200
2017-12-04 12:41:20,347 -> 08.Indexing candidates... [6.033s] [444 results]
2017-12-04 12:41:20,657 -> [Partitions Info]Candidates;After indexing;36
2017-12-04 12:41:20,657 -> 09.Getting expansions... [0.310s] [2703 results]
2017-12-04 12:41:21,314 -> 10.Finding maximal disks... [0.657s] [68 results]
2017-12-04 12:41:23,223 -> 11.Prunning duplicates and subsets... [1.909s] [68 results]
2017-12-04 12:41:23,223 ->      Dataset,   Eps, Cores, Mu,   Time, # Pairs,   # Disks, # Candidates, # Maximals
2017-12-04 12:41:23,224 ->         B80K,  10.0,    35, 10,  42.20,   44904,     89808,          444,         68
2017-12-04 12:41:23,287 -> Dropping indices...[0.063s]
2017-12-04 12:41:23,287 -> Finishing MaximalFinder at 12:41:23.287...
2017-12-04 12:41:23,287 -> Total time for MaximalFinder: 42.267ms...
2017-12-04 12:41:23,328 -> Closing session... [0.041s]
Done!!! Mon Dec  4 12:41:23 PST 2017
Running iteration 3/3 for B80K (epsilon = 20 , mu = 10)...
2017-12-04 12:41:27,149 -> Starting session... [1.613s]
2017-12-04 12:41:30,526 -> Reading dataset... [3.377s]
2017-12-04 12:41:30,582 -> Lauching MaximalFinder at 12:41:30.533...
2017-12-04 12:41:30,583 -> 00.Setting mu=10,epsilon=20.0,cores=35,dataset=B80K
2017-12-04 12:41:30,583 -> [Partitions Info]Points;Before indexing;35
2017-12-04 12:41:41,493 -> [Partitions Info]Points;After indexing;1024
2017-12-04 12:41:41,493 -> 01.Indexing points... [10.910s] [78857 results]
2017-12-04 12:41:51,289 -> 02.Getting pairs... [9.796s] [95276 results]
2017-12-04 12:41:53,815 -> 03.Computing centers... [2.524s] [190552 results]
2017-12-04 12:41:53,815 -> [Partitions Info]Centers;Before indexing;35
2017-12-04 12:41:56,512 -> [Partitions Info]Centers;After indexing;1024
2017-12-04 12:41:56,512 -> 04.Indexing centers... [2.697s] [190552 results]
2017-12-04 12:42:05,436 -> 05.Getting disks... [8.924s] [190552 results]
2017-12-04 12:42:06,944 -> 06.Filtering less-than-mu disks... [1.507s] [9568 results]
2017-12-04 12:42:13,457 -> 07.Prunning duplicate candidates... [6.513s] [6096 results]
2017-12-04 12:42:13,466 -> [Partitions Info]Candidates;Before indexing;200
2017-12-04 12:42:14,100 -> 08.Indexing candidates... [7.156s] [6096 results]
2017-12-04 12:42:14,810 -> [Partitions Info]Candidates;After indexing;36
2017-12-04 12:42:14,810 -> 09.Getting expansions... [0.710s] [12585 results]
2017-12-04 12:42:15,819 -> 10.Finding maximal disks... [1.009s] [432 results]
2017-12-04 12:42:18,168 -> 11.Prunning duplicates and subsets... [2.349s] [432 results]
2017-12-04 12:42:18,169 ->      Dataset,   Eps, Cores, Mu,   Time, # Pairs,   # Disks, # Candidates, # Maximals
2017-12-04 12:42:18,169 ->         B80K,  20.0,    35, 10,  47.59,   95276,    190552,         6096,        432
2017-12-04 12:42:18,217 -> Dropping indices...[0.048s]
2017-12-04 12:42:18,217 -> Finishing MaximalFinder at 12:42:18.217...
2017-12-04 12:42:18,217 -> Total time for MaximalFinder: 47.634ms...
2017-12-04 12:42:18,263 -> Closing session... [0.046s]
Done!!! Mon Dec  4 12:42:18 PST 2017
Running iteration 3/3 for B80K (epsilon = 30 , mu = 10)...
2017-12-04 12:42:22,238 -> Starting session... [1.736s]
2017-12-04 12:42:25,191 -> Reading dataset... [2.952s]
2017-12-04 12:42:25,240 -> Lauching MaximalFinder at 12:42:25.198...
2017-12-04 12:42:25,240 -> 00.Setting mu=10,epsilon=30.0,cores=35,dataset=B80K
2017-12-04 12:42:25,240 -> [Partitions Info]Points;Before indexing;35
2017-12-04 12:42:35,771 -> [Partitions Info]Points;After indexing;1024
2017-12-04 12:42:35,771 -> 01.Indexing points... [10.531s] [78857 results]
2017-12-04 12:42:46,383 -> 02.Getting pairs... [10.612s] [144696 results]
2017-12-04 12:42:49,334 -> 03.Computing centers... [2.950s] [289392 results]
2017-12-04 12:42:49,334 -> [Partitions Info]Centers;Before indexing;35
2017-12-04 12:42:51,970 -> [Partitions Info]Centers;After indexing;1024
2017-12-04 12:42:51,970 -> 04.Indexing centers... [2.636s] [289392 results]
2017-12-04 12:43:01,713 -> 05.Getting disks... [9.743s] [289392 results]
2017-12-04 12:43:03,504 -> 06.Filtering less-than-mu disks... [1.791s] [23508 results]
2017-12-04 12:43:10,348 -> 07.Prunning duplicate candidates... [6.843s] [15556 results]
2017-12-04 12:43:10,355 -> [Partitions Info]Candidates;Before indexing;200
2017-12-04 12:43:10,925 -> 08.Indexing candidates... [7.420s] [15556 results]
2017-12-04 12:43:11,306 -> [Partitions Info]Candidates;After indexing;36
2017-12-04 12:43:11,306 -> 09.Getting expansions... [0.380s] [24005 results]
2017-12-04 12:43:12,813 -> 10.Finding maximal disks... [1.507s] [962 results]
2017-12-04 12:43:15,873 -> 11.Prunning duplicates and subsets... [3.060s] [960 results]
2017-12-04 12:43:15,873 ->      Dataset,   Eps, Cores, Mu,   Time, # Pairs,   # Disks, # Candidates, # Maximals
2017-12-04 12:43:15,873 ->         B80K,  30.0,    35, 10,  50.63,  144696,    289392,        15556,        960
2017-12-04 12:43:15,932 -> Dropping indices...[0.059s]
2017-12-04 12:43:15,933 -> Finishing MaximalFinder at 12:43:15.933...
2017-12-04 12:43:15,933 -> Total time for MaximalFinder: 50.693ms...
2017-12-04 12:43:15,976 -> Closing session... [0.042s]
Done!!! Mon Dec  4 12:43:16 PST 2017
acald013@dblab-rack12: stopping org.apache.spark.deploy.worker.Worker
acald013@dblab-rack15: stopping org.apache.spark.deploy.worker.Worker
acald013@dblab-rack11: stopping org.apache.spark.deploy.worker.Worker
acald013@dblab-rack14: stopping org.apache.spark.deploy.worker.Worker
stopping org.apache.spark.deploy.master.Master
Done!!!
