[WorkerOrder] 14; 11,12; 11,12,14; 11,12,14,15
acald013@dblab-rack15: no org.apache.spark.deploy.worker.Worker to stop
acald013@dblab-rack14: no org.apache.spark.deploy.worker.Worker to stop
acald013@dblab-rack11: no org.apache.spark.deploy.worker.Worker to stop
acald013@dblab-rack12: no org.apache.spark.deploy.worker.Worker to stop
no org.apache.spark.deploy.master.Master to stop
starting org.apache.spark.deploy.master.Master, logging to /home/acald013/Spark/spark-2.1.0-bin-hadoop2.7/logs/spark-acald013-org.apache.spark.deploy.master.Master-1-dblab-rack11.cs.ucr.edu.out
acald013@dblab-rack14: starting org.apache.spark.deploy.worker.Worker, logging to /home/acald013/Spark/spark-2.1.0-bin-hadoop2.7/logs/spark-acald013-org.apache.spark.deploy.worker.Worker-1-dblab-rack14.cs.ucr.edu.out
Running iteration 1/3 for B20K (epsilon = 10 , mu = 10)...
2017-12-04 10:45:40,632 -> Starting session... [1.424s]
2017-12-04 10:45:42,877 -> Reading dataset... [2.245s]
2017-12-04 10:45:42,929 -> Lauching MaximalFinder at 10:45:42.883...
2017-12-04 10:45:42,930 -> 00.Setting mu=10,epsilon=10.0,cores=7,dataset=B20K
2017-12-04 10:45:42,930 -> [Partitions Info]Points;Before indexing;7
2017-12-04 10:45:53,032 -> [Partitions Info]Points;After indexing;992
2017-12-04 10:45:53,032 -> 01.Indexing points... [10.102s] [19715 results]
2017-12-04 10:46:05,688 -> 02.Getting pairs... [12.655s] [11226 results]
2017-12-04 10:46:08,804 -> 03.Computing centers... [3.116s] [22452 results]
2017-12-04 10:46:08,805 -> [Partitions Info]Centers;Before indexing;7
2017-12-04 10:46:10,642 -> [Partitions Info]Centers;After indexing;1024
2017-12-04 10:46:10,642 -> 04.Indexing centers... [1.837s] [22452 results]
2017-12-04 10:46:22,062 -> 05.Getting disks... [11.420s] [22452 results]
2017-12-04 10:46:22,744 -> 06.Filtering less-than-mu disks... [0.682s] [210 results]
2017-12-04 10:46:28,100 -> 07.Prunning duplicate candidates... [5.356s] [111 results]
2017-12-04 10:46:28,107 -> [Partitions Info]Candidates;Before indexing;200
2017-12-04 10:46:28,660 -> 08.Indexing candidates... [5.916s] [111 results]
2017-12-04 10:46:28,870 -> [Partitions Info]Candidates;After indexing;9
2017-12-04 10:46:28,870 -> 09.Getting expansions... [0.210s] [466 results]
2017-12-04 10:46:29,308 -> 10.Finding maximal disks... [0.438s] [17 results]
2017-12-04 10:46:31,997 -> 11.Prunning duplicates and subsets... [2.688s] [17 results]
2017-12-04 10:46:31,997 ->      Dataset,   Eps, Cores, Mu,   Time, # Pairs,   # Disks, # Candidates, # Maximals
2017-12-04 10:46:31,997 ->         B20K,  10.0,     7, 10,  49.07,   11226,     22452,          111,         17
2017-12-04 10:46:32,072 -> Dropping indices...[0.075s]
2017-12-04 10:46:32,072 -> Finishing MaximalFinder at 10:46:32.072...
2017-12-04 10:46:32,072 -> Total time for MaximalFinder: 49.142ms...
2017-12-04 10:46:32,112 -> Closing session... [0.040s]
Done!!! Mon Dec  4 10:46:32 PST 2017
Running iteration 1/3 for B20K (epsilon = 20 , mu = 10)...
2017-12-04 10:46:35,815 -> Starting session... [1.411s]
2017-12-04 10:46:37,826 -> Reading dataset... [2.011s]
2017-12-04 10:46:37,874 -> Lauching MaximalFinder at 10:46:37.833...
2017-12-04 10:46:37,874 -> 00.Setting mu=10,epsilon=20.0,cores=7,dataset=B20K
2017-12-04 10:46:37,875 -> [Partitions Info]Points;Before indexing;7
2017-12-04 10:46:47,766 -> [Partitions Info]Points;After indexing;992
2017-12-04 10:46:47,766 -> 01.Indexing points... [9.891s] [19715 results]
2017-12-04 10:47:00,598 -> 02.Getting pairs... [12.832s] [23819 results]
2017-12-04 10:47:03,678 -> 03.Computing centers... [3.080s] [47638 results]
2017-12-04 10:47:03,679 -> [Partitions Info]Centers;Before indexing;7
2017-12-04 10:47:05,668 -> [Partitions Info]Centers;After indexing;1024
2017-12-04 10:47:05,668 -> 04.Indexing centers... [1.990s] [47638 results]
2017-12-04 10:47:18,367 -> 05.Getting disks... [12.698s] [47638 results]
2017-12-04 10:47:19,406 -> 06.Filtering less-than-mu disks... [1.038s] [2392 results]
2017-12-04 10:47:25,961 -> 07.Prunning duplicate candidates... [6.555s] [1524 results]
2017-12-04 10:47:25,968 -> [Partitions Info]Candidates;Before indexing;200
2017-12-04 10:47:26,556 -> 08.Indexing candidates... [7.150s] [1524 results]
2017-12-04 10:47:26,853 -> [Partitions Info]Candidates;After indexing;9
2017-12-04 10:47:26,853 -> 09.Getting expansions... [0.297s] [2613 results]
2017-12-04 10:47:27,342 -> 10.Finding maximal disks... [0.489s] [108 results]
2017-12-04 10:47:30,171 -> 11.Prunning duplicates and subsets... [2.828s] [108 results]
2017-12-04 10:47:30,171 ->      Dataset,   Eps, Cores, Mu,   Time, # Pairs,   # Disks, # Candidates, # Maximals
2017-12-04 10:47:30,171 ->         B20K,  20.0,     7, 10,  52.30,   23819,     47638,         1524,        108
2017-12-04 10:47:30,221 -> Dropping indices...[0.050s]
2017-12-04 10:47:30,221 -> Finishing MaximalFinder at 10:47:30.221...
2017-12-04 10:47:30,221 -> Total time for MaximalFinder: 52.347ms...
2017-12-04 10:47:30,261 -> Closing session... [0.040s]
Done!!! Mon Dec  4 10:47:30 PST 2017
Running iteration 1/3 for B20K (epsilon = 30 , mu = 10)...
2017-12-04 10:47:33,984 -> Starting session... [1.418s]
2017-12-04 10:47:36,033 -> Reading dataset... [2.048s]
2017-12-04 10:47:36,083 -> Lauching MaximalFinder at 10:47:36.041...
2017-12-04 10:47:36,084 -> 00.Setting mu=10,epsilon=30.0,cores=7,dataset=B20K
2017-12-04 10:47:36,084 -> [Partitions Info]Points;Before indexing;7
2017-12-04 10:47:46,491 -> [Partitions Info]Points;After indexing;992
2017-12-04 10:47:46,492 -> 01.Indexing points... [10.408s] [19715 results]
2017-12-04 10:47:59,796 -> 02.Getting pairs... [13.304s] [36174 results]
2017-12-04 10:48:02,954 -> 03.Computing centers... [3.158s] [72348 results]
2017-12-04 10:48:02,954 -> [Partitions Info]Centers;Before indexing;7
2017-12-04 10:48:05,076 -> [Partitions Info]Centers;After indexing;1024
2017-12-04 10:48:05,076 -> 04.Indexing centers... [2.122s] [72348 results]
2017-12-04 10:48:18,632 -> 05.Getting disks... [13.556s] [72348 results]
2017-12-04 10:48:19,953 -> 06.Filtering less-than-mu disks... [1.321s] [5877 results]
2017-12-04 10:48:27,454 -> 07.Prunning duplicate candidates... [7.501s] [3889 results]
2017-12-04 10:48:27,463 -> [Partitions Info]Candidates;Before indexing;200
2017-12-04 10:48:28,031 -> 08.Indexing candidates... [8.078s] [3889 results]
2017-12-04 10:48:28,326 -> [Partitions Info]Candidates;After indexing;9
2017-12-04 10:48:28,326 -> 09.Getting expansions... [0.295s] [5518 results]
2017-12-04 10:48:28,950 -> 10.Finding maximal disks... [0.624s] [240 results]
2017-12-04 10:48:31,762 -> 11.Prunning duplicates and subsets... [2.812s] [240 results]
2017-12-04 10:48:31,763 ->      Dataset,   Eps, Cores, Mu,   Time, # Pairs,   # Disks, # Candidates, # Maximals
2017-12-04 10:48:31,763 ->         B20K,  30.0,     7, 10,  55.68,   36174,     72348,         3889,        240
2017-12-04 10:48:31,820 -> Dropping indices...[0.057s]
2017-12-04 10:48:31,820 -> Finishing MaximalFinder at 10:48:31.820...
2017-12-04 10:48:31,820 -> Total time for MaximalFinder: 55.737ms...
2017-12-04 10:48:31,854 -> Closing session... [0.034s]
Done!!! Mon Dec  4 10:48:32 PST 2017
Running iteration 2/3 for B20K (epsilon = 10 , mu = 10)...
2017-12-04 10:48:35,728 -> Starting session... [1.608s]
2017-12-04 10:48:38,017 -> Reading dataset... [2.289s]
2017-12-04 10:48:38,065 -> Lauching MaximalFinder at 10:48:38.024...
2017-12-04 10:48:38,066 -> 00.Setting mu=10,epsilon=10.0,cores=7,dataset=B20K
2017-12-04 10:48:38,066 -> [Partitions Info]Points;Before indexing;7
2017-12-04 10:48:47,722 -> [Partitions Info]Points;After indexing;992
2017-12-04 10:48:47,722 -> 01.Indexing points... [9.656s] [19715 results]
2017-12-04 10:49:00,016 -> 02.Getting pairs... [12.294s] [11226 results]
2017-12-04 10:49:02,914 -> 03.Computing centers... [2.898s] [22452 results]
2017-12-04 10:49:02,915 -> [Partitions Info]Centers;Before indexing;7
2017-12-04 10:49:04,686 -> [Partitions Info]Centers;After indexing;1024
2017-12-04 10:49:04,686 -> 04.Indexing centers... [1.771s] [22452 results]
2017-12-04 10:49:16,367 -> 05.Getting disks... [11.681s] [22452 results]
2017-12-04 10:49:17,138 -> 06.Filtering less-than-mu disks... [0.771s] [210 results]
2017-12-04 10:49:22,865 -> 07.Prunning duplicate candidates... [5.727s] [111 results]
2017-12-04 10:49:22,875 -> [Partitions Info]Candidates;Before indexing;200
2017-12-04 10:49:23,406 -> 08.Indexing candidates... [6.268s] [111 results]
2017-12-04 10:49:23,625 -> [Partitions Info]Candidates;After indexing;9
2017-12-04 10:49:23,625 -> 09.Getting expansions... [0.218s] [466 results]
2017-12-04 10:49:24,058 -> 10.Finding maximal disks... [0.433s] [17 results]
2017-12-04 10:49:26,709 -> 11.Prunning duplicates and subsets... [2.650s] [17 results]
2017-12-04 10:49:26,709 ->      Dataset,   Eps, Cores, Mu,   Time, # Pairs,   # Disks, # Candidates, # Maximals
2017-12-04 10:49:26,709 ->         B20K,  10.0,     7, 10,  48.64,   11226,     22452,          111,         17
2017-12-04 10:49:26,775 -> Dropping indices...[0.066s]
2017-12-04 10:49:26,775 -> Finishing MaximalFinder at 10:49:26.775...
2017-12-04 10:49:26,775 -> Total time for MaximalFinder: 48.710ms...
2017-12-04 10:49:26,814 -> Closing session... [0.039s]
Done!!! Mon Dec  4 10:49:27 PST 2017
Running iteration 2/3 for B20K (epsilon = 20 , mu = 10)...
2017-12-04 10:49:30,416 -> Starting session... [1.413s]
2017-12-04 10:49:32,601 -> Reading dataset... [2.185s]
2017-12-04 10:49:32,647 -> Lauching MaximalFinder at 10:49:32.607...
2017-12-04 10:49:32,648 -> 00.Setting mu=10,epsilon=20.0,cores=7,dataset=B20K
2017-12-04 10:49:32,648 -> [Partitions Info]Points;Before indexing;7
2017-12-04 10:49:42,786 -> [Partitions Info]Points;After indexing;992
2017-12-04 10:49:42,786 -> 01.Indexing points... [10.138s] [19715 results]
2017-12-04 10:49:55,761 -> 02.Getting pairs... [12.975s] [23819 results]
2017-12-04 10:49:58,800 -> 03.Computing centers... [3.039s] [47638 results]
2017-12-04 10:49:58,801 -> [Partitions Info]Centers;Before indexing;7
2017-12-04 10:50:01,144 -> [Partitions Info]Centers;After indexing;1024
2017-12-04 10:50:01,145 -> 04.Indexing centers... [2.344s] [47638 results]
2017-12-04 10:50:13,734 -> 05.Getting disks... [12.589s] [47638 results]
2017-12-04 10:50:14,757 -> 06.Filtering less-than-mu disks... [1.022s] [2392 results]
2017-12-04 10:50:21,326 -> 07.Prunning duplicate candidates... [6.569s] [1524 results]
2017-12-04 10:50:21,332 -> [Partitions Info]Candidates;Before indexing;200
2017-12-04 10:50:21,930 -> 08.Indexing candidates... [7.173s] [1524 results]
2017-12-04 10:50:22,220 -> [Partitions Info]Candidates;After indexing;9
2017-12-04 10:50:22,220 -> 09.Getting expansions... [0.290s] [2613 results]
2017-12-04 10:50:22,820 -> 10.Finding maximal disks... [0.600s] [108 results]
2017-12-04 10:50:25,709 -> 11.Prunning duplicates and subsets... [2.889s] [108 results]
2017-12-04 10:50:25,709 ->      Dataset,   Eps, Cores, Mu,   Time, # Pairs,   # Disks, # Candidates, # Maximals
2017-12-04 10:50:25,710 ->         B20K,  20.0,     7, 10,  53.06,   23819,     47638,         1524,        108
2017-12-04 10:50:25,760 -> Dropping indices...[0.050s]
2017-12-04 10:50:25,761 -> Finishing MaximalFinder at 10:50:25.760...
2017-12-04 10:50:25,761 -> Total time for MaximalFinder: 53.113ms...
2017-12-04 10:50:25,798 -> Closing session... [0.037s]
Done!!! Mon Dec  4 10:50:26 PST 2017
Running iteration 2/3 for B20K (epsilon = 30 , mu = 10)...
2017-12-04 10:50:29,486 -> Starting session... [1.408s]
2017-12-04 10:50:31,708 -> Reading dataset... [2.222s]
2017-12-04 10:50:31,754 -> Lauching MaximalFinder at 10:50:31.715...
2017-12-04 10:50:31,755 -> 00.Setting mu=10,epsilon=30.0,cores=7,dataset=B20K
2017-12-04 10:50:31,755 -> [Partitions Info]Points;Before indexing;7
2017-12-04 10:50:41,776 -> [Partitions Info]Points;After indexing;992
2017-12-04 10:50:41,776 -> 01.Indexing points... [10.021s] [19715 results]
2017-12-04 10:50:55,116 -> 02.Getting pairs... [13.340s] [36174 results]
2017-12-04 10:50:58,219 -> 03.Computing centers... [3.103s] [72348 results]
2017-12-04 10:50:58,219 -> [Partitions Info]Centers;Before indexing;7
2017-12-04 10:51:00,284 -> [Partitions Info]Centers;After indexing;1024
2017-12-04 10:51:00,284 -> 04.Indexing centers... [2.065s] [72348 results]
2017-12-04 10:51:13,874 -> 05.Getting disks... [13.590s] [72348 results]
2017-12-04 10:51:15,142 -> 06.Filtering less-than-mu disks... [1.268s] [5877 results]
2017-12-04 10:51:22,738 -> 07.Prunning duplicate candidates... [7.596s] [3889 results]
2017-12-04 10:51:22,745 -> [Partitions Info]Candidates;Before indexing;200
2017-12-04 10:51:23,311 -> 08.Indexing candidates... [8.169s] [3889 results]
2017-12-04 10:51:23,604 -> [Partitions Info]Candidates;After indexing;9
2017-12-04 10:51:23,604 -> 09.Getting expansions... [0.293s] [5518 results]
2017-12-04 10:51:24,189 -> 10.Finding maximal disks... [0.585s] [240 results]
2017-12-04 10:51:27,157 -> 11.Prunning duplicates and subsets... [2.968s] [240 results]
2017-12-04 10:51:27,158 ->      Dataset,   Eps, Cores, Mu,   Time, # Pairs,   # Disks, # Candidates, # Maximals
2017-12-04 10:51:27,158 ->         B20K,  30.0,     7, 10,  55.40,   36174,     72348,         3889,        240
2017-12-04 10:51:27,224 -> Dropping indices...[0.066s]
2017-12-04 10:51:27,224 -> Finishing MaximalFinder at 10:51:27.224...
2017-12-04 10:51:27,224 -> Total time for MaximalFinder: 55.470ms...
2017-12-04 10:51:27,275 -> Closing session... [0.051s]
Done!!! Mon Dec  4 10:51:27 PST 2017
Running iteration 3/3 for B20K (epsilon = 10 , mu = 10)...
2017-12-04 10:51:31,098 -> Starting session... [1.529s]
2017-12-04 10:51:33,309 -> Reading dataset... [2.211s]
2017-12-04 10:51:33,358 -> Lauching MaximalFinder at 10:51:33.315...
2017-12-04 10:51:33,358 -> 00.Setting mu=10,epsilon=10.0,cores=7,dataset=B20K
2017-12-04 10:51:33,359 -> [Partitions Info]Points;Before indexing;7
2017-12-04 10:51:43,128 -> [Partitions Info]Points;After indexing;992
2017-12-04 10:51:43,128 -> 01.Indexing points... [9.770s] [19715 results]
2017-12-04 10:51:56,059 -> 02.Getting pairs... [12.931s] [11226 results]
2017-12-04 10:51:59,058 -> 03.Computing centers... [2.999s] [22452 results]
2017-12-04 10:51:59,059 -> [Partitions Info]Centers;Before indexing;7
2017-12-04 10:52:00,854 -> [Partitions Info]Centers;After indexing;1024
2017-12-04 10:52:00,854 -> 04.Indexing centers... [1.795s] [22452 results]
2017-12-04 10:52:12,388 -> 05.Getting disks... [11.534s] [22452 results]
2017-12-04 10:52:13,173 -> 06.Filtering less-than-mu disks... [0.785s] [210 results]
2017-12-04 10:52:18,337 -> 07.Prunning duplicate candidates... [5.164s] [111 results]
2017-12-04 10:52:18,345 -> [Partitions Info]Candidates;Before indexing;200
2017-12-04 10:52:18,912 -> 08.Indexing candidates... [5.739s] [111 results]
2017-12-04 10:52:19,129 -> [Partitions Info]Candidates;After indexing;9
2017-12-04 10:52:19,129 -> 09.Getting expansions... [0.217s] [466 results]
2017-12-04 10:52:19,597 -> 10.Finding maximal disks... [0.468s] [17 results]
2017-12-04 10:52:22,259 -> 11.Prunning duplicates and subsets... [2.662s] [17 results]
2017-12-04 10:52:22,259 ->      Dataset,   Eps, Cores, Mu,   Time, # Pairs,   # Disks, # Candidates, # Maximals
2017-12-04 10:52:22,259 ->         B20K,  10.0,     7, 10,  48.90,   11226,     22452,          111,         17
2017-12-04 10:52:22,315 -> Dropping indices...[0.056s]
2017-12-04 10:52:22,315 -> Finishing MaximalFinder at 10:52:22.315...
2017-12-04 10:52:22,315 -> Total time for MaximalFinder: 48.957ms...
2017-12-04 10:52:22,351 -> Closing session... [0.036s]
Done!!! Mon Dec  4 10:52:22 PST 2017
Running iteration 3/3 for B20K (epsilon = 20 , mu = 10)...
2017-12-04 10:52:26,013 -> Starting session... [1.414s]
2017-12-04 10:52:28,034 -> Reading dataset... [2.020s]
2017-12-04 10:52:28,086 -> Lauching MaximalFinder at 10:52:28.041...
2017-12-04 10:52:28,086 -> 00.Setting mu=10,epsilon=20.0,cores=7,dataset=B20K
2017-12-04 10:52:28,087 -> [Partitions Info]Points;Before indexing;7
2017-12-04 10:52:37,733 -> [Partitions Info]Points;After indexing;992
2017-12-04 10:52:37,734 -> 01.Indexing points... [9.647s] [19715 results]
2017-12-04 10:52:50,401 -> 02.Getting pairs... [12.667s] [23819 results]
2017-12-04 10:52:53,478 -> 03.Computing centers... [3.077s] [47638 results]
2017-12-04 10:52:53,478 -> [Partitions Info]Centers;Before indexing;7
2017-12-04 10:52:55,398 -> [Partitions Info]Centers;After indexing;1024
2017-12-04 10:52:55,399 -> 04.Indexing centers... [1.921s] [47638 results]
2017-12-04 10:53:07,432 -> 05.Getting disks... [12.033s] [47638 results]
2017-12-04 10:53:08,494 -> 06.Filtering less-than-mu disks... [1.062s] [2392 results]
2017-12-04 10:53:15,233 -> 07.Prunning duplicate candidates... [6.739s] [1524 results]
2017-12-04 10:53:15,242 -> [Partitions Info]Candidates;Before indexing;200
2017-12-04 10:53:15,848 -> 08.Indexing candidates... [7.354s] [1524 results]
2017-12-04 10:53:16,120 -> [Partitions Info]Candidates;After indexing;9
2017-12-04 10:53:16,120 -> 09.Getting expansions... [0.272s] [2613 results]
2017-12-04 10:53:16,740 -> 10.Finding maximal disks... [0.620s] [108 results]
2017-12-04 10:53:19,542 -> 11.Prunning duplicates and subsets... [2.802s] [108 results]
2017-12-04 10:53:19,543 ->      Dataset,   Eps, Cores, Mu,   Time, # Pairs,   # Disks, # Candidates, # Maximals
2017-12-04 10:53:19,543 ->         B20K,  20.0,     7, 10,  51.46,   23819,     47638,         1524,        108
2017-12-04 10:53:19,594 -> Dropping indices...[0.051s]
2017-12-04 10:53:19,594 -> Finishing MaximalFinder at 10:53:19.594...
2017-12-04 10:53:19,594 -> Total time for MaximalFinder: 51.508ms...
2017-12-04 10:53:19,631 -> Closing session... [0.037s]
Done!!! Mon Dec  4 10:53:20 PST 2017
Running iteration 3/3 for B20K (epsilon = 30 , mu = 10)...
2017-12-04 10:53:23,218 -> Starting session... [1.401s]
2017-12-04 10:53:25,256 -> Reading dataset... [2.038s]
2017-12-04 10:53:25,305 -> Lauching MaximalFinder at 10:53:25.263...
2017-12-04 10:53:25,306 -> 00.Setting mu=10,epsilon=30.0,cores=7,dataset=B20K
2017-12-04 10:53:25,306 -> [Partitions Info]Points;Before indexing;7
2017-12-04 10:53:35,364 -> [Partitions Info]Points;After indexing;992
2017-12-04 10:53:35,364 -> 01.Indexing points... [10.058s] [19715 results]
2017-12-04 10:53:48,504 -> 02.Getting pairs... [13.140s] [36174 results]
2017-12-04 10:53:51,368 -> 03.Computing centers... [2.864s] [72348 results]
2017-12-04 10:53:51,369 -> [Partitions Info]Centers;Before indexing;7
2017-12-04 10:53:53,720 -> [Partitions Info]Centers;After indexing;1024
2017-12-04 10:53:53,720 -> 04.Indexing centers... [2.351s] [72348 results]
2017-12-04 10:54:07,086 -> 05.Getting disks... [13.366s] [72348 results]
2017-12-04 10:54:08,417 -> 06.Filtering less-than-mu disks... [1.331s] [5877 results]
2017-12-04 10:54:15,924 -> 07.Prunning duplicate candidates... [7.506s] [3889 results]
2017-12-04 10:54:15,931 -> [Partitions Info]Candidates;Before indexing;200
2017-12-04 10:54:16,548 -> 08.Indexing candidates... [8.130s] [3889 results]
2017-12-04 10:54:16,839 -> [Partitions Info]Candidates;After indexing;9
2017-12-04 10:54:16,839 -> 09.Getting expansions... [0.290s] [5518 results]
2017-12-04 10:54:17,516 -> 10.Finding maximal disks... [0.677s] [240 results]
2017-12-04 10:54:20,325 -> 11.Prunning duplicates and subsets... [2.809s] [240 results]
2017-12-04 10:54:20,325 ->      Dataset,   Eps, Cores, Mu,   Time, # Pairs,   # Disks, # Candidates, # Maximals
2017-12-04 10:54:20,325 ->         B20K,  30.0,     7, 10,  55.02,   36174,     72348,         3889,        240
2017-12-04 10:54:20,378 -> Dropping indices...[0.053s]
2017-12-04 10:54:20,378 -> Finishing MaximalFinder at 10:54:20.378...
2017-12-04 10:54:20,379 -> Total time for MaximalFinder: 55.073ms...
2017-12-04 10:54:20,414 -> Closing session... [0.035s]
Done!!! Mon Dec  4 10:54:20 PST 2017
acald013@dblab-rack14: stopping org.apache.spark.deploy.worker.Worker
stopping org.apache.spark.deploy.master.Master
starting org.apache.spark.deploy.master.Master, logging to /home/acald013/Spark/spark-2.1.0-bin-hadoop2.7/logs/spark-acald013-org.apache.spark.deploy.master.Master-1-dblab-rack11.cs.ucr.edu.out
acald013@dblab-rack12: starting org.apache.spark.deploy.worker.Worker, logging to /home/acald013/Spark/spark-2.1.0-bin-hadoop2.7/logs/spark-acald013-org.apache.spark.deploy.worker.Worker-1-dblab-rack12.out
acald013@dblab-rack11: starting org.apache.spark.deploy.worker.Worker, logging to /home/acald013/Spark/spark-2.1.0-bin-hadoop2.7/logs/spark-acald013-org.apache.spark.deploy.worker.Worker-1-dblab-rack11.cs.ucr.edu.out
Running iteration 1/3 for B40K (epsilon = 10 , mu = 10)...
2017-12-04 10:54:29,876 -> Starting session... [1.785s]
2017-12-04 10:54:32,508 -> Reading dataset... [2.631s]
2017-12-04 10:54:32,551 -> Lauching MaximalFinder at 10:54:32.513...
2017-12-04 10:54:32,552 -> 00.Setting mu=10,epsilon=10.0,cores=14,dataset=B40K
2017-12-04 10:54:32,552 -> [Partitions Info]Points;Before indexing;14
2017-12-04 10:54:44,425 -> [Partitions Info]Points;After indexing;1024
2017-12-04 10:54:44,426 -> 01.Indexing points... [11.874s] [39429 results]
2017-12-04 10:54:55,899 -> 02.Getting pairs... [11.473s] [22452 results]
2017-12-04 10:54:58,700 -> 03.Computing centers... [2.801s] [44904 results]
2017-12-04 10:54:58,700 -> [Partitions Info]Centers;Before indexing;14
2017-12-04 10:55:00,388 -> [Partitions Info]Centers;After indexing;1024
2017-12-04 10:55:00,388 -> 04.Indexing centers... [1.688s] [44904 results]
2017-12-04 10:55:10,681 -> 05.Getting disks... [10.293s] [44904 results]
2017-12-04 10:55:11,615 -> 06.Filtering less-than-mu disks... [0.933s] [420 results]
2017-12-04 10:55:16,757 -> 07.Prunning duplicate candidates... [5.142s] [222 results]
2017-12-04 10:55:16,766 -> [Partitions Info]Candidates;Before indexing;200
2017-12-04 10:55:17,303 -> 08.Indexing candidates... [5.688s] [222 results]
2017-12-04 10:55:17,520 -> [Partitions Info]Candidates;After indexing;16
2017-12-04 10:55:17,520 -> 09.Getting expansions... [0.217s] [889 results]
2017-12-04 10:55:17,978 -> 10.Finding maximal disks... [0.458s] [34 results]
2017-12-04 10:55:20,650 -> 11.Prunning duplicates and subsets... [2.672s] [34 results]
2017-12-04 10:55:20,650 ->      Dataset,   Eps, Cores, Mu,   Time, # Pairs,   # Disks, # Candidates, # Maximals
2017-12-04 10:55:20,651 ->         B40K,  10.0,    14, 10,  48.10,   22452,     44904,          222,         34
2017-12-04 10:55:20,698 -> Dropping indices...[0.047s]
2017-12-04 10:55:20,698 -> Finishing MaximalFinder at 10:55:20.698...
2017-12-04 10:55:20,698 -> Total time for MaximalFinder: 48.147ms...
2017-12-04 10:55:20,745 -> Closing session... [0.047s]
Done!!! Mon Dec  4 10:55:21 PST 2017
Running iteration 1/3 for B40K (epsilon = 20 , mu = 10)...
2017-12-04 10:55:24,482 -> Starting session... [1.512s]
2017-12-04 10:55:27,323 -> Reading dataset... [2.841s]
2017-12-04 10:55:27,364 -> Lauching MaximalFinder at 10:55:27.328...
2017-12-04 10:55:27,365 -> 00.Setting mu=10,epsilon=20.0,cores=14,dataset=B40K
2017-12-04 10:55:27,365 -> [Partitions Info]Points;Before indexing;14
2017-12-04 10:55:39,146 -> [Partitions Info]Points;After indexing;1024
2017-12-04 10:55:39,146 -> 01.Indexing points... [11.781s] [39429 results]
2017-12-04 10:55:51,152 -> 02.Getting pairs... [12.006s] [47638 results]
2017-12-04 10:55:54,128 -> 03.Computing centers... [2.975s] [95276 results]
2017-12-04 10:55:54,128 -> [Partitions Info]Centers;Before indexing;14
2017-12-04 10:55:56,111 -> [Partitions Info]Centers;After indexing;1024
2017-12-04 10:55:56,111 -> 04.Indexing centers... [1.983s] [95276 results]
2017-12-04 10:56:07,094 -> 05.Getting disks... [10.983s] [95276 results]
2017-12-04 10:56:08,542 -> 06.Filtering less-than-mu disks... [1.448s] [4784 results]
2017-12-04 10:56:15,993 -> 07.Prunning duplicate candidates... [7.451s] [3048 results]
2017-12-04 10:56:15,999 -> [Partitions Info]Candidates;Before indexing;200
2017-12-04 10:56:16,540 -> 08.Indexing candidates... [7.998s] [3048 results]
2017-12-04 10:56:16,794 -> [Partitions Info]Candidates;After indexing;16
2017-12-04 10:56:16,795 -> 09.Getting expansions... [0.255s] [5824 results]
2017-12-04 10:56:17,378 -> 10.Finding maximal disks... [0.583s] [216 results]
2017-12-04 10:56:19,931 -> 11.Prunning duplicates and subsets... [2.553s] [216 results]
2017-12-04 10:56:19,931 ->      Dataset,   Eps, Cores, Mu,   Time, # Pairs,   # Disks, # Candidates, # Maximals
2017-12-04 10:56:19,931 ->         B40K,  20.0,    14, 10,  52.57,   47638,     95276,         3048,        216
2017-12-04 10:56:20,004 -> Dropping indices...[0.073s]
2017-12-04 10:56:20,005 -> Finishing MaximalFinder at 10:56:20.005...
2017-12-04 10:56:20,005 -> Total time for MaximalFinder: 52.641ms...
2017-12-04 10:56:20,053 -> Closing session... [0.048s]
Done!!! Mon Dec  4 10:56:20 PST 2017
Running iteration 1/3 for B40K (epsilon = 30 , mu = 10)...
2017-12-04 10:56:24,041 -> Starting session... [1.726s]
2017-12-04 10:56:26,952 -> Reading dataset... [2.911s]
2017-12-04 10:56:26,991 -> Lauching MaximalFinder at 10:56:26.957...
2017-12-04 10:56:26,991 -> 00.Setting mu=10,epsilon=30.0,cores=14,dataset=B40K
2017-12-04 10:56:26,992 -> [Partitions Info]Points;Before indexing;14
2017-12-04 10:56:38,278 -> [Partitions Info]Points;After indexing;1024
2017-12-04 10:56:38,278 -> 01.Indexing points... [11.287s] [39429 results]
2017-12-04 10:56:50,258 -> 02.Getting pairs... [11.980s] [72348 results]
2017-12-04 10:56:53,380 -> 03.Computing centers... [3.122s] [144696 results]
2017-12-04 10:56:53,380 -> [Partitions Info]Centers;Before indexing;14
2017-12-04 10:56:55,580 -> [Partitions Info]Centers;After indexing;1024
2017-12-04 10:56:55,580 -> 04.Indexing centers... [2.200s] [144696 results]
2017-12-04 10:57:08,655 -> 05.Getting disks... [13.075s] [144696 results]
2017-12-04 10:57:10,321 -> 06.Filtering less-than-mu disks... [1.666s] [11754 results]
2017-12-04 10:57:17,603 -> 07.Prunning duplicate candidates... [7.282s] [7778 results]
2017-12-04 10:57:17,610 -> [Partitions Info]Candidates;Before indexing;200
2017-12-04 10:57:18,199 -> 08.Indexing candidates... [7.878s] [7778 results]
2017-12-04 10:57:18,921 -> [Partitions Info]Candidates;After indexing;16
2017-12-04 10:57:18,922 -> 09.Getting expansions... [0.722s] [10911 results]
2017-12-04 10:57:19,510 -> 10.Finding maximal disks... [0.587s] [480 results]
2017-12-04 10:57:22,009 -> 11.Prunning duplicates and subsets... [2.499s] [480 results]
2017-12-04 10:57:22,009 ->      Dataset,   Eps, Cores, Mu,   Time, # Pairs,   # Disks, # Candidates, # Maximals
2017-12-04 10:57:22,009 ->         B40K,  30.0,    14, 10,  55.02,   72348,    144696,         7778,        480
2017-12-04 10:57:22,098 -> Dropping indices...[0.089s]
2017-12-04 10:57:22,098 -> Finishing MaximalFinder at 10:57:22.098...
2017-12-04 10:57:22,099 -> Total time for MaximalFinder: 55.107ms...
2017-12-04 10:57:22,155 -> Closing session... [0.056s]
Done!!! Mon Dec  4 10:57:22 PST 2017
Running iteration 2/3 for B40K (epsilon = 10 , mu = 10)...
2017-12-04 10:57:26,067 -> Starting session... [1.678s]
2017-12-04 10:57:28,699 -> Reading dataset... [2.632s]
2017-12-04 10:57:28,737 -> Lauching MaximalFinder at 10:57:28.706...
2017-12-04 10:57:28,737 -> 00.Setting mu=10,epsilon=10.0,cores=14,dataset=B40K
2017-12-04 10:57:28,737 -> [Partitions Info]Points;Before indexing;14
2017-12-04 10:57:40,256 -> [Partitions Info]Points;After indexing;1024
2017-12-04 10:57:40,257 -> 01.Indexing points... [11.520s] [39429 results]
2017-12-04 10:57:51,605 -> 02.Getting pairs... [11.348s] [22452 results]
2017-12-04 10:57:54,372 -> 03.Computing centers... [2.767s] [44904 results]
2017-12-04 10:57:54,372 -> [Partitions Info]Centers;Before indexing;14
2017-12-04 10:57:56,442 -> [Partitions Info]Centers;After indexing;1024
2017-12-04 10:57:56,442 -> 04.Indexing centers... [2.070s] [44904 results]
2017-12-04 10:58:06,594 -> 05.Getting disks... [10.152s] [44904 results]
2017-12-04 10:58:07,766 -> 06.Filtering less-than-mu disks... [1.172s] [420 results]
2017-12-04 10:58:12,624 -> 07.Prunning duplicate candidates... [4.858s] [222 results]
2017-12-04 10:58:12,634 -> [Partitions Info]Candidates;Before indexing;200
2017-12-04 10:58:13,351 -> 08.Indexing candidates... [5.585s] [222 results]
2017-12-04 10:58:13,705 -> [Partitions Info]Candidates;After indexing;16
2017-12-04 10:58:13,705 -> 09.Getting expansions... [0.354s] [889 results]
2017-12-04 10:58:14,195 -> 10.Finding maximal disks... [0.490s] [34 results]
2017-12-04 10:58:16,497 -> 11.Prunning duplicates and subsets... [2.302s] [34 results]
2017-12-04 10:58:16,498 ->      Dataset,   Eps, Cores, Mu,   Time, # Pairs,   # Disks, # Candidates, # Maximals
2017-12-04 10:58:16,498 ->         B40K,  10.0,    14, 10,  47.76,   22452,     44904,          222,         34
2017-12-04 10:58:16,563 -> Dropping indices...[0.065s]
2017-12-04 10:58:16,563 -> Finishing MaximalFinder at 10:58:16.563...
2017-12-04 10:58:16,563 -> Total time for MaximalFinder: 47.826ms...
2017-12-04 10:58:16,637 -> Closing session... [0.074s]
Done!!! Mon Dec  4 10:58:17 PST 2017
Running iteration 2/3 for B40K (epsilon = 20 , mu = 10)...
2017-12-04 10:58:20,581 -> Starting session... [1.697s]
2017-12-04 10:58:23,109 -> Reading dataset... [2.527s]
2017-12-04 10:58:23,419 -> Lauching MaximalFinder at 10:58:23.115...
2017-12-04 10:58:23,419 -> 00.Setting mu=10,epsilon=20.0,cores=14,dataset=B40K
2017-12-04 10:58:23,420 -> [Partitions Info]Points;Before indexing;14
2017-12-04 10:58:35,420 -> [Partitions Info]Points;After indexing;1024
2017-12-04 10:58:35,421 -> 01.Indexing points... [12.002s] [39429 results]
2017-12-04 10:58:47,290 -> 02.Getting pairs... [11.869s] [47638 results]
2017-12-04 10:58:50,696 -> 03.Computing centers... [3.406s] [95276 results]
2017-12-04 10:58:50,696 -> [Partitions Info]Centers;Before indexing;14
2017-12-04 10:58:52,599 -> [Partitions Info]Centers;After indexing;1024
2017-12-04 10:58:52,599 -> 04.Indexing centers... [1.903s] [95276 results]
2017-12-04 10:59:03,955 -> 05.Getting disks... [11.356s] [95276 results]
2017-12-04 10:59:05,096 -> 06.Filtering less-than-mu disks... [1.141s] [4784 results]
2017-12-04 10:59:12,375 -> 07.Prunning duplicate candidates... [7.279s] [3048 results]
2017-12-04 10:59:12,384 -> [Partitions Info]Candidates;Before indexing;200
2017-12-04 10:59:13,065 -> 08.Indexing candidates... [7.969s] [3048 results]
2017-12-04 10:59:13,383 -> [Partitions Info]Candidates;After indexing;16
2017-12-04 10:59:13,383 -> 09.Getting expansions... [0.318s] [5824 results]
2017-12-04 10:59:13,930 -> 10.Finding maximal disks... [0.547s] [216 results]
2017-12-04 10:59:16,419 -> 11.Prunning duplicates and subsets... [2.489s] [216 results]
2017-12-04 10:59:16,419 ->      Dataset,   Eps, Cores, Mu,   Time, # Pairs,   # Disks, # Candidates, # Maximals
2017-12-04 10:59:16,419 ->         B40K,  20.0,    14, 10,  53.00,   47638,     95276,         3048,        216
2017-12-04 10:59:16,490 -> Dropping indices...[0.070s]
2017-12-04 10:59:16,490 -> Finishing MaximalFinder at 10:59:16.490...
2017-12-04 10:59:16,490 -> Total time for MaximalFinder: 53.071ms...
2017-12-04 10:59:16,533 -> Closing session... [0.042s]
Done!!! Mon Dec  4 10:59:16 PST 2017
Running iteration 2/3 for B40K (epsilon = 30 , mu = 10)...
2017-12-04 10:59:20,430 -> Starting session... [1.593s]
2017-12-04 10:59:23,132 -> Reading dataset... [2.702s]
2017-12-04 10:59:23,171 -> Lauching MaximalFinder at 10:59:23.137...
2017-12-04 10:59:23,172 -> 00.Setting mu=10,epsilon=30.0,cores=14,dataset=B40K
2017-12-04 10:59:23,172 -> [Partitions Info]Points;Before indexing;14
2017-12-04 10:59:35,363 -> [Partitions Info]Points;After indexing;1024
2017-12-04 10:59:35,363 -> 01.Indexing points... [12.191s] [39429 results]
2017-12-04 10:59:47,974 -> 02.Getting pairs... [12.611s] [72348 results]
2017-12-04 10:59:51,327 -> 03.Computing centers... [3.353s] [144696 results]
2017-12-04 10:59:51,327 -> [Partitions Info]Centers;Before indexing;14
2017-12-04 10:59:53,514 -> [Partitions Info]Centers;After indexing;1024
2017-12-04 10:59:53,514 -> 04.Indexing centers... [2.187s] [144696 results]
2017-12-04 11:00:06,527 -> 05.Getting disks... [13.013s] [144696 results]
2017-12-04 11:00:08,027 -> 06.Filtering less-than-mu disks... [1.500s] [11754 results]
2017-12-04 11:00:15,457 -> 07.Prunning duplicate candidates... [7.430s] [7778 results]
2017-12-04 11:00:15,463 -> [Partitions Info]Candidates;Before indexing;200
2017-12-04 11:00:16,057 -> 08.Indexing candidates... [8.030s] [7778 results]
2017-12-04 11:00:16,381 -> [Partitions Info]Candidates;After indexing;16
2017-12-04 11:00:16,381 -> 09.Getting expansions... [0.324s] [10911 results]
2017-12-04 11:00:16,991 -> 10.Finding maximal disks... [0.610s] [480 results]
2017-12-04 11:00:19,585 -> 11.Prunning duplicates and subsets... [2.594s] [480 results]
2017-12-04 11:00:19,585 ->      Dataset,   Eps, Cores, Mu,   Time, # Pairs,   # Disks, # Candidates, # Maximals
2017-12-04 11:00:19,585 ->         B40K,  30.0,    14, 10,  56.41,   72348,    144696,         7778,        480
2017-12-04 11:00:19,649 -> Dropping indices...[0.064s]
2017-12-04 11:00:19,649 -> Finishing MaximalFinder at 11:00:19.649...
2017-12-04 11:00:19,649 -> Total time for MaximalFinder: 56.477ms...
2017-12-04 11:00:19,694 -> Closing session... [0.045s]
Done!!! Mon Dec  4 11:00:20 PST 2017
Running iteration 3/3 for B40K (epsilon = 10 , mu = 10)...
2017-12-04 11:00:23,662 -> Starting session... [1.616s]
2017-12-04 11:00:26,549 -> Reading dataset... [2.887s]
2017-12-04 11:00:26,585 -> Lauching MaximalFinder at 11:00:26.554...
2017-12-04 11:00:26,586 -> 00.Setting mu=10,epsilon=10.0,cores=14,dataset=B40K
2017-12-04 11:00:26,586 -> [Partitions Info]Points;Before indexing;14
2017-12-04 11:00:37,880 -> [Partitions Info]Points;After indexing;1024
2017-12-04 11:00:37,881 -> 01.Indexing points... [11.294s] [39429 results]
2017-12-04 11:00:48,996 -> 02.Getting pairs... [11.115s] [22452 results]
2017-12-04 11:00:51,752 -> 03.Computing centers... [2.756s] [44904 results]
2017-12-04 11:00:51,752 -> [Partitions Info]Centers;Before indexing;14
2017-12-04 11:00:53,963 -> [Partitions Info]Centers;After indexing;1024
2017-12-04 11:00:53,963 -> 04.Indexing centers... [2.211s] [44904 results]
2017-12-04 11:01:03,805 -> 05.Getting disks... [9.842s] [44904 results]
2017-12-04 11:01:04,841 -> 06.Filtering less-than-mu disks... [1.036s] [420 results]
2017-12-04 11:01:09,700 -> 07.Prunning duplicate candidates... [4.859s] [222 results]
2017-12-04 11:01:09,707 -> [Partitions Info]Candidates;Before indexing;200
2017-12-04 11:01:10,227 -> 08.Indexing candidates... [5.386s] [222 results]
2017-12-04 11:01:10,415 -> [Partitions Info]Candidates;After indexing;16
2017-12-04 11:01:10,415 -> 09.Getting expansions... [0.188s] [889 results]
2017-12-04 11:01:10,887 -> 10.Finding maximal disks... [0.472s] [34 results]
2017-12-04 11:01:13,344 -> 11.Prunning duplicates and subsets... [2.457s] [34 results]
2017-12-04 11:01:13,344 ->      Dataset,   Eps, Cores, Mu,   Time, # Pairs,   # Disks, # Candidates, # Maximals
2017-12-04 11:01:13,345 ->         B40K,  10.0,    14, 10,  46.76,   22452,     44904,          222,         34
2017-12-04 11:01:13,416 -> Dropping indices...[0.071s]
2017-12-04 11:01:13,416 -> Finishing MaximalFinder at 11:01:13.416...
2017-12-04 11:01:13,416 -> Total time for MaximalFinder: 46.831ms...
2017-12-04 11:01:13,455 -> Closing session... [0.039s]
Done!!! Mon Dec  4 11:01:13 PST 2017
Running iteration 3/3 for B40K (epsilon = 20 , mu = 10)...
2017-12-04 11:01:17,401 -> Starting session... [1.607s]
2017-12-04 11:01:20,173 -> Reading dataset... [2.768s]
2017-12-04 11:01:20,216 -> Lauching MaximalFinder at 11:01:20.177...
2017-12-04 11:01:20,216 -> 00.Setting mu=10,epsilon=20.0,cores=14,dataset=B40K
2017-12-04 11:01:20,216 -> [Partitions Info]Points;Before indexing;14
2017-12-04 11:01:32,765 -> [Partitions Info]Points;After indexing;1024
2017-12-04 11:01:32,766 -> 01.Indexing points... [12.550s] [39429 results]
2017-12-04 11:01:45,286 -> 02.Getting pairs... [12.520s] [47638 results]
2017-12-04 11:01:48,553 -> 03.Computing centers... [3.267s] [95276 results]
2017-12-04 11:01:48,554 -> [Partitions Info]Centers;Before indexing;14
2017-12-04 11:01:50,745 -> [Partitions Info]Centers;After indexing;1024
2017-12-04 11:01:50,745 -> 04.Indexing centers... [2.191s] [95276 results]
2017-12-04 11:02:02,213 -> 05.Getting disks... [11.468s] [95276 results]
2017-12-04 11:02:03,642 -> 06.Filtering less-than-mu disks... [1.429s] [4784 results]
2017-12-04 11:02:11,069 -> 07.Prunning duplicate candidates... [7.426s] [3048 results]
2017-12-04 11:02:11,078 -> [Partitions Info]Candidates;Before indexing;200
2017-12-04 11:02:11,662 -> 08.Indexing candidates... [8.020s] [3048 results]
2017-12-04 11:02:11,922 -> [Partitions Info]Candidates;After indexing;16
2017-12-04 11:02:11,922 -> 09.Getting expansions... [0.260s] [5824 results]
2017-12-04 11:02:12,460 -> 10.Finding maximal disks... [0.538s] [216 results]
2017-12-04 11:02:15,286 -> 11.Prunning duplicates and subsets... [2.826s] [216 results]
2017-12-04 11:02:15,287 ->      Dataset,   Eps, Cores, Mu,   Time, # Pairs,   # Disks, # Candidates, # Maximals
2017-12-04 11:02:15,287 ->         B40K,  20.0,    14, 10,  55.07,   47638,     95276,         3048,        216
2017-12-04 11:02:15,343 -> Dropping indices...[0.056s]
2017-12-04 11:02:15,343 -> Finishing MaximalFinder at 11:02:15.343...
2017-12-04 11:02:15,343 -> Total time for MaximalFinder: 55.127ms...
2017-12-04 11:02:15,390 -> Closing session... [0.046s]
Done!!! Mon Dec  4 11:02:16 PST 2017
Running iteration 3/3 for B40K (epsilon = 30 , mu = 10)...
2017-12-04 11:02:20,250 -> Starting session... [1.582s]
2017-12-04 11:02:22,974 -> Reading dataset... [2.723s]
2017-12-04 11:02:23,012 -> Lauching MaximalFinder at 11:02:22.979...
2017-12-04 11:02:23,012 -> 00.Setting mu=10,epsilon=30.0,cores=14,dataset=B40K
2017-12-04 11:02:23,012 -> [Partitions Info]Points;Before indexing;14
2017-12-04 11:02:34,882 -> [Partitions Info]Points;After indexing;1024
2017-12-04 11:02:34,882 -> 01.Indexing points... [11.870s] [39429 results]
2017-12-04 11:02:46,903 -> 02.Getting pairs... [12.021s] [72348 results]
2017-12-04 11:02:50,161 -> 03.Computing centers... [3.258s] [144696 results]
2017-12-04 11:02:50,161 -> [Partitions Info]Centers;Before indexing;14
2017-12-04 11:02:52,543 -> [Partitions Info]Centers;After indexing;1024
2017-12-04 11:02:52,543 -> 04.Indexing centers... [2.382s] [144696 results]
2017-12-04 11:03:04,495 -> 05.Getting disks... [11.952s] [144696 results]
2017-12-04 11:03:05,977 -> 06.Filtering less-than-mu disks... [1.482s] [11754 results]
2017-12-04 11:03:13,942 -> 07.Prunning duplicate candidates... [7.965s] [7778 results]
2017-12-04 11:03:13,951 -> [Partitions Info]Candidates;Before indexing;200
2017-12-04 11:03:14,539 -> 08.Indexing candidates... [8.562s] [7778 results]
2017-12-04 11:03:14,857 -> [Partitions Info]Candidates;After indexing;16
2017-12-04 11:03:14,857 -> 09.Getting expansions... [0.318s] [10911 results]
2017-12-04 11:03:15,459 -> 10.Finding maximal disks... [0.602s] [480 results]
2017-12-04 11:03:18,350 -> 11.Prunning duplicates and subsets... [2.891s] [480 results]
2017-12-04 11:03:18,351 ->      Dataset,   Eps, Cores, Mu,   Time, # Pairs,   # Disks, # Candidates, # Maximals
2017-12-04 11:03:18,351 ->         B40K,  30.0,    14, 10,  55.34,   72348,    144696,         7778,        480
2017-12-04 11:03:18,425 -> Dropping indices...[0.073s]
2017-12-04 11:03:18,425 -> Finishing MaximalFinder at 11:03:18.425...
2017-12-04 11:03:18,425 -> Total time for MaximalFinder: 55.413ms...
2017-12-04 11:03:18,474 -> Closing session... [0.049s]
Done!!! Mon Dec  4 11:03:18 PST 2017
acald013@dblab-rack11: stopping org.apache.spark.deploy.worker.Worker
acald013@dblab-rack12: stopping org.apache.spark.deploy.worker.Worker
stopping org.apache.spark.deploy.master.Master
starting org.apache.spark.deploy.master.Master, logging to /home/acald013/Spark/spark-2.1.0-bin-hadoop2.7/logs/spark-acald013-org.apache.spark.deploy.master.Master-1-dblab-rack11.cs.ucr.edu.out
acald013@dblab-rack12: starting org.apache.spark.deploy.worker.Worker, logging to /home/acald013/Spark/spark-2.1.0-bin-hadoop2.7/logs/spark-acald013-org.apache.spark.deploy.worker.Worker-1-dblab-rack12.out
acald013@dblab-rack14: starting org.apache.spark.deploy.worker.Worker, logging to /home/acald013/Spark/spark-2.1.0-bin-hadoop2.7/logs/spark-acald013-org.apache.spark.deploy.worker.Worker-1-dblab-rack14.cs.ucr.edu.out
acald013@dblab-rack11: starting org.apache.spark.deploy.worker.Worker, logging to /home/acald013/Spark/spark-2.1.0-bin-hadoop2.7/logs/spark-acald013-org.apache.spark.deploy.worker.Worker-1-dblab-rack11.cs.ucr.edu.out
Running iteration 1/3 for B60K (epsilon = 10 , mu = 10)...
2017-12-04 11:03:28,560 -> Starting session... [1.725s]
2017-12-04 11:03:31,381 -> Reading dataset... [2.819s]
2017-12-04 11:03:31,418 -> Lauching MaximalFinder at 11:03:31.386...
2017-12-04 11:03:31,418 -> 00.Setting mu=10,epsilon=10.0,cores=21,dataset=B60K
2017-12-04 11:03:31,418 -> [Partitions Info]Points;Before indexing;21
2017-12-04 11:03:41,711 -> [Partitions Info]Points;After indexing;1024
2017-12-04 11:03:41,711 -> 01.Indexing points... [10.293s] [59143 results]
2017-12-04 11:03:50,695 -> 02.Getting pairs... [8.983s] [33678 results]
2017-12-04 11:03:53,285 -> 03.Computing centers... [2.590s] [67356 results]
2017-12-04 11:03:53,285 -> [Partitions Info]Centers;Before indexing;21
2017-12-04 11:03:54,983 -> [Partitions Info]Centers;After indexing;1024
2017-12-04 11:03:54,984 -> 04.Indexing centers... [1.699s] [67356 results]
2017-12-04 11:04:02,562 -> 05.Getting disks... [7.578s] [67356 results]
2017-12-04 11:04:03,534 -> 06.Filtering less-than-mu disks... [0.972s] [630 results]
2017-12-04 11:04:07,786 -> 07.Prunning duplicate candidates... [4.252s] [333 results]
2017-12-04 11:04:07,799 -> [Partitions Info]Candidates;Before indexing;200
2017-12-04 11:04:08,342 -> 08.Indexing candidates... [4.808s] [333 results]
2017-12-04 11:04:08,536 -> [Partitions Info]Candidates;After indexing;25
2017-12-04 11:04:08,536 -> 09.Getting expansions... [0.194s] [1652 results]
2017-12-04 11:04:09,162 -> 10.Finding maximal disks... [0.625s] [51 results]
2017-12-04 11:04:11,393 -> 11.Prunning duplicates and subsets... [2.231s] [51 results]
2017-12-04 11:04:11,393 ->      Dataset,   Eps, Cores, Mu,   Time, # Pairs,   # Disks, # Candidates, # Maximals
2017-12-04 11:04:11,393 ->         B60K,  10.0,    21, 10,  39.98,   33678,     67356,          333,         51
2017-12-04 11:04:11,454 -> Dropping indices...[0.061s]
2017-12-04 11:04:11,455 -> Finishing MaximalFinder at 11:04:11.454...
2017-12-04 11:04:11,455 -> Total time for MaximalFinder: 40.036ms...
2017-12-04 11:04:11,501 -> Closing session... [0.046s]
Done!!! Mon Dec  4 11:04:11 PST 2017
Running iteration 1/3 for B60K (epsilon = 20 , mu = 10)...
2017-12-04 11:04:15,646 -> Starting session... [1.860s]
2017-12-04 11:04:18,308 -> Reading dataset... [2.662s]
2017-12-04 11:04:18,360 -> Lauching MaximalFinder at 11:04:18.315...
2017-12-04 11:04:18,361 -> 00.Setting mu=10,epsilon=20.0,cores=21,dataset=B60K
2017-12-04 11:04:18,361 -> [Partitions Info]Points;Before indexing;21
2017-12-04 11:04:29,280 -> [Partitions Info]Points;After indexing;1024
2017-12-04 11:04:29,280 -> 01.Indexing points... [10.919s] [59143 results]
2017-12-04 11:04:38,912 -> 02.Getting pairs... [9.632s] [71457 results]
2017-12-04 11:04:41,383 -> 03.Computing centers... [2.471s] [142914 results]
2017-12-04 11:04:41,383 -> [Partitions Info]Centers;Before indexing;21
2017-12-04 11:04:43,244 -> [Partitions Info]Centers;After indexing;1024
2017-12-04 11:04:43,245 -> 04.Indexing centers... [1.862s] [142914 results]
2017-12-04 11:04:52,196 -> 05.Getting disks... [8.951s] [142914 results]
2017-12-04 11:04:53,512 -> 06.Filtering less-than-mu disks... [1.316s] [7176 results]
2017-12-04 11:04:59,662 -> 07.Prunning duplicate candidates... [6.149s] [4572 results]
2017-12-04 11:04:59,672 -> [Partitions Info]Candidates;Before indexing;200
2017-12-04 11:05:00,193 -> 08.Indexing candidates... [6.680s] [4572 results]
2017-12-04 11:05:00,450 -> [Partitions Info]Candidates;After indexing;25
2017-12-04 11:05:00,450 -> 09.Getting expansions... [0.257s] [9578 results]
2017-12-04 11:05:01,037 -> 10.Finding maximal disks... [0.586s] [324 results]
2017-12-04 11:05:03,418 -> 11.Prunning duplicates and subsets... [2.381s] [324 results]
2017-12-04 11:05:03,419 ->      Dataset,   Eps, Cores, Mu,   Time, # Pairs,   # Disks, # Candidates, # Maximals
2017-12-04 11:05:03,419 ->         B60K,  20.0,    21, 10,  45.06,   71457,    142914,         4572,        324
2017-12-04 11:05:03,470 -> Dropping indices...[0.051s]
2017-12-04 11:05:03,470 -> Finishing MaximalFinder at 11:05:03.470...
2017-12-04 11:05:03,470 -> Total time for MaximalFinder: 45.109ms...
2017-12-04 11:05:03,511 -> Closing session... [0.041s]
Done!!! Mon Dec  4 11:05:03 PST 2017
Running iteration 1/3 for B60K (epsilon = 30 , mu = 10)...
2017-12-04 11:05:07,357 -> Starting session... [1.579s]
2017-12-04 11:05:10,228 -> Reading dataset... [2.871s]
2017-12-04 11:05:10,265 -> Lauching MaximalFinder at 11:05:10.235...
2017-12-04 11:05:10,265 -> 00.Setting mu=10,epsilon=30.0,cores=21,dataset=B60K
2017-12-04 11:05:10,266 -> [Partitions Info]Points;Before indexing;21
2017-12-04 11:05:20,712 -> [Partitions Info]Points;After indexing;1024
2017-12-04 11:05:20,713 -> 01.Indexing points... [10.447s] [59143 results]
2017-12-04 11:05:30,655 -> 02.Getting pairs... [9.942s] [108522 results]
2017-12-04 11:05:33,264 -> 03.Computing centers... [2.609s] [217044 results]
2017-12-04 11:05:33,264 -> [Partitions Info]Centers;Before indexing;21
2017-12-04 11:05:35,292 -> [Partitions Info]Centers;After indexing;1024
2017-12-04 11:05:35,293 -> 04.Indexing centers... [2.029s] [217044 results]
2017-12-04 11:05:45,578 -> 05.Getting disks... [10.285s] [217044 results]
2017-12-04 11:05:47,053 -> 06.Filtering less-than-mu disks... [1.475s] [17631 results]
2017-12-04 11:05:52,946 -> 07.Prunning duplicate candidates... [5.893s] [11667 results]
2017-12-04 11:05:52,955 -> [Partitions Info]Candidates;Before indexing;200
2017-12-04 11:05:53,646 -> 08.Indexing candidates... [6.593s] [11667 results]
2017-12-04 11:05:54,186 -> [Partitions Info]Candidates;After indexing;25
2017-12-04 11:05:54,186 -> 09.Getting expansions... [0.540s] [17632 results]
2017-12-04 11:05:54,840 -> 10.Finding maximal disks... [0.653s] [720 results]
2017-12-04 11:05:57,185 -> 11.Prunning duplicates and subsets... [2.344s] [720 results]
2017-12-04 11:05:57,185 ->      Dataset,   Eps, Cores, Mu,   Time, # Pairs,   # Disks, # Candidates, # Maximals
2017-12-04 11:05:57,185 ->         B60K,  30.0,    21, 10,  46.92,  108522,    217044,        11667,        720
2017-12-04 11:05:57,249 -> Dropping indices...[0.064s]
2017-12-04 11:05:57,249 -> Finishing MaximalFinder at 11:05:57.249...
2017-12-04 11:05:57,249 -> Total time for MaximalFinder: 46.984ms...
2017-12-04 11:05:57,318 -> Closing session... [0.069s]
Done!!! Mon Dec  4 11:05:57 PST 2017
Running iteration 2/3 for B60K (epsilon = 10 , mu = 10)...
2017-12-04 11:06:01,067 -> Starting session... [1.455s]
2017-12-04 11:06:03,975 -> Reading dataset... [2.908s]
2017-12-04 11:06:04,010 -> Lauching MaximalFinder at 11:06:03.980...
2017-12-04 11:06:04,010 -> 00.Setting mu=10,epsilon=10.0,cores=21,dataset=B60K
2017-12-04 11:06:04,010 -> [Partitions Info]Points;Before indexing;21
2017-12-04 11:06:14,512 -> [Partitions Info]Points;After indexing;1024
2017-12-04 11:06:14,512 -> 01.Indexing points... [10.502s] [59143 results]
2017-12-04 11:06:23,301 -> 02.Getting pairs... [8.789s] [33678 results]
2017-12-04 11:06:25,565 -> 03.Computing centers... [2.264s] [67356 results]
2017-12-04 11:06:25,565 -> [Partitions Info]Centers;Before indexing;21
2017-12-04 11:06:27,213 -> [Partitions Info]Centers;After indexing;1024
2017-12-04 11:06:27,213 -> 04.Indexing centers... [1.648s] [67356 results]
2017-12-04 11:06:35,386 -> 05.Getting disks... [8.173s] [67356 results]
2017-12-04 11:06:36,088 -> 06.Filtering less-than-mu disks... [0.702s] [630 results]
2017-12-04 11:06:41,526 -> 07.Prunning duplicate candidates... [5.438s] [333 results]
2017-12-04 11:06:41,535 -> [Partitions Info]Candidates;Before indexing;200
2017-12-04 11:06:42,158 -> 08.Indexing candidates... [6.070s] [333 results]
2017-12-04 11:06:42,350 -> [Partitions Info]Candidates;After indexing;25
2017-12-04 11:06:42,350 -> 09.Getting expansions... [0.192s] [1652 results]
2017-12-04 11:06:42,838 -> 10.Finding maximal disks... [0.488s] [51 results]
2017-12-04 11:06:44,835 -> 11.Prunning duplicates and subsets... [1.997s] [51 results]
2017-12-04 11:06:44,836 ->      Dataset,   Eps, Cores, Mu,   Time, # Pairs,   # Disks, # Candidates, # Maximals
2017-12-04 11:06:44,836 ->         B60K,  10.0,    21, 10,  40.83,   33678,     67356,          333,         51
2017-12-04 11:06:44,896 -> Dropping indices...[0.060s]
2017-12-04 11:06:44,897 -> Finishing MaximalFinder at 11:06:44.896...
2017-12-04 11:06:44,897 -> Total time for MaximalFinder: 40.886ms...
2017-12-04 11:06:44,951 -> Closing session... [0.054s]
Done!!! Mon Dec  4 11:06:45 PST 2017
Running iteration 2/3 for B60K (epsilon = 20 , mu = 10)...
2017-12-04 11:06:48,874 -> Starting session... [1.696s]
2017-12-04 11:06:51,618 -> Reading dataset... [2.744s]
2017-12-04 11:06:51,653 -> Lauching MaximalFinder at 11:06:51.622...
2017-12-04 11:06:51,654 -> 00.Setting mu=10,epsilon=20.0,cores=21,dataset=B60K
2017-12-04 11:06:51,654 -> [Partitions Info]Points;Before indexing;21
2017-12-04 11:07:02,085 -> [Partitions Info]Points;After indexing;1024
2017-12-04 11:07:02,086 -> 01.Indexing points... [10.432s] [59143 results]
2017-12-04 11:07:11,505 -> 02.Getting pairs... [9.419s] [71457 results]
2017-12-04 11:07:13,860 -> 03.Computing centers... [2.353s] [142914 results]
2017-12-04 11:07:13,860 -> [Partitions Info]Centers;Before indexing;21
2017-12-04 11:07:15,787 -> [Partitions Info]Centers;After indexing;1024
2017-12-04 11:07:15,787 -> 04.Indexing centers... [1.927s] [142914 results]
2017-12-04 11:07:25,147 -> 05.Getting disks... [9.360s] [142914 results]
2017-12-04 11:07:26,316 -> 06.Filtering less-than-mu disks... [1.169s] [7176 results]
2017-12-04 11:07:33,070 -> 07.Prunning duplicate candidates... [6.754s] [4572 results]
2017-12-04 11:07:33,079 -> [Partitions Info]Candidates;Before indexing;200
2017-12-04 11:07:33,703 -> 08.Indexing candidates... [7.387s] [4572 results]
2017-12-04 11:07:34,025 -> [Partitions Info]Candidates;After indexing;25
2017-12-04 11:07:34,025 -> 09.Getting expansions... [0.322s] [9578 results]
2017-12-04 11:07:34,599 -> 10.Finding maximal disks... [0.573s] [324 results]
2017-12-04 11:07:37,023 -> 11.Prunning duplicates and subsets... [2.424s] [324 results]
2017-12-04 11:07:37,024 ->      Dataset,   Eps, Cores, Mu,   Time, # Pairs,   # Disks, # Candidates, # Maximals
2017-12-04 11:07:37,024 ->         B60K,  20.0,    21, 10,  45.37,   71457,    142914,         4572,        324
2017-12-04 11:07:37,092 -> Dropping indices...[0.068s]
2017-12-04 11:07:37,093 -> Finishing MaximalFinder at 11:07:37.093...
2017-12-04 11:07:37,093 -> Total time for MaximalFinder: 45.439ms...
2017-12-04 11:07:37,140 -> Closing session... [0.047s]
Done!!! Mon Dec  4 11:07:37 PST 2017
Running iteration 2/3 for B60K (epsilon = 30 , mu = 10)...
2017-12-04 11:07:41,107 -> Starting session... [1.565s]
2017-12-04 11:07:43,729 -> Reading dataset... [2.621s]
2017-12-04 11:07:43,763 -> Lauching MaximalFinder at 11:07:43.733...
2017-12-04 11:07:43,763 -> 00.Setting mu=10,epsilon=30.0,cores=21,dataset=B60K
2017-12-04 11:07:43,763 -> [Partitions Info]Points;Before indexing;21
2017-12-04 11:07:54,594 -> [Partitions Info]Points;After indexing;1024
2017-12-04 11:07:54,595 -> 01.Indexing points... [10.832s] [59143 results]
2017-12-04 11:08:04,630 -> 02.Getting pairs... [10.035s] [108522 results]
2017-12-04 11:08:07,451 -> 03.Computing centers... [2.821s] [217044 results]
2017-12-04 11:08:07,451 -> [Partitions Info]Centers;Before indexing;21
2017-12-04 11:08:09,516 -> [Partitions Info]Centers;After indexing;1024
2017-12-04 11:08:09,516 -> 04.Indexing centers... [2.065s] [217044 results]
2017-12-04 11:08:19,694 -> 05.Getting disks... [10.178s] [217044 results]
2017-12-04 11:08:21,319 -> 06.Filtering less-than-mu disks... [1.625s] [17631 results]
2017-12-04 11:08:28,318 -> 07.Prunning duplicate candidates... [6.999s] [11667 results]
2017-12-04 11:08:28,328 -> [Partitions Info]Candidates;Before indexing;200
2017-12-04 11:08:28,955 -> 08.Indexing candidates... [7.636s] [11667 results]
2017-12-04 11:08:29,263 -> [Partitions Info]Candidates;After indexing;25
2017-12-04 11:08:29,263 -> 09.Getting expansions... [0.308s] [17632 results]
2017-12-04 11:08:29,923 -> 10.Finding maximal disks... [0.659s] [720 results]
2017-12-04 11:08:32,223 -> 11.Prunning duplicates and subsets... [2.300s] [720 results]
2017-12-04 11:08:32,223 ->      Dataset,   Eps, Cores, Mu,   Time, # Pairs,   # Disks, # Candidates, # Maximals
2017-12-04 11:08:32,223 ->         B60K,  30.0,    21, 10,  48.46,  108522,    217044,        11667,        720
2017-12-04 11:08:32,281 -> Dropping indices...[0.058s]
2017-12-04 11:08:32,281 -> Finishing MaximalFinder at 11:08:32.281...
2017-12-04 11:08:32,281 -> Total time for MaximalFinder: 48.518ms...
2017-12-04 11:08:32,320 -> Closing session... [0.039s]
Done!!! Mon Dec  4 11:08:32 PST 2017
Running iteration 3/3 for B60K (epsilon = 10 , mu = 10)...
2017-12-04 11:08:36,233 -> Starting session... [1.710s]
2017-12-04 11:08:39,055 -> Reading dataset... [2.822s]
2017-12-04 11:08:39,112 -> Lauching MaximalFinder at 11:08:39.062...
2017-12-04 11:08:39,113 -> 00.Setting mu=10,epsilon=10.0,cores=21,dataset=B60K
2017-12-04 11:08:39,113 -> [Partitions Info]Points;Before indexing;21
2017-12-04 11:08:49,550 -> [Partitions Info]Points;After indexing;1024
2017-12-04 11:08:49,550 -> 01.Indexing points... [10.437s] [59143 results]
2017-12-04 11:08:59,001 -> 02.Getting pairs... [9.451s] [33678 results]
2017-12-04 11:09:01,286 -> 03.Computing centers... [2.285s] [67356 results]
2017-12-04 11:09:01,286 -> [Partitions Info]Centers;Before indexing;21
2017-12-04 11:09:03,099 -> [Partitions Info]Centers;After indexing;1024
2017-12-04 11:09:03,099 -> 04.Indexing centers... [1.813s] [67356 results]
2017-12-04 11:09:11,790 -> 05.Getting disks... [8.691s] [67356 results]
2017-12-04 11:09:12,533 -> 06.Filtering less-than-mu disks... [0.743s] [630 results]
2017-12-04 11:09:16,860 -> 07.Prunning duplicate candidates... [4.327s] [333 results]
2017-12-04 11:09:16,870 -> [Partitions Info]Candidates;Before indexing;200
2017-12-04 11:09:17,442 -> 08.Indexing candidates... [4.909s] [333 results]
2017-12-04 11:09:17,687 -> [Partitions Info]Candidates;After indexing;25
2017-12-04 11:09:17,687 -> 09.Getting expansions... [0.245s] [1652 results]
2017-12-04 11:09:18,159 -> 10.Finding maximal disks... [0.472s] [51 results]
2017-12-04 11:09:20,386 -> 11.Prunning duplicates and subsets... [2.227s] [51 results]
2017-12-04 11:09:20,386 ->      Dataset,   Eps, Cores, Mu,   Time, # Pairs,   # Disks, # Candidates, # Maximals
2017-12-04 11:09:20,387 ->         B60K,  10.0,    21, 10,  41.27,   33678,     67356,          333,         51
2017-12-04 11:09:20,445 -> Dropping indices...[0.058s]
2017-12-04 11:09:20,446 -> Finishing MaximalFinder at 11:09:20.446...
2017-12-04 11:09:20,446 -> Total time for MaximalFinder: 41.332ms...
2017-12-04 11:09:20,484 -> Closing session... [0.038s]
Done!!! Mon Dec  4 11:09:20 PST 2017
Running iteration 3/3 for B60K (epsilon = 20 , mu = 10)...
2017-12-04 11:09:24,430 -> Starting session... [1.660s]
2017-12-04 11:09:27,459 -> Reading dataset... [3.028s]
2017-12-04 11:09:27,505 -> Lauching MaximalFinder at 11:09:27.465...
2017-12-04 11:09:27,505 -> 00.Setting mu=10,epsilon=20.0,cores=21,dataset=B60K
2017-12-04 11:09:27,505 -> [Partitions Info]Points;Before indexing;21
2017-12-04 11:09:37,919 -> [Partitions Info]Points;After indexing;1024
2017-12-04 11:09:37,919 -> 01.Indexing points... [10.414s] [59143 results]
2017-12-04 11:09:47,602 -> 02.Getting pairs... [9.682s] [71457 results]
2017-12-04 11:09:50,097 -> 03.Computing centers... [2.495s] [142914 results]
2017-12-04 11:09:50,097 -> [Partitions Info]Centers;Before indexing;21
2017-12-04 11:09:52,098 -> [Partitions Info]Centers;After indexing;1024
2017-12-04 11:09:52,098 -> 04.Indexing centers... [2.001s] [142914 results]
2017-12-04 11:10:01,515 -> 05.Getting disks... [9.417s] [142914 results]
2017-12-04 11:10:02,975 -> 06.Filtering less-than-mu disks... [1.460s] [7176 results]
2017-12-04 11:10:09,193 -> 07.Prunning duplicate candidates... [6.217s] [4572 results]
2017-12-04 11:10:09,200 -> [Partitions Info]Candidates;Before indexing;200
2017-12-04 11:10:09,842 -> 08.Indexing candidates... [6.866s] [4572 results]
2017-12-04 11:10:10,170 -> [Partitions Info]Candidates;After indexing;25
2017-12-04 11:10:10,170 -> 09.Getting expansions... [0.328s] [9578 results]
2017-12-04 11:10:10,792 -> 10.Finding maximal disks... [0.622s] [324 results]
2017-12-04 11:10:13,931 -> 11.Prunning duplicates and subsets... [3.139s] [324 results]
2017-12-04 11:10:13,931 ->      Dataset,   Eps, Cores, Mu,   Time, # Pairs,   # Disks, # Candidates, # Maximals
2017-12-04 11:10:13,932 ->         B60K,  20.0,    21, 10,  46.43,   71457,    142914,         4572,        324
2017-12-04 11:10:13,984 -> Dropping indices...[0.052s]
2017-12-04 11:10:13,984 -> Finishing MaximalFinder at 11:10:13.984...
2017-12-04 11:10:13,984 -> Total time for MaximalFinder: 46.479ms...
2017-12-04 11:10:14,026 -> Closing session... [0.042s]
Done!!! Mon Dec  4 11:10:14 PST 2017
Running iteration 3/3 for B60K (epsilon = 30 , mu = 10)...
2017-12-04 11:10:17,984 -> Starting session... [1.613s]
2017-12-04 11:10:20,873 -> Reading dataset... [2.889s]
2017-12-04 11:10:20,915 -> Lauching MaximalFinder at 11:10:20.878...
2017-12-04 11:10:20,916 -> 00.Setting mu=10,epsilon=30.0,cores=21,dataset=B60K
2017-12-04 11:10:20,916 -> [Partitions Info]Points;Before indexing;21
2017-12-04 11:10:31,039 -> [Partitions Info]Points;After indexing;1024
2017-12-04 11:10:31,039 -> 01.Indexing points... [10.123s] [59143 results]
2017-12-04 11:10:41,042 -> 02.Getting pairs... [10.002s] [108522 results]
2017-12-04 11:10:43,566 -> 03.Computing centers... [2.524s] [217044 results]
2017-12-04 11:10:43,566 -> [Partitions Info]Centers;Before indexing;21
2017-12-04 11:10:45,772 -> [Partitions Info]Centers;After indexing;1024
2017-12-04 11:10:45,772 -> 04.Indexing centers... [2.206s] [217044 results]
2017-12-04 11:10:56,995 -> 05.Getting disks... [11.223s] [217044 results]
2017-12-04 11:10:58,509 -> 06.Filtering less-than-mu disks... [1.514s] [17631 results]
2017-12-04 11:11:05,394 -> 07.Prunning duplicate candidates... [6.885s] [11667 results]
2017-12-04 11:11:05,401 -> [Partitions Info]Candidates;Before indexing;200
2017-12-04 11:11:05,960 -> 08.Indexing candidates... [7.451s] [11667 results]
2017-12-04 11:11:06,386 -> [Partitions Info]Candidates;After indexing;25
2017-12-04 11:11:06,386 -> 09.Getting expansions... [0.426s] [17632 results]
2017-12-04 11:11:06,977 -> 10.Finding maximal disks... [0.591s] [720 results]
2017-12-04 11:11:09,270 -> 11.Prunning duplicates and subsets... [2.292s] [720 results]
2017-12-04 11:11:09,270 ->      Dataset,   Eps, Cores, Mu,   Time, # Pairs,   # Disks, # Candidates, # Maximals
2017-12-04 11:11:09,270 ->         B60K,  30.0,    21, 10,  48.35,  108522,    217044,        11667,        720
2017-12-04 11:11:09,331 -> Dropping indices...[0.061s]
2017-12-04 11:11:09,331 -> Finishing MaximalFinder at 11:11:09.331...
2017-12-04 11:11:09,331 -> Total time for MaximalFinder: 48.416ms...
2017-12-04 11:11:09,376 -> Closing session... [0.045s]
Done!!! Mon Dec  4 11:11:09 PST 2017
acald013@dblab-rack12: stopping org.apache.spark.deploy.worker.Worker
acald013@dblab-rack14: stopping org.apache.spark.deploy.worker.Worker
acald013@dblab-rack11: stopping org.apache.spark.deploy.worker.Worker
stopping org.apache.spark.deploy.master.Master
starting org.apache.spark.deploy.master.Master, logging to /home/acald013/Spark/spark-2.1.0-bin-hadoop2.7/logs/spark-acald013-org.apache.spark.deploy.master.Master-1-dblab-rack11.cs.ucr.edu.out
acald013@dblab-rack12: starting org.apache.spark.deploy.worker.Worker, logging to /home/acald013/Spark/spark-2.1.0-bin-hadoop2.7/logs/spark-acald013-org.apache.spark.deploy.worker.Worker-1-dblab-rack12.out
acald013@dblab-rack15: starting org.apache.spark.deploy.worker.Worker, logging to /home/acald013/Spark/spark-2.1.0-bin-hadoop2.7/logs/spark-acald013-org.apache.spark.deploy.worker.Worker-1-dblab-rack15.out
acald013@dblab-rack14: starting org.apache.spark.deploy.worker.Worker, logging to /home/acald013/Spark/spark-2.1.0-bin-hadoop2.7/logs/spark-acald013-org.apache.spark.deploy.worker.Worker-1-dblab-rack14.cs.ucr.edu.out
acald013@dblab-rack11: starting org.apache.spark.deploy.worker.Worker, logging to /home/acald013/Spark/spark-2.1.0-bin-hadoop2.7/logs/spark-acald013-org.apache.spark.deploy.worker.Worker-1-dblab-rack11.cs.ucr.edu.out
Running iteration 1/3 for B80K (epsilon = 10 , mu = 10)...
2017-12-04 11:11:18,863 -> Starting session... [1.829s]
2017-12-04 11:11:22,181 -> Reading dataset... [3.318s]
2017-12-04 11:11:22,238 -> Lauching MaximalFinder at 11:11:22.188...
2017-12-04 11:11:22,238 -> 00.Setting mu=10,epsilon=10.0,cores=35,dataset=B80K
2017-12-04 11:11:22,238 -> [Partitions Info]Points;Before indexing;35
2017-12-04 11:11:33,379 -> [Partitions Info]Points;After indexing;1024
2017-12-04 11:11:33,379 -> 01.Indexing points... [11.141s] [78857 results]
2017-12-04 11:11:42,975 -> 02.Getting pairs... [9.596s] [44904 results]
2017-12-04 11:11:45,372 -> 03.Computing centers... [2.397s] [89808 results]
2017-12-04 11:11:45,373 -> [Partitions Info]Centers;Before indexing;35
2017-12-04 11:11:47,545 -> [Partitions Info]Centers;After indexing;1024
2017-12-04 11:11:47,545 -> 04.Indexing centers... [2.172s] [89808 results]
2017-12-04 11:11:55,222 -> 05.Getting disks... [7.677s] [89808 results]
2017-12-04 11:11:56,245 -> 06.Filtering less-than-mu disks... [1.022s] [840 results]
2017-12-04 11:12:00,424 -> 07.Prunning duplicate candidates... [4.179s] [444 results]
2017-12-04 11:12:00,433 -> [Partitions Info]Candidates;Before indexing;200
2017-12-04 11:12:01,061 -> 08.Indexing candidates... [4.816s] [444 results]
2017-12-04 11:12:01,345 -> [Partitions Info]Candidates;After indexing;36
2017-12-04 11:12:01,345 -> 09.Getting expansions... [0.284s] [2703 results]
2017-12-04 11:12:02,250 -> 10.Finding maximal disks... [0.905s] [68 results]
2017-12-04 11:12:04,456 -> 11.Prunning duplicates and subsets... [2.206s] [68 results]
2017-12-04 11:12:04,457 ->      Dataset,   Eps, Cores, Mu,   Time, # Pairs,   # Disks, # Candidates, # Maximals
2017-12-04 11:12:04,457 ->         B80K,  10.0,    35, 10,  42.22,   44904,     89808,          444,         68
2017-12-04 11:12:04,532 -> Dropping indices...[0.075s]
2017-12-04 11:12:04,532 -> Finishing MaximalFinder at 11:12:04.532...
2017-12-04 11:12:04,532 -> Total time for MaximalFinder: 42.294ms...
2017-12-04 11:12:04,583 -> Closing session... [0.051s]
Done!!! Mon Dec  4 11:12:05 PST 2017
Running iteration 1/3 for B80K (epsilon = 20 , mu = 10)...
2017-12-04 11:12:08,531 -> Starting session... [1.652s]
2017-12-04 11:12:11,708 -> Reading dataset... [3.177s]
2017-12-04 11:12:11,751 -> Lauching MaximalFinder at 11:12:11.714...
2017-12-04 11:12:11,751 -> 00.Setting mu=10,epsilon=20.0,cores=35,dataset=B80K
2017-12-04 11:12:11,751 -> [Partitions Info]Points;Before indexing;35
2017-12-04 11:12:22,570 -> [Partitions Info]Points;After indexing;1024
2017-12-04 11:12:22,570 -> 01.Indexing points... [10.819s] [78857 results]
2017-12-04 11:12:32,002 -> 02.Getting pairs... [9.431s] [95276 results]
2017-12-04 11:12:34,526 -> 03.Computing centers... [2.524s] [190552 results]
2017-12-04 11:12:34,527 -> [Partitions Info]Centers;Before indexing;35
2017-12-04 11:12:36,802 -> [Partitions Info]Centers;After indexing;1024
2017-12-04 11:12:36,802 -> 04.Indexing centers... [2.276s] [190552 results]
2017-12-04 11:12:45,995 -> 05.Getting disks... [9.192s] [190552 results]
2017-12-04 11:12:47,512 -> 06.Filtering less-than-mu disks... [1.517s] [9568 results]
2017-12-04 11:12:54,320 -> 07.Prunning duplicate candidates... [6.808s] [6096 results]
2017-12-04 11:12:54,327 -> [Partitions Info]Candidates;Before indexing;200
2017-12-04 11:12:54,887 -> 08.Indexing candidates... [7.375s] [6096 results]
2017-12-04 11:12:55,260 -> [Partitions Info]Candidates;After indexing;36
2017-12-04 11:12:55,260 -> 09.Getting expansions... [0.373s] [12585 results]
2017-12-04 11:12:55,924 -> 10.Finding maximal disks... [0.664s] [432 results]
2017-12-04 11:12:58,182 -> 11.Prunning duplicates and subsets... [2.258s] [432 results]
2017-12-04 11:12:58,183 ->      Dataset,   Eps, Cores, Mu,   Time, # Pairs,   # Disks, # Candidates, # Maximals
2017-12-04 11:12:58,183 ->         B80K,  20.0,    35, 10,  46.43,   95276,    190552,         6096,        432
2017-12-04 11:12:58,246 -> Dropping indices...[0.063s]
2017-12-04 11:12:58,246 -> Finishing MaximalFinder at 11:12:58.246...
2017-12-04 11:12:58,246 -> Total time for MaximalFinder: 46.495ms...
2017-12-04 11:12:58,296 -> Closing session... [0.050s]
Done!!! Mon Dec  4 11:12:58 PST 2017
Running iteration 1/3 for B80K (epsilon = 30 , mu = 10)...
2017-12-04 11:13:02,063 -> Starting session... [1.518s]
2017-12-04 11:13:05,330 -> Reading dataset... [3.267s]
2017-12-04 11:13:05,367 -> Lauching MaximalFinder at 11:13:05.334...
2017-12-04 11:13:05,367 -> 00.Setting mu=10,epsilon=30.0,cores=35,dataset=B80K
2017-12-04 11:13:05,367 -> [Partitions Info]Points;Before indexing;35
2017-12-04 11:13:16,112 -> [Partitions Info]Points;After indexing;1024
2017-12-04 11:13:16,112 -> 01.Indexing points... [10.745s] [78857 results]
2017-12-04 11:13:25,966 -> 02.Getting pairs... [9.853s] [144696 results]
2017-12-04 11:13:28,572 -> 03.Computing centers... [2.606s] [289392 results]
2017-12-04 11:13:28,572 -> [Partitions Info]Centers;Before indexing;35
2017-12-04 11:13:31,334 -> [Partitions Info]Centers;After indexing;1024
2017-12-04 11:13:31,334 -> 04.Indexing centers... [2.762s] [289392 results]
2017-12-04 11:13:40,975 -> 05.Getting disks... [9.641s] [289392 results]
2017-12-04 11:13:42,669 -> 06.Filtering less-than-mu disks... [1.694s] [23508 results]
2017-12-04 11:13:50,303 -> 07.Prunning duplicate candidates... [7.633s] [15556 results]
2017-12-04 11:13:50,309 -> [Partitions Info]Candidates;Before indexing;200
2017-12-04 11:13:50,907 -> 08.Indexing candidates... [8.237s] [15556 results]
2017-12-04 11:13:51,321 -> [Partitions Info]Candidates;After indexing;36
2017-12-04 11:13:51,321 -> 09.Getting expansions... [0.413s] [24005 results]
2017-12-04 11:13:52,041 -> 10.Finding maximal disks... [0.720s] [962 results]
2017-12-04 11:13:54,730 -> 11.Prunning duplicates and subsets... [2.689s] [960 results]
2017-12-04 11:13:54,730 ->      Dataset,   Eps, Cores, Mu,   Time, # Pairs,   # Disks, # Candidates, # Maximals
2017-12-04 11:13:54,730 ->         B80K,  30.0,    35, 10,  49.36,  144696,    289392,        15556,        960
2017-12-04 11:13:54,789 -> Dropping indices...[0.058s]
2017-12-04 11:13:54,790 -> Finishing MaximalFinder at 11:13:54.789...
2017-12-04 11:13:54,790 -> Total time for MaximalFinder: 49.422ms...
2017-12-04 11:13:54,839 -> Closing session... [0.049s]
Done!!! Mon Dec  4 11:13:55 PST 2017
Running iteration 2/3 for B80K (epsilon = 10 , mu = 10)...
2017-12-04 11:13:58,610 -> Starting session... [1.559s]
2017-12-04 11:14:01,678 -> Reading dataset... [3.068s]
2017-12-04 11:14:01,713 -> Lauching MaximalFinder at 11:14:01.683...
2017-12-04 11:14:01,714 -> 00.Setting mu=10,epsilon=10.0,cores=35,dataset=B80K
2017-12-04 11:14:01,714 -> [Partitions Info]Points;Before indexing;35
2017-12-04 11:14:12,540 -> [Partitions Info]Points;After indexing;1024
2017-12-04 11:14:12,540 -> 01.Indexing points... [10.826s] [78857 results]
2017-12-04 11:14:21,609 -> 02.Getting pairs... [9.069s] [44904 results]
2017-12-04 11:14:24,239 -> 03.Computing centers... [2.630s] [89808 results]
2017-12-04 11:14:24,239 -> [Partitions Info]Centers;Before indexing;35
2017-12-04 11:14:26,233 -> [Partitions Info]Centers;After indexing;1024
2017-12-04 11:14:26,233 -> 04.Indexing centers... [1.994s] [89808 results]
2017-12-04 11:14:34,372 -> 05.Getting disks... [8.139s] [89808 results]
2017-12-04 11:14:35,253 -> 06.Filtering less-than-mu disks... [0.881s] [840 results]
2017-12-04 11:14:40,111 -> 07.Prunning duplicate candidates... [4.858s] [444 results]
2017-12-04 11:14:40,118 -> [Partitions Info]Candidates;Before indexing;200
2017-12-04 11:14:40,617 -> 08.Indexing candidates... [5.364s] [444 results]
2017-12-04 11:14:40,839 -> [Partitions Info]Candidates;After indexing;36
2017-12-04 11:14:40,839 -> 09.Getting expansions... [0.222s] [2703 results]
2017-12-04 11:14:41,654 -> 10.Finding maximal disks... [0.815s] [68 results]
2017-12-04 11:14:43,992 -> 11.Prunning duplicates and subsets... [2.338s] [68 results]
2017-12-04 11:14:43,992 ->      Dataset,   Eps, Cores, Mu,   Time, # Pairs,   # Disks, # Candidates, # Maximals
2017-12-04 11:14:43,992 ->         B80K,  10.0,    35, 10,  42.28,   44904,     89808,          444,         68
2017-12-04 11:14:44,054 -> Dropping indices...[0.062s]
2017-12-04 11:14:44,054 -> Finishing MaximalFinder at 11:14:44.054...
2017-12-04 11:14:44,054 -> Total time for MaximalFinder: 42.341ms...
2017-12-04 11:14:44,116 -> Closing session... [0.062s]
Done!!! Mon Dec  4 11:14:44 PST 2017
Running iteration 2/3 for B80K (epsilon = 20 , mu = 10)...
2017-12-04 11:14:48,031 -> Starting session... [1.654s]
2017-12-04 11:14:51,283 -> Reading dataset... [3.247s]
2017-12-04 11:14:51,339 -> Lauching MaximalFinder at 11:14:51.290...
2017-12-04 11:14:51,340 -> 00.Setting mu=10,epsilon=20.0,cores=35,dataset=B80K
2017-12-04 11:14:51,340 -> [Partitions Info]Points;Before indexing;35
2017-12-04 11:15:02,003 -> [Partitions Info]Points;After indexing;1024
2017-12-04 11:15:02,003 -> 01.Indexing points... [10.663s] [78857 results]
2017-12-04 11:15:11,749 -> 02.Getting pairs... [9.746s] [95276 results]
2017-12-04 11:15:14,272 -> 03.Computing centers... [2.523s] [190552 results]
2017-12-04 11:15:14,273 -> [Partitions Info]Centers;Before indexing;35
2017-12-04 11:15:16,941 -> [Partitions Info]Centers;After indexing;1024
2017-12-04 11:15:16,942 -> 04.Indexing centers... [2.669s] [190552 results]
2017-12-04 11:15:25,984 -> 05.Getting disks... [9.042s] [190552 results]
2017-12-04 11:15:27,362 -> 06.Filtering less-than-mu disks... [1.377s] [9568 results]
2017-12-04 11:15:33,377 -> 07.Prunning duplicate candidates... [6.015s] [6096 results]
2017-12-04 11:15:33,383 -> [Partitions Info]Candidates;Before indexing;200
2017-12-04 11:15:33,974 -> 08.Indexing candidates... [6.612s] [6096 results]
2017-12-04 11:15:34,309 -> [Partitions Info]Candidates;After indexing;36
2017-12-04 11:15:34,309 -> 09.Getting expansions... [0.335s] [12585 results]
2017-12-04 11:15:34,956 -> 10.Finding maximal disks... [0.647s] [432 results]
2017-12-04 11:15:37,187 -> 11.Prunning duplicates and subsets... [2.231s] [432 results]
2017-12-04 11:15:37,187 ->      Dataset,   Eps, Cores, Mu,   Time, # Pairs,   # Disks, # Candidates, # Maximals
2017-12-04 11:15:37,187 ->         B80K,  20.0,    35, 10,  45.85,   95276,    190552,         6096,        432
2017-12-04 11:15:37,239 -> Dropping indices...[0.052s]
2017-12-04 11:15:37,240 -> Finishing MaximalFinder at 11:15:37.240...
2017-12-04 11:15:37,240 -> Total time for MaximalFinder: 45.900ms...
2017-12-04 11:15:37,284 -> Closing session... [0.044s]
Done!!! Mon Dec  4 11:15:38 PST 2017
Running iteration 2/3 for B80K (epsilon = 30 , mu = 10)...
2017-12-04 11:15:41,959 -> Starting session... [1.642s]
2017-12-04 11:15:45,009 -> Reading dataset... [3.050s]
2017-12-04 11:15:45,052 -> Lauching MaximalFinder at 11:15:45.015...
2017-12-04 11:15:45,052 -> 00.Setting mu=10,epsilon=30.0,cores=35,dataset=B80K
2017-12-04 11:15:45,052 -> [Partitions Info]Points;Before indexing;35
2017-12-04 11:15:55,500 -> [Partitions Info]Points;After indexing;1024
2017-12-04 11:15:55,500 -> 01.Indexing points... [10.448s] [78857 results]
2017-12-04 11:16:05,252 -> 02.Getting pairs... [9.752s] [144696 results]
2017-12-04 11:16:07,761 -> 03.Computing centers... [2.509s] [289392 results]
2017-12-04 11:16:07,761 -> [Partitions Info]Centers;Before indexing;35
2017-12-04 11:16:10,621 -> [Partitions Info]Centers;After indexing;1024
2017-12-04 11:16:10,621 -> 04.Indexing centers... [2.860s] [289392 results]
2017-12-04 11:16:20,114 -> 05.Getting disks... [9.493s] [289392 results]
2017-12-04 11:16:21,786 -> 06.Filtering less-than-mu disks... [1.672s] [23508 results]
2017-12-04 11:16:29,050 -> 07.Prunning duplicate candidates... [7.263s] [15556 results]
2017-12-04 11:16:29,057 -> [Partitions Info]Candidates;Before indexing;200
2017-12-04 11:16:30,112 -> 08.Indexing candidates... [8.325s] [15556 results]
2017-12-04 11:16:30,452 -> [Partitions Info]Candidates;After indexing;36
2017-12-04 11:16:30,452 -> 09.Getting expansions... [0.340s] [24005 results]
2017-12-04 11:16:31,918 -> 10.Finding maximal disks... [1.466s] [962 results]
2017-12-04 11:16:34,078 -> 11.Prunning duplicates and subsets... [2.160s] [960 results]
2017-12-04 11:16:34,078 ->      Dataset,   Eps, Cores, Mu,   Time, # Pairs,   # Disks, # Candidates, # Maximals
2017-12-04 11:16:34,078 ->         B80K,  30.0,    35, 10,  49.03,  144696,    289392,        15556,        960
2017-12-04 11:16:34,144 -> Dropping indices...[0.066s]
2017-12-04 11:16:34,144 -> Finishing MaximalFinder at 11:16:34.144...
2017-12-04 11:16:34,144 -> Total time for MaximalFinder: 49.092ms...
2017-12-04 11:16:34,198 -> Closing session... [0.054s]
Done!!! Mon Dec  4 11:16:35 PST 2017
Running iteration 3/3 for B80K (epsilon = 10 , mu = 10)...
2017-12-04 11:16:38,854 -> Starting session... [1.511s]
2017-12-04 11:16:42,057 -> Reading dataset... [3.202s]
2017-12-04 11:16:42,111 -> Lauching MaximalFinder at 11:16:42.064...
2017-12-04 11:16:42,112 -> 00.Setting mu=10,epsilon=10.0,cores=35,dataset=B80K
2017-12-04 11:16:42,112 -> [Partitions Info]Points;Before indexing;35
2017-12-04 11:16:53,242 -> [Partitions Info]Points;After indexing;1024
2017-12-04 11:16:53,243 -> 01.Indexing points... [11.131s] [78857 results]
2017-12-04 11:17:02,708 -> 02.Getting pairs... [9.465s] [44904 results]
2017-12-04 11:17:05,047 -> 03.Computing centers... [2.339s] [89808 results]
2017-12-04 11:17:05,048 -> [Partitions Info]Centers;Before indexing;35
2017-12-04 11:17:07,207 -> [Partitions Info]Centers;After indexing;1024
2017-12-04 11:17:07,207 -> 04.Indexing centers... [2.160s] [89808 results]
2017-12-04 11:17:14,906 -> 05.Getting disks... [7.699s] [89808 results]
2017-12-04 11:17:15,937 -> 06.Filtering less-than-mu disks... [1.030s] [840 results]
2017-12-04 11:17:20,723 -> 07.Prunning duplicate candidates... [4.786s] [444 results]
2017-12-04 11:17:20,734 -> [Partitions Info]Candidates;Before indexing;200
2017-12-04 11:17:21,360 -> 08.Indexing candidates... [5.423s] [444 results]
2017-12-04 11:17:21,559 -> [Partitions Info]Candidates;After indexing;36
2017-12-04 11:17:21,559 -> 09.Getting expansions... [0.199s] [2703 results]
2017-12-04 11:17:22,379 -> 10.Finding maximal disks... [0.820s] [68 results]
2017-12-04 11:17:24,476 -> 11.Prunning duplicates and subsets... [2.097s] [68 results]
2017-12-04 11:17:24,477 ->      Dataset,   Eps, Cores, Mu,   Time, # Pairs,   # Disks, # Candidates, # Maximals
2017-12-04 11:17:24,477 ->         B80K,  10.0,    35, 10,  42.37,   44904,     89808,          444,         68
2017-12-04 11:17:24,531 -> Dropping indices...[0.054s]
2017-12-04 11:17:24,531 -> Finishing MaximalFinder at 11:17:24.531...
2017-12-04 11:17:24,531 -> Total time for MaximalFinder: 42.419ms...
2017-12-04 11:17:24,580 -> Closing session... [0.049s]
Done!!! Mon Dec  4 11:17:25 PST 2017
Running iteration 3/3 for B80K (epsilon = 20 , mu = 10)...
2017-12-04 11:17:29,299 -> Starting session... [1.693s]
2017-12-04 11:17:32,064 -> Reading dataset... [2.762s]
2017-12-04 11:17:32,104 -> Lauching MaximalFinder at 11:17:32.070...
2017-12-04 11:17:32,104 -> 00.Setting mu=10,epsilon=20.0,cores=35,dataset=B80K
2017-12-04 11:17:32,105 -> [Partitions Info]Points;Before indexing;35
2017-12-04 11:17:43,174 -> [Partitions Info]Points;After indexing;1024
2017-12-04 11:17:43,174 -> 01.Indexing points... [11.070s] [78857 results]
2017-12-04 11:17:53,775 -> 02.Getting pairs... [10.599s] [95276 results]
2017-12-04 11:17:56,140 -> 03.Computing centers... [2.365s] [190552 results]
2017-12-04 11:17:56,140 -> [Partitions Info]Centers;Before indexing;35
2017-12-04 11:17:58,447 -> [Partitions Info]Centers;After indexing;1024
2017-12-04 11:17:58,447 -> 04.Indexing centers... [2.307s] [190552 results]
2017-12-04 11:18:07,778 -> 05.Getting disks... [9.331s] [190552 results]
2017-12-04 11:18:09,488 -> 06.Filtering less-than-mu disks... [1.709s] [9568 results]
2017-12-04 11:18:15,232 -> 07.Prunning duplicate candidates... [5.744s] [6096 results]
2017-12-04 11:18:15,239 -> [Partitions Info]Candidates;Before indexing;200
2017-12-04 11:18:16,348 -> 08.Indexing candidates... [6.860s] [6096 results]
2017-12-04 11:18:16,775 -> [Partitions Info]Candidates;After indexing;36
2017-12-04 11:18:16,775 -> 09.Getting expansions... [0.427s] [12585 results]
2017-12-04 11:18:17,403 -> 10.Finding maximal disks... [0.627s] [432 results]
2017-12-04 11:18:19,567 -> 11.Prunning duplicates and subsets... [2.164s] [432 results]
2017-12-04 11:18:19,567 ->      Dataset,   Eps, Cores, Mu,   Time, # Pairs,   # Disks, # Candidates, # Maximals
2017-12-04 11:18:19,568 ->         B80K,  20.0,    35, 10,  47.46,   95276,    190552,         6096,        432
2017-12-04 11:18:19,624 -> Dropping indices...[0.056s]
2017-12-04 11:18:19,624 -> Finishing MaximalFinder at 11:18:19.624...
2017-12-04 11:18:19,624 -> Total time for MaximalFinder: 47.520ms...
2017-12-04 11:18:19,676 -> Closing session... [0.052s]
Done!!! Mon Dec  4 11:18:20 PST 2017
Running iteration 3/3 for B80K (epsilon = 30 , mu = 10)...
2017-12-04 11:18:23,640 -> Starting session... [1.681s]
2017-12-04 11:18:26,586 -> Reading dataset... [2.945s]
2017-12-04 11:18:26,644 -> Lauching MaximalFinder at 11:18:26.592...
2017-12-04 11:18:26,644 -> 00.Setting mu=10,epsilon=30.0,cores=35,dataset=B80K
2017-12-04 11:18:26,644 -> [Partitions Info]Points;Before indexing;35
2017-12-04 11:18:37,662 -> [Partitions Info]Points;After indexing;1024
2017-12-04 11:18:37,662 -> 01.Indexing points... [11.018s] [78857 results]
2017-12-04 11:18:48,693 -> 02.Getting pairs... [11.031s] [144696 results]
2017-12-04 11:18:51,498 -> 03.Computing centers... [2.804s] [289392 results]
2017-12-04 11:18:51,498 -> [Partitions Info]Centers;Before indexing;35
2017-12-04 11:18:54,216 -> [Partitions Info]Centers;After indexing;1024
2017-12-04 11:18:54,217 -> 04.Indexing centers... [2.719s] [289392 results]
2017-12-04 11:19:04,056 -> 05.Getting disks... [9.839s] [289392 results]
2017-12-04 11:19:06,092 -> 06.Filtering less-than-mu disks... [2.036s] [23508 results]
2017-12-04 11:19:12,519 -> 07.Prunning duplicate candidates... [6.427s] [15556 results]
2017-12-04 11:19:12,528 -> [Partitions Info]Candidates;Before indexing;200
2017-12-04 11:19:13,131 -> 08.Indexing candidates... [7.039s] [15556 results]
2017-12-04 11:19:13,534 -> [Partitions Info]Candidates;After indexing;36
2017-12-04 11:19:13,534 -> 09.Getting expansions... [0.403s] [24005 results]
2017-12-04 11:19:14,208 -> 10.Finding maximal disks... [0.673s] [962 results]
2017-12-04 11:19:16,805 -> 11.Prunning duplicates and subsets... [2.597s] [960 results]
2017-12-04 11:19:16,805 ->      Dataset,   Eps, Cores, Mu,   Time, # Pairs,   # Disks, # Candidates, # Maximals
2017-12-04 11:19:16,805 ->         B80K,  30.0,    35, 10,  50.16,  144696,    289392,        15556,        960
2017-12-04 11:19:16,869 -> Dropping indices...[0.064s]
2017-12-04 11:19:16,869 -> Finishing MaximalFinder at 11:19:16.869...
2017-12-04 11:19:16,869 -> Total time for MaximalFinder: 50.225ms...
2017-12-04 11:19:16,914 -> Closing session... [0.045s]
Done!!! Mon Dec  4 11:19:18 PST 2017
acald013@dblab-rack12: stopping org.apache.spark.deploy.worker.Worker
acald013@dblab-rack15: stopping org.apache.spark.deploy.worker.Worker
acald013@dblab-rack11: stopping org.apache.spark.deploy.worker.Worker
acald013@dblab-rack14: stopping org.apache.spark.deploy.worker.Worker
stopping org.apache.spark.deploy.master.Master
Done!!!
