Mon Dec 4 07:46:17 PST 2017


Mon Dec 4 07:46:17 PST 2017
[WorkerOrder] 14-12-11-15
acald013@dblab-rack12: no org.apache.spark.deploy.worker.Worker to stop
acald013@dblab-rack15: no org.apache.spark.deploy.worker.Worker to stop
acald013@dblab-rack14: no org.apache.spark.deploy.worker.Worker to stop
acald013@dblab-rack11: no org.apache.spark.deploy.worker.Worker to stop
no org.apache.spark.deploy.master.Master to stop
starting org.apache.spark.deploy.master.Master, logging to /home/acald013/Spark/spark-2.1.0-bin-hadoop2.7/logs/spark-acald013-org.apache.spark.deploy.master.Master-1-dblab-rack11.cs.ucr.edu.out
acald013@dblab-rack14: starting org.apache.spark.deploy.worker.Worker, logging to /home/acald013/Spark/spark-2.1.0-bin-hadoop2.7/logs/spark-acald013-org.apache.spark.deploy.worker.Worker-1-dblab-rack14.cs.ucr.edu.out
Running iteration 1/3 for B20K (epsilon = 10 , mu = 10)...
2017-12-04 07:46:25,957 -> Starting session... [1.653s]
2017-12-04 07:46:28,261 -> Reading dataset... [2.304s]
2017-12-04 07:46:28,313 -> Lauching MaximalFinder at 07:46:28.271...
2017-12-04 07:46:28,313 -> 00.Setting mu=10,epsilon=10.0,cores=7,dataset=B20K
2017-12-04 07:46:28,313 -> [Partitions Info]Points;Before indexing;7
2017-12-04 07:46:38,023 -> [Partitions Info]Points;After indexing;992
2017-12-04 07:46:38,024 -> 01.Indexing points... [9.711s] [19715 results]
2017-12-04 07:46:50,381 -> 02.Getting pairs... [12.357s] [11226 results]
2017-12-04 07:46:53,317 -> 03.Computing centers... [2.936s] [22452 results]
2017-12-04 07:46:53,317 -> [Partitions Info]Centers;Before indexing;7
2017-12-04 07:46:55,238 -> [Partitions Info]Centers;After indexing;1024
2017-12-04 07:46:55,239 -> 04.Indexing centers... [1.922s] [22452 results]
2017-12-04 07:47:06,281 -> 05.Getting disks... [11.042s] [22452 results]
2017-12-04 07:47:07,194 -> 06.Filtering less-than-mu disks... [0.912s] [210 results]
2017-12-04 07:47:12,482 -> 07.Prunning duplicate candidates... [5.288s] [111 results]
2017-12-04 07:47:12,489 -> [Partitions Info]Candidates;Before indexing;200
2017-12-04 07:47:13,013 -> 08.Indexing candidates... [5.819s] [111 results]
2017-12-04 07:47:13,228 -> [Partitions Info]Candidates;After indexing;9
2017-12-04 07:47:13,228 -> 09.Getting expansions... [0.214s] [466 results]
2017-12-04 07:47:13,719 -> 10.Finding maximal disks... [0.490s] [17 results]
2017-12-04 07:47:16,319 -> 11.Prunning duplicates and subsets... [2.600s] [17 results]
2017-12-04 07:47:16,319 ->      Dataset,   Eps, Cores, Mu,   Time, # Pairs,   # Disks, # Candidates, # Maximals
2017-12-04 07:47:16,319 ->         B20K,  10.0,     7, 10,  48.01,   11226,     22452,          111,         17
2017-12-04 07:47:16,373 -> Dropping indices...[0.054s]
2017-12-04 07:47:16,373 -> Finishing MaximalFinder at 07:47:16.373...
2017-12-04 07:47:16,373 -> Total time for MaximalFinder: 48.060ms...
2017-12-04 07:47:16,409 -> Closing session... [0.036s]
Done!!! Mon Dec  4 07:47:16 PST 2017
Running iteration 1/3 for B20K (epsilon = 20 , mu = 10)...
2017-12-04 07:47:20,117 -> Starting session... [1.499s]
2017-12-04 07:47:22,410 -> Reading dataset... [2.293s]
2017-12-04 07:47:22,459 -> Lauching MaximalFinder at 07:47:22.416...
2017-12-04 07:47:22,459 -> 00.Setting mu=10,epsilon=20.0,cores=7,dataset=B20K
2017-12-04 07:47:22,460 -> [Partitions Info]Points;Before indexing;7
2017-12-04 07:47:32,597 -> [Partitions Info]Points;After indexing;992
2017-12-04 07:47:32,597 -> 01.Indexing points... [10.138s] [19715 results]
2017-12-04 07:47:45,676 -> 02.Getting pairs... [13.079s] [23819 results]
2017-12-04 07:47:48,655 -> 03.Computing centers... [2.979s] [47638 results]
2017-12-04 07:47:48,655 -> [Partitions Info]Centers;Before indexing;7
2017-12-04 07:47:50,598 -> [Partitions Info]Centers;After indexing;1024
2017-12-04 07:47:50,598 -> 04.Indexing centers... [1.943s] [47638 results]
2017-12-04 07:48:03,231 -> 05.Getting disks... [12.633s] [47638 results]
2017-12-04 07:48:04,250 -> 06.Filtering less-than-mu disks... [1.019s] [2392 results]
2017-12-04 07:48:10,887 -> 07.Prunning duplicate candidates... [6.637s] [1524 results]
2017-12-04 07:48:10,894 -> [Partitions Info]Candidates;Before indexing;200
2017-12-04 07:48:11,634 -> 08.Indexing candidates... [7.384s] [1524 results]
2017-12-04 07:48:11,914 -> [Partitions Info]Candidates;After indexing;9
2017-12-04 07:48:11,914 -> 09.Getting expansions... [0.280s] [2613 results]
2017-12-04 07:48:12,409 -> 10.Finding maximal disks... [0.495s] [108 results]
2017-12-04 07:48:15,228 -> 11.Prunning duplicates and subsets... [2.819s] [108 results]
2017-12-04 07:48:15,228 ->      Dataset,   Eps, Cores, Mu,   Time, # Pairs,   # Disks, # Candidates, # Maximals
2017-12-04 07:48:15,229 ->         B20K,  20.0,     7, 10,  52.77,   23819,     47638,         1524,        108
2017-12-04 07:48:15,285 -> Dropping indices...[0.056s]
2017-12-04 07:48:15,285 -> Finishing MaximalFinder at 07:48:15.285...
2017-12-04 07:48:15,285 -> Total time for MaximalFinder: 52.826ms...
2017-12-04 07:48:15,339 -> Closing session... [0.054s]
Done!!! Mon Dec  4 07:48:15 PST 2017
Running iteration 1/3 for B20K (epsilon = 30 , mu = 10)...
2017-12-04 07:48:19,273 -> Starting session... [1.632s]
2017-12-04 07:48:21,516 -> Reading dataset... [2.243s]
2017-12-04 07:48:21,568 -> Lauching MaximalFinder at 07:48:21.523...
2017-12-04 07:48:21,569 -> 00.Setting mu=10,epsilon=30.0,cores=7,dataset=B20K
2017-12-04 07:48:21,569 -> [Partitions Info]Points;Before indexing;7
2017-12-04 07:48:31,480 -> [Partitions Info]Points;After indexing;992
2017-12-04 07:48:31,481 -> 01.Indexing points... [9.912s] [19715 results]
2017-12-04 07:48:44,490 -> 02.Getting pairs... [13.009s] [36174 results]
2017-12-04 07:48:47,524 -> 03.Computing centers... [3.034s] [72348 results]
2017-12-04 07:48:47,525 -> [Partitions Info]Centers;Before indexing;7
2017-12-04 07:48:49,697 -> [Partitions Info]Centers;After indexing;1024
2017-12-04 07:48:49,697 -> 04.Indexing centers... [2.172s] [72348 results]
2017-12-04 07:49:02,862 -> 05.Getting disks... [13.165s] [72348 results]
2017-12-04 07:49:04,216 -> 06.Filtering less-than-mu disks... [1.354s] [5877 results]
2017-12-04 07:49:12,079 -> 07.Prunning duplicate candidates... [7.863s] [3889 results]
2017-12-04 07:49:12,086 -> [Partitions Info]Candidates;Before indexing;200
2017-12-04 07:49:12,672 -> 08.Indexing candidates... [8.456s] [3889 results]
2017-12-04 07:49:12,974 -> [Partitions Info]Candidates;After indexing;9
2017-12-04 07:49:12,974 -> 09.Getting expansions... [0.302s] [5518 results]
2017-12-04 07:49:13,560 -> 10.Finding maximal disks... [0.586s] [240 results]
2017-12-04 07:49:16,437 -> 11.Prunning duplicates and subsets... [2.877s] [240 results]
2017-12-04 07:49:16,437 ->      Dataset,   Eps, Cores, Mu,   Time, # Pairs,   # Disks, # Candidates, # Maximals
2017-12-04 07:49:16,438 ->         B20K,  30.0,     7, 10,  54.87,   36174,     72348,         3889,        240
2017-12-04 07:49:16,485 -> Dropping indices...[0.047s]
2017-12-04 07:49:16,485 -> Finishing MaximalFinder at 07:49:16.485...
2017-12-04 07:49:16,485 -> Total time for MaximalFinder: 54.917ms...
2017-12-04 07:49:16,554 -> Closing session... [0.069s]
Done!!! Mon Dec  4 07:49:16 PST 2017
Running iteration 2/3 for B20K (epsilon = 10 , mu = 10)...
2017-12-04 07:49:20,525 -> Starting session... [1.657s]
2017-12-04 07:49:22,716 -> Reading dataset... [2.191s]
2017-12-04 07:49:22,753 -> Lauching MaximalFinder at 07:49:22.721...
2017-12-04 07:49:22,753 -> 00.Setting mu=10,epsilon=10.0,cores=7,dataset=B20K
2017-12-04 07:49:22,753 -> [Partitions Info]Points;Before indexing;7
2017-12-04 07:49:32,512 -> [Partitions Info]Points;After indexing;992
2017-12-04 07:49:32,512 -> 01.Indexing points... [9.759s] [19715 results]
2017-12-04 07:49:45,045 -> 02.Getting pairs... [12.533s] [11226 results]
2017-12-04 07:49:48,229 -> 03.Computing centers... [3.184s] [22452 results]
2017-12-04 07:49:48,230 -> [Partitions Info]Centers;Before indexing;7
2017-12-04 07:49:50,103 -> [Partitions Info]Centers;After indexing;1024
2017-12-04 07:49:50,103 -> 04.Indexing centers... [1.873s] [22452 results]
2017-12-04 07:50:01,887 -> 05.Getting disks... [11.784s] [22452 results]
2017-12-04 07:50:02,657 -> 06.Filtering less-than-mu disks... [0.769s] [210 results]
2017-12-04 07:50:07,783 -> 07.Prunning duplicate candidates... [5.125s] [111 results]
2017-12-04 07:50:07,790 -> [Partitions Info]Candidates;Before indexing;200
2017-12-04 07:50:08,352 -> 08.Indexing candidates... [5.694s] [111 results]
2017-12-04 07:50:08,574 -> [Partitions Info]Candidates;After indexing;9
2017-12-04 07:50:08,574 -> 09.Getting expansions... [0.222s] [466 results]
2017-12-04 07:50:09,010 -> 10.Finding maximal disks... [0.436s] [17 results]
2017-12-04 07:50:11,511 -> 11.Prunning duplicates and subsets... [2.501s] [17 results]
2017-12-04 07:50:11,512 ->      Dataset,   Eps, Cores, Mu,   Time, # Pairs,   # Disks, # Candidates, # Maximals
2017-12-04 07:50:11,512 ->         B20K,  10.0,     7, 10,  48.76,   11226,     22452,          111,         17
2017-12-04 07:50:11,563 -> Dropping indices...[0.051s]
2017-12-04 07:50:11,563 -> Finishing MaximalFinder at 07:50:11.563...
2017-12-04 07:50:11,563 -> Total time for MaximalFinder: 48.810ms...
2017-12-04 07:50:11,718 -> Closing session... [0.154s]
Done!!! Mon Dec  4 07:50:12 PST 2017
Running iteration 2/3 for B20K (epsilon = 20 , mu = 10)...
2017-12-04 07:50:15,438 -> Starting session... [1.517s]
2017-12-04 07:50:17,621 -> Reading dataset... [2.183s]
2017-12-04 07:50:17,675 -> Lauching MaximalFinder at 07:50:17.628...
2017-12-04 07:50:17,675 -> 00.Setting mu=10,epsilon=20.0,cores=7,dataset=B20K
2017-12-04 07:50:17,675 -> [Partitions Info]Points;Before indexing;7
2017-12-04 07:50:27,856 -> [Partitions Info]Points;After indexing;992
2017-12-04 07:50:27,856 -> 01.Indexing points... [10.181s] [19715 results]
2017-12-04 07:50:40,926 -> 02.Getting pairs... [13.070s] [23819 results]
2017-12-04 07:50:44,005 -> 03.Computing centers... [3.079s] [47638 results]
2017-12-04 07:50:44,005 -> [Partitions Info]Centers;Before indexing;7
2017-12-04 07:50:46,033 -> [Partitions Info]Centers;After indexing;1024
2017-12-04 07:50:46,033 -> 04.Indexing centers... [2.028s] [47638 results]
2017-12-04 07:50:58,441 -> 05.Getting disks... [12.408s] [47638 results]
2017-12-04 07:50:59,601 -> 06.Filtering less-than-mu disks... [1.160s] [2392 results]
2017-12-04 07:51:06,365 -> 07.Prunning duplicate candidates... [6.764s] [1524 results]
2017-12-04 07:51:06,373 -> [Partitions Info]Candidates;Before indexing;200
2017-12-04 07:51:06,977 -> 08.Indexing candidates... [7.376s] [1524 results]
2017-12-04 07:51:07,338 -> [Partitions Info]Candidates;After indexing;9
2017-12-04 07:51:07,338 -> 09.Getting expansions... [0.361s] [2613 results]
2017-12-04 07:51:07,871 -> 10.Finding maximal disks... [0.533s] [108 results]
2017-12-04 07:51:10,614 -> 11.Prunning duplicates and subsets... [2.742s] [108 results]
2017-12-04 07:51:10,614 ->      Dataset,   Eps, Cores, Mu,   Time, # Pairs,   # Disks, # Candidates, # Maximals
2017-12-04 07:51:10,614 ->         B20K,  20.0,     7, 10,  52.94,   23819,     47638,         1524,        108
2017-12-04 07:51:10,671 -> Dropping indices...[0.057s]
2017-12-04 07:51:10,671 -> Finishing MaximalFinder at 07:51:10.671...
2017-12-04 07:51:10,672 -> Total time for MaximalFinder: 52.996ms...
2017-12-04 07:51:10,707 -> Closing session... [0.035s]
Done!!! Mon Dec  4 07:51:11 PST 2017
Running iteration 2/3 for B20K (epsilon = 30 , mu = 10)...
2017-12-04 07:51:14,446 -> Starting session... [1.437s]
2017-12-04 07:51:16,438 -> Reading dataset... [1.991s]
2017-12-04 07:51:16,493 -> Lauching MaximalFinder at 07:51:16.448...
2017-12-04 07:51:16,494 -> 00.Setting mu=10,epsilon=30.0,cores=7,dataset=B20K
2017-12-04 07:51:16,494 -> [Partitions Info]Points;Before indexing;7
2017-12-04 07:51:26,743 -> [Partitions Info]Points;After indexing;992
2017-12-04 07:51:26,744 -> 01.Indexing points... [10.250s] [19715 results]
2017-12-04 07:51:40,143 -> 02.Getting pairs... [13.399s] [36174 results]
2017-12-04 07:51:43,273 -> 03.Computing centers... [3.130s] [72348 results]
2017-12-04 07:51:43,273 -> [Partitions Info]Centers;Before indexing;7
2017-12-04 07:51:45,582 -> [Partitions Info]Centers;After indexing;1024
2017-12-04 07:51:45,583 -> 04.Indexing centers... [2.310s] [72348 results]
2017-12-04 07:51:59,326 -> 05.Getting disks... [13.743s] [72348 results]
2017-12-04 07:52:00,796 -> 06.Filtering less-than-mu disks... [1.470s] [5877 results]
2017-12-04 07:52:08,567 -> 07.Prunning duplicate candidates... [7.771s] [3889 results]
2017-12-04 07:52:08,575 -> [Partitions Info]Candidates;Before indexing;200
2017-12-04 07:52:09,152 -> 08.Indexing candidates... [8.356s] [3889 results]
2017-12-04 07:52:09,427 -> [Partitions Info]Candidates;After indexing;9
2017-12-04 07:52:09,427 -> 09.Getting expansions... [0.275s] [5518 results]
2017-12-04 07:52:10,015 -> 10.Finding maximal disks... [0.588s] [240 results]
2017-12-04 07:52:12,970 -> 11.Prunning duplicates and subsets... [2.954s] [240 results]
2017-12-04 07:52:12,970 ->      Dataset,   Eps, Cores, Mu,   Time, # Pairs,   # Disks, # Candidates, # Maximals
2017-12-04 07:52:12,970 ->         B20K,  30.0,     7, 10,  56.48,   36174,     72348,         3889,        240
2017-12-04 07:52:13,028 -> Dropping indices...[0.057s]
2017-12-04 07:52:13,028 -> Finishing MaximalFinder at 07:52:13.028...
2017-12-04 07:52:13,028 -> Total time for MaximalFinder: 56.534ms...
2017-12-04 07:52:13,064 -> Closing session... [0.036s]
Done!!! Mon Dec  4 07:52:13 PST 2017
Running iteration 3/3 for B20K (epsilon = 10 , mu = 10)...
2017-12-04 07:52:16,776 -> Starting session... [1.531s]
2017-12-04 07:52:18,857 -> Reading dataset... [2.081s]
2017-12-04 07:52:18,904 -> Lauching MaximalFinder at 07:52:18.863...
2017-12-04 07:52:18,904 -> 00.Setting mu=10,epsilon=10.0,cores=7,dataset=B20K
2017-12-04 07:52:18,905 -> [Partitions Info]Points;Before indexing;7
2017-12-04 07:52:29,290 -> [Partitions Info]Points;After indexing;992
2017-12-04 07:52:29,290 -> 01.Indexing points... [10.385s] [19715 results]
2017-12-04 07:52:42,281 -> 02.Getting pairs... [12.991s] [11226 results]
2017-12-04 07:52:45,417 -> 03.Computing centers... [3.136s] [22452 results]
2017-12-04 07:52:45,417 -> [Partitions Info]Centers;Before indexing;7
2017-12-04 07:52:47,389 -> [Partitions Info]Centers;After indexing;1024
2017-12-04 07:52:47,389 -> 04.Indexing centers... [1.972s] [22452 results]
2017-12-04 07:52:59,113 -> 05.Getting disks... [11.724s] [22452 results]
2017-12-04 07:52:59,840 -> 06.Filtering less-than-mu disks... [0.726s] [210 results]
2017-12-04 07:53:05,437 -> 07.Prunning duplicate candidates... [5.597s] [111 results]
2017-12-04 07:53:05,444 -> [Partitions Info]Candidates;Before indexing;200
2017-12-04 07:53:06,026 -> 08.Indexing candidates... [6.186s] [111 results]
2017-12-04 07:53:06,279 -> [Partitions Info]Candidates;After indexing;9
2017-12-04 07:53:06,279 -> 09.Getting expansions... [0.253s] [466 results]
2017-12-04 07:53:06,819 -> 10.Finding maximal disks... [0.540s] [17 results]
2017-12-04 07:53:09,471 -> 11.Prunning duplicates and subsets... [2.652s] [17 results]
2017-12-04 07:53:09,471 ->      Dataset,   Eps, Cores, Mu,   Time, # Pairs,   # Disks, # Candidates, # Maximals
2017-12-04 07:53:09,471 ->         B20K,  10.0,     7, 10,  50.57,   11226,     22452,          111,         17
2017-12-04 07:53:09,521 -> Dropping indices...[0.050s]
2017-12-04 07:53:09,522 -> Finishing MaximalFinder at 07:53:09.522...
2017-12-04 07:53:09,522 -> Total time for MaximalFinder: 50.618ms...
2017-12-04 07:53:09,558 -> Closing session... [0.036s]
Done!!! Mon Dec  4 07:53:09 PST 2017
Running iteration 3/3 for B20K (epsilon = 20 , mu = 10)...
2017-12-04 07:53:13,324 -> Starting session... [1.553s]
2017-12-04 07:53:15,436 -> Reading dataset... [2.111s]
2017-12-04 07:53:15,485 -> Lauching MaximalFinder at 07:53:15.442...
2017-12-04 07:53:15,486 -> 00.Setting mu=10,epsilon=20.0,cores=7,dataset=B20K
2017-12-04 07:53:15,486 -> [Partitions Info]Points;Before indexing;7
2017-12-04 07:53:25,452 -> [Partitions Info]Points;After indexing;992
2017-12-04 07:53:25,452 -> 01.Indexing points... [9.966s] [19715 results]
2017-12-04 07:53:38,446 -> 02.Getting pairs... [12.994s] [23819 results]
2017-12-04 07:53:41,459 -> 03.Computing centers... [3.013s] [47638 results]
2017-12-04 07:53:41,459 -> [Partitions Info]Centers;Before indexing;7
2017-12-04 07:53:43,544 -> [Partitions Info]Centers;After indexing;1024
2017-12-04 07:53:43,545 -> 04.Indexing centers... [2.086s] [47638 results]
2017-12-04 07:53:56,058 -> 05.Getting disks... [12.513s] [47638 results]
2017-12-04 07:53:57,155 -> 06.Filtering less-than-mu disks... [1.097s] [2392 results]
2017-12-04 07:54:03,832 -> 07.Prunning duplicate candidates... [6.676s] [1524 results]
2017-12-04 07:54:03,839 -> [Partitions Info]Candidates;Before indexing;200
2017-12-04 07:54:04,516 -> 08.Indexing candidates... [7.360s] [1524 results]
2017-12-04 07:54:04,941 -> [Partitions Info]Candidates;After indexing;9
2017-12-04 07:54:04,941 -> 09.Getting expansions... [0.425s] [2613 results]
2017-12-04 07:54:05,473 -> 10.Finding maximal disks... [0.532s] [108 results]
2017-12-04 07:54:08,281 -> 11.Prunning duplicates and subsets... [2.808s] [108 results]
2017-12-04 07:54:08,282 ->      Dataset,   Eps, Cores, Mu,   Time, # Pairs,   # Disks, # Candidates, # Maximals
2017-12-04 07:54:08,282 ->         B20K,  20.0,     7, 10,  52.80,   23819,     47638,         1524,        108
2017-12-04 07:54:08,342 -> Dropping indices...[0.060s]
2017-12-04 07:54:08,343 -> Finishing MaximalFinder at 07:54:08.342...
2017-12-04 07:54:08,343 -> Total time for MaximalFinder: 52.857ms...
2017-12-04 07:54:08,381 -> Closing session... [0.038s]
Done!!! Mon Dec  4 07:54:08 PST 2017
Running iteration 3/3 for B20K (epsilon = 30 , mu = 10)...
2017-12-04 07:54:12,078 -> Starting session... [1.422s]
2017-12-04 07:54:14,250 -> Reading dataset... [2.171s]
2017-12-04 07:54:14,297 -> Lauching MaximalFinder at 07:54:14.256...
2017-12-04 07:54:14,298 -> 00.Setting mu=10,epsilon=30.0,cores=7,dataset=B20K
2017-12-04 07:54:14,298 -> [Partitions Info]Points;Before indexing;7
2017-12-04 07:54:24,032 -> [Partitions Info]Points;After indexing;992
2017-12-04 07:54:24,033 -> 01.Indexing points... [9.735s] [19715 results]
2017-12-04 07:54:37,156 -> 02.Getting pairs... [13.123s] [36174 results]
2017-12-04 07:54:40,115 -> 03.Computing centers... [2.959s] [72348 results]
2017-12-04 07:54:40,115 -> [Partitions Info]Centers;Before indexing;7
2017-12-04 07:54:42,254 -> [Partitions Info]Centers;After indexing;1024
2017-12-04 07:54:42,254 -> 04.Indexing centers... [2.139s] [72348 results]
2017-12-04 07:54:55,631 -> 05.Getting disks... [13.377s] [72348 results]
2017-12-04 07:54:57,202 -> 06.Filtering less-than-mu disks... [1.571s] [5877 results]
2017-12-04 07:55:04,825 -> 07.Prunning duplicate candidates... [7.622s] [3889 results]
2017-12-04 07:55:04,834 -> [Partitions Info]Candidates;Before indexing;200
2017-12-04 07:55:05,409 -> 08.Indexing candidates... [8.207s] [3889 results]
2017-12-04 07:55:05,691 -> [Partitions Info]Candidates;After indexing;9
2017-12-04 07:55:05,691 -> 09.Getting expansions... [0.282s] [5518 results]
2017-12-04 07:55:06,302 -> 10.Finding maximal disks... [0.611s] [240 results]
2017-12-04 07:55:09,121 -> 11.Prunning duplicates and subsets... [2.819s] [240 results]
2017-12-04 07:55:09,122 ->      Dataset,   Eps, Cores, Mu,   Time, # Pairs,   # Disks, # Candidates, # Maximals
2017-12-04 07:55:09,122 ->         B20K,  30.0,     7, 10,  54.82,   36174,     72348,         3889,        240
2017-12-04 07:55:09,179 -> Dropping indices...[0.057s]
2017-12-04 07:55:09,180 -> Finishing MaximalFinder at 07:55:09.180...
2017-12-04 07:55:09,180 -> Total time for MaximalFinder: 54.881ms...
2017-12-04 07:55:09,215 -> Closing session... [0.035s]
Done!!! Mon Dec  4 07:55:09 PST 2017
acald013@dblab-rack14: stopping org.apache.spark.deploy.worker.Worker
stopping org.apache.spark.deploy.master.Master
starting org.apache.spark.deploy.master.Master, logging to /home/acald013/Spark/spark-2.1.0-bin-hadoop2.7/logs/spark-acald013-org.apache.spark.deploy.master.Master-1-dblab-rack11.cs.ucr.edu.out
acald013@dblab-rack12: starting org.apache.spark.deploy.worker.Worker, logging to /home/acald013/Spark/spark-2.1.0-bin-hadoop2.7/logs/spark-acald013-org.apache.spark.deploy.worker.Worker-1-dblab-rack12.out
acald013@dblab-rack14: starting org.apache.spark.deploy.worker.Worker, logging to /home/acald013/Spark/spark-2.1.0-bin-hadoop2.7/logs/spark-acald013-org.apache.spark.deploy.worker.Worker-1-dblab-rack14.cs.ucr.edu.out
Running iteration 1/3 for B40K (epsilon = 10 , mu = 10)...
2017-12-04 07:55:18,471 -> Starting session... [1.452s]
2017-12-04 07:55:20,824 -> Reading dataset... [2.352s]
2017-12-04 07:55:20,867 -> Lauching MaximalFinder at 07:55:20.829...
2017-12-04 07:55:20,867 -> 00.Setting mu=10,epsilon=10.0,cores=14,dataset=B40K
2017-12-04 07:55:20,867 -> [Partitions Info]Points;Before indexing;14
2017-12-04 07:55:29,611 -> [Partitions Info]Points;After indexing;1024
2017-12-04 07:55:29,612 -> 01.Indexing points... [8.745s] [39429 results]
2017-12-04 07:55:38,793 -> 02.Getting pairs... [9.181s] [22452 results]
2017-12-04 07:55:41,175 -> 03.Computing centers... [2.382s] [44904 results]
2017-12-04 07:55:41,176 -> [Partitions Info]Centers;Before indexing;14
2017-12-04 07:55:42,682 -> [Partitions Info]Centers;After indexing;1024
2017-12-04 07:55:42,682 -> 04.Indexing centers... [1.506s] [44904 results]
2017-12-04 07:55:50,758 -> 05.Getting disks... [8.075s] [44904 results]
2017-12-04 07:55:51,566 -> 06.Filtering less-than-mu disks... [0.808s] [420 results]
2017-12-04 07:55:56,337 -> 07.Prunning duplicate candidates... [4.771s] [222 results]
2017-12-04 07:55:56,346 -> [Partitions Info]Candidates;Before indexing;200
2017-12-04 07:55:56,818 -> 08.Indexing candidates... [5.252s] [222 results]
2017-12-04 07:55:56,994 -> [Partitions Info]Candidates;After indexing;16
2017-12-04 07:55:56,994 -> 09.Getting expansions... [0.176s] [889 results]
2017-12-04 07:55:57,452 -> 10.Finding maximal disks... [0.458s] [34 results]
2017-12-04 07:55:59,640 -> 11.Prunning duplicates and subsets... [2.188s] [34 results]
2017-12-04 07:55:59,640 ->      Dataset,   Eps, Cores, Mu,   Time, # Pairs,   # Disks, # Candidates, # Maximals
2017-12-04 07:55:59,640 ->         B40K,  10.0,    14, 10,  38.77,   22452,     44904,          222,         34
2017-12-04 07:55:59,690 -> Dropping indices...[0.050s]
2017-12-04 07:55:59,690 -> Finishing MaximalFinder at 07:55:59.690...
2017-12-04 07:55:59,690 -> Total time for MaximalFinder: 38.823ms...
2017-12-04 07:55:59,724 -> Closing session... [0.034s]
Done!!! Mon Dec  4 07:56:00 PST 2017
Running iteration 1/3 for B40K (epsilon = 20 , mu = 10)...
2017-12-04 07:56:03,518 -> Starting session... [1.584s]
2017-12-04 07:56:06,119 -> Reading dataset... [2.601s]
2017-12-04 07:56:06,154 -> Lauching MaximalFinder at 07:56:06.123...
2017-12-04 07:56:06,154 -> 00.Setting mu=10,epsilon=20.0,cores=14,dataset=B40K
2017-12-04 07:56:06,154 -> [Partitions Info]Points;Before indexing;14
2017-12-04 07:56:14,723 -> [Partitions Info]Points;After indexing;1024
2017-12-04 07:56:14,724 -> 01.Indexing points... [8.570s] [39429 results]
2017-12-04 07:56:24,010 -> 02.Getting pairs... [9.286s] [47638 results]
2017-12-04 07:56:26,395 -> 03.Computing centers... [2.385s] [95276 results]
2017-12-04 07:56:26,396 -> [Partitions Info]Centers;Before indexing;14
2017-12-04 07:56:28,140 -> [Partitions Info]Centers;After indexing;1024
2017-12-04 07:56:28,140 -> 04.Indexing centers... [1.744s] [95276 results]
2017-12-04 07:56:38,159 -> 05.Getting disks... [10.019s] [95276 results]
2017-12-04 07:56:39,314 -> 06.Filtering less-than-mu disks... [1.155s] [4784 results]
2017-12-04 07:56:45,464 -> 07.Prunning duplicate candidates... [6.149s] [3048 results]
2017-12-04 07:56:45,471 -> [Partitions Info]Candidates;Before indexing;200
2017-12-04 07:56:46,239 -> 08.Indexing candidates... [6.924s] [3048 results]
2017-12-04 07:56:46,517 -> [Partitions Info]Candidates;After indexing;16
2017-12-04 07:56:46,517 -> 09.Getting expansions... [0.278s] [5824 results]
2017-12-04 07:56:47,068 -> 10.Finding maximal disks... [0.550s] [216 results]
2017-12-04 07:56:49,289 -> 11.Prunning duplicates and subsets... [2.221s] [216 results]
2017-12-04 07:56:49,289 ->      Dataset,   Eps, Cores, Mu,   Time, # Pairs,   # Disks, # Candidates, # Maximals
2017-12-04 07:56:49,289 ->         B40K,  20.0,    14, 10,  43.14,   47638,     95276,         3048,        216
2017-12-04 07:56:49,342 -> Dropping indices...[0.052s]
2017-12-04 07:56:49,343 -> Finishing MaximalFinder at 07:56:49.343...
2017-12-04 07:56:49,343 -> Total time for MaximalFinder: 43.189ms...
2017-12-04 07:56:49,392 -> Closing session... [0.049s]
Done!!! Mon Dec  4 07:56:49 PST 2017
Running iteration 1/3 for B40K (epsilon = 30 , mu = 10)...
2017-12-04 07:56:53,310 -> Starting session... [1.583s]
2017-12-04 07:56:55,583 -> Reading dataset... [2.273s]
2017-12-04 07:56:55,637 -> Lauching MaximalFinder at 07:56:55.592...
2017-12-04 07:56:55,637 -> 00.Setting mu=10,epsilon=30.0,cores=14,dataset=B40K
2017-12-04 07:56:55,637 -> [Partitions Info]Points;Before indexing;14
2017-12-04 07:57:04,462 -> [Partitions Info]Points;After indexing;1024
2017-12-04 07:57:04,463 -> 01.Indexing points... [8.826s] [39429 results]
2017-12-04 07:57:13,851 -> 02.Getting pairs... [9.388s] [72348 results]
2017-12-04 07:57:16,304 -> 03.Computing centers... [2.453s] [144696 results]
2017-12-04 07:57:16,304 -> [Partitions Info]Centers;Before indexing;14
2017-12-04 07:57:18,178 -> [Partitions Info]Centers;After indexing;1024
2017-12-04 07:57:18,178 -> 04.Indexing centers... [1.874s] [144696 results]
2017-12-04 07:57:29,033 -> 05.Getting disks... [10.855s] [144696 results]
2017-12-04 07:57:30,501 -> 06.Filtering less-than-mu disks... [1.468s] [11754 results]
2017-12-04 07:57:37,417 -> 07.Prunning duplicate candidates... [6.915s] [7778 results]
2017-12-04 07:57:37,426 -> [Partitions Info]Candidates;Before indexing;200
2017-12-04 07:57:37,991 -> 08.Indexing candidates... [7.489s] [7778 results]
2017-12-04 07:57:38,434 -> [Partitions Info]Candidates;After indexing;16
2017-12-04 07:57:38,434 -> 09.Getting expansions... [0.443s] [10911 results]
2017-12-04 07:57:39,024 -> 10.Finding maximal disks... [0.590s] [480 results]
2017-12-04 07:57:41,274 -> 11.Prunning duplicates and subsets... [2.250s] [480 results]
2017-12-04 07:57:41,274 ->      Dataset,   Eps, Cores, Mu,   Time, # Pairs,   # Disks, # Candidates, # Maximals
2017-12-04 07:57:41,274 ->         B40K,  30.0,    14, 10,  45.64,   72348,    144696,         7778,        480
2017-12-04 07:57:41,322 -> Dropping indices...[0.048s]
2017-12-04 07:57:41,322 -> Finishing MaximalFinder at 07:57:41.322...
2017-12-04 07:57:41,322 -> Total time for MaximalFinder: 45.685ms...
2017-12-04 07:57:41,356 -> Closing session... [0.034s]
Done!!! Mon Dec  4 07:57:41 PST 2017
Running iteration 2/3 for B40K (epsilon = 10 , mu = 10)...
2017-12-04 07:57:45,399 -> Starting session... [1.763s]
2017-12-04 07:57:47,842 -> Reading dataset... [2.442s]
2017-12-04 07:57:47,893 -> Lauching MaximalFinder at 07:57:47.850...
2017-12-04 07:57:47,893 -> 00.Setting mu=10,epsilon=10.0,cores=14,dataset=B40K
2017-12-04 07:57:47,894 -> [Partitions Info]Points;Before indexing;14
2017-12-04 07:57:56,497 -> [Partitions Info]Points;After indexing;1024
2017-12-04 07:57:56,498 -> 01.Indexing points... [8.604s] [39429 results]
2017-12-04 07:58:05,483 -> 02.Getting pairs... [8.985s] [22452 results]
2017-12-04 07:58:07,680 -> 03.Computing centers... [2.195s] [44904 results]
2017-12-04 07:58:07,680 -> [Partitions Info]Centers;Before indexing;14
2017-12-04 07:58:09,326 -> [Partitions Info]Centers;After indexing;1024
2017-12-04 07:58:09,326 -> 04.Indexing centers... [1.646s] [44904 results]
2017-12-04 07:58:17,984 -> 05.Getting disks... [8.658s] [44904 results]
2017-12-04 07:58:18,845 -> 06.Filtering less-than-mu disks... [0.861s] [420 results]
2017-12-04 07:58:23,884 -> 07.Prunning duplicate candidates... [5.039s] [222 results]
2017-12-04 07:58:23,895 -> [Partitions Info]Candidates;Before indexing;200
2017-12-04 07:58:24,392 -> 08.Indexing candidates... [5.547s] [222 results]
2017-12-04 07:58:24,570 -> [Partitions Info]Candidates;After indexing;16
2017-12-04 07:58:24,570 -> 09.Getting expansions... [0.178s] [889 results]
2017-12-04 07:58:25,026 -> 10.Finding maximal disks... [0.456s] [34 results]
2017-12-04 07:58:27,113 -> 11.Prunning duplicates and subsets... [2.086s] [34 results]
2017-12-04 07:58:27,113 ->      Dataset,   Eps, Cores, Mu,   Time, # Pairs,   # Disks, # Candidates, # Maximals
2017-12-04 07:58:27,113 ->         B40K,  10.0,    14, 10,  39.22,   22452,     44904,          222,         34
2017-12-04 07:58:27,161 -> Dropping indices...[0.048s]
2017-12-04 07:58:27,161 -> Finishing MaximalFinder at 07:58:27.161...
2017-12-04 07:58:27,161 -> Total time for MaximalFinder: 39.268ms...
2017-12-04 07:58:27,195 -> Closing session... [0.034s]
Done!!! Mon Dec  4 07:58:27 PST 2017
Running iteration 2/3 for B40K (epsilon = 20 , mu = 10)...
2017-12-04 07:58:31,008 -> Starting session... [1.549s]
2017-12-04 07:58:33,385 -> Reading dataset... [2.376s]
2017-12-04 07:58:33,431 -> Lauching MaximalFinder at 07:58:33.391...
2017-12-04 07:58:33,431 -> 00.Setting mu=10,epsilon=20.0,cores=14,dataset=B40K
2017-12-04 07:58:33,431 -> [Partitions Info]Points;Before indexing;14
2017-12-04 07:58:42,023 -> [Partitions Info]Points;After indexing;1024
2017-12-04 07:58:42,023 -> 01.Indexing points... [8.592s] [39429 results]
2017-12-04 07:58:51,211 -> 02.Getting pairs... [9.188s] [47638 results]
2017-12-04 07:58:53,582 -> 03.Computing centers... [2.371s] [95276 results]
2017-12-04 07:58:53,582 -> [Partitions Info]Centers;Before indexing;14
2017-12-04 07:58:55,320 -> [Partitions Info]Centers;After indexing;1024
2017-12-04 07:58:55,321 -> 04.Indexing centers... [1.739s] [95276 results]
2017-12-04 07:59:04,735 -> 05.Getting disks... [9.414s] [95276 results]
2017-12-04 07:59:06,238 -> 06.Filtering less-than-mu disks... [1.502s] [4784 results]
2017-12-04 07:59:13,051 -> 07.Prunning duplicate candidates... [6.812s] [3048 results]
2017-12-04 07:59:13,058 -> [Partitions Info]Candidates;Before indexing;200
2017-12-04 07:59:13,525 -> 08.Indexing candidates... [7.286s] [3048 results]
2017-12-04 07:59:13,770 -> [Partitions Info]Candidates;After indexing;16
2017-12-04 07:59:13,770 -> 09.Getting expansions... [0.245s] [5824 results]
2017-12-04 07:59:14,317 -> 10.Finding maximal disks... [0.547s] [216 results]
2017-12-04 07:59:16,630 -> 11.Prunning duplicates and subsets... [2.313s] [216 results]
2017-12-04 07:59:16,630 ->      Dataset,   Eps, Cores, Mu,   Time, # Pairs,   # Disks, # Candidates, # Maximals
2017-12-04 07:59:16,631 ->         B40K,  20.0,    14, 10,  43.20,   47638,     95276,         3048,        216
2017-12-04 07:59:16,682 -> Dropping indices...[0.051s]
2017-12-04 07:59:16,682 -> Finishing MaximalFinder at 07:59:16.682...
2017-12-04 07:59:16,682 -> Total time for MaximalFinder: 43.251ms...
2017-12-04 07:59:16,718 -> Closing session... [0.036s]
Done!!! Mon Dec  4 07:59:17 PST 2017
Running iteration 2/3 for B40K (epsilon = 30 , mu = 10)...
2017-12-04 07:59:20,658 -> Starting session... [1.605s]
2017-12-04 07:59:22,845 -> Reading dataset... [2.187s]
2017-12-04 07:59:22,894 -> Lauching MaximalFinder at 07:59:22.852...
2017-12-04 07:59:22,895 -> 00.Setting mu=10,epsilon=30.0,cores=14,dataset=B40K
2017-12-04 07:59:22,895 -> [Partitions Info]Points;Before indexing;14
2017-12-04 07:59:31,773 -> [Partitions Info]Points;After indexing;1024
2017-12-04 07:59:31,773 -> 01.Indexing points... [8.878s] [39429 results]
2017-12-04 07:59:41,959 -> 02.Getting pairs... [10.185s] [72348 results]
2017-12-04 07:59:44,418 -> 03.Computing centers... [2.459s] [144696 results]
2017-12-04 07:59:44,418 -> [Partitions Info]Centers;Before indexing;14
2017-12-04 07:59:46,358 -> [Partitions Info]Centers;After indexing;1024
2017-12-04 07:59:46,358 -> 04.Indexing centers... [1.940s] [144696 results]
2017-12-04 07:59:57,675 -> 05.Getting disks... [11.317s] [144696 results]
2017-12-04 07:59:59,005 -> 06.Filtering less-than-mu disks... [1.330s] [11754 results]
2017-12-04 08:00:06,205 -> 07.Prunning duplicate candidates... [7.200s] [7778 results]
2017-12-04 08:00:06,215 -> [Partitions Info]Candidates;Before indexing;200
2017-12-04 08:00:06,725 -> 08.Indexing candidates... [7.720s] [7778 results]
2017-12-04 08:00:06,978 -> [Partitions Info]Candidates;After indexing;16
2017-12-04 08:00:06,978 -> 09.Getting expansions... [0.253s] [10911 results]
2017-12-04 08:00:07,635 -> 10.Finding maximal disks... [0.657s] [480 results]
2017-12-04 08:00:09,941 -> 11.Prunning duplicates and subsets... [2.306s] [480 results]
2017-12-04 08:00:09,941 ->      Dataset,   Eps, Cores, Mu,   Time, # Pairs,   # Disks, # Candidates, # Maximals
2017-12-04 08:00:09,941 ->         B40K,  30.0,    14, 10,  47.05,   72348,    144696,         7778,        480
2017-12-04 08:00:09,993 -> Dropping indices...[0.052s]
2017-12-04 08:00:09,993 -> Finishing MaximalFinder at 08:00:09.993...
2017-12-04 08:00:09,993 -> Total time for MaximalFinder: 47.099ms...
2017-12-04 08:00:10,029 -> Closing session... [0.035s]
Done!!! Mon Dec  4 08:00:10 PST 2017
Running iteration 3/3 for B40K (epsilon = 10 , mu = 10)...
2017-12-04 08:00:13,722 -> Starting session... [1.414s]
2017-12-04 08:00:16,141 -> Reading dataset... [2.419s]
2017-12-04 08:00:16,194 -> Lauching MaximalFinder at 08:00:16.148...
2017-12-04 08:00:16,195 -> 00.Setting mu=10,epsilon=10.0,cores=14,dataset=B40K
2017-12-04 08:00:16,195 -> [Partitions Info]Points;Before indexing;14
2017-12-04 08:00:24,888 -> [Partitions Info]Points;After indexing;1024
2017-12-04 08:00:24,888 -> 01.Indexing points... [8.693s] [39429 results]
2017-12-04 08:00:33,784 -> 02.Getting pairs... [8.896s] [22452 results]
2017-12-04 08:00:35,945 -> 03.Computing centers... [2.161s] [44904 results]
2017-12-04 08:00:35,945 -> [Partitions Info]Centers;Before indexing;14
2017-12-04 08:00:37,500 -> [Partitions Info]Centers;After indexing;1024
2017-12-04 08:00:37,500 -> 04.Indexing centers... [1.555s] [44904 results]
2017-12-04 08:00:46,028 -> 05.Getting disks... [8.528s] [44904 results]
2017-12-04 08:00:46,832 -> 06.Filtering less-than-mu disks... [0.804s] [420 results]
2017-12-04 08:00:51,626 -> 07.Prunning duplicate candidates... [4.794s] [222 results]
2017-12-04 08:00:51,633 -> [Partitions Info]Candidates;Before indexing;200
2017-12-04 08:00:52,090 -> 08.Indexing candidates... [5.258s] [222 results]
2017-12-04 08:00:52,254 -> [Partitions Info]Candidates;After indexing;16
2017-12-04 08:00:52,254 -> 09.Getting expansions... [0.163s] [889 results]
2017-12-04 08:00:52,744 -> 10.Finding maximal disks... [0.490s] [34 results]
2017-12-04 08:00:54,875 -> 11.Prunning duplicates and subsets... [2.131s] [34 results]
2017-12-04 08:00:54,875 ->      Dataset,   Eps, Cores, Mu,   Time, # Pairs,   # Disks, # Candidates, # Maximals
2017-12-04 08:00:54,875 ->         B40K,  10.0,    14, 10,  38.68,   22452,     44904,          222,         34
2017-12-04 08:00:54,930 -> Dropping indices...[0.055s]
2017-12-04 08:00:54,930 -> Finishing MaximalFinder at 08:00:54.930...
2017-12-04 08:00:54,930 -> Total time for MaximalFinder: 38.735ms...
2017-12-04 08:00:54,964 -> Closing session... [0.034s]
Done!!! Mon Dec  4 08:00:55 PST 2017
Running iteration 3/3 for B40K (epsilon = 20 , mu = 10)...
2017-12-04 08:00:58,883 -> Starting session... [1.615s]
2017-12-04 08:01:01,304 -> Reading dataset... [2.421s]
2017-12-04 08:01:01,356 -> Lauching MaximalFinder at 08:01:01.313...
2017-12-04 08:01:01,357 -> 00.Setting mu=10,epsilon=20.0,cores=14,dataset=B40K
2017-12-04 08:01:01,357 -> [Partitions Info]Points;Before indexing;14
2017-12-04 08:01:10,272 -> [Partitions Info]Points;After indexing;1024
2017-12-04 08:01:10,273 -> 01.Indexing points... [8.916s] [39429 results]
2017-12-04 08:01:19,356 -> 02.Getting pairs... [9.083s] [47638 results]
2017-12-04 08:01:21,559 -> 03.Computing centers... [2.203s] [95276 results]
2017-12-04 08:01:21,559 -> [Partitions Info]Centers;Before indexing;14
2017-12-04 08:01:23,163 -> [Partitions Info]Centers;After indexing;1024
2017-12-04 08:01:23,164 -> 04.Indexing centers... [1.605s] [95276 results]
2017-12-04 08:01:33,318 -> 05.Getting disks... [10.154s] [95276 results]
2017-12-04 08:01:34,433 -> 06.Filtering less-than-mu disks... [1.115s] [4784 results]
2017-12-04 08:01:41,087 -> 07.Prunning duplicate candidates... [6.654s] [3048 results]
2017-12-04 08:01:41,097 -> [Partitions Info]Candidates;Before indexing;200
2017-12-04 08:01:41,562 -> 08.Indexing candidates... [7.129s] [3048 results]
2017-12-04 08:01:41,813 -> [Partitions Info]Candidates;After indexing;16
2017-12-04 08:01:41,813 -> 09.Getting expansions... [0.251s] [5824 results]
2017-12-04 08:01:42,372 -> 10.Finding maximal disks... [0.559s] [216 results]
2017-12-04 08:01:44,520 -> 11.Prunning duplicates and subsets... [2.148s] [216 results]
2017-12-04 08:01:44,520 ->      Dataset,   Eps, Cores, Mu,   Time, # Pairs,   # Disks, # Candidates, # Maximals
2017-12-04 08:01:44,520 ->         B40K,  20.0,    14, 10,  43.16,   47638,     95276,         3048,        216
2017-12-04 08:01:44,575 -> Dropping indices...[0.055s]
2017-12-04 08:01:44,575 -> Finishing MaximalFinder at 08:01:44.575...
2017-12-04 08:01:44,575 -> Total time for MaximalFinder: 43.219ms...
2017-12-04 08:01:44,610 -> Closing session... [0.034s]
Done!!! Mon Dec  4 08:01:45 PST 2017
Running iteration 3/3 for B40K (epsilon = 30 , mu = 10)...
2017-12-04 08:01:48,441 -> Starting session... [1.604s]
2017-12-04 08:01:50,718 -> Reading dataset... [2.276s]
2017-12-04 08:01:50,766 -> Lauching MaximalFinder at 08:01:50.726...
2017-12-04 08:01:50,767 -> 00.Setting mu=10,epsilon=30.0,cores=14,dataset=B40K
2017-12-04 08:01:50,767 -> [Partitions Info]Points;Before indexing;14
2017-12-04 08:01:59,083 -> [Partitions Info]Points;After indexing;1024
2017-12-04 08:01:59,083 -> 01.Indexing points... [8.316s] [39429 results]
2017-12-04 08:02:08,410 -> 02.Getting pairs... [9.327s] [72348 results]
2017-12-04 08:02:10,783 -> 03.Computing centers... [2.373s] [144696 results]
2017-12-04 08:02:10,783 -> [Partitions Info]Centers;Before indexing;14
2017-12-04 08:02:12,677 -> [Partitions Info]Centers;After indexing;1024
2017-12-04 08:02:12,677 -> 04.Indexing centers... [1.894s] [144696 results]
2017-12-04 08:02:23,456 -> 05.Getting disks... [10.779s] [144696 results]
2017-12-04 08:02:25,211 -> 06.Filtering less-than-mu disks... [1.755s] [11754 results]
2017-12-04 08:02:31,892 -> 07.Prunning duplicate candidates... [6.681s] [7778 results]
2017-12-04 08:02:31,902 -> [Partitions Info]Candidates;Before indexing;200
2017-12-04 08:02:32,399 -> 08.Indexing candidates... [7.188s] [7778 results]
2017-12-04 08:02:32,679 -> [Partitions Info]Candidates;After indexing;16
2017-12-04 08:02:32,679 -> 09.Getting expansions... [0.279s] [10911 results]
2017-12-04 08:02:33,330 -> 10.Finding maximal disks... [0.651s] [480 results]
2017-12-04 08:02:35,772 -> 11.Prunning duplicates and subsets... [2.442s] [480 results]
2017-12-04 08:02:35,772 ->      Dataset,   Eps, Cores, Mu,   Time, # Pairs,   # Disks, # Candidates, # Maximals
2017-12-04 08:02:35,773 ->         B40K,  30.0,    14, 10,  45.01,   72348,    144696,         7778,        480
2017-12-04 08:02:35,824 -> Dropping indices...[0.050s]
2017-12-04 08:02:35,824 -> Finishing MaximalFinder at 08:02:35.824...
2017-12-04 08:02:35,824 -> Total time for MaximalFinder: 45.057ms...
2017-12-04 08:02:35,856 -> Closing session... [0.032s]
Done!!! Mon Dec  4 08:02:36 PST 2017
acald013@dblab-rack14: stopping org.apache.spark.deploy.worker.Worker
acald013@dblab-rack12: stopping org.apache.spark.deploy.worker.Worker
stopping org.apache.spark.deploy.master.Master
starting org.apache.spark.deploy.master.Master, logging to /home/acald013/Spark/spark-2.1.0-bin-hadoop2.7/logs/spark-acald013-org.apache.spark.deploy.master.Master-1-dblab-rack11.cs.ucr.edu.out
acald013@dblab-rack12: starting org.apache.spark.deploy.worker.Worker, logging to /home/acald013/Spark/spark-2.1.0-bin-hadoop2.7/logs/spark-acald013-org.apache.spark.deploy.worker.Worker-1-dblab-rack12.out
acald013@dblab-rack14: starting org.apache.spark.deploy.worker.Worker, logging to /home/acald013/Spark/spark-2.1.0-bin-hadoop2.7/logs/spark-acald013-org.apache.spark.deploy.worker.Worker-1-dblab-rack14.cs.ucr.edu.out
acald013@dblab-rack11: starting org.apache.spark.deploy.worker.Worker, logging to /home/acald013/Spark/spark-2.1.0-bin-hadoop2.7/logs/spark-acald013-org.apache.spark.deploy.worker.Worker-1-dblab-rack11.cs.ucr.edu.out
Running iteration 1/3 for B60K (epsilon = 10 , mu = 10)...
2017-12-04 08:02:45,591 -> Starting session... [1.743s]
2017-12-04 08:02:48,884 -> Reading dataset... [3.292s]
2017-12-04 08:02:48,922 -> Lauching MaximalFinder at 08:02:48.890...
2017-12-04 08:02:48,923 -> 00.Setting mu=10,epsilon=10.0,cores=21,dataset=B60K
2017-12-04 08:02:48,923 -> [Partitions Info]Points;Before indexing;21
2017-12-04 08:02:59,322 -> [Partitions Info]Points;After indexing;1024
2017-12-04 08:02:59,322 -> 01.Indexing points... [10.399s] [59143 results]
2017-12-04 08:03:08,307 -> 02.Getting pairs... [8.985s] [33678 results]
2017-12-04 08:03:10,711 -> 03.Computing centers... [2.404s] [67356 results]
2017-12-04 08:03:10,711 -> [Partitions Info]Centers;Before indexing;21
2017-12-04 08:03:12,302 -> [Partitions Info]Centers;After indexing;1024
2017-12-04 08:03:12,303 -> 04.Indexing centers... [1.591s] [67356 results]
2017-12-04 08:03:20,293 -> 05.Getting disks... [7.990s] [67356 results]
2017-12-04 08:03:21,020 -> 06.Filtering less-than-mu disks... [0.727s] [630 results]
2017-12-04 08:03:25,174 -> 07.Prunning duplicate candidates... [4.154s] [333 results]
2017-12-04 08:03:25,180 -> [Partitions Info]Candidates;Before indexing;200
2017-12-04 08:03:25,760 -> 08.Indexing candidates... [4.740s] [333 results]
2017-12-04 08:03:25,968 -> [Partitions Info]Candidates;After indexing;25
2017-12-04 08:03:25,969 -> 09.Getting expansions... [0.209s] [1652 results]
2017-12-04 08:03:26,469 -> 10.Finding maximal disks... [0.500s] [51 results]
2017-12-04 08:03:28,867 -> 11.Prunning duplicates and subsets... [2.397s] [51 results]
2017-12-04 08:03:28,867 ->      Dataset,   Eps, Cores, Mu,   Time, # Pairs,   # Disks, # Candidates, # Maximals
2017-12-04 08:03:28,868 ->         B60K,  10.0,    21, 10,  39.94,   33678,     67356,          333,         51
2017-12-04 08:03:28,938 -> Dropping indices...[0.070s]
2017-12-04 08:03:28,938 -> Finishing MaximalFinder at 08:03:28.938...
2017-12-04 08:03:28,938 -> Total time for MaximalFinder: 40.015ms...
2017-12-04 08:03:28,989 -> Closing session... [0.051s]
Done!!! Mon Dec  4 08:03:29 PST 2017
Running iteration 1/3 for B60K (epsilon = 20 , mu = 10)...
2017-12-04 08:03:33,044 -> Starting session... [1.675s]
2017-12-04 08:03:35,634 -> Reading dataset... [2.589s]
2017-12-04 08:03:35,686 -> Lauching MaximalFinder at 08:03:35.641...
2017-12-04 08:03:35,686 -> 00.Setting mu=10,epsilon=20.0,cores=21,dataset=B60K
2017-12-04 08:03:35,687 -> [Partitions Info]Points;Before indexing;21
2017-12-04 08:03:46,614 -> [Partitions Info]Points;After indexing;1024
2017-12-04 08:03:46,614 -> 01.Indexing points... [10.927s] [59143 results]
2017-12-04 08:03:56,217 -> 02.Getting pairs... [9.603s] [71457 results]
2017-12-04 08:03:58,594 -> 03.Computing centers... [2.377s] [142914 results]
2017-12-04 08:03:58,594 -> [Partitions Info]Centers;Before indexing;21
2017-12-04 08:04:00,334 -> [Partitions Info]Centers;After indexing;1024
2017-12-04 08:04:00,335 -> 04.Indexing centers... [1.741s] [142914 results]
2017-12-04 08:04:09,855 -> 05.Getting disks... [9.520s] [142914 results]
2017-12-04 08:04:11,258 -> 06.Filtering less-than-mu disks... [1.403s] [7176 results]
2017-12-04 08:04:17,655 -> 07.Prunning duplicate candidates... [6.397s] [4572 results]
2017-12-04 08:04:17,662 -> [Partitions Info]Candidates;Before indexing;200
2017-12-04 08:04:18,247 -> 08.Indexing candidates... [6.989s] [4572 results]
2017-12-04 08:04:18,578 -> [Partitions Info]Candidates;After indexing;25
2017-12-04 08:04:18,579 -> 09.Getting expansions... [0.332s] [9578 results]
2017-12-04 08:04:19,158 -> 10.Finding maximal disks... [0.579s] [324 results]
2017-12-04 08:04:21,833 -> 11.Prunning duplicates and subsets... [2.675s] [324 results]
2017-12-04 08:04:21,833 ->      Dataset,   Eps, Cores, Mu,   Time, # Pairs,   # Disks, # Candidates, # Maximals
2017-12-04 08:04:21,834 ->         B60K,  20.0,    21, 10,  46.15,   71457,    142914,         4572,        324
2017-12-04 08:04:21,904 -> Dropping indices...[0.070s]
2017-12-04 08:04:21,905 -> Finishing MaximalFinder at 08:04:21.905...
2017-12-04 08:04:21,905 -> Total time for MaximalFinder: 46.219ms...
2017-12-04 08:04:21,998 -> Closing session... [0.092s]
Done!!! Mon Dec  4 08:04:22 PST 2017
Running iteration 1/3 for B60K (epsilon = 30 , mu = 10)...
2017-12-04 08:04:25,988 -> Starting session... [1.580s]
2017-12-04 08:04:28,669 -> Reading dataset... [2.681s]
2017-12-04 08:04:28,710 -> Lauching MaximalFinder at 08:04:28.675...
2017-12-04 08:04:28,710 -> 00.Setting mu=10,epsilon=30.0,cores=21,dataset=B60K
2017-12-04 08:04:28,710 -> [Partitions Info]Points;Before indexing;21
2017-12-04 08:04:38,983 -> [Partitions Info]Points;After indexing;1024
2017-12-04 08:04:38,983 -> 01.Indexing points... [10.273s] [59143 results]
2017-12-04 08:04:48,569 -> 02.Getting pairs... [9.586s] [108522 results]
2017-12-04 08:04:51,207 -> 03.Computing centers... [2.637s] [217044 results]
2017-12-04 08:04:51,208 -> [Partitions Info]Centers;Before indexing;21
2017-12-04 08:04:53,288 -> [Partitions Info]Centers;After indexing;1024
2017-12-04 08:04:53,288 -> 04.Indexing centers... [2.080s] [217044 results]
2017-12-04 08:05:02,722 -> 05.Getting disks... [9.434s] [217044 results]
2017-12-04 08:05:04,268 -> 06.Filtering less-than-mu disks... [1.546s] [17631 results]
2017-12-04 08:05:11,825 -> 07.Prunning duplicate candidates... [7.557s] [11667 results]
2017-12-04 08:05:11,834 -> [Partitions Info]Candidates;Before indexing;200
2017-12-04 08:05:12,424 -> 08.Indexing candidates... [8.156s] [11667 results]
2017-12-04 08:05:12,739 -> [Partitions Info]Candidates;After indexing;25
2017-12-04 08:05:12,739 -> 09.Getting expansions... [0.315s] [17632 results]
2017-12-04 08:05:13,429 -> 10.Finding maximal disks... [0.690s] [720 results]
2017-12-04 08:05:15,832 -> 11.Prunning duplicates and subsets... [2.402s] [720 results]
2017-12-04 08:05:15,832 ->      Dataset,   Eps, Cores, Mu,   Time, # Pairs,   # Disks, # Candidates, # Maximals
2017-12-04 08:05:15,833 ->         B60K,  30.0,    21, 10,  47.12,  108522,    217044,        11667,        720
2017-12-04 08:05:15,905 -> Dropping indices...[0.072s]
2017-12-04 08:05:15,905 -> Finishing MaximalFinder at 08:05:15.905...
2017-12-04 08:05:15,905 -> Total time for MaximalFinder: 47.195ms...
2017-12-04 08:05:16,029 -> Closing session... [0.124s]
Done!!! Mon Dec  4 08:05:16 PST 2017
Running iteration 2/3 for B60K (epsilon = 10 , mu = 10)...
2017-12-04 08:05:19,871 -> Starting session... [1.548s]
2017-12-04 08:05:22,882 -> Reading dataset... [3.011s]
2017-12-04 08:05:22,933 -> Lauching MaximalFinder at 08:05:22.889...
2017-12-04 08:05:22,934 -> 00.Setting mu=10,epsilon=10.0,cores=21,dataset=B60K
2017-12-04 08:05:22,934 -> [Partitions Info]Points;Before indexing;21
2017-12-04 08:05:33,213 -> [Partitions Info]Points;After indexing;1024
2017-12-04 08:05:33,213 -> 01.Indexing points... [10.279s] [59143 results]
2017-12-04 08:05:42,656 -> 02.Getting pairs... [9.443s] [33678 results]
2017-12-04 08:05:44,882 -> 03.Computing centers... [2.226s] [67356 results]
2017-12-04 08:05:44,882 -> [Partitions Info]Centers;Before indexing;21
2017-12-04 08:05:46,668 -> [Partitions Info]Centers;After indexing;1024
2017-12-04 08:05:46,668 -> 04.Indexing centers... [1.786s] [67356 results]
2017-12-04 08:05:54,905 -> 05.Getting disks... [8.237s] [67356 results]
2017-12-04 08:05:55,631 -> 06.Filtering less-than-mu disks... [0.726s] [630 results]
2017-12-04 08:05:59,980 -> 07.Prunning duplicate candidates... [4.349s] [333 results]
2017-12-04 08:05:59,986 -> [Partitions Info]Candidates;Before indexing;200
2017-12-04 08:06:00,555 -> 08.Indexing candidates... [4.924s] [333 results]
2017-12-04 08:06:00,876 -> [Partitions Info]Candidates;After indexing;25
2017-12-04 08:06:00,876 -> 09.Getting expansions... [0.321s] [1652 results]
2017-12-04 08:06:01,404 -> 10.Finding maximal disks... [0.527s] [51 results]
2017-12-04 08:06:03,688 -> 11.Prunning duplicates and subsets... [2.284s] [51 results]
2017-12-04 08:06:03,688 ->      Dataset,   Eps, Cores, Mu,   Time, # Pairs,   # Disks, # Candidates, # Maximals
2017-12-04 08:06:03,689 ->         B60K,  10.0,    21, 10,  40.75,   33678,     67356,          333,         51
2017-12-04 08:06:03,743 -> Dropping indices...[0.054s]
2017-12-04 08:06:03,744 -> Finishing MaximalFinder at 08:06:03.743...
2017-12-04 08:06:03,744 -> Total time for MaximalFinder: 40.810ms...
2017-12-04 08:06:03,783 -> Closing session... [0.039s]
Done!!! Mon Dec  4 08:06:04 PST 2017
Running iteration 2/3 for B60K (epsilon = 20 , mu = 10)...
2017-12-04 08:06:07,763 -> Starting session... [1.643s]
2017-12-04 08:06:10,961 -> Reading dataset... [3.197s]
2017-12-04 08:06:11,016 -> Lauching MaximalFinder at 08:06:10.968...
2017-12-04 08:06:11,016 -> 00.Setting mu=10,epsilon=20.0,cores=21,dataset=B60K
2017-12-04 08:06:11,017 -> [Partitions Info]Points;Before indexing;21
2017-12-04 08:06:21,834 -> [Partitions Info]Points;After indexing;1024
2017-12-04 08:06:21,834 -> 01.Indexing points... [10.817s] [59143 results]
2017-12-04 08:06:31,305 -> 02.Getting pairs... [9.470s] [71457 results]
2017-12-04 08:06:33,691 -> 03.Computing centers... [2.385s] [142914 results]
2017-12-04 08:06:33,691 -> [Partitions Info]Centers;Before indexing;21
2017-12-04 08:06:35,545 -> [Partitions Info]Centers;After indexing;1024
2017-12-04 08:06:35,545 -> 04.Indexing centers... [1.854s] [142914 results]
2017-12-04 08:06:44,551 -> 05.Getting disks... [9.006s] [142914 results]
2017-12-04 08:06:45,600 -> 06.Filtering less-than-mu disks... [1.049s] [7176 results]
2017-12-04 08:06:51,529 -> 07.Prunning duplicate candidates... [5.929s] [4572 results]
2017-12-04 08:06:51,539 -> [Partitions Info]Candidates;Before indexing;200
2017-12-04 08:06:52,248 -> 08.Indexing candidates... [6.648s] [4572 results]
2017-12-04 08:06:52,496 -> [Partitions Info]Candidates;After indexing;25
2017-12-04 08:06:52,497 -> 09.Getting expansions... [0.249s] [9578 results]
2017-12-04 08:06:53,058 -> 10.Finding maximal disks... [0.561s] [324 results]
2017-12-04 08:06:55,380 -> 11.Prunning duplicates and subsets... [2.322s] [324 results]
2017-12-04 08:06:55,380 ->      Dataset,   Eps, Cores, Mu,   Time, # Pairs,   # Disks, # Candidates, # Maximals
2017-12-04 08:06:55,380 ->         B60K,  20.0,    21, 10,  44.36,   71457,    142914,         4572,        324
2017-12-04 08:06:55,439 -> Dropping indices...[0.059s]
2017-12-04 08:06:55,439 -> Finishing MaximalFinder at 08:06:55.439...
2017-12-04 08:06:55,439 -> Total time for MaximalFinder: 44.423ms...
2017-12-04 08:06:55,486 -> Closing session... [0.047s]
Done!!! Mon Dec  4 08:06:55 PST 2017
Running iteration 2/3 for B60K (epsilon = 30 , mu = 10)...
2017-12-04 08:06:59,635 -> Starting session... [1.562s]
2017-12-04 08:07:02,302 -> Reading dataset... [2.667s]
2017-12-04 08:07:02,348 -> Lauching MaximalFinder at 08:07:02.309...
2017-12-04 08:07:02,348 -> 00.Setting mu=10,epsilon=30.0,cores=21,dataset=B60K
2017-12-04 08:07:02,348 -> [Partitions Info]Points;Before indexing;21
2017-12-04 08:07:12,798 -> [Partitions Info]Points;After indexing;1024
2017-12-04 08:07:12,798 -> 01.Indexing points... [10.450s] [59143 results]
2017-12-04 08:07:22,462 -> 02.Getting pairs... [9.664s] [108522 results]
2017-12-04 08:07:24,924 -> 03.Computing centers... [2.461s] [217044 results]
2017-12-04 08:07:24,924 -> [Partitions Info]Centers;Before indexing;21
2017-12-04 08:07:27,245 -> [Partitions Info]Centers;After indexing;1024
2017-12-04 08:07:27,245 -> 04.Indexing centers... [2.321s] [217044 results]
2017-12-04 08:07:37,674 -> 05.Getting disks... [10.429s] [217044 results]
2017-12-04 08:07:39,529 -> 06.Filtering less-than-mu disks... [1.855s] [17631 results]
2017-12-04 08:07:46,160 -> 07.Prunning duplicate candidates... [6.631s] [11667 results]
2017-12-04 08:07:46,169 -> [Partitions Info]Candidates;Before indexing;200
2017-12-04 08:07:46,760 -> 08.Indexing candidates... [7.231s] [11667 results]
2017-12-04 08:07:47,053 -> [Partitions Info]Candidates;After indexing;25
2017-12-04 08:07:47,053 -> 09.Getting expansions... [0.293s] [17632 results]
2017-12-04 08:07:47,685 -> 10.Finding maximal disks... [0.632s] [720 results]
2017-12-04 08:07:50,136 -> 11.Prunning duplicates and subsets... [2.451s] [720 results]
2017-12-04 08:07:50,136 ->      Dataset,   Eps, Cores, Mu,   Time, # Pairs,   # Disks, # Candidates, # Maximals
2017-12-04 08:07:50,136 ->         B60K,  30.0,    21, 10,  47.79,  108522,    217044,        11667,        720
2017-12-04 08:07:50,225 -> Dropping indices...[0.089s]
2017-12-04 08:07:50,225 -> Finishing MaximalFinder at 08:07:50.225...
2017-12-04 08:07:50,225 -> Total time for MaximalFinder: 47.877ms...
2017-12-04 08:07:50,275 -> Closing session... [0.050s]
Done!!! Mon Dec  4 08:07:50 PST 2017
Running iteration 3/3 for B60K (epsilon = 10 , mu = 10)...
2017-12-04 08:07:54,361 -> Starting session... [1.671s]
2017-12-04 08:07:57,018 -> Reading dataset... [2.657s]
2017-12-04 08:07:57,075 -> Lauching MaximalFinder at 08:07:57.025...
2017-12-04 08:07:57,076 -> 00.Setting mu=10,epsilon=10.0,cores=21,dataset=B60K
2017-12-04 08:07:57,076 -> [Partitions Info]Points;Before indexing;21
2017-12-04 08:08:07,567 -> [Partitions Info]Points;After indexing;1024
2017-12-04 08:08:07,568 -> 01.Indexing points... [10.492s] [59143 results]
2017-12-04 08:08:16,837 -> 02.Getting pairs... [9.269s] [33678 results]
2017-12-04 08:08:19,193 -> 03.Computing centers... [2.356s] [67356 results]
2017-12-04 08:08:19,193 -> [Partitions Info]Centers;Before indexing;21
2017-12-04 08:08:20,848 -> [Partitions Info]Centers;After indexing;1024
2017-12-04 08:08:20,849 -> 04.Indexing centers... [1.656s] [67356 results]
2017-12-04 08:08:29,341 -> 05.Getting disks... [8.492s] [67356 results]
2017-12-04 08:08:30,199 -> 06.Filtering less-than-mu disks... [0.858s] [630 results]
2017-12-04 08:08:35,151 -> 07.Prunning duplicate candidates... [4.951s] [333 results]
2017-12-04 08:08:35,157 -> [Partitions Info]Candidates;Before indexing;200
2017-12-04 08:08:35,660 -> 08.Indexing candidates... [5.461s] [333 results]
2017-12-04 08:08:35,894 -> [Partitions Info]Candidates;After indexing;25
2017-12-04 08:08:35,894 -> 09.Getting expansions... [0.234s] [1652 results]
2017-12-04 08:08:36,500 -> 10.Finding maximal disks... [0.606s] [51 results]
2017-12-04 08:08:38,624 -> 11.Prunning duplicates and subsets... [2.124s] [51 results]
2017-12-04 08:08:38,624 ->      Dataset,   Eps, Cores, Mu,   Time, # Pairs,   # Disks, # Candidates, # Maximals
2017-12-04 08:08:38,624 ->         B60K,  10.0,    21, 10,  41.55,   33678,     67356,          333,         51
2017-12-04 08:08:38,678 -> Dropping indices...[0.054s]
2017-12-04 08:08:38,679 -> Finishing MaximalFinder at 08:08:38.679...
2017-12-04 08:08:38,679 -> Total time for MaximalFinder: 41.604ms...
2017-12-04 08:08:38,718 -> Closing session... [0.039s]
Done!!! Mon Dec  4 08:08:39 PST 2017
Running iteration 3/3 for B60K (epsilon = 20 , mu = 10)...
2017-12-04 08:08:42,775 -> Starting session... [1.531s]
2017-12-04 08:08:45,422 -> Reading dataset... [2.646s]
2017-12-04 08:08:45,466 -> Lauching MaximalFinder at 08:08:45.426...
2017-12-04 08:08:45,466 -> 00.Setting mu=10,epsilon=20.0,cores=21,dataset=B60K
2017-12-04 08:08:45,467 -> [Partitions Info]Points;Before indexing;21
2017-12-04 08:08:55,908 -> [Partitions Info]Points;After indexing;1024
2017-12-04 08:08:55,909 -> 01.Indexing points... [10.441s] [59143 results]
2017-12-04 08:09:05,515 -> 02.Getting pairs... [9.606s] [71457 results]
2017-12-04 08:09:07,892 -> 03.Computing centers... [2.377s] [142914 results]
2017-12-04 08:09:07,892 -> [Partitions Info]Centers;Before indexing;21
2017-12-04 08:09:09,600 -> [Partitions Info]Centers;After indexing;1024
2017-12-04 08:09:09,600 -> 04.Indexing centers... [1.708s] [142914 results]
2017-12-04 08:09:19,837 -> 05.Getting disks... [10.237s] [142914 results]
2017-12-04 08:09:21,085 -> 06.Filtering less-than-mu disks... [1.247s] [7176 results]
2017-12-04 08:09:27,383 -> 07.Prunning duplicate candidates... [6.298s] [4572 results]
2017-12-04 08:09:27,392 -> [Partitions Info]Candidates;Before indexing;200
2017-12-04 08:09:28,227 -> 08.Indexing candidates... [7.142s] [4572 results]
2017-12-04 08:09:28,533 -> [Partitions Info]Candidates;After indexing;25
2017-12-04 08:09:28,534 -> 09.Getting expansions... [0.307s] [9578 results]
2017-12-04 08:09:29,100 -> 10.Finding maximal disks... [0.566s] [324 results]
2017-12-04 08:09:31,664 -> 11.Prunning duplicates and subsets... [2.564s] [324 results]
2017-12-04 08:09:31,665 ->      Dataset,   Eps, Cores, Mu,   Time, # Pairs,   # Disks, # Candidates, # Maximals
2017-12-04 08:09:31,665 ->         B60K,  20.0,    21, 10,  46.20,   71457,    142914,         4572,        324
2017-12-04 08:09:31,724 -> Dropping indices...[0.058s]
2017-12-04 08:09:31,724 -> Finishing MaximalFinder at 08:09:31.724...
2017-12-04 08:09:31,724 -> Total time for MaximalFinder: 46.258ms...
2017-12-04 08:09:31,775 -> Closing session... [0.051s]
Done!!! Mon Dec  4 08:09:33 PST 2017
Running iteration 3/3 for B60K (epsilon = 30 , mu = 10)...
2017-12-04 08:09:36,529 -> Starting session... [1.583s]
2017-12-04 08:09:39,282 -> Reading dataset... [2.752s]
2017-12-04 08:09:39,326 -> Lauching MaximalFinder at 08:09:39.288...
2017-12-04 08:09:39,327 -> 00.Setting mu=10,epsilon=30.0,cores=21,dataset=B60K
2017-12-04 08:09:39,327 -> [Partitions Info]Points;Before indexing;21
2017-12-04 08:09:49,501 -> [Partitions Info]Points;After indexing;1024
2017-12-04 08:09:49,502 -> 01.Indexing points... [10.175s] [59143 results]
2017-12-04 08:09:59,443 -> 02.Getting pairs... [9.941s] [108522 results]
2017-12-04 08:10:02,116 -> 03.Computing centers... [2.673s] [217044 results]
2017-12-04 08:10:02,116 -> [Partitions Info]Centers;Before indexing;21
2017-12-04 08:10:04,136 -> [Partitions Info]Centers;After indexing;1024
2017-12-04 08:10:04,136 -> 04.Indexing centers... [2.020s] [217044 results]
2017-12-04 08:10:14,496 -> 05.Getting disks... [10.360s] [217044 results]
2017-12-04 08:10:16,131 -> 06.Filtering less-than-mu disks... [1.635s] [17631 results]
2017-12-04 08:10:22,582 -> 07.Prunning duplicate candidates... [6.451s] [11667 results]
2017-12-04 08:10:22,589 -> [Partitions Info]Candidates;Before indexing;200
2017-12-04 08:10:23,233 -> 08.Indexing candidates... [7.102s] [11667 results]
2017-12-04 08:10:23,824 -> [Partitions Info]Candidates;After indexing;25
2017-12-04 08:10:23,824 -> 09.Getting expansions... [0.591s] [17632 results]
2017-12-04 08:10:24,453 -> 10.Finding maximal disks... [0.629s] [720 results]
2017-12-04 08:10:26,677 -> 11.Prunning duplicates and subsets... [2.224s] [720 results]
2017-12-04 08:10:26,677 ->      Dataset,   Eps, Cores, Mu,   Time, # Pairs,   # Disks, # Candidates, # Maximals
2017-12-04 08:10:26,677 ->         B60K,  30.0,    21, 10,  47.35,  108522,    217044,        11667,        720
2017-12-04 08:10:26,731 -> Dropping indices...[0.054s]
2017-12-04 08:10:26,731 -> Finishing MaximalFinder at 08:10:26.731...
2017-12-04 08:10:26,731 -> Total time for MaximalFinder: 47.405ms...
2017-12-04 08:10:26,860 -> Closing session... [0.128s]
Done!!! Mon Dec  4 08:10:27 PST 2017
acald013@dblab-rack12: stopping org.apache.spark.deploy.worker.Worker
acald013@dblab-rack14: stopping org.apache.spark.deploy.worker.Worker
acald013@dblab-rack11: stopping org.apache.spark.deploy.worker.Worker
stopping org.apache.spark.deploy.master.Master
starting org.apache.spark.deploy.master.Master, logging to /home/acald013/Spark/spark-2.1.0-bin-hadoop2.7/logs/spark-acald013-org.apache.spark.deploy.master.Master-1-dblab-rack11.cs.ucr.edu.out
acald013@dblab-rack12: starting org.apache.spark.deploy.worker.Worker, logging to /home/acald013/Spark/spark-2.1.0-bin-hadoop2.7/logs/spark-acald013-org.apache.spark.deploy.worker.Worker-1-dblab-rack12.out
acald013@dblab-rack15: starting org.apache.spark.deploy.worker.Worker, logging to /home/acald013/Spark/spark-2.1.0-bin-hadoop2.7/logs/spark-acald013-org.apache.spark.deploy.worker.Worker-1-dblab-rack15.out
acald013@dblab-rack14: starting org.apache.spark.deploy.worker.Worker, logging to /home/acald013/Spark/spark-2.1.0-bin-hadoop2.7/logs/spark-acald013-org.apache.spark.deploy.worker.Worker-1-dblab-rack14.cs.ucr.edu.out
acald013@dblab-rack11: starting org.apache.spark.deploy.worker.Worker, logging to /home/acald013/Spark/spark-2.1.0-bin-hadoop2.7/logs/spark-acald013-org.apache.spark.deploy.worker.Worker-1-dblab-rack11.cs.ucr.edu.out
Running iteration 1/3 for B80K (epsilon = 10 , mu = 10)...
2017-12-04 08:10:36,756 -> Starting session... [1.882s]
2017-12-04 08:10:39,892 -> Reading dataset... [3.134s]
2017-12-04 08:10:39,928 -> Lauching MaximalFinder at 08:10:39.896...
2017-12-04 08:10:39,929 -> 00.Setting mu=10,epsilon=10.0,cores=35,dataset=B80K
2017-12-04 08:10:39,929 -> [Partitions Info]Points;Before indexing;35
2017-12-04 08:10:51,132 -> [Partitions Info]Points;After indexing;1024
2017-12-04 08:10:51,132 -> 01.Indexing points... [11.203s] [78857 results]
2017-12-04 08:11:00,494 -> 02.Getting pairs... [9.362s] [44904 results]
2017-12-04 08:11:03,045 -> 03.Computing centers... [2.550s] [89808 results]
2017-12-04 08:11:03,045 -> [Partitions Info]Centers;Before indexing;35
2017-12-04 08:11:05,070 -> [Partitions Info]Centers;After indexing;1024
2017-12-04 08:11:05,070 -> 04.Indexing centers... [2.025s] [89808 results]
2017-12-04 08:11:12,670 -> 05.Getting disks... [7.600s] [89808 results]
2017-12-04 08:11:13,578 -> 06.Filtering less-than-mu disks... [0.908s] [840 results]
2017-12-04 08:11:17,477 -> 07.Prunning duplicate candidates... [3.899s] [444 results]
2017-12-04 08:11:17,484 -> [Partitions Info]Candidates;Before indexing;200
2017-12-04 08:11:18,005 -> 08.Indexing candidates... [4.427s] [444 results]
2017-12-04 08:11:18,293 -> [Partitions Info]Candidates;After indexing;36
2017-12-04 08:11:18,293 -> 09.Getting expansions... [0.288s] [2703 results]
2017-12-04 08:11:19,033 -> 10.Finding maximal disks... [0.740s] [68 results]
2017-12-04 08:11:21,386 -> 11.Prunning duplicates and subsets... [2.353s] [68 results]
2017-12-04 08:11:21,386 ->      Dataset,   Eps, Cores, Mu,   Time, # Pairs,   # Disks, # Candidates, # Maximals
2017-12-04 08:11:21,386 ->         B80K,  10.0,    35, 10,  41.46,   44904,     89808,          444,         68
2017-12-04 08:11:21,453 -> Dropping indices...[0.067s]
2017-12-04 08:11:21,453 -> Finishing MaximalFinder at 08:11:21.453...
2017-12-04 08:11:21,453 -> Total time for MaximalFinder: 41.525ms...
2017-12-04 08:11:21,501 -> Closing session... [0.048s]
Done!!! Mon Dec  4 08:11:22 PST 2017
Running iteration 1/3 for B80K (epsilon = 20 , mu = 10)...
2017-12-04 08:11:26,436 -> Starting session... [1.708s]
2017-12-04 08:11:29,361 -> Reading dataset... [2.924s]
2017-12-04 08:11:29,419 -> Lauching MaximalFinder at 08:11:29.368...
2017-12-04 08:11:29,419 -> 00.Setting mu=10,epsilon=20.0,cores=35,dataset=B80K
2017-12-04 08:11:29,419 -> [Partitions Info]Points;Before indexing;35
2017-12-04 08:11:40,386 -> [Partitions Info]Points;After indexing;1024
2017-12-04 08:11:40,387 -> 01.Indexing points... [10.968s] [78857 results]
2017-12-04 08:11:49,790 -> 02.Getting pairs... [9.403s] [95276 results]
2017-12-04 08:11:52,353 -> 03.Computing centers... [2.563s] [190552 results]
2017-12-04 08:11:52,353 -> [Partitions Info]Centers;Before indexing;35
2017-12-04 08:11:54,547 -> [Partitions Info]Centers;After indexing;1024
2017-12-04 08:11:54,548 -> 04.Indexing centers... [2.195s] [190552 results]
2017-12-04 08:12:04,603 -> 05.Getting disks... [10.055s] [190552 results]
2017-12-04 08:12:06,330 -> 06.Filtering less-than-mu disks... [1.727s] [9568 results]
2017-12-04 08:12:14,074 -> 07.Prunning duplicate candidates... [7.744s] [6096 results]
2017-12-04 08:12:14,081 -> [Partitions Info]Candidates;Before indexing;200
2017-12-04 08:12:14,600 -> 08.Indexing candidates... [8.270s] [6096 results]
2017-12-04 08:12:15,001 -> [Partitions Info]Candidates;After indexing;36
2017-12-04 08:12:15,001 -> 09.Getting expansions... [0.401s] [12585 results]
2017-12-04 08:12:16,488 -> 10.Finding maximal disks... [1.487s] [432 results]
2017-12-04 08:12:18,855 -> 11.Prunning duplicates and subsets... [2.367s] [432 results]
2017-12-04 08:12:18,855 ->      Dataset,   Eps, Cores, Mu,   Time, # Pairs,   # Disks, # Candidates, # Maximals
2017-12-04 08:12:18,855 ->         B80K,  20.0,    35, 10,  49.44,   95276,    190552,         6096,        432
2017-12-04 08:12:18,917 -> Dropping indices...[0.062s]
2017-12-04 08:12:18,917 -> Finishing MaximalFinder at 08:12:18.917...
2017-12-04 08:12:18,917 -> Total time for MaximalFinder: 49.498ms...
2017-12-04 08:12:18,955 -> Closing session... [0.038s]
Done!!! Mon Dec  4 08:12:19 PST 2017
Running iteration 1/3 for B80K (epsilon = 30 , mu = 10)...
2017-12-04 08:12:22,995 -> Starting session... [1.672s]
2017-12-04 08:12:26,249 -> Reading dataset... [3.253s]
2017-12-04 08:12:26,298 -> Lauching MaximalFinder at 08:12:26.256...
2017-12-04 08:12:26,298 -> 00.Setting mu=10,epsilon=30.0,cores=35,dataset=B80K
2017-12-04 08:12:26,298 -> [Partitions Info]Points;Before indexing;35
2017-12-04 08:12:37,048 -> [Partitions Info]Points;After indexing;1024
2017-12-04 08:12:37,048 -> 01.Indexing points... [10.750s] [78857 results]
2017-12-04 08:12:46,858 -> 02.Getting pairs... [9.810s] [144696 results]
2017-12-04 08:12:49,518 -> 03.Computing centers... [2.659s] [289392 results]
2017-12-04 08:12:49,518 -> [Partitions Info]Centers;Before indexing;35
2017-12-04 08:12:52,266 -> [Partitions Info]Centers;After indexing;1024
2017-12-04 08:12:52,266 -> 04.Indexing centers... [2.748s] [289392 results]
2017-12-04 08:13:01,892 -> 05.Getting disks... [9.626s] [289392 results]
2017-12-04 08:13:03,680 -> 06.Filtering less-than-mu disks... [1.788s] [23508 results]
2017-12-04 08:13:10,100 -> 07.Prunning duplicate candidates... [6.419s] [15556 results]
2017-12-04 08:13:10,107 -> [Partitions Info]Candidates;Before indexing;200
2017-12-04 08:13:10,744 -> 08.Indexing candidates... [7.063s] [15556 results]
2017-12-04 08:13:11,101 -> [Partitions Info]Candidates;After indexing;36
2017-12-04 08:13:11,101 -> 09.Getting expansions... [0.357s] [24005 results]
2017-12-04 08:13:11,816 -> 10.Finding maximal disks... [0.715s] [962 results]
2017-12-04 08:13:14,505 -> 11.Prunning duplicates and subsets... [2.689s] [960 results]
2017-12-04 08:13:14,506 ->      Dataset,   Eps, Cores, Mu,   Time, # Pairs,   # Disks, # Candidates, # Maximals
2017-12-04 08:13:14,506 ->         B80K,  30.0,    35, 10,  48.21,  144696,    289392,        15556,        960
2017-12-04 08:13:14,557 -> Dropping indices...[0.051s]
2017-12-04 08:13:14,557 -> Finishing MaximalFinder at 08:13:14.557...
2017-12-04 08:13:14,557 -> Total time for MaximalFinder: 48.259ms...
2017-12-04 08:13:14,597 -> Closing session... [0.040s]
Done!!! Mon Dec  4 08:13:15 PST 2017
Running iteration 2/3 for B80K (epsilon = 10 , mu = 10)...
2017-12-04 08:13:19,490 -> Starting session... [1.668s]
2017-12-04 08:13:22,165 -> Reading dataset... [2.675s]
2017-12-04 08:13:22,213 -> Lauching MaximalFinder at 08:13:22.172...
2017-12-04 08:13:22,214 -> 00.Setting mu=10,epsilon=10.0,cores=35,dataset=B80K
2017-12-04 08:13:22,214 -> [Partitions Info]Points;Before indexing;35
2017-12-04 08:13:33,191 -> [Partitions Info]Points;After indexing;1024
2017-12-04 08:13:33,192 -> 01.Indexing points... [10.978s] [78857 results]
2017-12-04 08:13:43,198 -> 02.Getting pairs... [10.006s] [44904 results]
2017-12-04 08:13:45,837 -> 03.Computing centers... [2.639s] [89808 results]
2017-12-04 08:13:45,837 -> [Partitions Info]Centers;Before indexing;35
2017-12-04 08:13:47,723 -> [Partitions Info]Centers;After indexing;1024
2017-12-04 08:13:47,724 -> 04.Indexing centers... [1.887s] [89808 results]
2017-12-04 08:13:56,721 -> 05.Getting disks... [8.997s] [89808 results]
2017-12-04 08:13:58,102 -> 06.Filtering less-than-mu disks... [1.381s] [840 results]
2017-12-04 08:14:03,243 -> 07.Prunning duplicate candidates... [5.141s] [444 results]
2017-12-04 08:14:03,251 -> [Partitions Info]Candidates;Before indexing;200
2017-12-04 08:14:03,836 -> 08.Indexing candidates... [5.734s] [444 results]
2017-12-04 08:14:04,276 -> [Partitions Info]Candidates;After indexing;36
2017-12-04 08:14:04,276 -> 09.Getting expansions... [0.440s] [2703 results]
2017-12-04 08:14:05,064 -> 10.Finding maximal disks... [0.788s] [68 results]
2017-12-04 08:14:07,760 -> 11.Prunning duplicates and subsets... [2.696s] [68 results]
2017-12-04 08:14:07,761 ->      Dataset,   Eps, Cores, Mu,   Time, # Pairs,   # Disks, # Candidates, # Maximals
2017-12-04 08:14:07,761 ->         B80K,  10.0,    35, 10,  45.55,   44904,     89808,          444,         68
2017-12-04 08:14:07,824 -> Dropping indices...[0.063s]
2017-12-04 08:14:07,825 -> Finishing MaximalFinder at 08:14:07.825...
2017-12-04 08:14:07,825 -> Total time for MaximalFinder: 45.611ms...
2017-12-04 08:14:07,871 -> Closing session... [0.046s]
Done!!! Mon Dec  4 08:14:08 PST 2017
Running iteration 2/3 for B80K (epsilon = 20 , mu = 10)...
2017-12-04 08:14:11,976 -> Starting session... [1.710s]
2017-12-04 08:14:15,021 -> Reading dataset... [3.045s]
2017-12-04 08:14:15,062 -> Lauching MaximalFinder at 08:14:15.027...
2017-12-04 08:14:15,063 -> 00.Setting mu=10,epsilon=20.0,cores=35,dataset=B80K
2017-12-04 08:14:15,063 -> [Partitions Info]Points;Before indexing;35
2017-12-04 08:14:25,749 -> [Partitions Info]Points;After indexing;1024
2017-12-04 08:14:25,750 -> 01.Indexing points... [10.686s] [78857 results]
2017-12-04 08:14:35,147 -> 02.Getting pairs... [9.397s] [95276 results]
2017-12-04 08:14:37,737 -> 03.Computing centers... [2.590s] [190552 results]
2017-12-04 08:14:37,737 -> [Partitions Info]Centers;Before indexing;35
2017-12-04 08:14:39,954 -> [Partitions Info]Centers;After indexing;1024
2017-12-04 08:14:39,954 -> 04.Indexing centers... [2.217s] [190552 results]
2017-12-04 08:14:48,523 -> 05.Getting disks... [8.569s] [190552 results]
2017-12-04 08:14:50,240 -> 06.Filtering less-than-mu disks... [1.717s] [9568 results]
2017-12-04 08:14:57,151 -> 07.Prunning duplicate candidates... [6.910s] [6096 results]
2017-12-04 08:14:57,160 -> [Partitions Info]Candidates;Before indexing;200
2017-12-04 08:14:57,764 -> 08.Indexing candidates... [7.523s] [6096 results]
2017-12-04 08:14:58,086 -> [Partitions Info]Candidates;After indexing;36
2017-12-04 08:14:58,086 -> 09.Getting expansions... [0.322s] [12585 results]
2017-12-04 08:14:59,039 -> 10.Finding maximal disks... [0.953s] [432 results]
2017-12-04 08:15:01,481 -> 11.Prunning duplicates and subsets... [2.442s] [432 results]
2017-12-04 08:15:01,481 ->      Dataset,   Eps, Cores, Mu,   Time, # Pairs,   # Disks, # Candidates, # Maximals
2017-12-04 08:15:01,481 ->         B80K,  20.0,    35, 10,  46.42,   95276,    190552,         6096,        432
2017-12-04 08:15:01,538 -> Dropping indices...[0.057s]
2017-12-04 08:15:01,538 -> Finishing MaximalFinder at 08:15:01.538...
2017-12-04 08:15:01,538 -> Total time for MaximalFinder: 46.475ms...
2017-12-04 08:15:01,577 -> Closing session... [0.039s]
Done!!! Mon Dec  4 08:15:02 PST 2017
Running iteration 2/3 for B80K (epsilon = 30 , mu = 10)...
2017-12-04 08:15:05,775 -> Starting session... [1.683s]
2017-12-04 08:15:08,732 -> Reading dataset... [2.957s]
2017-12-04 08:15:08,790 -> Lauching MaximalFinder at 08:15:08.739...
2017-12-04 08:15:08,791 -> 00.Setting mu=10,epsilon=30.0,cores=35,dataset=B80K
2017-12-04 08:15:08,791 -> [Partitions Info]Points;Before indexing;35
2017-12-04 08:15:20,025 -> [Partitions Info]Points;After indexing;1024
2017-12-04 08:15:20,025 -> 01.Indexing points... [11.234s] [78857 results]
2017-12-04 08:15:29,957 -> 02.Getting pairs... [9.931s] [144696 results]
2017-12-04 08:15:32,707 -> 03.Computing centers... [2.750s] [289392 results]
2017-12-04 08:15:32,707 -> [Partitions Info]Centers;Before indexing;35
2017-12-04 08:15:35,359 -> [Partitions Info]Centers;After indexing;1024
2017-12-04 08:15:35,359 -> 04.Indexing centers... [2.652s] [289392 results]
2017-12-04 08:15:44,458 -> 05.Getting disks... [9.098s] [289392 results]
2017-12-04 08:15:46,212 -> 06.Filtering less-than-mu disks... [1.754s] [23508 results]
2017-12-04 08:15:52,493 -> 07.Prunning duplicate candidates... [6.281s] [15556 results]
2017-12-04 08:15:52,502 -> [Partitions Info]Candidates;Before indexing;200
2017-12-04 08:15:53,027 -> 08.Indexing candidates... [6.815s] [15556 results]
2017-12-04 08:15:53,400 -> [Partitions Info]Candidates;After indexing;36
2017-12-04 08:15:53,400 -> 09.Getting expansions... [0.373s] [24005 results]
2017-12-04 08:15:55,158 -> 10.Finding maximal disks... [1.757s] [962 results]
2017-12-04 08:15:57,551 -> 11.Prunning duplicates and subsets... [2.393s] [960 results]
2017-12-04 08:15:57,551 ->      Dataset,   Eps, Cores, Mu,   Time, # Pairs,   # Disks, # Candidates, # Maximals
2017-12-04 08:15:57,551 ->         B80K,  30.0,    35, 10,  48.76,  144696,    289392,        15556,        960
2017-12-04 08:15:57,612 -> Dropping indices...[0.060s]
2017-12-04 08:15:57,612 -> Finishing MaximalFinder at 08:15:57.612...
2017-12-04 08:15:57,612 -> Total time for MaximalFinder: 48.822ms...
2017-12-04 08:15:57,654 -> Closing session... [0.042s]
Done!!! Mon Dec  4 08:15:58 PST 2017
Running iteration 3/3 for B80K (epsilon = 10 , mu = 10)...
2017-12-04 08:16:01,773 -> Starting session... [1.651s]
2017-12-04 08:16:04,817 -> Reading dataset... [3.044s]
2017-12-04 08:16:04,853 -> Lauching MaximalFinder at 08:16:04.823...
2017-12-04 08:16:04,853 -> 00.Setting mu=10,epsilon=10.0,cores=35,dataset=B80K
2017-12-04 08:16:04,853 -> [Partitions Info]Points;Before indexing;35
2017-12-04 08:16:15,376 -> [Partitions Info]Points;After indexing;1024
2017-12-04 08:16:15,376 -> 01.Indexing points... [10.523s] [78857 results]
2017-12-04 08:16:24,424 -> 02.Getting pairs... [9.048s] [44904 results]
2017-12-04 08:16:26,714 -> 03.Computing centers... [2.290s] [89808 results]
2017-12-04 08:16:26,714 -> [Partitions Info]Centers;Before indexing;35
2017-12-04 08:16:28,843 -> [Partitions Info]Centers;After indexing;1024
2017-12-04 08:16:28,844 -> 04.Indexing centers... [2.130s] [89808 results]
2017-12-04 08:16:37,655 -> 05.Getting disks... [8.811s] [89808 results]
2017-12-04 08:16:38,588 -> 06.Filtering less-than-mu disks... [0.933s] [840 results]
2017-12-04 08:16:43,683 -> 07.Prunning duplicate candidates... [5.095s] [444 results]
2017-12-04 08:16:43,690 -> [Partitions Info]Candidates;Before indexing;200
2017-12-04 08:16:44,295 -> 08.Indexing candidates... [5.707s] [444 results]
2017-12-04 08:16:44,508 -> [Partitions Info]Candidates;After indexing;36
2017-12-04 08:16:44,508 -> 09.Getting expansions... [0.213s] [2703 results]
2017-12-04 08:16:45,303 -> 10.Finding maximal disks... [0.795s] [68 results]
2017-12-04 08:16:47,574 -> 11.Prunning duplicates and subsets... [2.270s] [68 results]
2017-12-04 08:16:47,575 ->      Dataset,   Eps, Cores, Mu,   Time, # Pairs,   # Disks, # Candidates, # Maximals
2017-12-04 08:16:47,575 ->         B80K,  10.0,    35, 10,  42.72,   44904,     89808,          444,         68
2017-12-04 08:16:47,635 -> Dropping indices...[0.060s]
2017-12-04 08:16:47,636 -> Finishing MaximalFinder at 08:16:47.635...
2017-12-04 08:16:47,636 -> Total time for MaximalFinder: 42.782ms...
2017-12-04 08:16:47,684 -> Closing session... [0.048s]
Done!!! Mon Dec  4 08:16:48 PST 2017
Running iteration 3/3 for B80K (epsilon = 20 , mu = 10)...
2017-12-04 08:16:51,799 -> Starting session... [1.701s]
2017-12-04 08:16:54,900 -> Reading dataset... [3.101s]
2017-12-04 08:16:54,960 -> Lauching MaximalFinder at 08:16:54.907...
2017-12-04 08:16:54,960 -> 00.Setting mu=10,epsilon=20.0,cores=35,dataset=B80K
2017-12-04 08:16:54,960 -> [Partitions Info]Points;Before indexing;35
2017-12-04 08:17:05,443 -> [Partitions Info]Points;After indexing;1024
2017-12-04 08:17:05,443 -> 01.Indexing points... [10.483s] [78857 results]
2017-12-04 08:17:15,077 -> 02.Getting pairs... [9.634s] [95276 results]
2017-12-04 08:17:17,351 -> 03.Computing centers... [2.274s] [190552 results]
2017-12-04 08:17:17,351 -> [Partitions Info]Centers;Before indexing;35
2017-12-04 08:17:19,801 -> [Partitions Info]Centers;After indexing;1024
2017-12-04 08:17:19,801 -> 04.Indexing centers... [2.450s] [190552 results]
2017-12-04 08:17:28,572 -> 05.Getting disks... [8.771s] [190552 results]
2017-12-04 08:17:30,146 -> 06.Filtering less-than-mu disks... [1.574s] [9568 results]
2017-12-04 08:17:37,141 -> 07.Prunning duplicate candidates... [6.995s] [6096 results]
2017-12-04 08:17:37,152 -> [Partitions Info]Candidates;Before indexing;200
2017-12-04 08:17:37,782 -> 08.Indexing candidates... [7.636s] [6096 results]
2017-12-04 08:17:38,126 -> [Partitions Info]Candidates;After indexing;36
2017-12-04 08:17:38,126 -> 09.Getting expansions... [0.344s] [12585 results]
2017-12-04 08:17:38,755 -> 10.Finding maximal disks... [0.629s] [432 results]
2017-12-04 08:17:41,155 -> 11.Prunning duplicates and subsets... [2.399s] [432 results]
2017-12-04 08:17:41,155 ->      Dataset,   Eps, Cores, Mu,   Time, # Pairs,   # Disks, # Candidates, # Maximals
2017-12-04 08:17:41,155 ->         B80K,  20.0,    35, 10,  46.20,   95276,    190552,         6096,        432
2017-12-04 08:17:41,224 -> Dropping indices...[0.069s]
2017-12-04 08:17:41,225 -> Finishing MaximalFinder at 08:17:41.225...
2017-12-04 08:17:41,225 -> Total time for MaximalFinder: 46.265ms...
2017-12-04 08:17:41,269 -> Closing session... [0.044s]
Done!!! Mon Dec  4 08:17:41 PST 2017
Running iteration 3/3 for B80K (epsilon = 30 , mu = 10)...
2017-12-04 08:17:45,457 -> Starting session... [1.746s]
2017-12-04 08:17:48,306 -> Reading dataset... [2.849s]
2017-12-04 08:17:48,361 -> Lauching MaximalFinder at 08:17:48.312...
2017-12-04 08:17:48,362 -> 00.Setting mu=10,epsilon=30.0,cores=35,dataset=B80K
2017-12-04 08:17:48,362 -> [Partitions Info]Points;Before indexing;35
2017-12-04 08:17:59,318 -> [Partitions Info]Points;After indexing;1024
2017-12-04 08:17:59,318 -> 01.Indexing points... [10.956s] [78857 results]
2017-12-04 08:18:09,051 -> 02.Getting pairs... [9.733s] [144696 results]
2017-12-04 08:18:11,705 -> 03.Computing centers... [2.654s] [289392 results]
2017-12-04 08:18:11,705 -> [Partitions Info]Centers;Before indexing;35
2017-12-04 08:18:14,485 -> [Partitions Info]Centers;After indexing;1024
2017-12-04 08:18:14,486 -> 04.Indexing centers... [2.781s] [289392 results]
2017-12-04 08:18:24,377 -> 05.Getting disks... [9.891s] [289392 results]
2017-12-04 08:18:26,033 -> 06.Filtering less-than-mu disks... [1.656s] [23508 results]
2017-12-04 08:18:33,561 -> 07.Prunning duplicate candidates... [7.528s] [15556 results]
2017-12-04 08:18:33,568 -> [Partitions Info]Candidates;Before indexing;200
2017-12-04 08:18:34,197 -> 08.Indexing candidates... [8.164s] [15556 results]
2017-12-04 08:18:34,566 -> [Partitions Info]Candidates;After indexing;36
2017-12-04 08:18:34,566 -> 09.Getting expansions... [0.369s] [24005 results]
2017-12-04 08:18:35,837 -> 10.Finding maximal disks... [1.271s] [962 results]
2017-12-04 08:18:38,403 -> 11.Prunning duplicates and subsets... [2.566s] [960 results]
2017-12-04 08:18:38,403 ->      Dataset,   Eps, Cores, Mu,   Time, # Pairs,   # Disks, # Candidates, # Maximals
2017-12-04 08:18:38,404 ->         B80K,  30.0,    35, 10,  50.04,  144696,    289392,        15556,        960
2017-12-04 08:18:38,475 -> Dropping indices...[0.071s]
2017-12-04 08:18:38,475 -> Finishing MaximalFinder at 08:18:38.475...
2017-12-04 08:18:38,475 -> Total time for MaximalFinder: 50.114ms...
2017-12-04 08:18:38,523 -> Closing session... [0.048s]
Done!!! Mon Dec  4 08:18:38 PST 2017
acald013@dblab-rack12: stopping org.apache.spark.deploy.worker.Worker
acald013@dblab-rack15: stopping org.apache.spark.deploy.worker.Worker
acald013@dblab-rack11: stopping org.apache.spark.deploy.worker.Worker
acald013@dblab-rack14: stopping org.apache.spark.deploy.worker.Worker
stopping org.apache.spark.deploy.master.Master
Done!!!
