Sun Dec 3 09:17:28 PST 2017


Sun Dec 3 09:17:28 PST 2017
[WorkerOrder] 12-11-14-15
acald013@dblab-rack12: no org.apache.spark.deploy.worker.Worker to stop
acald013@dblab-rack15: no org.apache.spark.deploy.worker.Worker to stop
acald013@dblab-rack11: no org.apache.spark.deploy.worker.Worker to stop
acald013@dblab-rack14: no org.apache.spark.deploy.worker.Worker to stop
no org.apache.spark.deploy.master.Master to stop
starting org.apache.spark.deploy.master.Master, logging to /home/acald013/Spark/spark-2.1.0-bin-hadoop2.7/logs/spark-acald013-org.apache.spark.deploy.master.Master-1-dblab-rack11.cs.ucr.edu.out
acald013@dblab-rack12: starting org.apache.spark.deploy.worker.Worker, logging to /home/acald013/Spark/spark-2.1.0-bin-hadoop2.7/logs/spark-acald013-org.apache.spark.deploy.worker.Worker-1-dblab-rack12.out
Running iteration 1/3 for B20K (epsilon = 10 , mu = 10)...
2017-12-03 09:17:37,917 -> Starting session... [1.693s]
2017-12-03 09:17:41,274 -> Reading dataset... [3.356s]
2017-12-03 09:17:41,322 -> Lauching MaximalFinder at 09:17:41.280...
2017-12-03 09:17:41,365 -> 00.Setting mu=10,epsilon=10.0,cores=7,dataset=B20K
2017-12-03 09:17:41,438 -> [Partitions Info]Points;Before indexing;1024
2017-12-03 09:17:48,642 -> [Partitions Info]Points;After indexing;1024
2017-12-03 09:17:48,662 -> 01.Indexing points... [7.296s] [19715 results]
2017-12-03 09:17:57,964 -> 02.Getting pairs... [9.302s] [11226 results]
2017-12-03 09:18:03,270 -> 03.Computing centers... [5.305s] [22452 results]
2017-12-03 09:18:03,279 -> [Partitions Info]Centers;Before indexing;1024
2017-12-03 09:18:07,732 -> [Partitions Info]Centers;After indexing;1024
2017-12-03 09:18:07,733 -> 04.Indexing centers... [4.463s] [22452 results]
2017-12-03 09:18:16,425 -> 05.Getting disks... [8.692s] [22452 results]
2017-12-03 09:18:17,199 -> 06.Filtering less-than-mu disks... [0.774s] [210 results]
2017-12-03 09:18:19,747 -> 07.Prunning duplicate candidates... [2.548s] [111 results]
2017-12-03 09:18:19,754 -> [Partitions Info]Candidates;Before indexing;200
2017-12-03 09:18:20,380 -> 08.Indexing candidates... [3.181s] [111 results]
2017-12-03 09:18:20,599 -> [Partitions Info]Candidates;After indexing;9
2017-12-03 09:18:20,599 -> 09.Getting expansions... [0.219s] [466 results]
2017-12-03 09:18:21,074 -> 10.Finding maximal disks... [0.475s] [17 results]
2017-12-03 09:18:22,783 -> 11.Prunning duplicates and subsets... [1.709s] [17 results]
2017-12-03 09:18:22,783 ->      Dataset,   Eps, Cores, Mu,   Time, # Pairs,   # Disks, # Candidates, # Maximals
2017-12-03 09:18:22,783 ->         B20K,  10.0,     7, 10,  41.42,   11226,     22452,          111,         17
2017-12-03 09:18:22,840 -> Dropping indices...[0.057s]
2017-12-03 09:18:22,840 -> Finishing MaximalFinder at 09:18:22.840...
2017-12-03 09:18:22,840 -> Total time for MaximalFinder: 41.518ms...
2017-12-03 09:18:22,886 -> Closing session... [0.046s]
Done!!! Sun Dec  3 09:18:23 PST 2017
Running iteration 1/3 for B20K (epsilon = 20 , mu = 10)...
2017-12-03 09:18:26,973 -> Starting session... [1.642s]
2017-12-03 09:18:30,157 -> Reading dataset... [3.183s]
2017-12-03 09:18:30,204 -> Lauching MaximalFinder at 09:18:30.163...
2017-12-03 09:18:30,236 -> 00.Setting mu=10,epsilon=20.0,cores=7,dataset=B20K
2017-12-03 09:18:30,301 -> [Partitions Info]Points;Before indexing;1024
2017-12-03 09:18:37,494 -> [Partitions Info]Points;After indexing;1024
2017-12-03 09:18:37,518 -> 01.Indexing points... [7.281s] [19715 results]
2017-12-03 09:18:47,191 -> 02.Getting pairs... [9.673s] [23819 results]
2017-12-03 09:18:52,746 -> 03.Computing centers... [5.555s] [47638 results]
2017-12-03 09:18:52,757 -> [Partitions Info]Centers;Before indexing;1024
2017-12-03 09:18:58,163 -> [Partitions Info]Centers;After indexing;1024
2017-12-03 09:18:58,163 -> 04.Indexing centers... [5.416s] [47638 results]
2017-12-03 09:19:08,199 -> 05.Getting disks... [10.036s] [47638 results]
2017-12-03 09:19:09,255 -> 06.Filtering less-than-mu disks... [1.056s] [2392 results]
2017-12-03 09:19:12,420 -> 07.Prunning duplicate candidates... [3.165s] [1524 results]
2017-12-03 09:19:12,425 -> [Partitions Info]Candidates;Before indexing;200
2017-12-03 09:19:13,034 -> 08.Indexing candidates... [3.778s] [1524 results]
2017-12-03 09:19:13,470 -> [Partitions Info]Candidates;After indexing;9
2017-12-03 09:19:13,471 -> 09.Getting expansions... [0.437s] [2613 results]
2017-12-03 09:19:14,099 -> 10.Finding maximal disks... [0.628s] [108 results]
2017-12-03 09:19:16,048 -> 11.Prunning duplicates and subsets... [1.949s] [108 results]
2017-12-03 09:19:16,049 ->      Dataset,   Eps, Cores, Mu,   Time, # Pairs,   # Disks, # Candidates, # Maximals
2017-12-03 09:19:16,049 ->         B20K,  20.0,     7, 10,  45.81,   23819,     47638,         1524,        108
2017-12-03 09:19:16,096 -> Dropping indices...[0.047s]
2017-12-03 09:19:16,096 -> Finishing MaximalFinder at 09:19:16.096...
2017-12-03 09:19:16,096 -> Total time for MaximalFinder: 45.892ms...
2017-12-03 09:19:16,134 -> Closing session... [0.038s]
Done!!! Sun Dec  3 09:19:16 PST 2017
Running iteration 1/3 for B20K (epsilon = 30 , mu = 10)...
2017-12-03 09:19:20,124 -> Starting session... [1.609s]
2017-12-03 09:19:23,386 -> Reading dataset... [3.261s]
2017-12-03 09:19:23,435 -> Lauching MaximalFinder at 09:19:23.392...
2017-12-03 09:19:23,467 -> 00.Setting mu=10,epsilon=30.0,cores=7,dataset=B20K
2017-12-03 09:19:23,531 -> [Partitions Info]Points;Before indexing;1024
2017-12-03 09:19:30,584 -> [Partitions Info]Points;After indexing;1024
2017-12-03 09:19:30,606 -> 01.Indexing points... [7.139s] [19715 results]
2017-12-03 09:19:40,908 -> 02.Getting pairs... [10.301s] [36174 results]
2017-12-03 09:19:47,641 -> 03.Computing centers... [6.733s] [72348 results]
2017-12-03 09:19:47,658 -> [Partitions Info]Centers;Before indexing;1024
2017-12-03 09:19:53,354 -> [Partitions Info]Centers;After indexing;1024
2017-12-03 09:19:53,354 -> 04.Indexing centers... [5.713s] [72348 results]
2017-12-03 09:20:04,537 -> 05.Getting disks... [11.183s] [72348 results]
2017-12-03 09:20:06,045 -> 06.Filtering less-than-mu disks... [1.508s] [5877 results]
2017-12-03 09:20:09,270 -> 07.Prunning duplicate candidates... [3.225s] [3889 results]
2017-12-03 09:20:09,277 -> [Partitions Info]Candidates;Before indexing;200
2017-12-03 09:20:09,871 -> 08.Indexing candidates... [3.826s] [3889 results]
2017-12-03 09:20:10,168 -> [Partitions Info]Candidates;After indexing;9
2017-12-03 09:20:10,168 -> 09.Getting expansions... [0.297s] [5518 results]
2017-12-03 09:20:10,756 -> 10.Finding maximal disks... [0.588s] [240 results]
2017-12-03 09:20:13,119 -> 11.Prunning duplicates and subsets... [2.362s] [240 results]
2017-12-03 09:20:13,120 ->      Dataset,   Eps, Cores, Mu,   Time, # Pairs,   # Disks, # Candidates, # Maximals
2017-12-03 09:20:13,120 ->         B20K,  30.0,     7, 10,  49.65,   36174,     72348,         3889,        240
2017-12-03 09:20:13,166 -> Dropping indices...[0.046s]
2017-12-03 09:20:13,166 -> Finishing MaximalFinder at 09:20:13.166...
2017-12-03 09:20:13,166 -> Total time for MaximalFinder: 49.731ms...
2017-12-03 09:20:13,201 -> Closing session... [0.035s]
Done!!! Sun Dec  3 09:20:13 PST 2017
Running iteration 2/3 for B20K (epsilon = 10 , mu = 10)...
2017-12-03 09:20:17,401 -> Starting session... [1.861s]
2017-12-03 09:20:20,651 -> Reading dataset... [3.249s]
2017-12-03 09:20:20,702 -> Lauching MaximalFinder at 09:20:20.658...
2017-12-03 09:20:20,734 -> 00.Setting mu=10,epsilon=10.0,cores=7,dataset=B20K
2017-12-03 09:20:20,795 -> [Partitions Info]Points;Before indexing;1024
2017-12-03 09:20:28,145 -> [Partitions Info]Points;After indexing;1024
2017-12-03 09:20:28,171 -> 01.Indexing points... [7.437s] [19715 results]
2017-12-03 09:20:37,618 -> 02.Getting pairs... [9.447s] [11226 results]
2017-12-03 09:20:42,732 -> 03.Computing centers... [5.114s] [22452 results]
2017-12-03 09:20:42,744 -> [Partitions Info]Centers;Before indexing;1024
2017-12-03 09:20:47,209 -> [Partitions Info]Centers;After indexing;1024
2017-12-03 09:20:47,209 -> 04.Indexing centers... [4.477s] [22452 results]
2017-12-03 09:20:56,196 -> 05.Getting disks... [8.987s] [22452 results]
2017-12-03 09:20:57,083 -> 06.Filtering less-than-mu disks... [0.886s] [210 results]
2017-12-03 09:20:59,577 -> 07.Prunning duplicate candidates... [2.494s] [111 results]
2017-12-03 09:20:59,583 -> [Partitions Info]Candidates;Before indexing;200
2017-12-03 09:21:00,168 -> 08.Indexing candidates... [3.085s] [111 results]
2017-12-03 09:21:00,393 -> [Partitions Info]Candidates;After indexing;9
2017-12-03 09:21:00,393 -> 09.Getting expansions... [0.225s] [466 results]
2017-12-03 09:21:00,858 -> 10.Finding maximal disks... [0.465s] [17 results]
2017-12-03 09:21:02,632 -> 11.Prunning duplicates and subsets... [1.774s] [17 results]
2017-12-03 09:21:02,633 ->      Dataset,   Eps, Cores, Mu,   Time, # Pairs,   # Disks, # Candidates, # Maximals
2017-12-03 09:21:02,633 ->         B20K,  10.0,     7, 10,  41.90,   11226,     22452,          111,         17
2017-12-03 09:21:02,693 -> Dropping indices...[0.060s]
2017-12-03 09:21:02,694 -> Finishing MaximalFinder at 09:21:02.694...
2017-12-03 09:21:02,694 -> Total time for MaximalFinder: 41.992ms...
2017-12-03 09:21:02,735 -> Closing session... [0.041s]
Done!!! Sun Dec  3 09:21:03 PST 2017
Running iteration 2/3 for B20K (epsilon = 20 , mu = 10)...
2017-12-03 09:21:06,767 -> Starting session... [1.620s]
2017-12-03 09:21:09,913 -> Reading dataset... [3.145s]
2017-12-03 09:21:09,959 -> Lauching MaximalFinder at 09:21:09.919...
2017-12-03 09:21:09,990 -> 00.Setting mu=10,epsilon=20.0,cores=7,dataset=B20K
2017-12-03 09:21:10,051 -> [Partitions Info]Points;Before indexing;1024
2017-12-03 09:21:17,239 -> [Partitions Info]Points;After indexing;1024
2017-12-03 09:21:17,266 -> 01.Indexing points... [7.276s] [19715 results]
2017-12-03 09:21:27,143 -> 02.Getting pairs... [9.877s] [23819 results]
2017-12-03 09:21:32,321 -> 03.Computing centers... [5.178s] [47638 results]
2017-12-03 09:21:32,330 -> [Partitions Info]Centers;Before indexing;1024
2017-12-03 09:21:37,933 -> [Partitions Info]Centers;After indexing;1024
2017-12-03 09:21:37,933 -> 04.Indexing centers... [5.612s] [47638 results]
2017-12-03 09:21:47,784 -> 05.Getting disks... [9.851s] [47638 results]
2017-12-03 09:21:48,927 -> 06.Filtering less-than-mu disks... [1.143s] [2392 results]
2017-12-03 09:21:52,111 -> 07.Prunning duplicate candidates... [3.183s] [1524 results]
2017-12-03 09:21:52,118 -> [Partitions Info]Candidates;Before indexing;200
2017-12-03 09:21:52,716 -> 08.Indexing candidates... [3.788s] [1524 results]
2017-12-03 09:21:52,998 -> [Partitions Info]Candidates;After indexing;9
2017-12-03 09:21:52,999 -> 09.Getting expansions... [0.282s] [2613 results]
2017-12-03 09:21:53,538 -> 10.Finding maximal disks... [0.539s] [108 results]
2017-12-03 09:21:55,372 -> 11.Prunning duplicates and subsets... [1.833s] [108 results]
2017-12-03 09:21:55,372 ->      Dataset,   Eps, Cores, Mu,   Time, # Pairs,   # Disks, # Candidates, # Maximals
2017-12-03 09:21:55,372 ->         B20K,  20.0,     7, 10,  45.38,   23819,     47638,         1524,        108
2017-12-03 09:21:55,428 -> Dropping indices...[0.056s]
2017-12-03 09:21:55,428 -> Finishing MaximalFinder at 09:21:55.428...
2017-12-03 09:21:55,428 -> Total time for MaximalFinder: 45.468ms...
2017-12-03 09:21:55,467 -> Closing session... [0.039s]
Done!!! Sun Dec  3 09:21:55 PST 2017
Running iteration 2/3 for B20K (epsilon = 30 , mu = 10)...
2017-12-03 09:21:59,534 -> Starting session... [1.662s]
2017-12-03 09:22:02,923 -> Reading dataset... [3.389s]
2017-12-03 09:22:02,973 -> Lauching MaximalFinder at 09:22:02.930...
2017-12-03 09:22:03,008 -> 00.Setting mu=10,epsilon=30.0,cores=7,dataset=B20K
2017-12-03 09:22:03,071 -> [Partitions Info]Points;Before indexing;1024
2017-12-03 09:22:10,460 -> [Partitions Info]Points;After indexing;1024
2017-12-03 09:22:10,482 -> 01.Indexing points... [7.473s] [19715 results]
2017-12-03 09:22:20,742 -> 02.Getting pairs... [10.259s] [36174 results]
2017-12-03 09:22:27,035 -> 03.Computing centers... [6.293s] [72348 results]
2017-12-03 09:22:27,047 -> [Partitions Info]Centers;Before indexing;1024
2017-12-03 09:22:33,438 -> [Partitions Info]Centers;After indexing;1024
2017-12-03 09:22:33,438 -> 04.Indexing centers... [6.403s] [72348 results]
2017-12-03 09:22:44,481 -> 05.Getting disks... [11.043s] [72348 results]
2017-12-03 09:22:45,885 -> 06.Filtering less-than-mu disks... [1.403s] [5877 results]
2017-12-03 09:22:49,087 -> 07.Prunning duplicate candidates... [3.201s] [3889 results]
2017-12-03 09:22:49,093 -> [Partitions Info]Candidates;Before indexing;200
2017-12-03 09:22:49,818 -> 08.Indexing candidates... [3.932s] [3889 results]
2017-12-03 09:22:50,132 -> [Partitions Info]Candidates;After indexing;9
2017-12-03 09:22:50,133 -> 09.Getting expansions... [0.315s] [5518 results]
2017-12-03 09:22:50,756 -> 10.Finding maximal disks... [0.623s] [240 results]
2017-12-03 09:22:52,803 -> 11.Prunning duplicates and subsets... [2.047s] [240 results]
2017-12-03 09:22:52,804 ->      Dataset,   Eps, Cores, Mu,   Time, # Pairs,   # Disks, # Candidates, # Maximals
2017-12-03 09:22:52,804 ->         B20K,  30.0,     7, 10,  49.80,   36174,     72348,         3889,        240
2017-12-03 09:22:52,851 -> Dropping indices...[0.047s]
2017-12-03 09:22:52,852 -> Finishing MaximalFinder at 09:22:52.852...
2017-12-03 09:22:52,852 -> Total time for MaximalFinder: 49.878ms...
2017-12-03 09:22:52,888 -> Closing session... [0.036s]
Done!!! Sun Dec  3 09:22:53 PST 2017
Running iteration 3/3 for B20K (epsilon = 10 , mu = 10)...
2017-12-03 09:22:56,934 -> Starting session... [1.633s]
2017-12-03 09:23:00,019 -> Reading dataset... [3.084s]
2017-12-03 09:23:00,066 -> Lauching MaximalFinder at 09:23:00.025...
2017-12-03 09:23:00,097 -> 00.Setting mu=10,epsilon=10.0,cores=7,dataset=B20K
2017-12-03 09:23:00,159 -> [Partitions Info]Points;Before indexing;1024
2017-12-03 09:23:07,049 -> [Partitions Info]Points;After indexing;1024
2017-12-03 09:23:07,071 -> 01.Indexing points... [6.974s] [19715 results]
2017-12-03 09:23:16,445 -> 02.Getting pairs... [9.374s] [11226 results]
2017-12-03 09:23:21,528 -> 03.Computing centers... [5.081s] [22452 results]
2017-12-03 09:23:21,538 -> [Partitions Info]Centers;Before indexing;1024
2017-12-03 09:23:25,881 -> [Partitions Info]Centers;After indexing;1024
2017-12-03 09:23:25,882 -> 04.Indexing centers... [4.354s] [22452 results]
2017-12-03 09:23:34,596 -> 05.Getting disks... [8.714s] [22452 results]
2017-12-03 09:23:35,362 -> 06.Filtering less-than-mu disks... [0.766s] [210 results]
2017-12-03 09:23:38,226 -> 07.Prunning duplicate candidates... [2.864s] [111 results]
2017-12-03 09:23:38,232 -> [Partitions Info]Candidates;Before indexing;200
2017-12-03 09:23:38,836 -> 08.Indexing candidates... [3.474s] [111 results]
2017-12-03 09:23:39,083 -> [Partitions Info]Candidates;After indexing;9
2017-12-03 09:23:39,083 -> 09.Getting expansions... [0.246s] [466 results]
2017-12-03 09:23:39,573 -> 10.Finding maximal disks... [0.490s] [17 results]
2017-12-03 09:23:41,366 -> 11.Prunning duplicates and subsets... [1.792s] [17 results]
2017-12-03 09:23:41,366 ->      Dataset,   Eps, Cores, Mu,   Time, # Pairs,   # Disks, # Candidates, # Maximals
2017-12-03 09:23:41,366 ->         B20K,  10.0,     7, 10,  41.27,   11226,     22452,          111,         17
2017-12-03 09:23:41,554 -> Dropping indices...[0.188s]
2017-12-03 09:23:41,554 -> Finishing MaximalFinder at 09:23:41.554...
2017-12-03 09:23:41,554 -> Total time for MaximalFinder: 41.488ms...
2017-12-03 09:23:41,592 -> Closing session... [0.038s]
Done!!! Sun Dec  3 09:23:42 PST 2017
Running iteration 3/3 for B20K (epsilon = 20 , mu = 10)...
2017-12-03 09:23:45,607 -> Starting session... [1.626s]
2017-12-03 09:23:48,873 -> Reading dataset... [3.266s]
2017-12-03 09:23:48,915 -> Lauching MaximalFinder at 09:23:48.879...
2017-12-03 09:23:48,945 -> 00.Setting mu=10,epsilon=20.0,cores=7,dataset=B20K
2017-12-03 09:23:49,004 -> [Partitions Info]Points;Before indexing;1024
2017-12-03 09:23:56,183 -> [Partitions Info]Points;After indexing;1024
2017-12-03 09:23:56,211 -> 01.Indexing points... [7.265s] [19715 results]
2017-12-03 09:24:06,279 -> 02.Getting pairs... [10.067s] [23819 results]
2017-12-03 09:24:11,889 -> 03.Computing centers... [5.610s] [47638 results]
2017-12-03 09:24:11,901 -> [Partitions Info]Centers;Before indexing;1024
2017-12-03 09:24:17,684 -> [Partitions Info]Centers;After indexing;1024
2017-12-03 09:24:17,684 -> 04.Indexing centers... [5.795s] [47638 results]
2017-12-03 09:24:27,715 -> 05.Getting disks... [10.031s] [47638 results]
2017-12-03 09:24:28,840 -> 06.Filtering less-than-mu disks... [1.125s] [2392 results]
2017-12-03 09:24:31,855 -> 07.Prunning duplicate candidates... [3.015s] [1524 results]
2017-12-03 09:24:31,862 -> [Partitions Info]Candidates;Before indexing;200
2017-12-03 09:24:32,465 -> 08.Indexing candidates... [3.625s] [1524 results]
2017-12-03 09:24:32,755 -> [Partitions Info]Candidates;After indexing;9
2017-12-03 09:24:32,756 -> 09.Getting expansions... [0.291s] [2613 results]
2017-12-03 09:24:33,294 -> 10.Finding maximal disks... [0.538s] [108 results]
2017-12-03 09:24:35,323 -> 11.Prunning duplicates and subsets... [2.029s] [108 results]
2017-12-03 09:24:35,323 ->      Dataset,   Eps, Cores, Mu,   Time, # Pairs,   # Disks, # Candidates, # Maximals
2017-12-03 09:24:35,323 ->         B20K,  20.0,     7, 10,  46.38,   23819,     47638,         1524,        108
2017-12-03 09:24:35,381 -> Dropping indices...[0.058s]
2017-12-03 09:24:35,381 -> Finishing MaximalFinder at 09:24:35.381...
2017-12-03 09:24:35,381 -> Total time for MaximalFinder: 46.465ms...
2017-12-03 09:24:35,419 -> Closing session... [0.038s]
Done!!! Sun Dec  3 09:24:35 PST 2017
Running iteration 3/3 for B20K (epsilon = 30 , mu = 10)...
2017-12-03 09:24:39,436 -> Starting session... [1.570s]
2017-12-03 09:24:42,705 -> Reading dataset... [3.269s]
2017-12-03 09:24:42,750 -> Lauching MaximalFinder at 09:24:42.711...
2017-12-03 09:24:42,783 -> 00.Setting mu=10,epsilon=30.0,cores=7,dataset=B20K
2017-12-03 09:24:42,843 -> [Partitions Info]Points;Before indexing;1024
2017-12-03 09:24:50,222 -> [Partitions Info]Points;After indexing;1024
2017-12-03 09:24:50,245 -> 01.Indexing points... [7.462s] [19715 results]
2017-12-03 09:25:00,139 -> 02.Getting pairs... [9.894s] [36174 results]
2017-12-03 09:25:06,341 -> 03.Computing centers... [6.202s] [72348 results]
2017-12-03 09:25:06,354 -> [Partitions Info]Centers;Before indexing;1024
2017-12-03 09:25:12,220 -> [Partitions Info]Centers;After indexing;1024
2017-12-03 09:25:12,220 -> 04.Indexing centers... [5.879s] [72348 results]
2017-12-03 09:25:23,598 -> 05.Getting disks... [11.377s] [72348 results]
2017-12-03 09:25:25,016 -> 06.Filtering less-than-mu disks... [1.418s] [5877 results]
2017-12-03 09:25:28,200 -> 07.Prunning duplicate candidates... [3.184s] [3889 results]
2017-12-03 09:25:28,206 -> [Partitions Info]Candidates;Before indexing;200
2017-12-03 09:25:28,834 -> 08.Indexing candidates... [3.818s] [3889 results]
2017-12-03 09:25:29,149 -> [Partitions Info]Candidates;After indexing;9
2017-12-03 09:25:29,150 -> 09.Getting expansions... [0.314s] [5518 results]
2017-12-03 09:25:29,850 -> 10.Finding maximal disks... [0.700s] [240 results]
2017-12-03 09:25:31,895 -> 11.Prunning duplicates and subsets... [2.045s] [240 results]
2017-12-03 09:25:31,895 ->      Dataset,   Eps, Cores, Mu,   Time, # Pairs,   # Disks, # Candidates, # Maximals
2017-12-03 09:25:31,895 ->         B20K,  30.0,     7, 10,  49.11,   36174,     72348,         3889,        240
2017-12-03 09:25:31,946 -> Dropping indices...[0.051s]
2017-12-03 09:25:31,946 -> Finishing MaximalFinder at 09:25:31.946...
2017-12-03 09:25:31,947 -> Total time for MaximalFinder: 49.196ms...
2017-12-03 09:25:31,984 -> Closing session... [0.037s]
Done!!! Sun Dec  3 09:25:32 PST 2017
acald013@dblab-rack12: stopping org.apache.spark.deploy.worker.Worker
stopping org.apache.spark.deploy.master.Master
starting org.apache.spark.deploy.master.Master, logging to /home/acald013/Spark/spark-2.1.0-bin-hadoop2.7/logs/spark-acald013-org.apache.spark.deploy.master.Master-1-dblab-rack11.cs.ucr.edu.out
acald013@dblab-rack12: starting org.apache.spark.deploy.worker.Worker, logging to /home/acald013/Spark/spark-2.1.0-bin-hadoop2.7/logs/spark-acald013-org.apache.spark.deploy.worker.Worker-1-dblab-rack12.out
acald013@dblab-rack11: starting org.apache.spark.deploy.worker.Worker, logging to /home/acald013/Spark/spark-2.1.0-bin-hadoop2.7/logs/spark-acald013-org.apache.spark.deploy.worker.Worker-1-dblab-rack11.cs.ucr.edu.out
Running iteration 1/3 for B40K (epsilon = 10 , mu = 10)...
2017-12-03 09:25:41,877 -> Starting session... [1.833s]
2017-12-03 09:25:45,496 -> Reading dataset... [3.619s]
2017-12-03 09:25:45,537 -> Lauching MaximalFinder at 09:25:45.501...
2017-12-03 09:25:45,566 -> 00.Setting mu=10,epsilon=10.0,cores=14,dataset=B40K
2017-12-03 09:25:45,628 -> [Partitions Info]Points;Before indexing;1024
2017-12-03 09:25:55,321 -> [Partitions Info]Points;After indexing;1024
2017-12-03 09:25:55,352 -> 01.Indexing points... [9.786s] [39429 results]
2017-12-03 09:26:05,919 -> 02.Getting pairs... [10.567s] [22452 results]
2017-12-03 09:26:10,879 -> 03.Computing centers... [4.960s] [44904 results]
2017-12-03 09:26:10,890 -> [Partitions Info]Centers;Before indexing;1024
2017-12-03 09:26:15,598 -> [Partitions Info]Centers;After indexing;1024
2017-12-03 09:26:15,598 -> 04.Indexing centers... [4.719s] [44904 results]
2017-12-03 09:26:23,308 -> 05.Getting disks... [7.710s] [44904 results]
2017-12-03 09:26:24,516 -> 06.Filtering less-than-mu disks... [1.208s] [420 results]
2017-12-03 09:26:26,962 -> 07.Prunning duplicate candidates... [2.446s] [222 results]
2017-12-03 09:26:26,968 -> [Partitions Info]Candidates;Before indexing;200
2017-12-03 09:26:27,542 -> 08.Indexing candidates... [3.026s] [222 results]
2017-12-03 09:26:27,781 -> [Partitions Info]Candidates;After indexing;16
2017-12-03 09:26:27,781 -> 09.Getting expansions... [0.238s] [889 results]
2017-12-03 09:26:28,299 -> 10.Finding maximal disks... [0.517s] [34 results]
2017-12-03 09:26:30,481 -> 11.Prunning duplicates and subsets... [2.182s] [34 results]
2017-12-03 09:26:30,482 ->      Dataset,   Eps, Cores, Mu,   Time, # Pairs,   # Disks, # Candidates, # Maximals
2017-12-03 09:26:30,482 ->         B40K,  10.0,    14, 10,  44.92,   22452,     44904,          222,         34
2017-12-03 09:26:30,560 -> Dropping indices...[0.078s]
2017-12-03 09:26:30,561 -> Finishing MaximalFinder at 09:26:30.560...
2017-12-03 09:26:30,561 -> Total time for MaximalFinder: 45.023ms...
2017-12-03 09:26:30,620 -> Closing session... [0.059s]
Done!!! Sun Dec  3 09:26:31 PST 2017
Running iteration 1/3 for B40K (epsilon = 20 , mu = 10)...
2017-12-03 09:26:34,688 -> Starting session... [1.657s]
2017-12-03 09:26:38,136 -> Reading dataset... [3.448s]
2017-12-03 09:26:38,179 -> Lauching MaximalFinder at 09:26:38.142...
2017-12-03 09:26:38,210 -> 00.Setting mu=10,epsilon=20.0,cores=14,dataset=B40K
2017-12-03 09:26:38,269 -> [Partitions Info]Points;Before indexing;1024
2017-12-03 09:26:47,997 -> [Partitions Info]Points;After indexing;1024
2017-12-03 09:26:48,021 -> 01.Indexing points... [9.811s] [39429 results]
2017-12-03 09:26:58,368 -> 02.Getting pairs... [10.347s] [47638 results]
2017-12-03 09:27:04,275 -> 03.Computing centers... [5.906s] [95276 results]
2017-12-03 09:27:04,283 -> [Partitions Info]Centers;Before indexing;1024
2017-12-03 09:27:09,626 -> [Partitions Info]Centers;After indexing;1024
2017-12-03 09:27:09,626 -> 04.Indexing centers... [5.351s] [95276 results]
2017-12-03 09:27:19,392 -> 05.Getting disks... [9.765s] [95276 results]
2017-12-03 09:27:20,705 -> 06.Filtering less-than-mu disks... [1.313s] [4784 results]
2017-12-03 09:27:22,893 -> 07.Prunning duplicate candidates... [2.188s] [3048 results]
2017-12-03 09:27:22,899 -> [Partitions Info]Candidates;Before indexing;200
2017-12-03 09:27:23,506 -> 08.Indexing candidates... [2.801s] [3048 results]
2017-12-03 09:27:23,778 -> [Partitions Info]Candidates;After indexing;16
2017-12-03 09:27:23,778 -> 09.Getting expansions... [0.272s] [5824 results]
2017-12-03 09:27:24,388 -> 10.Finding maximal disks... [0.610s] [216 results]
2017-12-03 09:27:26,982 -> 11.Prunning duplicates and subsets... [2.594s] [216 results]
2017-12-03 09:27:26,982 ->      Dataset,   Eps, Cores, Mu,   Time, # Pairs,   # Disks, # Candidates, # Maximals
2017-12-03 09:27:26,982 ->         B40K,  20.0,    14, 10,  48.77,   47638,     95276,         3048,        216
2017-12-03 09:27:27,049 -> Dropping indices...[0.067s]
2017-12-03 09:27:27,049 -> Finishing MaximalFinder at 09:27:27.049...
2017-12-03 09:27:27,049 -> Total time for MaximalFinder: 48.870ms...
2017-12-03 09:27:27,093 -> Closing session... [0.043s]
Done!!! Sun Dec  3 09:27:27 PST 2017
Running iteration 1/3 for B40K (epsilon = 30 , mu = 10)...
2017-12-03 09:27:31,061 -> Starting session... [1.619s]
2017-12-03 09:27:34,684 -> Reading dataset... [3.623s]
2017-12-03 09:27:34,725 -> Lauching MaximalFinder at 09:27:34.690...
2017-12-03 09:27:34,768 -> 00.Setting mu=10,epsilon=30.0,cores=14,dataset=B40K
2017-12-03 09:27:34,832 -> [Partitions Info]Points;Before indexing;1024
2017-12-03 09:27:43,885 -> [Partitions Info]Points;After indexing;1024
2017-12-03 09:27:43,906 -> 01.Indexing points... [9.138s] [39429 results]
2017-12-03 09:27:54,926 -> 02.Getting pairs... [11.019s] [72348 results]
2017-12-03 09:28:01,527 -> 03.Computing centers... [6.601s] [144696 results]
2017-12-03 09:28:01,539 -> [Partitions Info]Centers;Before indexing;1024
2017-12-03 09:28:07,841 -> [Partitions Info]Centers;After indexing;1024
2017-12-03 09:28:07,842 -> 04.Indexing centers... [6.315s] [144696 results]
2017-12-03 09:28:18,972 -> 05.Getting disks... [11.130s] [144696 results]
2017-12-03 09:28:20,414 -> 06.Filtering less-than-mu disks... [1.442s] [11754 results]
2017-12-03 09:28:23,484 -> 07.Prunning duplicate candidates... [3.070s] [7778 results]
2017-12-03 09:28:23,490 -> [Partitions Info]Candidates;Before indexing;200
2017-12-03 09:28:24,237 -> 08.Indexing candidates... [3.823s] [7778 results]
2017-12-03 09:28:24,557 -> [Partitions Info]Candidates;After indexing;16
2017-12-03 09:28:24,557 -> 09.Getting expansions... [0.319s] [10911 results]
2017-12-03 09:28:25,228 -> 10.Finding maximal disks... [0.671s] [480 results]
2017-12-03 09:28:27,314 -> 11.Prunning duplicates and subsets... [2.086s] [480 results]
2017-12-03 09:28:27,314 ->      Dataset,   Eps, Cores, Mu,   Time, # Pairs,   # Disks, # Candidates, # Maximals
2017-12-03 09:28:27,314 ->         B40K,  30.0,    14, 10,  52.55,   72348,    144696,         7778,        480
2017-12-03 09:28:27,374 -> Dropping indices...[0.060s]
2017-12-03 09:28:27,374 -> Finishing MaximalFinder at 09:28:27.374...
2017-12-03 09:28:27,374 -> Total time for MaximalFinder: 52.649ms...
2017-12-03 09:28:27,424 -> Closing session... [0.050s]
Done!!! Sun Dec  3 09:28:27 PST 2017
Running iteration 2/3 for B40K (epsilon = 10 , mu = 10)...
2017-12-03 09:28:31,631 -> Starting session... [1.712s]
2017-12-03 09:28:35,188 -> Reading dataset... [3.557s]
2017-12-03 09:28:35,229 -> Lauching MaximalFinder at 09:28:35.193...
2017-12-03 09:28:35,259 -> 00.Setting mu=10,epsilon=10.0,cores=14,dataset=B40K
2017-12-03 09:28:35,321 -> [Partitions Info]Points;Before indexing;1024
2017-12-03 09:28:44,185 -> [Partitions Info]Points;After indexing;1024
2017-12-03 09:28:44,218 -> 01.Indexing points... [8.959s] [39429 results]
2017-12-03 09:28:54,723 -> 02.Getting pairs... [10.505s] [22452 results]
2017-12-03 09:28:59,710 -> 03.Computing centers... [4.987s] [44904 results]
2017-12-03 09:28:59,719 -> [Partitions Info]Centers;Before indexing;1024
2017-12-03 09:29:04,471 -> [Partitions Info]Centers;After indexing;1024
2017-12-03 09:29:04,471 -> 04.Indexing centers... [4.761s] [44904 results]
2017-12-03 09:29:12,637 -> 05.Getting disks... [8.166s] [44904 results]
2017-12-03 09:29:13,760 -> 06.Filtering less-than-mu disks... [1.123s] [420 results]
2017-12-03 09:29:16,739 -> 07.Prunning duplicate candidates... [2.979s] [222 results]
2017-12-03 09:29:16,745 -> [Partitions Info]Candidates;Before indexing;200
2017-12-03 09:29:17,327 -> 08.Indexing candidates... [3.567s] [222 results]
2017-12-03 09:29:17,548 -> [Partitions Info]Candidates;After indexing;16
2017-12-03 09:29:17,548 -> 09.Getting expansions... [0.221s] [889 results]
2017-12-03 09:29:18,064 -> 10.Finding maximal disks... [0.516s] [34 results]
2017-12-03 09:29:20,120 -> 11.Prunning duplicates and subsets... [2.056s] [34 results]
2017-12-03 09:29:20,120 ->      Dataset,   Eps, Cores, Mu,   Time, # Pairs,   # Disks, # Candidates, # Maximals
2017-12-03 09:29:20,120 ->         B40K,  10.0,    14, 10,  44.86,   22452,     44904,          222,         34
2017-12-03 09:29:20,182 -> Dropping indices...[0.062s]
2017-12-03 09:29:20,182 -> Finishing MaximalFinder at 09:29:20.182...
2017-12-03 09:29:20,182 -> Total time for MaximalFinder: 44.952ms...
2017-12-03 09:29:20,234 -> Closing session... [0.052s]
Done!!! Sun Dec  3 09:29:21 PST 2017
Running iteration 2/3 for B40K (epsilon = 20 , mu = 10)...
2017-12-03 09:29:25,229 -> Starting session... [1.742s]
2017-12-03 09:29:28,933 -> Reading dataset... [3.704s]
2017-12-03 09:29:28,980 -> Lauching MaximalFinder at 09:29:28.940...
2017-12-03 09:29:29,011 -> 00.Setting mu=10,epsilon=20.0,cores=14,dataset=B40K
2017-12-03 09:29:29,069 -> [Partitions Info]Points;Before indexing;1024
2017-12-03 09:29:38,103 -> [Partitions Info]Points;After indexing;1024
2017-12-03 09:29:38,135 -> 01.Indexing points... [9.122s] [39429 results]
2017-12-03 09:29:48,894 -> 02.Getting pairs... [10.759s] [47638 results]
2017-12-03 09:29:54,578 -> 03.Computing centers... [5.684s] [95276 results]
2017-12-03 09:29:54,586 -> [Partitions Info]Centers;Before indexing;1024
2017-12-03 09:30:00,059 -> [Partitions Info]Centers;After indexing;1024
2017-12-03 09:30:00,059 -> 04.Indexing centers... [5.481s] [95276 results]
2017-12-03 09:30:09,595 -> 05.Getting disks... [9.536s] [95276 results]
2017-12-03 09:30:10,851 -> 06.Filtering less-than-mu disks... [1.256s] [4784 results]
2017-12-03 09:30:13,658 -> 07.Prunning duplicate candidates... [2.807s] [3048 results]
2017-12-03 09:30:13,664 -> [Partitions Info]Candidates;Before indexing;200
2017-12-03 09:30:14,263 -> 08.Indexing candidates... [3.412s] [3048 results]
2017-12-03 09:30:14,532 -> [Partitions Info]Candidates;After indexing;16
2017-12-03 09:30:14,532 -> 09.Getting expansions... [0.269s] [5824 results]
2017-12-03 09:30:15,242 -> 10.Finding maximal disks... [0.710s] [216 results]
2017-12-03 09:30:17,277 -> 11.Prunning duplicates and subsets... [2.035s] [216 results]
2017-12-03 09:30:17,277 ->      Dataset,   Eps, Cores, Mu,   Time, # Pairs,   # Disks, # Candidates, # Maximals
2017-12-03 09:30:17,278 ->         B40K,  20.0,    14, 10,  48.27,   47638,     95276,         3048,        216
2017-12-03 09:30:17,346 -> Dropping indices...[0.068s]
2017-12-03 09:30:17,346 -> Finishing MaximalFinder at 09:30:17.346...
2017-12-03 09:30:17,346 -> Total time for MaximalFinder: 48.366ms...
2017-12-03 09:30:17,405 -> Closing session... [0.059s]
Done!!! Sun Dec  3 09:30:18 PST 2017
Running iteration 2/3 for B40K (epsilon = 30 , mu = 10)...
2017-12-03 09:30:22,292 -> Starting session... [1.706s]
2017-12-03 09:30:25,952 -> Reading dataset... [3.659s]
2017-12-03 09:30:25,999 -> Lauching MaximalFinder at 09:30:25.958...
2017-12-03 09:30:26,030 -> 00.Setting mu=10,epsilon=30.0,cores=14,dataset=B40K
2017-12-03 09:30:26,089 -> [Partitions Info]Points;Before indexing;1024
2017-12-03 09:30:35,470 -> [Partitions Info]Points;After indexing;1024
2017-12-03 09:30:35,500 -> 01.Indexing points... [9.470s] [39429 results]
2017-12-03 09:30:46,419 -> 02.Getting pairs... [10.918s] [72348 results]
2017-12-03 09:30:53,218 -> 03.Computing centers... [6.799s] [144696 results]
2017-12-03 09:30:53,228 -> [Partitions Info]Centers;Before indexing;1024
2017-12-03 09:30:59,574 -> [Partitions Info]Centers;After indexing;1024
2017-12-03 09:30:59,574 -> 04.Indexing centers... [6.356s] [144696 results]
2017-12-03 09:31:10,499 -> 05.Getting disks... [10.925s] [144696 results]
2017-12-03 09:31:12,055 -> 06.Filtering less-than-mu disks... [1.556s] [11754 results]
2017-12-03 09:31:15,557 -> 07.Prunning duplicate candidates... [3.502s] [7778 results]
2017-12-03 09:31:15,563 -> [Partitions Info]Candidates;Before indexing;200
2017-12-03 09:31:16,225 -> 08.Indexing candidates... [4.170s] [7778 results]
2017-12-03 09:31:16,567 -> [Partitions Info]Candidates;After indexing;16
2017-12-03 09:31:16,567 -> 09.Getting expansions... [0.342s] [10911 results]
2017-12-03 09:31:17,244 -> 10.Finding maximal disks... [0.676s] [480 results]
2017-12-03 09:31:19,460 -> 11.Prunning duplicates and subsets... [2.214s] [480 results]
2017-12-03 09:31:19,460 ->      Dataset,   Eps, Cores, Mu,   Time, # Pairs,   # Disks, # Candidates, # Maximals
2017-12-03 09:31:19,460 ->         B40K,  30.0,    14, 10,  53.43,   72348,    144696,         7778,        480
2017-12-03 09:31:19,512 -> Dropping indices...[0.052s]
2017-12-03 09:31:19,512 -> Finishing MaximalFinder at 09:31:19.512...
2017-12-03 09:31:19,512 -> Total time for MaximalFinder: 53.513ms...
2017-12-03 09:31:19,558 -> Closing session... [0.046s]
Done!!! Sun Dec  3 09:31:20 PST 2017
Running iteration 3/3 for B40K (epsilon = 10 , mu = 10)...
2017-12-03 09:31:23,861 -> Starting session... [1.839s]
2017-12-03 09:31:27,781 -> Reading dataset... [3.919s]
2017-12-03 09:31:27,815 -> Lauching MaximalFinder at 09:31:27.786...
2017-12-03 09:31:27,847 -> 00.Setting mu=10,epsilon=10.0,cores=14,dataset=B40K
2017-12-03 09:31:27,907 -> [Partitions Info]Points;Before indexing;1024
2017-12-03 09:31:36,977 -> [Partitions Info]Points;After indexing;1024
2017-12-03 09:31:37,008 -> 01.Indexing points... [9.161s] [39429 results]
2017-12-03 09:31:47,254 -> 02.Getting pairs... [10.246s] [22452 results]
2017-12-03 09:31:52,296 -> 03.Computing centers... [5.041s] [44904 results]
2017-12-03 09:31:52,307 -> [Partitions Info]Centers;Before indexing;1024
2017-12-03 09:31:56,264 -> [Partitions Info]Centers;After indexing;1024
2017-12-03 09:31:56,264 -> 04.Indexing centers... [3.968s] [44904 results]
2017-12-03 09:32:04,315 -> 05.Getting disks... [8.051s] [44904 results]
2017-12-03 09:32:05,368 -> 06.Filtering less-than-mu disks... [1.052s] [420 results]
2017-12-03 09:32:07,791 -> 07.Prunning duplicate candidates... [2.423s] [222 results]
2017-12-03 09:32:07,800 -> [Partitions Info]Candidates;Before indexing;200
2017-12-03 09:32:08,524 -> 08.Indexing candidates... [3.156s] [222 results]
2017-12-03 09:32:08,737 -> [Partitions Info]Candidates;After indexing;16
2017-12-03 09:32:08,737 -> 09.Getting expansions... [0.213s] [889 results]
2017-12-03 09:32:09,275 -> 10.Finding maximal disks... [0.538s] [34 results]
2017-12-03 09:32:11,235 -> 11.Prunning duplicates and subsets... [1.960s] [34 results]
2017-12-03 09:32:11,235 ->      Dataset,   Eps, Cores, Mu,   Time, # Pairs,   # Disks, # Candidates, # Maximals
2017-12-03 09:32:11,235 ->         B40K,  10.0,    14, 10,  43.39,   22452,     44904,          222,         34
2017-12-03 09:32:11,300 -> Dropping indices...[0.065s]
2017-12-03 09:32:11,300 -> Finishing MaximalFinder at 09:32:11.300...
2017-12-03 09:32:11,300 -> Total time for MaximalFinder: 43.484ms...
2017-12-03 09:32:11,344 -> Closing session... [0.043s]
Done!!! Sun Dec  3 09:32:11 PST 2017
Running iteration 3/3 for B40K (epsilon = 20 , mu = 10)...
2017-12-03 09:32:15,580 -> Starting session... [1.757s]
2017-12-03 09:32:19,337 -> Reading dataset... [3.757s]
2017-12-03 09:32:19,372 -> Lauching MaximalFinder at 09:32:19.342...
2017-12-03 09:32:19,402 -> 00.Setting mu=10,epsilon=20.0,cores=14,dataset=B40K
2017-12-03 09:32:19,458 -> [Partitions Info]Points;Before indexing;1024
2017-12-03 09:32:29,243 -> [Partitions Info]Points;After indexing;1024
2017-12-03 09:32:29,268 -> 01.Indexing points... [9.866s] [39429 results]
2017-12-03 09:32:40,169 -> 02.Getting pairs... [10.901s] [47638 results]
2017-12-03 09:32:46,479 -> 03.Computing centers... [6.310s] [95276 results]
2017-12-03 09:32:46,490 -> [Partitions Info]Centers;Before indexing;1024
2017-12-03 09:32:51,577 -> [Partitions Info]Centers;After indexing;1024
2017-12-03 09:32:51,578 -> 04.Indexing centers... [5.099s] [95276 results]
2017-12-03 09:33:01,026 -> 05.Getting disks... [9.448s] [95276 results]
2017-12-03 09:33:02,425 -> 06.Filtering less-than-mu disks... [1.399s] [4784 results]
2017-12-03 09:33:05,236 -> 07.Prunning duplicate candidates... [2.810s] [3048 results]
2017-12-03 09:33:05,242 -> [Partitions Info]Candidates;Before indexing;200
2017-12-03 09:33:05,827 -> 08.Indexing candidates... [3.402s] [3048 results]
2017-12-03 09:33:06,132 -> [Partitions Info]Candidates;After indexing;16
2017-12-03 09:33:06,132 -> 09.Getting expansions... [0.305s] [5824 results]
2017-12-03 09:33:06,748 -> 10.Finding maximal disks... [0.616s] [216 results]
2017-12-03 09:33:08,834 -> 11.Prunning duplicates and subsets... [2.086s] [216 results]
2017-12-03 09:33:08,834 ->      Dataset,   Eps, Cores, Mu,   Time, # Pairs,   # Disks, # Candidates, # Maximals
2017-12-03 09:33:08,834 ->         B40K,  20.0,    14, 10,  49.43,   47638,     95276,         3048,        216
2017-12-03 09:33:08,889 -> Dropping indices...[0.055s]
2017-12-03 09:33:08,889 -> Finishing MaximalFinder at 09:33:08.889...
2017-12-03 09:33:08,890 -> Total time for MaximalFinder: 49.517ms...
2017-12-03 09:33:08,936 -> Closing session... [0.046s]
Done!!! Sun Dec  3 09:33:09 PST 2017
Running iteration 3/3 for B40K (epsilon = 30 , mu = 10)...
2017-12-03 09:33:13,254 -> Starting session... [1.528s]
2017-12-03 09:33:16,971 -> Reading dataset... [3.717s]
2017-12-03 09:33:17,014 -> Lauching MaximalFinder at 09:33:16.977...
2017-12-03 09:33:17,045 -> 00.Setting mu=10,epsilon=30.0,cores=14,dataset=B40K
2017-12-03 09:33:17,106 -> [Partitions Info]Points;Before indexing;1024
2017-12-03 09:33:26,122 -> [Partitions Info]Points;After indexing;1024
2017-12-03 09:33:26,156 -> 01.Indexing points... [9.110s] [39429 results]
2017-12-03 09:33:37,296 -> 02.Getting pairs... [11.140s] [72348 results]
2017-12-03 09:33:44,022 -> 03.Computing centers... [6.726s] [144696 results]
2017-12-03 09:33:44,030 -> [Partitions Info]Centers;Before indexing;1024
2017-12-03 09:33:49,877 -> [Partitions Info]Centers;After indexing;1024
2017-12-03 09:33:49,878 -> 04.Indexing centers... [5.855s] [144696 results]
2017-12-03 09:34:00,340 -> 05.Getting disks... [10.462s] [144696 results]
2017-12-03 09:34:01,753 -> 06.Filtering less-than-mu disks... [1.413s] [11754 results]
2017-12-03 09:34:04,830 -> 07.Prunning duplicate candidates... [3.077s] [7778 results]
2017-12-03 09:34:04,836 -> [Partitions Info]Candidates;Before indexing;200
2017-12-03 09:34:05,552 -> 08.Indexing candidates... [3.798s] [7778 results]
2017-12-03 09:34:05,865 -> [Partitions Info]Candidates;After indexing;16
2017-12-03 09:34:05,865 -> 09.Getting expansions... [0.313s] [10911 results]
2017-12-03 09:34:06,530 -> 10.Finding maximal disks... [0.665s] [480 results]
2017-12-03 09:34:09,365 -> 11.Prunning duplicates and subsets... [2.835s] [480 results]
2017-12-03 09:34:09,365 ->      Dataset,   Eps, Cores, Mu,   Time, # Pairs,   # Disks, # Candidates, # Maximals
2017-12-03 09:34:09,366 ->         B40K,  30.0,    14, 10,  52.32,   72348,    144696,         7778,        480
2017-12-03 09:34:09,424 -> Dropping indices...[0.058s]
2017-12-03 09:34:09,424 -> Finishing MaximalFinder at 09:34:09.424...
2017-12-03 09:34:09,424 -> Total time for MaximalFinder: 52.410ms...
2017-12-03 09:34:09,471 -> Closing session... [0.047s]
Done!!! Sun Dec  3 09:34:09 PST 2017
acald013@dblab-rack12: stopping org.apache.spark.deploy.worker.Worker
acald013@dblab-rack11: stopping org.apache.spark.deploy.worker.Worker
stopping org.apache.spark.deploy.master.Master
starting org.apache.spark.deploy.master.Master, logging to /home/acald013/Spark/spark-2.1.0-bin-hadoop2.7/logs/spark-acald013-org.apache.spark.deploy.master.Master-1-dblab-rack11.cs.ucr.edu.out
acald013@dblab-rack12: starting org.apache.spark.deploy.worker.Worker, logging to /home/acald013/Spark/spark-2.1.0-bin-hadoop2.7/logs/spark-acald013-org.apache.spark.deploy.worker.Worker-1-dblab-rack12.out
acald013@dblab-rack14: starting org.apache.spark.deploy.worker.Worker, logging to /home/acald013/Spark/spark-2.1.0-bin-hadoop2.7/logs/spark-acald013-org.apache.spark.deploy.worker.Worker-1-dblab-rack14.cs.ucr.edu.out
acald013@dblab-rack11: starting org.apache.spark.deploy.worker.Worker, logging to /home/acald013/Spark/spark-2.1.0-bin-hadoop2.7/logs/spark-acald013-org.apache.spark.deploy.worker.Worker-1-dblab-rack11.cs.ucr.edu.out
Running iteration 1/3 for B60K (epsilon = 10 , mu = 10)...
2017-12-03 09:34:19,203 -> Starting session... [1.750s]
2017-12-03 09:34:22,917 -> Reading dataset... [3.713s]
2017-12-03 09:34:22,960 -> Lauching MaximalFinder at 09:34:22.922...
2017-12-03 09:34:22,993 -> 00.Setting mu=10,epsilon=10.0,cores=21,dataset=B60K
2017-12-03 09:34:23,052 -> [Partitions Info]Points;Before indexing;1024
2017-12-03 09:34:30,845 -> [Partitions Info]Points;After indexing;1024
2017-12-03 09:34:30,872 -> 01.Indexing points... [7.879s] [59143 results]
2017-12-03 09:34:40,117 -> 02.Getting pairs... [9.245s] [33678 results]
2017-12-03 09:34:44,146 -> 03.Computing centers... [4.029s] [67356 results]
2017-12-03 09:34:44,154 -> [Partitions Info]Centers;Before indexing;1024
2017-12-03 09:34:47,652 -> [Partitions Info]Centers;After indexing;1024
2017-12-03 09:34:47,653 -> 04.Indexing centers... [3.507s] [67356 results]
2017-12-03 09:34:55,005 -> 05.Getting disks... [7.352s] [67356 results]
2017-12-03 09:34:56,092 -> 06.Filtering less-than-mu disks... [1.086s] [630 results]
2017-12-03 09:34:59,330 -> 07.Prunning duplicate candidates... [3.237s] [333 results]
2017-12-03 09:34:59,336 -> [Partitions Info]Candidates;Before indexing;200
2017-12-03 09:34:59,923 -> 08.Indexing candidates... [3.831s] [333 results]
2017-12-03 09:35:00,224 -> [Partitions Info]Candidates;After indexing;25
2017-12-03 09:35:00,224 -> 09.Getting expansions... [0.301s] [1652 results]
2017-12-03 09:35:00,780 -> 10.Finding maximal disks... [0.556s] [51 results]
2017-12-03 09:35:03,152 -> 11.Prunning duplicates and subsets... [2.372s] [51 results]
2017-12-03 09:35:03,153 ->      Dataset,   Eps, Cores, Mu,   Time, # Pairs,   # Disks, # Candidates, # Maximals
2017-12-03 09:35:03,153 ->         B60K,  10.0,    21, 10,  40.16,   33678,     67356,          333,         51
2017-12-03 09:35:03,211 -> Dropping indices...[0.058s]
2017-12-03 09:35:03,211 -> Finishing MaximalFinder at 09:35:03.211...
2017-12-03 09:35:03,211 -> Total time for MaximalFinder: 40.251ms...
2017-12-03 09:35:03,264 -> Closing session... [0.053s]
Done!!! Sun Dec  3 09:35:03 PST 2017
Running iteration 1/3 for B60K (epsilon = 20 , mu = 10)...
2017-12-03 09:35:07,664 -> Starting session... [1.774s]
2017-12-03 09:35:11,475 -> Reading dataset... [3.810s]
2017-12-03 09:35:11,509 -> Lauching MaximalFinder at 09:35:11.479...
2017-12-03 09:35:11,539 -> 00.Setting mu=10,epsilon=20.0,cores=21,dataset=B60K
2017-12-03 09:35:11,598 -> [Partitions Info]Points;Before indexing;1024
2017-12-03 09:35:19,862 -> [Partitions Info]Points;After indexing;1024
2017-12-03 09:35:19,897 -> 01.Indexing points... [8.358s] [59143 results]
2017-12-03 09:35:30,016 -> 02.Getting pairs... [10.119s] [71457 results]
2017-12-03 09:35:35,037 -> 03.Computing centers... [5.021s] [142914 results]
2017-12-03 09:35:35,046 -> [Partitions Info]Centers;Before indexing;1024
2017-12-03 09:35:39,741 -> [Partitions Info]Centers;After indexing;1024
2017-12-03 09:35:39,741 -> 04.Indexing centers... [4.704s] [142914 results]
2017-12-03 09:35:48,567 -> 05.Getting disks... [8.826s] [142914 results]
2017-12-03 09:35:50,142 -> 06.Filtering less-than-mu disks... [1.575s] [7176 results]
2017-12-03 09:35:53,255 -> 07.Prunning duplicate candidates... [3.113s] [4572 results]
2017-12-03 09:35:53,264 -> [Partitions Info]Candidates;Before indexing;200
2017-12-03 09:35:53,898 -> 08.Indexing candidates... [3.756s] [4572 results]
2017-12-03 09:35:54,194 -> [Partitions Info]Candidates;After indexing;25
2017-12-03 09:35:54,194 -> 09.Getting expansions... [0.295s] [9578 results]
2017-12-03 09:35:54,852 -> 10.Finding maximal disks... [0.658s] [324 results]
2017-12-03 09:35:57,601 -> 11.Prunning duplicates and subsets... [2.749s] [324 results]
2017-12-03 09:35:57,601 ->      Dataset,   Eps, Cores, Mu,   Time, # Pairs,   # Disks, # Candidates, # Maximals
2017-12-03 09:35:57,601 ->         B60K,  20.0,    21, 10,  46.06,   71457,    142914,         4572,        324
2017-12-03 09:35:57,668 -> Dropping indices...[0.067s]
2017-12-03 09:35:57,668 -> Finishing MaximalFinder at 09:35:57.668...
2017-12-03 09:35:57,668 -> Total time for MaximalFinder: 46.159ms...
2017-12-03 09:35:57,725 -> Closing session... [0.057s]
Done!!! Sun Dec  3 09:35:58 PST 2017
Running iteration 1/3 for B60K (epsilon = 30 , mu = 10)...
2017-12-03 09:36:02,899 -> Starting session... [1.790s]
2017-12-03 09:36:06,690 -> Reading dataset... [3.790s]
2017-12-03 09:36:06,737 -> Lauching MaximalFinder at 09:36:06.696...
2017-12-03 09:36:06,768 -> 00.Setting mu=10,epsilon=30.0,cores=21,dataset=B60K
2017-12-03 09:36:06,829 -> [Partitions Info]Points;Before indexing;1024
2017-12-03 09:36:15,768 -> [Partitions Info]Points;After indexing;1024
2017-12-03 09:36:15,802 -> 01.Indexing points... [9.034s] [59143 results]
2017-12-03 09:36:25,741 -> 02.Getting pairs... [9.938s] [108522 results]
2017-12-03 09:36:31,393 -> 03.Computing centers... [5.652s] [217044 results]
2017-12-03 09:36:31,401 -> [Partitions Info]Centers;Before indexing;1024
2017-12-03 09:36:37,290 -> [Partitions Info]Centers;After indexing;1024
2017-12-03 09:36:37,290 -> 04.Indexing centers... [5.897s] [217044 results]
2017-12-03 09:36:47,207 -> 05.Getting disks... [9.917s] [217044 results]
2017-12-03 09:36:48,885 -> 06.Filtering less-than-mu disks... [1.678s] [17631 results]
2017-12-03 09:36:52,162 -> 07.Prunning duplicate candidates... [3.276s] [11667 results]
2017-12-03 09:36:52,169 -> [Partitions Info]Candidates;Before indexing;200
2017-12-03 09:36:53,057 -> 08.Indexing candidates... [4.171s] [11667 results]
2017-12-03 09:36:53,431 -> [Partitions Info]Candidates;After indexing;25
2017-12-03 09:36:53,431 -> 09.Getting expansions... [0.374s] [17632 results]
2017-12-03 09:36:54,184 -> 10.Finding maximal disks... [0.753s] [720 results]
2017-12-03 09:36:56,671 -> 11.Prunning duplicates and subsets... [2.487s] [720 results]
2017-12-03 09:36:56,671 ->      Dataset,   Eps, Cores, Mu,   Time, # Pairs,   # Disks, # Candidates, # Maximals
2017-12-03 09:36:56,671 ->         B60K,  30.0,    21, 10,  49.90,  108522,    217044,        11667,        720
2017-12-03 09:36:56,743 -> Dropping indices...[0.071s]
2017-12-03 09:36:56,743 -> Finishing MaximalFinder at 09:36:56.743...
2017-12-03 09:36:56,743 -> Total time for MaximalFinder: 50.006ms...
2017-12-03 09:36:56,803 -> Closing session... [0.060s]
Done!!! Sun Dec  3 09:36:58 PST 2017
Running iteration 2/3 for B60K (epsilon = 10 , mu = 10)...
2017-12-03 09:37:01,659 -> Starting session... [1.699s]
2017-12-03 09:37:05,463 -> Reading dataset... [3.803s]
2017-12-03 09:37:05,515 -> Lauching MaximalFinder at 09:37:05.470...
2017-12-03 09:37:05,550 -> 00.Setting mu=10,epsilon=10.0,cores=21,dataset=B60K
2017-12-03 09:37:05,610 -> [Partitions Info]Points;Before indexing;1024
2017-12-03 09:37:14,545 -> [Partitions Info]Points;After indexing;1024
2017-12-03 09:37:14,575 -> 01.Indexing points... [9.025s] [59143 results]
2017-12-03 09:37:23,850 -> 02.Getting pairs... [9.274s] [33678 results]
2017-12-03 09:37:27,928 -> 03.Computing centers... [4.078s] [67356 results]
2017-12-03 09:37:27,936 -> [Partitions Info]Centers;Before indexing;1024
2017-12-03 09:37:31,796 -> [Partitions Info]Centers;After indexing;1024
2017-12-03 09:37:31,796 -> 04.Indexing centers... [3.868s] [67356 results]
2017-12-03 09:37:38,933 -> 05.Getting disks... [7.137s] [67356 results]
2017-12-03 09:37:39,900 -> 06.Filtering less-than-mu disks... [0.966s] [630 results]
2017-12-03 09:37:42,879 -> 07.Prunning duplicate candidates... [2.979s] [333 results]
2017-12-03 09:37:42,885 -> [Partitions Info]Candidates;Before indexing;200
2017-12-03 09:37:43,454 -> 08.Indexing candidates... [3.554s] [333 results]
2017-12-03 09:37:43,650 -> [Partitions Info]Candidates;After indexing;25
2017-12-03 09:37:43,650 -> 09.Getting expansions... [0.196s] [1652 results]
2017-12-03 09:37:44,205 -> 10.Finding maximal disks... [0.554s] [51 results]
2017-12-03 09:37:46,317 -> 11.Prunning duplicates and subsets... [2.112s] [51 results]
2017-12-03 09:37:46,318 ->      Dataset,   Eps, Cores, Mu,   Time, # Pairs,   # Disks, # Candidates, # Maximals
2017-12-03 09:37:46,318 ->         B60K,  10.0,    21, 10,  40.77,   33678,     67356,          333,         51
2017-12-03 09:37:46,384 -> Dropping indices...[0.066s]
2017-12-03 09:37:46,384 -> Finishing MaximalFinder at 09:37:46.384...
2017-12-03 09:37:46,384 -> Total time for MaximalFinder: 40.868ms...
2017-12-03 09:37:46,435 -> Closing session... [0.051s]
Done!!! Sun Dec  3 09:37:46 PST 2017
Running iteration 2/3 for B60K (epsilon = 20 , mu = 10)...
2017-12-03 09:37:50,538 -> Starting session... [1.674s]
2017-12-03 09:37:54,446 -> Reading dataset... [3.907s]
2017-12-03 09:37:54,481 -> Lauching MaximalFinder at 09:37:54.450...
2017-12-03 09:37:54,513 -> 00.Setting mu=10,epsilon=20.0,cores=21,dataset=B60K
2017-12-03 09:37:54,570 -> [Partitions Info]Points;Before indexing;1024
2017-12-03 09:38:04,430 -> [Partitions Info]Points;After indexing;1024
2017-12-03 09:38:04,468 -> 01.Indexing points... [9.955s] [59143 results]
2017-12-03 09:38:14,480 -> 02.Getting pairs... [10.012s] [71457 results]
2017-12-03 09:38:19,670 -> 03.Computing centers... [5.189s] [142914 results]
2017-12-03 09:38:19,679 -> [Partitions Info]Centers;Before indexing;1024
2017-12-03 09:38:24,569 -> [Partitions Info]Centers;After indexing;1024
2017-12-03 09:38:24,569 -> 04.Indexing centers... [4.899s] [142914 results]
2017-12-03 09:38:33,464 -> 05.Getting disks... [8.895s] [142914 results]
2017-12-03 09:38:34,842 -> 06.Filtering less-than-mu disks... [1.378s] [7176 results]
2017-12-03 09:38:37,873 -> 07.Prunning duplicate candidates... [3.030s] [4572 results]
2017-12-03 09:38:37,882 -> [Partitions Info]Candidates;Before indexing;200
2017-12-03 09:38:38,497 -> 08.Indexing candidates... [3.654s] [4572 results]
2017-12-03 09:38:38,793 -> [Partitions Info]Candidates;After indexing;25
2017-12-03 09:38:38,793 -> 09.Getting expansions... [0.296s] [9578 results]
2017-12-03 09:38:39,437 -> 10.Finding maximal disks... [0.644s] [324 results]
2017-12-03 09:38:41,761 -> 11.Prunning duplicates and subsets... [2.324s] [324 results]
2017-12-03 09:38:41,762 ->      Dataset,   Eps, Cores, Mu,   Time, # Pairs,   # Disks, # Candidates, # Maximals
2017-12-03 09:38:41,762 ->         B60K,  20.0,    21, 10,  47.25,   71457,    142914,         4572,        324
2017-12-03 09:38:41,826 -> Dropping indices...[0.064s]
2017-12-03 09:38:41,826 -> Finishing MaximalFinder at 09:38:41.826...
2017-12-03 09:38:41,826 -> Total time for MaximalFinder: 47.345ms...
2017-12-03 09:38:41,870 -> Closing session... [0.044s]
Done!!! Sun Dec  3 09:38:42 PST 2017
Running iteration 2/3 for B60K (epsilon = 30 , mu = 10)...
2017-12-03 09:38:45,825 -> Starting session... [1.490s]
2017-12-03 09:38:49,783 -> Reading dataset... [3.956s]
2017-12-03 09:38:49,827 -> Lauching MaximalFinder at 09:38:49.789...
2017-12-03 09:38:49,858 -> 00.Setting mu=10,epsilon=30.0,cores=21,dataset=B60K
2017-12-03 09:38:49,917 -> [Partitions Info]Points;Before indexing;1024
2017-12-03 09:38:59,044 -> [Partitions Info]Points;After indexing;1024
2017-12-03 09:38:59,066 -> 01.Indexing points... [9.208s] [59143 results]
2017-12-03 09:39:09,183 -> 02.Getting pairs... [10.117s] [108522 results]
2017-12-03 09:39:15,218 -> 03.Computing centers... [6.035s] [217044 results]
2017-12-03 09:39:15,226 -> [Partitions Info]Centers;Before indexing;1024
2017-12-03 09:39:21,026 -> [Partitions Info]Centers;After indexing;1024
2017-12-03 09:39:21,026 -> 04.Indexing centers... [5.808s] [217044 results]
2017-12-03 09:39:30,636 -> 05.Getting disks... [9.610s] [217044 results]
2017-12-03 09:39:32,205 -> 06.Filtering less-than-mu disks... [1.569s] [17631 results]
2017-12-03 09:39:35,286 -> 07.Prunning duplicate candidates... [3.081s] [11667 results]
2017-12-03 09:39:35,292 -> [Partitions Info]Candidates;Before indexing;200
2017-12-03 09:39:35,972 -> 08.Indexing candidates... [3.767s] [11667 results]
2017-12-03 09:39:36,333 -> [Partitions Info]Candidates;After indexing;25
2017-12-03 09:39:36,333 -> 09.Getting expansions... [0.361s] [17632 results]
2017-12-03 09:39:37,055 -> 10.Finding maximal disks... [0.722s] [720 results]
2017-12-03 09:39:39,899 -> 11.Prunning duplicates and subsets... [2.844s] [720 results]
2017-12-03 09:39:39,899 ->      Dataset,   Eps, Cores, Mu,   Time, # Pairs,   # Disks, # Candidates, # Maximals
2017-12-03 09:39:39,900 ->         B60K,  30.0,    21, 10,  50.04,  108522,    217044,        11667,        720
2017-12-03 09:39:39,962 -> Dropping indices...[0.061s]
2017-12-03 09:39:39,962 -> Finishing MaximalFinder at 09:39:39.962...
2017-12-03 09:39:39,962 -> Total time for MaximalFinder: 50.135ms...
2017-12-03 09:39:40,014 -> Closing session... [0.052s]
Done!!! Sun Dec  3 09:39:41 PST 2017
Running iteration 3/3 for B60K (epsilon = 10 , mu = 10)...
2017-12-03 09:39:44,914 -> Starting session... [1.629s]
2017-12-03 09:39:48,602 -> Reading dataset... [3.688s]
2017-12-03 09:39:48,650 -> Lauching MaximalFinder at 09:39:48.608...
2017-12-03 09:39:48,680 -> 00.Setting mu=10,epsilon=10.0,cores=21,dataset=B60K
2017-12-03 09:39:48,739 -> [Partitions Info]Points;Before indexing;1024
2017-12-03 09:39:56,801 -> [Partitions Info]Points;After indexing;1024
2017-12-03 09:39:56,827 -> 01.Indexing points... [8.146s] [59143 results]
2017-12-03 09:40:06,118 -> 02.Getting pairs... [9.291s] [33678 results]
2017-12-03 09:40:10,223 -> 03.Computing centers... [4.105s] [67356 results]
2017-12-03 09:40:10,233 -> [Partitions Info]Centers;Before indexing;1024
2017-12-03 09:40:14,036 -> [Partitions Info]Centers;After indexing;1024
2017-12-03 09:40:14,037 -> 04.Indexing centers... [3.813s] [67356 results]
2017-12-03 09:40:21,104 -> 05.Getting disks... [7.067s] [67356 results]
2017-12-03 09:40:22,465 -> 06.Filtering less-than-mu disks... [1.361s] [630 results]
2017-12-03 09:40:25,243 -> 07.Prunning duplicate candidates... [2.778s] [333 results]
2017-12-03 09:40:25,248 -> [Partitions Info]Candidates;Before indexing;200
2017-12-03 09:40:25,872 -> 08.Indexing candidates... [3.407s] [333 results]
2017-12-03 09:40:26,104 -> [Partitions Info]Candidates;After indexing;25
2017-12-03 09:40:26,104 -> 09.Getting expansions... [0.232s] [1652 results]
2017-12-03 09:40:26,665 -> 10.Finding maximal disks... [0.560s] [51 results]
2017-12-03 09:40:29,521 -> 11.Prunning duplicates and subsets... [2.856s] [51 results]
2017-12-03 09:40:29,522 ->      Dataset,   Eps, Cores, Mu,   Time, # Pairs,   # Disks, # Candidates, # Maximals
2017-12-03 09:40:29,522 ->         B60K,  10.0,    21, 10,  40.84,   33678,     67356,          333,         51
2017-12-03 09:40:29,591 -> Dropping indices...[0.069s]
2017-12-03 09:40:29,591 -> Finishing MaximalFinder at 09:40:29.591...
2017-12-03 09:40:29,592 -> Total time for MaximalFinder: 40.941ms...
2017-12-03 09:40:29,640 -> Closing session... [0.048s]
Done!!! Sun Dec  3 09:40:30 PST 2017
Running iteration 3/3 for B60K (epsilon = 20 , mu = 10)...
2017-12-03 09:40:33,472 -> Starting session... [1.477s]
2017-12-03 09:40:37,210 -> Reading dataset... [3.738s]
2017-12-03 09:40:37,254 -> Lauching MaximalFinder at 09:40:37.216...
2017-12-03 09:40:37,285 -> 00.Setting mu=10,epsilon=20.0,cores=21,dataset=B60K
2017-12-03 09:40:37,344 -> [Partitions Info]Points;Before indexing;1024
2017-12-03 09:40:45,067 -> [Partitions Info]Points;After indexing;1024
2017-12-03 09:40:45,099 -> 01.Indexing points... [7.814s] [59143 results]
2017-12-03 09:40:54,995 -> 02.Getting pairs... [9.896s] [71457 results]
2017-12-03 09:41:00,429 -> 03.Computing centers... [5.434s] [142914 results]
2017-12-03 09:41:00,437 -> [Partitions Info]Centers;Before indexing;1024
2017-12-03 09:41:05,017 -> [Partitions Info]Centers;After indexing;1024
2017-12-03 09:41:05,018 -> 04.Indexing centers... [4.589s] [142914 results]
2017-12-03 09:41:13,674 -> 05.Getting disks... [8.656s] [142914 results]
2017-12-03 09:41:15,136 -> 06.Filtering less-than-mu disks... [1.462s] [7176 results]
2017-12-03 09:41:18,133 -> 07.Prunning duplicate candidates... [2.997s] [4572 results]
2017-12-03 09:41:18,139 -> [Partitions Info]Candidates;Before indexing;200
2017-12-03 09:41:18,870 -> 08.Indexing candidates... [3.734s] [4572 results]
2017-12-03 09:41:19,157 -> [Partitions Info]Candidates;After indexing;25
2017-12-03 09:41:19,157 -> 09.Getting expansions... [0.286s] [9578 results]
2017-12-03 09:41:19,764 -> 10.Finding maximal disks... [0.607s] [324 results]
2017-12-03 09:41:22,289 -> 11.Prunning duplicates and subsets... [2.525s] [324 results]
2017-12-03 09:41:22,290 ->      Dataset,   Eps, Cores, Mu,   Time, # Pairs,   # Disks, # Candidates, # Maximals
2017-12-03 09:41:22,290 ->         B60K,  20.0,    21, 10,  45.01,   71457,    142914,         4572,        324
2017-12-03 09:41:22,346 -> Dropping indices...[0.056s]
2017-12-03 09:41:22,347 -> Finishing MaximalFinder at 09:41:22.347...
2017-12-03 09:41:22,347 -> Total time for MaximalFinder: 45.091ms...
2017-12-03 09:41:22,403 -> Closing session... [0.056s]
Done!!! Sun Dec  3 09:41:22 PST 2017
Running iteration 3/3 for B60K (epsilon = 30 , mu = 10)...
2017-12-03 09:41:26,265 -> Starting session... [1.534s]
2017-12-03 09:41:30,241 -> Reading dataset... [3.976s]
2017-12-03 09:41:30,285 -> Lauching MaximalFinder at 09:41:30.247...
2017-12-03 09:41:30,314 -> 00.Setting mu=10,epsilon=30.0,cores=21,dataset=B60K
2017-12-03 09:41:30,372 -> [Partitions Info]Points;Before indexing;1024
2017-12-03 09:41:38,272 -> [Partitions Info]Points;After indexing;1024
2017-12-03 09:41:38,304 -> 01.Indexing points... [7.990s] [59143 results]
2017-12-03 09:41:48,132 -> 02.Getting pairs... [9.828s] [108522 results]
2017-12-03 09:41:54,343 -> 03.Computing centers... [6.210s] [217044 results]
2017-12-03 09:41:54,354 -> [Partitions Info]Centers;Before indexing;1024
2017-12-03 09:42:00,297 -> [Partitions Info]Centers;After indexing;1024
2017-12-03 09:42:00,297 -> 04.Indexing centers... [5.954s] [217044 results]
2017-12-03 09:42:10,047 -> 05.Getting disks... [9.750s] [217044 results]
2017-12-03 09:42:11,492 -> 06.Filtering less-than-mu disks... [1.445s] [17631 results]
2017-12-03 09:42:14,952 -> 07.Prunning duplicate candidates... [3.460s] [11667 results]
2017-12-03 09:42:14,958 -> [Partitions Info]Candidates;Before indexing;200
2017-12-03 09:42:15,623 -> 08.Indexing candidates... [4.131s] [11667 results]
2017-12-03 09:42:15,942 -> [Partitions Info]Candidates;After indexing;25
2017-12-03 09:42:15,942 -> 09.Getting expansions... [0.319s] [17632 results]
2017-12-03 09:42:16,644 -> 10.Finding maximal disks... [0.702s] [720 results]
2017-12-03 09:42:19,367 -> 11.Prunning duplicates and subsets... [2.723s] [720 results]
2017-12-03 09:42:19,368 ->      Dataset,   Eps, Cores, Mu,   Time, # Pairs,   # Disks, # Candidates, # Maximals
2017-12-03 09:42:19,368 ->         B60K,  30.0,    21, 10,  49.05,  108522,    217044,        11667,        720
2017-12-03 09:42:19,423 -> Dropping indices...[0.055s]
2017-12-03 09:42:19,423 -> Finishing MaximalFinder at 09:42:19.423...
2017-12-03 09:42:19,423 -> Total time for MaximalFinder: 49.138ms...
2017-12-03 09:42:19,531 -> Closing session... [0.108s]
Done!!! Sun Dec  3 09:42:20 PST 2017
acald013@dblab-rack12: stopping org.apache.spark.deploy.worker.Worker
acald013@dblab-rack14: stopping org.apache.spark.deploy.worker.Worker
acald013@dblab-rack11: stopping org.apache.spark.deploy.worker.Worker
stopping org.apache.spark.deploy.master.Master
starting org.apache.spark.deploy.master.Master, logging to /home/acald013/Spark/spark-2.1.0-bin-hadoop2.7/logs/spark-acald013-org.apache.spark.deploy.master.Master-1-dblab-rack11.cs.ucr.edu.out
acald013@dblab-rack12: starting org.apache.spark.deploy.worker.Worker, logging to /home/acald013/Spark/spark-2.1.0-bin-hadoop2.7/logs/spark-acald013-org.apache.spark.deploy.worker.Worker-1-dblab-rack12.out
acald013@dblab-rack15: starting org.apache.spark.deploy.worker.Worker, logging to /home/acald013/Spark/spark-2.1.0-bin-hadoop2.7/logs/spark-acald013-org.apache.spark.deploy.worker.Worker-1-dblab-rack15.out
acald013@dblab-rack14: starting org.apache.spark.deploy.worker.Worker, logging to /home/acald013/Spark/spark-2.1.0-bin-hadoop2.7/logs/spark-acald013-org.apache.spark.deploy.worker.Worker-1-dblab-rack14.cs.ucr.edu.out
acald013@dblab-rack11: starting org.apache.spark.deploy.worker.Worker, logging to /home/acald013/Spark/spark-2.1.0-bin-hadoop2.7/logs/spark-acald013-org.apache.spark.deploy.worker.Worker-1-dblab-rack11.cs.ucr.edu.out
Running iteration 1/3 for B80K (epsilon = 10 , mu = 10)...
2017-12-03 09:42:30,335 -> Starting session... [1.825s]
2017-12-03 09:42:34,066 -> Reading dataset... [3.731s]
2017-12-03 09:42:34,100 -> Lauching MaximalFinder at 09:42:34.070...
2017-12-03 09:42:34,143 -> 00.Setting mu=10,epsilon=10.0,cores=35,dataset=B80K
2017-12-03 09:42:34,230 -> [Partitions Info]Points;Before indexing;1024
2017-12-03 09:42:42,893 -> [Partitions Info]Points;After indexing;1024
2017-12-03 09:42:42,926 -> 01.Indexing points... [8.781s] [78857 results]
2017-12-03 09:42:52,170 -> 02.Getting pairs... [9.244s] [44904 results]
2017-12-03 09:42:55,572 -> 03.Computing centers... [3.401s] [89808 results]
2017-12-03 09:42:55,584 -> [Partitions Info]Centers;Before indexing;1024
2017-12-03 09:42:59,105 -> [Partitions Info]Centers;After indexing;1024
2017-12-03 09:42:59,105 -> 04.Indexing centers... [3.533s] [89808 results]
2017-12-03 09:43:06,997 -> 05.Getting disks... [7.892s] [89808 results]
2017-12-03 09:43:08,000 -> 06.Filtering less-than-mu disks... [1.003s] [840 results]
2017-12-03 09:43:11,189 -> 07.Prunning duplicate candidates... [3.189s] [444 results]
2017-12-03 09:43:11,196 -> [Partitions Info]Candidates;Before indexing;200
2017-12-03 09:43:11,906 -> 08.Indexing candidates... [3.906s] [444 results]
2017-12-03 09:43:12,244 -> [Partitions Info]Candidates;After indexing;36
2017-12-03 09:43:12,244 -> 09.Getting expansions... [0.338s] [2703 results]
2017-12-03 09:43:13,210 -> 10.Finding maximal disks... [0.966s] [68 results]
2017-12-03 09:43:16,132 -> 11.Prunning duplicates and subsets... [2.922s] [68 results]
2017-12-03 09:43:16,133 ->      Dataset,   Eps, Cores, Mu,   Time, # Pairs,   # Disks, # Candidates, # Maximals
2017-12-03 09:43:16,133 ->         B80K,  10.0,    35, 10,  41.99,   44904,     89808,          444,         68
2017-12-03 09:43:16,194 -> Dropping indices...[0.061s]
2017-12-03 09:43:16,194 -> Finishing MaximalFinder at 09:43:16.194...
2017-12-03 09:43:16,194 -> Total time for MaximalFinder: 42.094ms...
2017-12-03 09:43:16,239 -> Closing session... [0.045s]
Done!!! Sun Dec  3 09:43:17 PST 2017
Running iteration 1/3 for B80K (epsilon = 20 , mu = 10)...
2017-12-03 09:43:21,231 -> Starting session... [1.780s]
2017-12-03 09:43:25,174 -> Reading dataset... [3.942s]
2017-12-03 09:43:25,208 -> Lauching MaximalFinder at 09:43:25.178...
2017-12-03 09:43:25,237 -> 00.Setting mu=10,epsilon=20.0,cores=35,dataset=B80K
2017-12-03 09:43:25,298 -> [Partitions Info]Points;Before indexing;1024
2017-12-03 09:43:33,861 -> [Partitions Info]Points;After indexing;1024
2017-12-03 09:43:33,893 -> 01.Indexing points... [8.656s] [78857 results]
2017-12-03 09:43:43,286 -> 02.Getting pairs... [9.393s] [95276 results]
2017-12-03 09:43:48,086 -> 03.Computing centers... [4.800s] [190552 results]
2017-12-03 09:43:48,102 -> [Partitions Info]Centers;Before indexing;1024
2017-12-03 09:43:52,385 -> [Partitions Info]Centers;After indexing;1024
2017-12-03 09:43:52,386 -> 04.Indexing centers... [4.299s] [190552 results]
2017-12-03 09:44:00,998 -> 05.Getting disks... [8.612s] [190552 results]
2017-12-03 09:44:02,423 -> 06.Filtering less-than-mu disks... [1.425s] [9568 results]
2017-12-03 09:44:06,602 -> 07.Prunning duplicate candidates... [4.178s] [6096 results]
2017-12-03 09:44:06,608 -> [Partitions Info]Candidates;Before indexing;200
2017-12-03 09:44:07,328 -> 08.Indexing candidates... [4.904s] [6096 results]
2017-12-03 09:44:07,640 -> [Partitions Info]Candidates;After indexing;36
2017-12-03 09:44:07,640 -> 09.Getting expansions... [0.311s] [12585 results]
2017-12-03 09:44:08,573 -> 10.Finding maximal disks... [0.933s] [432 results]
2017-12-03 09:44:11,298 -> 11.Prunning duplicates and subsets... [2.725s] [432 results]
2017-12-03 09:44:11,299 ->      Dataset,   Eps, Cores, Mu,   Time, # Pairs,   # Disks, # Candidates, # Maximals
2017-12-03 09:44:11,299 ->         B80K,  20.0,    35, 10,  46.06,   95276,    190552,         6096,        432
2017-12-03 09:44:11,371 -> Dropping indices...[0.072s]
2017-12-03 09:44:11,372 -> Finishing MaximalFinder at 09:44:11.371...
2017-12-03 09:44:11,372 -> Total time for MaximalFinder: 46.163ms...
2017-12-03 09:44:11,436 -> Closing session... [0.064s]
Done!!! Sun Dec  3 09:44:11 PST 2017
Running iteration 1/3 for B80K (epsilon = 30 , mu = 10)...
2017-12-03 09:44:15,569 -> Starting session... [1.708s]
2017-12-03 09:44:19,664 -> Reading dataset... [4.094s]
2017-12-03 09:44:19,698 -> Lauching MaximalFinder at 09:44:19.668...
2017-12-03 09:44:19,729 -> 00.Setting mu=10,epsilon=30.0,cores=35,dataset=B80K
2017-12-03 09:44:19,793 -> [Partitions Info]Points;Before indexing;1024
2017-12-03 09:44:29,774 -> [Partitions Info]Points;After indexing;1024
2017-12-03 09:44:29,814 -> 01.Indexing points... [10.085s] [78857 results]
2017-12-03 09:44:40,088 -> 02.Getting pairs... [10.274s] [144696 results]
2017-12-03 09:44:45,461 -> 03.Computing centers... [5.373s] [289392 results]
2017-12-03 09:44:45,471 -> [Partitions Info]Centers;Before indexing;1024
2017-12-03 09:44:51,135 -> [Partitions Info]Centers;After indexing;1024
2017-12-03 09:44:51,135 -> 04.Indexing centers... [5.674s] [289392 results]
2017-12-03 09:45:00,951 -> 05.Getting disks... [9.815s] [289392 results]
2017-12-03 09:45:02,599 -> 06.Filtering less-than-mu disks... [1.648s] [23508 results]
2017-12-03 09:45:06,730 -> 07.Prunning duplicate candidates... [4.131s] [15556 results]
2017-12-03 09:45:06,737 -> [Partitions Info]Candidates;Before indexing;200
2017-12-03 09:45:07,414 -> 08.Indexing candidates... [4.815s] [15556 results]
2017-12-03 09:45:07,772 -> [Partitions Info]Candidates;After indexing;36
2017-12-03 09:45:07,772 -> 09.Getting expansions... [0.358s] [24005 results]
2017-12-03 09:45:08,547 -> 10.Finding maximal disks... [0.775s] [962 results]
2017-12-03 09:45:11,568 -> 11.Prunning duplicates and subsets... [3.021s] [960 results]
2017-12-03 09:45:11,568 ->      Dataset,   Eps, Cores, Mu,   Time, # Pairs,   # Disks, # Candidates, # Maximals
2017-12-03 09:45:11,568 ->         B80K,  30.0,    35, 10,  51.84,  144696,    289392,        15556,        960
2017-12-03 09:45:11,627 -> Dropping indices...[0.059s]
2017-12-03 09:45:11,627 -> Finishing MaximalFinder at 09:45:11.627...
2017-12-03 09:45:11,627 -> Total time for MaximalFinder: 51.928ms...
2017-12-03 09:45:11,735 -> Closing session... [0.108s]
Done!!! Sun Dec  3 09:45:12 PST 2017
Running iteration 2/3 for B80K (epsilon = 10 , mu = 10)...
2017-12-03 09:45:15,607 -> Starting session... [1.517s]
2017-12-03 09:45:19,357 -> Reading dataset... [3.750s]
2017-12-03 09:45:19,401 -> Lauching MaximalFinder at 09:45:19.363...
2017-12-03 09:45:19,431 -> 00.Setting mu=10,epsilon=10.0,cores=35,dataset=B80K
2017-12-03 09:45:19,491 -> [Partitions Info]Points;Before indexing;1024
2017-12-03 09:45:28,297 -> [Partitions Info]Points;After indexing;1024
2017-12-03 09:45:28,325 -> 01.Indexing points... [8.894s] [78857 results]
2017-12-03 09:45:37,729 -> 02.Getting pairs... [9.404s] [44904 results]
2017-12-03 09:45:41,739 -> 03.Computing centers... [4.009s] [89808 results]
2017-12-03 09:45:41,751 -> [Partitions Info]Centers;Before indexing;1024
2017-12-03 09:45:45,240 -> [Partitions Info]Centers;After indexing;1024
2017-12-03 09:45:45,240 -> 04.Indexing centers... [3.501s] [89808 results]
2017-12-03 09:45:52,892 -> 05.Getting disks... [7.652s] [89808 results]
2017-12-03 09:45:54,108 -> 06.Filtering less-than-mu disks... [1.215s] [840 results]
2017-12-03 09:45:57,276 -> 07.Prunning duplicate candidates... [3.168s] [444 results]
2017-12-03 09:45:57,282 -> [Partitions Info]Candidates;Before indexing;200
2017-12-03 09:45:57,859 -> 08.Indexing candidates... [3.751s] [444 results]
2017-12-03 09:45:58,146 -> [Partitions Info]Candidates;After indexing;36
2017-12-03 09:45:58,146 -> 09.Getting expansions... [0.287s] [2703 results]
2017-12-03 09:45:58,928 -> 10.Finding maximal disks... [0.782s] [68 results]
2017-12-03 09:46:02,559 -> 11.Prunning duplicates and subsets... [3.631s] [68 results]
2017-12-03 09:46:02,560 ->      Dataset,   Eps, Cores, Mu,   Time, # Pairs,   # Disks, # Candidates, # Maximals
2017-12-03 09:46:02,560 ->         B80K,  10.0,    35, 10,  43.13,   44904,     89808,          444,         68
2017-12-03 09:46:02,626 -> Dropping indices...[0.066s]
2017-12-03 09:46:02,627 -> Finishing MaximalFinder at 09:46:02.627...
2017-12-03 09:46:02,627 -> Total time for MaximalFinder: 43.226ms...
2017-12-03 09:46:02,720 -> Closing session... [0.093s]
Done!!! Sun Dec  3 09:46:03 PST 2017
Running iteration 2/3 for B80K (epsilon = 20 , mu = 10)...
2017-12-03 09:46:06,568 -> Starting session... [1.487s]
2017-12-03 09:46:10,297 -> Reading dataset... [3.729s]
2017-12-03 09:46:10,343 -> Lauching MaximalFinder at 09:46:10.303...
2017-12-03 09:46:10,373 -> 00.Setting mu=10,epsilon=20.0,cores=35,dataset=B80K
2017-12-03 09:46:10,546 -> [Partitions Info]Points;Before indexing;1024
2017-12-03 09:46:19,649 -> [Partitions Info]Points;After indexing;1024
2017-12-03 09:46:19,674 -> 01.Indexing points... [9.301s] [78857 results]
2017-12-03 09:46:29,023 -> 02.Getting pairs... [9.349s] [95276 results]
2017-12-03 09:46:33,655 -> 03.Computing centers... [4.631s] [190552 results]
2017-12-03 09:46:33,665 -> [Partitions Info]Centers;Before indexing;1024
2017-12-03 09:46:38,803 -> [Partitions Info]Centers;After indexing;1024
2017-12-03 09:46:38,803 -> 04.Indexing centers... [5.148s] [190552 results]
2017-12-03 09:46:47,189 -> 05.Getting disks... [8.386s] [190552 results]
2017-12-03 09:46:48,708 -> 06.Filtering less-than-mu disks... [1.519s] [9568 results]
2017-12-03 09:46:52,629 -> 07.Prunning duplicate candidates... [3.921s] [6096 results]
2017-12-03 09:46:52,636 -> [Partitions Info]Candidates;Before indexing;200
2017-12-03 09:46:53,357 -> 08.Indexing candidates... [4.649s] [6096 results]
2017-12-03 09:46:53,692 -> [Partitions Info]Candidates;After indexing;36
2017-12-03 09:46:53,692 -> 09.Getting expansions... [0.334s] [12585 results]
2017-12-03 09:46:54,375 -> 10.Finding maximal disks... [0.683s] [432 results]
2017-12-03 09:46:57,309 -> 11.Prunning duplicates and subsets... [2.934s] [432 results]
2017-12-03 09:46:57,309 ->      Dataset,   Eps, Cores, Mu,   Time, # Pairs,   # Disks, # Candidates, # Maximals
2017-12-03 09:46:57,309 ->         B80K,  20.0,    35, 10,  46.94,   95276,    190552,         6096,        432
2017-12-03 09:46:57,365 -> Dropping indices...[0.056s]
2017-12-03 09:46:57,365 -> Finishing MaximalFinder at 09:46:57.365...
2017-12-03 09:46:57,365 -> Total time for MaximalFinder: 47.022ms...
2017-12-03 09:46:57,412 -> Closing session... [0.047s]
Done!!! Sun Dec  3 09:46:57 PST 2017
Running iteration 2/3 for B80K (epsilon = 30 , mu = 10)...
2017-12-03 09:47:01,623 -> Starting session... [1.791s]
2017-12-03 09:47:05,487 -> Reading dataset... [3.862s]
2017-12-03 09:47:05,529 -> Lauching MaximalFinder at 09:47:05.492...
2017-12-03 09:47:05,558 -> 00.Setting mu=10,epsilon=30.0,cores=35,dataset=B80K
2017-12-03 09:47:05,617 -> [Partitions Info]Points;Before indexing;1024
2017-12-03 09:47:14,502 -> [Partitions Info]Points;After indexing;1024
2017-12-03 09:47:14,540 -> 01.Indexing points... [8.982s] [78857 results]
2017-12-03 09:47:24,432 -> 02.Getting pairs... [9.892s] [144696 results]
2017-12-03 09:47:30,228 -> 03.Computing centers... [5.795s] [289392 results]
2017-12-03 09:47:30,236 -> [Partitions Info]Centers;Before indexing;1024
2017-12-03 09:47:35,938 -> [Partitions Info]Centers;After indexing;1024
2017-12-03 09:47:35,938 -> 04.Indexing centers... [5.709s] [289392 results]
2017-12-03 09:47:46,177 -> 05.Getting disks... [10.239s] [289392 results]
2017-12-03 09:47:47,699 -> 06.Filtering less-than-mu disks... [1.522s] [23508 results]
2017-12-03 09:47:51,592 -> 07.Prunning duplicate candidates... [3.893s] [15556 results]
2017-12-03 09:47:51,600 -> [Partitions Info]Candidates;Before indexing;200
2017-12-03 09:47:52,319 -> 08.Indexing candidates... [4.620s] [15556 results]
2017-12-03 09:47:52,797 -> [Partitions Info]Candidates;After indexing;36
2017-12-03 09:47:52,797 -> 09.Getting expansions... [0.478s] [24005 results]
2017-12-03 09:47:53,618 -> 10.Finding maximal disks... [0.820s] [962 results]
2017-12-03 09:47:56,752 -> 11.Prunning duplicates and subsets... [3.134s] [960 results]
2017-12-03 09:47:56,753 ->      Dataset,   Eps, Cores, Mu,   Time, # Pairs,   # Disks, # Candidates, # Maximals
2017-12-03 09:47:56,753 ->         B80K,  30.0,    35, 10,  51.19,  144696,    289392,        15556,        960
2017-12-03 09:47:56,816 -> Dropping indices...[0.063s]
2017-12-03 09:47:56,816 -> Finishing MaximalFinder at 09:47:56.816...
2017-12-03 09:47:56,816 -> Total time for MaximalFinder: 51.287ms...
2017-12-03 09:47:56,866 -> Closing session... [0.050s]
Done!!! Sun Dec  3 09:47:57 PST 2017
Running iteration 3/3 for B80K (epsilon = 10 , mu = 10)...
2017-12-03 09:48:00,918 -> Starting session... [1.573s]
2017-12-03 09:48:04,846 -> Reading dataset... [3.928s]
2017-12-03 09:48:04,905 -> Lauching MaximalFinder at 09:48:04.854...
2017-12-03 09:48:04,942 -> 00.Setting mu=10,epsilon=10.0,cores=35,dataset=B80K
2017-12-03 09:48:05,004 -> [Partitions Info]Points;Before indexing;1024
2017-12-03 09:48:13,848 -> [Partitions Info]Points;After indexing;1024
2017-12-03 09:48:13,882 -> 01.Indexing points... [8.940s] [78857 results]
2017-12-03 09:48:23,108 -> 02.Getting pairs... [9.226s] [44904 results]
2017-12-03 09:48:26,760 -> 03.Computing centers... [3.651s] [89808 results]
2017-12-03 09:48:26,772 -> [Partitions Info]Centers;Before indexing;1024
2017-12-03 09:48:30,441 -> [Partitions Info]Centers;After indexing;1024
2017-12-03 09:48:30,441 -> 04.Indexing centers... [3.681s] [89808 results]
2017-12-03 09:48:37,744 -> 05.Getting disks... [7.303s] [89808 results]
2017-12-03 09:48:38,900 -> 06.Filtering less-than-mu disks... [1.156s] [840 results]
2017-12-03 09:48:42,658 -> 07.Prunning duplicate candidates... [3.758s] [444 results]
2017-12-03 09:48:42,664 -> [Partitions Info]Candidates;Before indexing;200
2017-12-03 09:48:43,266 -> 08.Indexing candidates... [4.366s] [444 results]
2017-12-03 09:48:43,498 -> [Partitions Info]Candidates;After indexing;36
2017-12-03 09:48:43,499 -> 09.Getting expansions... [0.233s] [2703 results]
2017-12-03 09:48:44,388 -> 10.Finding maximal disks... [0.889s] [68 results]
2017-12-03 09:48:47,038 -> 11.Prunning duplicates and subsets... [2.650s] [68 results]
2017-12-03 09:48:47,038 ->      Dataset,   Eps, Cores, Mu,   Time, # Pairs,   # Disks, # Candidates, # Maximals
2017-12-03 09:48:47,038 ->         B80K,  10.0,    35, 10,  42.10,   44904,     89808,          444,         68
2017-12-03 09:48:47,107 -> Dropping indices...[0.069s]
2017-12-03 09:48:47,108 -> Finishing MaximalFinder at 09:48:47.107...
2017-12-03 09:48:47,108 -> Total time for MaximalFinder: 42.202ms...
2017-12-03 09:48:47,174 -> Closing session... [0.066s]
Done!!! Sun Dec  3 09:48:47 PST 2017
Running iteration 3/3 for B80K (epsilon = 20 , mu = 10)...
2017-12-03 09:48:51,112 -> Starting session... [1.683s]
2017-12-03 09:48:54,986 -> Reading dataset... [3.873s]
2017-12-03 09:48:55,024 -> Lauching MaximalFinder at 09:48:54.990...
2017-12-03 09:48:55,065 -> 00.Setting mu=10,epsilon=20.0,cores=35,dataset=B80K
2017-12-03 09:48:55,137 -> [Partitions Info]Points;Before indexing;1024
2017-12-03 09:49:03,919 -> [Partitions Info]Points;After indexing;1024
2017-12-03 09:49:03,952 -> 01.Indexing points... [8.887s] [78857 results]
2017-12-03 09:49:13,779 -> 02.Getting pairs... [9.827s] [95276 results]
2017-12-03 09:49:18,543 -> 03.Computing centers... [4.764s] [190552 results]
2017-12-03 09:49:18,554 -> [Partitions Info]Centers;Before indexing;1024
2017-12-03 09:49:22,936 -> [Partitions Info]Centers;After indexing;1024
2017-12-03 09:49:22,936 -> 04.Indexing centers... [4.392s] [190552 results]
2017-12-03 09:49:31,347 -> 05.Getting disks... [8.411s] [190552 results]
2017-12-03 09:49:32,742 -> 06.Filtering less-than-mu disks... [1.395s] [9568 results]
2017-12-03 09:49:36,526 -> 07.Prunning duplicate candidates... [3.784s] [6096 results]
2017-12-03 09:49:36,532 -> [Partitions Info]Candidates;Before indexing;200
2017-12-03 09:49:37,151 -> 08.Indexing candidates... [4.409s] [6096 results]
2017-12-03 09:49:37,668 -> [Partitions Info]Candidates;After indexing;36
2017-12-03 09:49:37,668 -> 09.Getting expansions... [0.517s] [12585 results]
2017-12-03 09:49:38,609 -> 10.Finding maximal disks... [0.941s] [432 results]
2017-12-03 09:49:41,272 -> 11.Prunning duplicates and subsets... [2.663s] [432 results]
2017-12-03 09:49:41,273 ->      Dataset,   Eps, Cores, Mu,   Time, # Pairs,   # Disks, # Candidates, # Maximals
2017-12-03 09:49:41,273 ->         B80K,  20.0,    35, 10,  46.21,   95276,    190552,         6096,        432
2017-12-03 09:49:41,337 -> Dropping indices...[0.064s]
2017-12-03 09:49:41,338 -> Finishing MaximalFinder at 09:49:41.338...
2017-12-03 09:49:41,338 -> Total time for MaximalFinder: 46.313ms...
2017-12-03 09:49:41,409 -> Closing session... [0.071s]
Done!!! Sun Dec  3 09:49:41 PST 2017
Running iteration 3/3 for B80K (epsilon = 30 , mu = 10)...
2017-12-03 09:49:45,525 -> Starting session... [1.740s]
2017-12-03 09:49:49,274 -> Reading dataset... [3.749s]
2017-12-03 09:49:49,324 -> Lauching MaximalFinder at 09:49:49.281...
2017-12-03 09:49:49,355 -> 00.Setting mu=10,epsilon=30.0,cores=35,dataset=B80K
2017-12-03 09:49:49,416 -> [Partitions Info]Points;Before indexing;1024
2017-12-03 09:49:57,620 -> [Partitions Info]Points;After indexing;1024
2017-12-03 09:49:57,653 -> 01.Indexing points... [8.298s] [78857 results]
2017-12-03 09:50:08,243 -> 02.Getting pairs... [10.590s] [144696 results]
2017-12-03 09:50:13,335 -> 03.Computing centers... [5.091s] [289392 results]
2017-12-03 09:50:13,348 -> [Partitions Info]Centers;Before indexing;1024
2017-12-03 09:50:18,645 -> [Partitions Info]Centers;After indexing;1024
2017-12-03 09:50:18,645 -> 04.Indexing centers... [5.310s] [289392 results]
2017-12-03 09:50:27,979 -> 05.Getting disks... [9.334s] [289392 results]
2017-12-03 09:50:29,673 -> 06.Filtering less-than-mu disks... [1.694s] [23508 results]
2017-12-03 09:50:34,225 -> 07.Prunning duplicate candidates... [4.552s] [15556 results]
2017-12-03 09:50:34,232 -> [Partitions Info]Candidates;Before indexing;200
2017-12-03 09:50:35,098 -> 08.Indexing candidates... [5.425s] [15556 results]
2017-12-03 09:50:35,479 -> [Partitions Info]Candidates;After indexing;36
2017-12-03 09:50:35,479 -> 09.Getting expansions... [0.381s] [24005 results]
2017-12-03 09:50:36,156 -> 10.Finding maximal disks... [0.677s] [962 results]
2017-12-03 09:50:39,330 -> 11.Prunning duplicates and subsets... [3.174s] [960 results]
2017-12-03 09:50:39,330 ->      Dataset,   Eps, Cores, Mu,   Time, # Pairs,   # Disks, # Candidates, # Maximals
2017-12-03 09:50:39,330 ->         B80K,  30.0,    35, 10,  49.98,  144696,    289392,        15556,        960
2017-12-03 09:50:39,384 -> Dropping indices...[0.054s]
2017-12-03 09:50:39,384 -> Finishing MaximalFinder at 09:50:39.384...
2017-12-03 09:50:39,384 -> Total time for MaximalFinder: 50.060ms...
2017-12-03 09:50:39,427 -> Closing session... [0.042s]
Done!!! Sun Dec  3 09:50:39 PST 2017
acald013@dblab-rack12: stopping org.apache.spark.deploy.worker.Worker
acald013@dblab-rack14: stopping org.apache.spark.deploy.worker.Worker
acald013@dblab-rack15: stopping org.apache.spark.deploy.worker.Worker
acald013@dblab-rack11: stopping org.apache.spark.deploy.worker.Worker
stopping org.apache.spark.deploy.master.Master
Done!!!
