Sun Dec 3 09:50:40 PST 2017


Sun Dec 3 09:50:40 PST 2017
[WorkerOrder] 14-12-11-15
acald013@dblab-rack12: no org.apache.spark.deploy.worker.Worker to stop
acald013@dblab-rack15: no org.apache.spark.deploy.worker.Worker to stop
acald013@dblab-rack11: no org.apache.spark.deploy.worker.Worker to stop
acald013@dblab-rack14: no org.apache.spark.deploy.worker.Worker to stop
no org.apache.spark.deploy.master.Master to stop
starting org.apache.spark.deploy.master.Master, logging to /home/acald013/Spark/spark-2.1.0-bin-hadoop2.7/logs/spark-acald013-org.apache.spark.deploy.master.Master-1-dblab-rack11.cs.ucr.edu.out
acald013@dblab-rack14: starting org.apache.spark.deploy.worker.Worker, logging to /home/acald013/Spark/spark-2.1.0-bin-hadoop2.7/logs/spark-acald013-org.apache.spark.deploy.worker.Worker-1-dblab-rack14.cs.ucr.edu.out
Running iteration 1/3 for B20K (epsilon = 10 , mu = 10)...
2017-12-03 09:50:49,429 -> Starting session... [1.672s]
2017-12-03 09:50:52,695 -> Reading dataset... [3.266s]
2017-12-03 09:50:52,750 -> Lauching MaximalFinder at 09:50:52.703...
2017-12-03 09:50:52,784 -> 00.Setting mu=10,epsilon=10.0,cores=7,dataset=B20K
2017-12-03 09:50:52,847 -> [Partitions Info]Points;Before indexing;1024
2017-12-03 09:50:59,950 -> [Partitions Info]Points;After indexing;1024
2017-12-03 09:50:59,975 -> 01.Indexing points... [7.191s] [19715 results]
2017-12-03 09:51:09,094 -> 02.Getting pairs... [9.118s] [11226 results]
2017-12-03 09:51:13,585 -> 03.Computing centers... [4.491s] [22452 results]
2017-12-03 09:51:13,598 -> [Partitions Info]Centers;Before indexing;1024
2017-12-03 09:51:17,697 -> [Partitions Info]Centers;After indexing;1024
2017-12-03 09:51:17,697 -> 04.Indexing centers... [4.112s] [22452 results]
2017-12-03 09:51:25,640 -> 05.Getting disks... [7.943s] [22452 results]
2017-12-03 09:51:26,336 -> 06.Filtering less-than-mu disks... [0.696s] [210 results]
2017-12-03 09:51:28,721 -> 07.Prunning duplicate candidates... [2.385s] [111 results]
2017-12-03 09:51:28,727 -> [Partitions Info]Candidates;Before indexing;200
2017-12-03 09:51:29,296 -> 08.Indexing candidates... [2.960s] [111 results]
2017-12-03 09:51:29,532 -> [Partitions Info]Candidates;After indexing;9
2017-12-03 09:51:29,532 -> 09.Getting expansions... [0.236s] [466 results]
2017-12-03 09:51:30,039 -> 10.Finding maximal disks... [0.507s] [17 results]
2017-12-03 09:51:31,745 -> 11.Prunning duplicates and subsets... [1.706s] [17 results]
2017-12-03 09:51:31,745 ->      Dataset,   Eps, Cores, Mu,   Time, # Pairs,   # Disks, # Candidates, # Maximals
2017-12-03 09:51:31,745 ->         B20K,  10.0,     7, 10,  38.96,   11226,     22452,          111,         17
2017-12-03 09:51:31,793 -> Dropping indices...[0.048s]
2017-12-03 09:51:31,794 -> Finishing MaximalFinder at 09:51:31.794...
2017-12-03 09:51:31,794 -> Total time for MaximalFinder: 39.044ms...
2017-12-03 09:51:31,838 -> Closing session... [0.044s]
Done!!! Sun Dec  3 09:51:32 PST 2017
Running iteration 1/3 for B20K (epsilon = 20 , mu = 10)...
2017-12-03 09:51:35,829 -> Starting session... [1.610s]
2017-12-03 09:51:39,088 -> Reading dataset... [3.259s]
2017-12-03 09:51:39,133 -> Lauching MaximalFinder at 09:51:39.094...
2017-12-03 09:51:39,163 -> 00.Setting mu=10,epsilon=20.0,cores=7,dataset=B20K
2017-12-03 09:51:39,222 -> [Partitions Info]Points;Before indexing;1024
2017-12-03 09:51:46,302 -> [Partitions Info]Points;After indexing;1024
2017-12-03 09:51:46,325 -> 01.Indexing points... [7.162s] [19715 results]
2017-12-03 09:51:55,902 -> 02.Getting pairs... [9.577s] [23819 results]
2017-12-03 09:52:00,702 -> 03.Computing centers... [4.800s] [47638 results]
2017-12-03 09:52:00,713 -> [Partitions Info]Centers;Before indexing;1024
2017-12-03 09:52:05,597 -> [Partitions Info]Centers;After indexing;1024
2017-12-03 09:52:05,597 -> 04.Indexing centers... [4.894s] [47638 results]
2017-12-03 09:52:14,779 -> 05.Getting disks... [9.182s] [47638 results]
2017-12-03 09:52:15,915 -> 06.Filtering less-than-mu disks... [1.136s] [2392 results]
2017-12-03 09:52:18,646 -> 07.Prunning duplicate candidates... [2.731s] [1524 results]
2017-12-03 09:52:18,653 -> [Partitions Info]Candidates;Before indexing;200
2017-12-03 09:52:19,265 -> 08.Indexing candidates... [3.350s] [1524 results]
2017-12-03 09:52:19,703 -> [Partitions Info]Candidates;After indexing;9
2017-12-03 09:52:19,703 -> 09.Getting expansions... [0.438s] [2613 results]
2017-12-03 09:52:20,280 -> 10.Finding maximal disks... [0.577s] [108 results]
2017-12-03 09:52:22,103 -> 11.Prunning duplicates and subsets... [1.823s] [108 results]
2017-12-03 09:52:22,104 ->      Dataset,   Eps, Cores, Mu,   Time, # Pairs,   # Disks, # Candidates, # Maximals
2017-12-03 09:52:22,104 ->         B20K,  20.0,     7, 10,  42.94,   23819,     47638,         1524,        108
2017-12-03 09:52:22,152 -> Dropping indices...[0.048s]
2017-12-03 09:52:22,152 -> Finishing MaximalFinder at 09:52:22.152...
2017-12-03 09:52:22,152 -> Total time for MaximalFinder: 43.019ms...
2017-12-03 09:52:22,187 -> Closing session... [0.035s]
Done!!! Sun Dec  3 09:52:22 PST 2017
Running iteration 1/3 for B20K (epsilon = 30 , mu = 10)...
2017-12-03 09:52:26,244 -> Starting session... [1.580s]
2017-12-03 09:52:29,413 -> Reading dataset... [3.168s]
2017-12-03 09:52:29,462 -> Lauching MaximalFinder at 09:52:29.420...
2017-12-03 09:52:29,495 -> 00.Setting mu=10,epsilon=30.0,cores=7,dataset=B20K
2017-12-03 09:52:29,556 -> [Partitions Info]Points;Before indexing;1024
2017-12-03 09:52:36,496 -> [Partitions Info]Points;After indexing;1024
2017-12-03 09:52:36,522 -> 01.Indexing points... [7.027s] [19715 results]
2017-12-03 09:52:46,438 -> 02.Getting pairs... [9.915s] [36174 results]
2017-12-03 09:52:51,554 -> 03.Computing centers... [5.115s] [72348 results]
2017-12-03 09:52:51,562 -> [Partitions Info]Centers;Before indexing;1024
2017-12-03 09:52:56,660 -> [Partitions Info]Centers;After indexing;1024
2017-12-03 09:52:56,660 -> 04.Indexing centers... [5.106s] [72348 results]
2017-12-03 09:53:06,921 -> 05.Getting disks... [10.261s] [72348 results]
2017-12-03 09:53:08,274 -> 06.Filtering less-than-mu disks... [1.353s] [5877 results]
2017-12-03 09:53:11,345 -> 07.Prunning duplicate candidates... [3.071s] [3889 results]
2017-12-03 09:53:11,351 -> [Partitions Info]Candidates;Before indexing;200
2017-12-03 09:53:12,000 -> 08.Indexing candidates... [3.726s] [3889 results]
2017-12-03 09:53:12,314 -> [Partitions Info]Candidates;After indexing;9
2017-12-03 09:53:12,314 -> 09.Getting expansions... [0.313s] [5518 results]
2017-12-03 09:53:12,952 -> 10.Finding maximal disks... [0.638s] [240 results]
2017-12-03 09:53:14,810 -> 11.Prunning duplicates and subsets... [1.858s] [240 results]
2017-12-03 09:53:14,810 ->      Dataset,   Eps, Cores, Mu,   Time, # Pairs,   # Disks, # Candidates, # Maximals
2017-12-03 09:53:14,811 ->         B20K,  30.0,     7, 10,  45.32,   36174,     72348,         3889,        240
2017-12-03 09:53:14,861 -> Dropping indices...[0.050s]
2017-12-03 09:53:14,861 -> Finishing MaximalFinder at 09:53:14.861...
2017-12-03 09:53:14,861 -> Total time for MaximalFinder: 45.399ms...
2017-12-03 09:53:14,915 -> Closing session... [0.054s]
Done!!! Sun Dec  3 09:53:15 PST 2017
Running iteration 2/3 for B20K (epsilon = 10 , mu = 10)...
2017-12-03 09:53:18,959 -> Starting session... [1.683s]
2017-12-03 09:53:22,288 -> Reading dataset... [3.329s]
2017-12-03 09:53:22,334 -> Lauching MaximalFinder at 09:53:22.294...
2017-12-03 09:53:22,378 -> 00.Setting mu=10,epsilon=10.0,cores=7,dataset=B20K
2017-12-03 09:53:22,446 -> [Partitions Info]Points;Before indexing;1024
2017-12-03 09:53:29,688 -> [Partitions Info]Points;After indexing;1024
2017-12-03 09:53:29,710 -> 01.Indexing points... [7.332s] [19715 results]
2017-12-03 09:53:39,175 -> 02.Getting pairs... [9.465s] [11226 results]
2017-12-03 09:53:43,541 -> 03.Computing centers... [4.366s] [22452 results]
2017-12-03 09:53:43,553 -> [Partitions Info]Centers;Before indexing;1024
2017-12-03 09:53:47,746 -> [Partitions Info]Centers;After indexing;1024
2017-12-03 09:53:47,747 -> 04.Indexing centers... [4.205s] [22452 results]
2017-12-03 09:53:55,547 -> 05.Getting disks... [7.800s] [22452 results]
2017-12-03 09:53:56,480 -> 06.Filtering less-than-mu disks... [0.933s] [210 results]
2017-12-03 09:53:58,707 -> 07.Prunning duplicate candidates... [2.227s] [111 results]
2017-12-03 09:53:58,714 -> [Partitions Info]Candidates;Before indexing;200
2017-12-03 09:53:59,304 -> 08.Indexing candidates... [2.824s] [111 results]
2017-12-03 09:53:59,526 -> [Partitions Info]Candidates;After indexing;9
2017-12-03 09:53:59,526 -> 09.Getting expansions... [0.222s] [466 results]
2017-12-03 09:54:00,015 -> 10.Finding maximal disks... [0.489s] [17 results]
2017-12-03 09:54:01,698 -> 11.Prunning duplicates and subsets... [1.683s] [17 results]
2017-12-03 09:54:01,698 ->      Dataset,   Eps, Cores, Mu,   Time, # Pairs,   # Disks, # Candidates, # Maximals
2017-12-03 09:54:01,698 ->         B20K,  10.0,     7, 10,  39.32,   11226,     22452,          111,         17
2017-12-03 09:54:01,750 -> Dropping indices...[0.052s]
2017-12-03 09:54:01,750 -> Finishing MaximalFinder at 09:54:01.750...
2017-12-03 09:54:01,750 -> Total time for MaximalFinder: 39.415ms...
2017-12-03 09:54:01,837 -> Closing session... [0.087s]
Done!!! Sun Dec  3 09:54:02 PST 2017
Running iteration 2/3 for B20K (epsilon = 20 , mu = 10)...
2017-12-03 09:54:05,663 -> Starting session... [1.472s]
2017-12-03 09:54:09,088 -> Reading dataset... [3.424s]
2017-12-03 09:54:09,135 -> Lauching MaximalFinder at 09:54:09.094...
2017-12-03 09:54:09,167 -> 00.Setting mu=10,epsilon=20.0,cores=7,dataset=B20K
2017-12-03 09:54:09,225 -> [Partitions Info]Points;Before indexing;1024
2017-12-03 09:54:16,190 -> [Partitions Info]Points;After indexing;1024
2017-12-03 09:54:16,211 -> 01.Indexing points... [7.044s] [19715 results]
2017-12-03 09:54:25,813 -> 02.Getting pairs... [9.601s] [23819 results]
2017-12-03 09:54:30,494 -> 03.Computing centers... [4.681s] [47638 results]
2017-12-03 09:54:30,504 -> [Partitions Info]Centers;Before indexing;1024
2017-12-03 09:54:35,160 -> [Partitions Info]Centers;After indexing;1024
2017-12-03 09:54:35,160 -> 04.Indexing centers... [4.666s] [47638 results]
2017-12-03 09:54:44,245 -> 05.Getting disks... [9.085s] [47638 results]
2017-12-03 09:54:45,367 -> 06.Filtering less-than-mu disks... [1.122s] [2392 results]
2017-12-03 09:54:48,432 -> 07.Prunning duplicate candidates... [3.065s] [1524 results]
2017-12-03 09:54:48,438 -> [Partitions Info]Candidates;Before indexing;200
2017-12-03 09:54:49,038 -> 08.Indexing candidates... [3.671s] [1524 results]
2017-12-03 09:54:49,336 -> [Partitions Info]Candidates;After indexing;9
2017-12-03 09:54:49,336 -> 09.Getting expansions... [0.298s] [2613 results]
2017-12-03 09:54:49,873 -> 10.Finding maximal disks... [0.537s] [108 results]
2017-12-03 09:54:51,649 -> 11.Prunning duplicates and subsets... [1.776s] [108 results]
2017-12-03 09:54:51,650 ->      Dataset,   Eps, Cores, Mu,   Time, # Pairs,   # Disks, # Candidates, # Maximals
2017-12-03 09:54:51,650 ->         B20K,  20.0,     7, 10,  42.48,   23819,     47638,         1524,        108
2017-12-03 09:54:51,701 -> Dropping indices...[0.051s]
2017-12-03 09:54:51,701 -> Finishing MaximalFinder at 09:54:51.701...
2017-12-03 09:54:51,701 -> Total time for MaximalFinder: 42.566ms...
2017-12-03 09:54:51,738 -> Closing session... [0.037s]
Done!!! Sun Dec  3 09:54:52 PST 2017
Running iteration 2/3 for B20K (epsilon = 30 , mu = 10)...
2017-12-03 09:54:55,774 -> Starting session... [1.632s]
2017-12-03 09:54:59,027 -> Reading dataset... [3.253s]
2017-12-03 09:54:59,081 -> Lauching MaximalFinder at 09:54:59.034...
2017-12-03 09:54:59,117 -> 00.Setting mu=10,epsilon=30.0,cores=7,dataset=B20K
2017-12-03 09:54:59,182 -> [Partitions Info]Points;Before indexing;1024
2017-12-03 09:55:06,265 -> [Partitions Info]Points;After indexing;1024
2017-12-03 09:55:06,291 -> 01.Indexing points... [7.173s] [19715 results]
2017-12-03 09:55:16,078 -> 02.Getting pairs... [9.787s] [36174 results]
2017-12-03 09:55:21,275 -> 03.Computing centers... [5.197s] [72348 results]
2017-12-03 09:55:21,286 -> [Partitions Info]Centers;Before indexing;1024
2017-12-03 09:55:26,502 -> [Partitions Info]Centers;After indexing;1024
2017-12-03 09:55:26,502 -> 04.Indexing centers... [5.227s] [72348 results]
2017-12-03 09:55:36,911 -> 05.Getting disks... [10.409s] [72348 results]
2017-12-03 09:55:38,217 -> 06.Filtering less-than-mu disks... [1.305s] [5877 results]
2017-12-03 09:55:41,207 -> 07.Prunning duplicate candidates... [2.990s] [3889 results]
2017-12-03 09:55:41,214 -> [Partitions Info]Candidates;Before indexing;200
2017-12-03 09:55:41,827 -> 08.Indexing candidates... [3.610s] [3889 results]
2017-12-03 09:55:42,189 -> [Partitions Info]Candidates;After indexing;9
2017-12-03 09:55:42,189 -> 09.Getting expansions... [0.362s] [5518 results]
2017-12-03 09:55:42,860 -> 10.Finding maximal disks... [0.671s] [240 results]
2017-12-03 09:55:44,752 -> 11.Prunning duplicates and subsets... [1.892s] [240 results]
2017-12-03 09:55:44,752 ->      Dataset,   Eps, Cores, Mu,   Time, # Pairs,   # Disks, # Candidates, # Maximals
2017-12-03 09:55:44,752 ->         B20K,  30.0,     7, 10,  45.63,   36174,     72348,         3889,        240
2017-12-03 09:55:44,815 -> Dropping indices...[0.063s]
2017-12-03 09:55:44,815 -> Finishing MaximalFinder at 09:55:44.815...
2017-12-03 09:55:44,815 -> Total time for MaximalFinder: 45.734ms...
2017-12-03 09:55:44,852 -> Closing session... [0.037s]
Done!!! Sun Dec  3 09:55:45 PST 2017
Running iteration 3/3 for B20K (epsilon = 10 , mu = 10)...
2017-12-03 09:55:48,816 -> Starting session... [1.446s]
2017-12-03 09:55:52,105 -> Reading dataset... [3.289s]
2017-12-03 09:55:52,148 -> Lauching MaximalFinder at 09:55:52.111...
2017-12-03 09:55:52,184 -> 00.Setting mu=10,epsilon=10.0,cores=7,dataset=B20K
2017-12-03 09:55:52,242 -> [Partitions Info]Points;Before indexing;1024
2017-12-03 09:55:59,354 -> [Partitions Info]Points;After indexing;1024
2017-12-03 09:55:59,375 -> 01.Indexing points... [7.191s] [19715 results]
2017-12-03 09:56:08,770 -> 02.Getting pairs... [9.395s] [11226 results]
2017-12-03 09:56:13,171 -> 03.Computing centers... [4.401s] [22452 results]
2017-12-03 09:56:13,182 -> [Partitions Info]Centers;Before indexing;1024
2017-12-03 09:56:17,345 -> [Partitions Info]Centers;After indexing;1024
2017-12-03 09:56:17,345 -> 04.Indexing centers... [4.174s] [22452 results]
2017-12-03 09:56:24,932 -> 05.Getting disks... [7.587s] [22452 results]
2017-12-03 09:56:25,911 -> 06.Filtering less-than-mu disks... [0.979s] [210 results]
2017-12-03 09:56:28,264 -> 07.Prunning duplicate candidates... [2.353s] [111 results]
2017-12-03 09:56:28,271 -> [Partitions Info]Candidates;Before indexing;200
2017-12-03 09:56:28,880 -> 08.Indexing candidates... [2.969s] [111 results]
2017-12-03 09:56:29,091 -> [Partitions Info]Candidates;After indexing;9
2017-12-03 09:56:29,091 -> 09.Getting expansions... [0.211s] [466 results]
2017-12-03 09:56:29,557 -> 10.Finding maximal disks... [0.466s] [17 results]
2017-12-03 09:56:31,201 -> 11.Prunning duplicates and subsets... [1.644s] [17 results]
2017-12-03 09:56:31,202 ->      Dataset,   Eps, Cores, Mu,   Time, # Pairs,   # Disks, # Candidates, # Maximals
2017-12-03 09:56:31,202 ->         B20K,  10.0,     7, 10,  39.02,   11226,     22452,          111,         17
2017-12-03 09:56:31,256 -> Dropping indices...[0.053s]
2017-12-03 09:56:31,256 -> Finishing MaximalFinder at 09:56:31.256...
2017-12-03 09:56:31,256 -> Total time for MaximalFinder: 39.108ms...
2017-12-03 09:56:31,291 -> Closing session... [0.035s]
Done!!! Sun Dec  3 09:56:31 PST 2017
Running iteration 3/3 for B20K (epsilon = 20 , mu = 10)...
2017-12-03 09:56:35,236 -> Starting session... [1.470s]
2017-12-03 09:56:38,638 -> Reading dataset... [3.402s]
2017-12-03 09:56:38,687 -> Lauching MaximalFinder at 09:56:38.645...
2017-12-03 09:56:38,719 -> 00.Setting mu=10,epsilon=20.0,cores=7,dataset=B20K
2017-12-03 09:56:38,780 -> [Partitions Info]Points;Before indexing;1024
2017-12-03 09:56:45,813 -> [Partitions Info]Points;After indexing;1024
2017-12-03 09:56:45,837 -> 01.Indexing points... [7.117s] [19715 results]
2017-12-03 09:56:55,577 -> 02.Getting pairs... [9.740s] [23819 results]
2017-12-03 09:57:00,213 -> 03.Computing centers... [4.636s] [47638 results]
2017-12-03 09:57:00,222 -> [Partitions Info]Centers;Before indexing;1024
2017-12-03 09:57:05,097 -> [Partitions Info]Centers;After indexing;1024
2017-12-03 09:57:05,097 -> 04.Indexing centers... [4.884s] [47638 results]
2017-12-03 09:57:14,271 -> 05.Getting disks... [9.174s] [47638 results]
2017-12-03 09:57:15,359 -> 06.Filtering less-than-mu disks... [1.088s] [2392 results]
2017-12-03 09:57:18,149 -> 07.Prunning duplicate candidates... [2.790s] [1524 results]
2017-12-03 09:57:18,154 -> [Partitions Info]Candidates;Before indexing;200
2017-12-03 09:57:18,773 -> 08.Indexing candidates... [3.414s] [1524 results]
2017-12-03 09:57:19,100 -> [Partitions Info]Candidates;After indexing;9
2017-12-03 09:57:19,101 -> 09.Getting expansions... [0.328s] [2613 results]
2017-12-03 09:57:19,662 -> 10.Finding maximal disks... [0.561s] [108 results]
2017-12-03 09:57:21,452 -> 11.Prunning duplicates and subsets... [1.790s] [108 results]
2017-12-03 09:57:21,452 ->      Dataset,   Eps, Cores, Mu,   Time, # Pairs,   # Disks, # Candidates, # Maximals
2017-12-03 09:57:21,452 ->         B20K,  20.0,     7, 10,  42.73,   23819,     47638,         1524,        108
2017-12-03 09:57:21,512 -> Dropping indices...[0.060s]
2017-12-03 09:57:21,513 -> Finishing MaximalFinder at 09:57:21.512...
2017-12-03 09:57:21,513 -> Total time for MaximalFinder: 42.824ms...
2017-12-03 09:57:21,722 -> Closing session... [0.209s]
Done!!! Sun Dec  3 09:57:22 PST 2017
Running iteration 3/3 for B20K (epsilon = 30 , mu = 10)...
2017-12-03 09:57:25,645 -> Starting session... [1.551s]
2017-12-03 09:57:28,774 -> Reading dataset... [3.129s]
2017-12-03 09:57:28,819 -> Lauching MaximalFinder at 09:57:28.780...
2017-12-03 09:57:28,848 -> 00.Setting mu=10,epsilon=30.0,cores=7,dataset=B20K
2017-12-03 09:57:28,905 -> [Partitions Info]Points;Before indexing;1024
2017-12-03 09:57:35,828 -> [Partitions Info]Points;After indexing;1024
2017-12-03 09:57:35,851 -> 01.Indexing points... [7.003s] [19715 results]
2017-12-03 09:57:45,682 -> 02.Getting pairs... [9.831s] [36174 results]
2017-12-03 09:57:50,845 -> 03.Computing centers... [5.163s] [72348 results]
2017-12-03 09:57:50,858 -> [Partitions Info]Centers;Before indexing;1024
2017-12-03 09:57:56,332 -> [Partitions Info]Centers;After indexing;1024
2017-12-03 09:57:56,332 -> 04.Indexing centers... [5.486s] [72348 results]
2017-12-03 09:58:06,705 -> 05.Getting disks... [10.372s] [72348 results]
2017-12-03 09:58:08,038 -> 06.Filtering less-than-mu disks... [1.333s] [5877 results]
2017-12-03 09:58:11,235 -> 07.Prunning duplicate candidates... [3.197s] [3889 results]
2017-12-03 09:58:11,241 -> [Partitions Info]Candidates;Before indexing;200
2017-12-03 09:58:11,898 -> 08.Indexing candidates... [3.860s] [3889 results]
2017-12-03 09:58:12,175 -> [Partitions Info]Candidates;After indexing;9
2017-12-03 09:58:12,175 -> 09.Getting expansions... [0.277s] [5518 results]
2017-12-03 09:58:12,809 -> 10.Finding maximal disks... [0.634s] [240 results]
2017-12-03 09:58:14,703 -> 11.Prunning duplicates and subsets... [1.894s] [240 results]
2017-12-03 09:58:14,704 ->      Dataset,   Eps, Cores, Mu,   Time, # Pairs,   # Disks, # Candidates, # Maximals
2017-12-03 09:58:14,704 ->         B20K,  30.0,     7, 10,  45.86,   36174,     72348,         3889,        240
2017-12-03 09:58:14,750 -> Dropping indices...[0.046s]
2017-12-03 09:58:14,750 -> Finishing MaximalFinder at 09:58:14.750...
2017-12-03 09:58:14,750 -> Total time for MaximalFinder: 45.931ms...
2017-12-03 09:58:14,785 -> Closing session... [0.035s]
Done!!! Sun Dec  3 09:58:15 PST 2017
acald013@dblab-rack14: stopping org.apache.spark.deploy.worker.Worker
stopping org.apache.spark.deploy.master.Master
starting org.apache.spark.deploy.master.Master, logging to /home/acald013/Spark/spark-2.1.0-bin-hadoop2.7/logs/spark-acald013-org.apache.spark.deploy.master.Master-1-dblab-rack11.cs.ucr.edu.out
acald013@dblab-rack12: starting org.apache.spark.deploy.worker.Worker, logging to /home/acald013/Spark/spark-2.1.0-bin-hadoop2.7/logs/spark-acald013-org.apache.spark.deploy.worker.Worker-1-dblab-rack12.out
acald013@dblab-rack14: starting org.apache.spark.deploy.worker.Worker, logging to /home/acald013/Spark/spark-2.1.0-bin-hadoop2.7/logs/spark-acald013-org.apache.spark.deploy.worker.Worker-1-dblab-rack14.cs.ucr.edu.out
Running iteration 1/3 for B40K (epsilon = 10 , mu = 10)...
2017-12-03 09:58:24,389 -> Starting session... [1.711s]
2017-12-03 09:58:27,768 -> Reading dataset... [3.379s]
2017-12-03 09:58:27,811 -> Lauching MaximalFinder at 09:58:27.774...
2017-12-03 09:58:27,842 -> 00.Setting mu=10,epsilon=10.0,cores=14,dataset=B40K
2017-12-03 09:58:27,901 -> [Partitions Info]Points;Before indexing;1024
2017-12-03 09:58:34,308 -> [Partitions Info]Points;After indexing;1024
2017-12-03 09:58:34,333 -> 01.Indexing points... [6.491s] [39429 results]
2017-12-03 09:58:42,198 -> 02.Getting pairs... [7.865s] [22452 results]
2017-12-03 09:58:45,987 -> 03.Computing centers... [3.789s] [44904 results]
2017-12-03 09:58:45,999 -> [Partitions Info]Centers;Before indexing;1024
2017-12-03 09:58:49,492 -> [Partitions Info]Centers;After indexing;1024
2017-12-03 09:58:49,493 -> 04.Indexing centers... [3.506s] [44904 results]
2017-12-03 09:58:56,947 -> 05.Getting disks... [7.454s] [44904 results]
2017-12-03 09:58:57,743 -> 06.Filtering less-than-mu disks... [0.796s] [420 results]
2017-12-03 09:59:00,028 -> 07.Prunning duplicate candidates... [2.285s] [222 results]
2017-12-03 09:59:00,035 -> [Partitions Info]Candidates;Before indexing;200
2017-12-03 09:59:00,548 -> 08.Indexing candidates... [2.805s] [222 results]
2017-12-03 09:59:00,737 -> [Partitions Info]Candidates;After indexing;16
2017-12-03 09:59:00,737 -> 09.Getting expansions... [0.189s] [889 results]
2017-12-03 09:59:01,326 -> 10.Finding maximal disks... [0.589s] [34 results]
2017-12-03 09:59:03,092 -> 11.Prunning duplicates and subsets... [1.766s] [34 results]
2017-12-03 09:59:03,092 ->      Dataset,   Eps, Cores, Mu,   Time, # Pairs,   # Disks, # Candidates, # Maximals
2017-12-03 09:59:03,093 ->         B40K,  10.0,    14, 10,  35.25,   22452,     44904,          222,         34
2017-12-03 09:59:03,145 -> Dropping indices...[0.052s]
2017-12-03 09:59:03,145 -> Finishing MaximalFinder at 09:59:03.145...
2017-12-03 09:59:03,145 -> Total time for MaximalFinder: 35.334ms...
2017-12-03 09:59:03,186 -> Closing session... [0.041s]
Done!!! Sun Dec  3 09:59:03 PST 2017
Running iteration 1/3 for B40K (epsilon = 20 , mu = 10)...
2017-12-03 09:59:07,286 -> Starting session... [1.744s]
2017-12-03 09:59:10,514 -> Reading dataset... [3.228s]
2017-12-03 09:59:10,555 -> Lauching MaximalFinder at 09:59:10.519...
2017-12-03 09:59:10,598 -> 00.Setting mu=10,epsilon=20.0,cores=14,dataset=B40K
2017-12-03 09:59:10,686 -> [Partitions Info]Points;Before indexing;1024
2017-12-03 09:59:17,039 -> [Partitions Info]Points;After indexing;1024
2017-12-03 09:59:17,068 -> 01.Indexing points... [6.470s] [39429 results]
2017-12-03 09:59:24,900 -> 02.Getting pairs... [7.831s] [47638 results]
2017-12-03 09:59:29,837 -> 03.Computing centers... [4.936s] [95276 results]
2017-12-03 09:59:29,850 -> [Partitions Info]Centers;Before indexing;1024
2017-12-03 09:59:34,268 -> [Partitions Info]Centers;After indexing;1024
2017-12-03 09:59:34,268 -> 04.Indexing centers... [4.431s] [95276 results]
2017-12-03 09:59:43,440 -> 05.Getting disks... [9.172s] [95276 results]
2017-12-03 09:59:44,532 -> 06.Filtering less-than-mu disks... [1.091s] [4784 results]
2017-12-03 09:59:47,257 -> 07.Prunning duplicate candidates... [2.725s] [3048 results]
2017-12-03 09:59:47,265 -> [Partitions Info]Candidates;Before indexing;200
2017-12-03 09:59:47,808 -> 08.Indexing candidates... [3.276s] [3048 results]
2017-12-03 09:59:48,085 -> [Partitions Info]Candidates;After indexing;16
2017-12-03 09:59:48,085 -> 09.Getting expansions... [0.277s] [5824 results]
2017-12-03 09:59:48,703 -> 10.Finding maximal disks... [0.618s] [216 results]
2017-12-03 09:59:50,662 -> 11.Prunning duplicates and subsets... [1.959s] [216 results]
2017-12-03 09:59:50,663 ->      Dataset,   Eps, Cores, Mu,   Time, # Pairs,   # Disks, # Candidates, # Maximals
2017-12-03 09:59:50,663 ->         B40K,  20.0,    14, 10,  40.06,   47638,     95276,         3048,        216
2017-12-03 09:59:50,717 -> Dropping indices...[0.054s]
2017-12-03 09:59:50,717 -> Finishing MaximalFinder at 09:59:50.717...
2017-12-03 09:59:50,717 -> Total time for MaximalFinder: 40.162ms...
java.util.concurrent.RejectedExecutionException: Task scala.concurrent.impl.CallbackRunnable@4b9d65de rejected from java.util.concurrent.ThreadPoolExecutor@24308ead[Terminated, pool size = 0, active threads = 0, queued tasks = 0, completed tasks = 289]
	at java.util.concurrent.ThreadPoolExecutor$AbortPolicy.rejectedExecution(ThreadPoolExecutor.java:2063)
	at java.util.concurrent.ThreadPoolExecutor.reject(ThreadPoolExecutor.java:830)
	at java.util.concurrent.ThreadPoolExecutor.execute(ThreadPoolExecutor.java:1379)
	at scala.concurrent.impl.ExecutionContextImpl$$anon$1.execute(ExecutionContextImpl.scala:136)
	at scala.concurrent.impl.CallbackRunnable.executeWithValue(Promise.scala:40)
	at scala.concurrent.impl.Promise$DefaultPromise.tryComplete(Promise.scala:248)
	at scala.concurrent.Promise$class.complete(Promise.scala:55)
	at scala.concurrent.impl.Promise$DefaultPromise.complete(Promise.scala:153)
	at scala.concurrent.Future$$anonfun$recover$1.apply(Future.scala:326)
	at scala.concurrent.Future$$anonfun$recover$1.apply(Future.scala:326)
	at scala.concurrent.impl.CallbackRunnable.run(Promise.scala:32)
	at org.spark_project.guava.util.concurrent.MoreExecutors$SameThreadExecutorService.execute(MoreExecutors.java:293)
	at scala.concurrent.impl.ExecutionContextImpl$$anon$1.execute(ExecutionContextImpl.scala:136)
	at scala.concurrent.impl.CallbackRunnable.executeWithValue(Promise.scala:40)
	at scala.concurrent.impl.Promise$DefaultPromise.tryComplete(Promise.scala:248)
	at scala.concurrent.Promise$class.complete(Promise.scala:55)
	at scala.concurrent.impl.Promise$DefaultPromise.complete(Promise.scala:153)
	at scala.concurrent.Future$$anonfun$map$1.apply(Future.scala:237)
	at scala.concurrent.Future$$anonfun$map$1.apply(Future.scala:237)
	at scala.concurrent.impl.CallbackRunnable.run(Promise.scala:32)
	at scala.concurrent.BatchingExecutor$Batch$$anonfun$run$1.processBatch$1(BatchingExecutor.scala:63)
	at scala.concurrent.BatchingExecutor$Batch$$anonfun$run$1.apply$mcV$sp(BatchingExecutor.scala:78)
	at scala.concurrent.BatchingExecutor$Batch$$anonfun$run$1.apply(BatchingExecutor.scala:55)
	at scala.concurrent.BatchingExecutor$Batch$$anonfun$run$1.apply(BatchingExecutor.scala:55)
	at scala.concurrent.BlockContext$.withBlockContext(BlockContext.scala:72)
	at scala.concurrent.BatchingExecutor$Batch.run(BatchingExecutor.scala:54)
	at scala.concurrent.Future$InternalCallbackExecutor$.unbatchedExecute(Future.scala:601)
	at scala.concurrent.BatchingExecutor$class.execute(BatchingExecutor.scala:106)
	at scala.concurrent.Future$InternalCallbackExecutor$.execute(Future.scala:599)
	at scala.concurrent.impl.CallbackRunnable.executeWithValue(Promise.scala:40)
	at scala.concurrent.impl.Promise$DefaultPromise.tryComplete(Promise.scala:248)
	at scala.concurrent.Promise$class.tryFailure(Promise.scala:112)
	at scala.concurrent.impl.Promise$DefaultPromise.tryFailure(Promise.scala:153)
	at org.apache.spark.rpc.netty.NettyRpcEnv.org$apache$spark$rpc$netty$NettyRpcEnv$$onFailure$1(NettyRpcEnv.scala:205)
	at org.apache.spark.rpc.netty.NettyRpcEnv$$anonfun$2.apply(NettyRpcEnv.scala:228)
	at org.apache.spark.rpc.netty.NettyRpcEnv$$anonfun$2.apply(NettyRpcEnv.scala:228)
	at org.apache.spark.rpc.netty.RpcOutboxMessage.onFailure(Outbox.scala:75)
	at org.apache.spark.network.client.TransportResponseHandler.failOutstandingRequests(TransportResponseHandler.java:110)
	at org.apache.spark.network.client.TransportResponseHandler.channelInactive(TransportResponseHandler.java:128)
	at org.apache.spark.network.server.TransportChannelHandler.channelInactive(TransportChannelHandler.java:109)
	at io.netty.channel.AbstractChannelHandlerContext.invokeChannelInactive(AbstractChannelHandlerContext.java:251)
	at io.netty.channel.AbstractChannelHandlerContext.invokeChannelInactive(AbstractChannelHandlerContext.java:237)
	at io.netty.channel.AbstractChannelHandlerContext.fireChannelInactive(AbstractChannelHandlerContext.java:230)
	at io.netty.channel.ChannelInboundHandlerAdapter.channelInactive(ChannelInboundHandlerAdapter.java:75)
	at io.netty.handler.timeout.IdleStateHandler.channelInactive(IdleStateHandler.java:257)
	at io.netty.channel.AbstractChannelHandlerContext.invokeChannelInactive(AbstractChannelHandlerContext.java:251)
	at io.netty.channel.AbstractChannelHandlerContext.invokeChannelInactive(AbstractChannelHandlerContext.java:237)
	at io.netty.channel.AbstractChannelHandlerContext.fireChannelInactive(AbstractChannelHandlerContext.java:230)
	at io.netty.channel.ChannelInboundHandlerAdapter.channelInactive(ChannelInboundHandlerAdapter.java:75)
	at io.netty.channel.AbstractChannelHandlerContext.invokeChannelInactive(AbstractChannelHandlerContext.java:251)
	at io.netty.channel.AbstractChannelHandlerContext.invokeChannelInactive(AbstractChannelHandlerContext.java:237)
	at io.netty.channel.AbstractChannelHandlerContext.fireChannelInactive(AbstractChannelHandlerContext.java:230)
	at io.netty.channel.ChannelInboundHandlerAdapter.channelInactive(ChannelInboundHandlerAdapter.java:75)
	at org.apache.spark.network.util.TransportFrameDecoder.channelInactive(TransportFrameDecoder.java:182)
	at io.netty.channel.AbstractChannelHandlerContext.invokeChannelInactive(AbstractChannelHandlerContext.java:251)
	at io.netty.channel.AbstractChannelHandlerContext.invokeChannelInactive(AbstractChannelHandlerContext.java:237)
	at io.netty.channel.AbstractChannelHandlerContext.fireChannelInactive(AbstractChannelHandlerContext.java:230)
	at io.netty.channel.DefaultChannelPipeline$HeadContext.channelInactive(DefaultChannelPipeline.java:1289)
	at io.netty.channel.AbstractChannelHandlerContext.invokeChannelInactive(AbstractChannelHandlerContext.java:251)
	at io.netty.channel.AbstractChannelHandlerContext.invokeChannelInactive(AbstractChannelHandlerContext.java:237)
2017-12-03 09:59:50,788 -> Closing session... [0.071s]
	at io.netty.channel.DefaultChannelPipeline.fireChannelInactive(DefaultChannelPipeline.java:893)
	at io.netty.channel.AbstractChannel$AbstractUnsafe$7.run(AbstractChannel.java:691)
	at io.netty.util.concurrent.SingleThreadEventExecutor.runAllTasks(SingleThreadEventExecutor.java:376)
	at io.netty.util.concurrent.SingleThreadEventExecutor.confirmShutdown(SingleThreadEventExecutor.java:680)
	at io.netty.channel.nio.NioEventLoop.run(NioEventLoop.java:465)
	at io.netty.util.concurrent.SingleThreadEventExecutor$2.run(SingleThreadEventExecutor.java:140)
	at io.netty.util.concurrent.DefaultThreadFactory$DefaultRunnableDecorator.run(DefaultThreadFactory.java:144)
	at java.lang.Thread.run(Thread.java:748)
Done!!! Sun Dec  3 09:59:51 PST 2017
Running iteration 1/3 for B40K (epsilon = 30 , mu = 10)...
2017-12-03 09:59:54,961 -> Starting session... [1.631s]
2017-12-03 09:59:58,127 -> Reading dataset... [3.165s]
2017-12-03 09:59:58,168 -> Lauching MaximalFinder at 09:59:58.132...
2017-12-03 09:59:58,198 -> 00.Setting mu=10,epsilon=30.0,cores=14,dataset=B40K
2017-12-03 09:59:58,261 -> [Partitions Info]Points;Before indexing;1024
2017-12-03 10:00:04,660 -> [Partitions Info]Points;After indexing;1024
2017-12-03 10:00:04,688 -> 01.Indexing points... [6.490s] [39429 results]
2017-12-03 10:00:13,045 -> 02.Getting pairs... [8.357s] [72348 results]
2017-12-03 10:00:18,221 -> 03.Computing centers... [5.176s] [144696 results]
2017-12-03 10:00:18,236 -> [Partitions Info]Centers;Before indexing;1024
2017-12-03 10:00:24,115 -> [Partitions Info]Centers;After indexing;1024
2017-12-03 10:00:24,115 -> 04.Indexing centers... [5.893s] [144696 results]
2017-12-03 10:00:33,689 -> 05.Getting disks... [9.573s] [144696 results]
2017-12-03 10:00:35,056 -> 06.Filtering less-than-mu disks... [1.367s] [11754 results]
2017-12-03 10:00:38,060 -> 07.Prunning duplicate candidates... [3.004s] [7778 results]
2017-12-03 10:00:38,068 -> [Partitions Info]Candidates;Before indexing;200
2017-12-03 10:00:38,610 -> 08.Indexing candidates... [3.554s] [7778 results]
2017-12-03 10:00:38,889 -> [Partitions Info]Candidates;After indexing;16
2017-12-03 10:00:38,889 -> 09.Getting expansions... [0.279s] [10911 results]
2017-12-03 10:00:39,542 -> 10.Finding maximal disks... [0.652s] [480 results]
2017-12-03 10:00:41,689 -> 11.Prunning duplicates and subsets... [2.147s] [480 results]
2017-12-03 10:00:41,689 ->      Dataset,   Eps, Cores, Mu,   Time, # Pairs,   # Disks, # Candidates, # Maximals
2017-12-03 10:00:41,690 ->         B40K,  30.0,    14, 10,  43.49,   72348,    144696,         7778,        480
2017-12-03 10:00:41,742 -> Dropping indices...[0.052s]
2017-12-03 10:00:41,743 -> Finishing MaximalFinder at 10:00:41.743...
2017-12-03 10:00:41,743 -> Total time for MaximalFinder: 43.574ms...
2017-12-03 10:00:41,781 -> Closing session... [0.038s]
Done!!! Sun Dec  3 10:00:42 PST 2017
Running iteration 2/3 for B40K (epsilon = 10 , mu = 10)...
2017-12-03 10:00:45,661 -> Starting session... [1.459s]
2017-12-03 10:00:49,023 -> Reading dataset... [3.362s]
2017-12-03 10:00:49,061 -> Lauching MaximalFinder at 10:00:49.028...
2017-12-03 10:00:49,090 -> 00.Setting mu=10,epsilon=10.0,cores=14,dataset=B40K
2017-12-03 10:00:49,148 -> [Partitions Info]Points;Before indexing;1024
2017-12-03 10:00:55,500 -> [Partitions Info]Points;After indexing;1024
2017-12-03 10:00:55,526 -> 01.Indexing points... [6.436s] [39429 results]
2017-12-03 10:01:03,184 -> 02.Getting pairs... [7.657s] [22452 results]
2017-12-03 10:01:06,858 -> 03.Computing centers... [3.674s] [44904 results]
2017-12-03 10:01:06,869 -> [Partitions Info]Centers;Before indexing;1024
2017-12-03 10:01:10,286 -> [Partitions Info]Centers;After indexing;1024
2017-12-03 10:01:10,286 -> 04.Indexing centers... [3.428s] [44904 results]
2017-12-03 10:01:18,000 -> 05.Getting disks... [7.714s] [44904 results]
2017-12-03 10:01:18,820 -> 06.Filtering less-than-mu disks... [0.820s] [420 results]
2017-12-03 10:01:21,552 -> 07.Prunning duplicate candidates... [2.732s] [222 results]
2017-12-03 10:01:21,558 -> [Partitions Info]Candidates;Before indexing;200
2017-12-03 10:01:22,080 -> 08.Indexing candidates... [3.260s] [222 results]
2017-12-03 10:01:22,268 -> [Partitions Info]Candidates;After indexing;16
2017-12-03 10:01:22,268 -> 09.Getting expansions... [0.188s] [889 results]
2017-12-03 10:01:22,751 -> 10.Finding maximal disks... [0.483s] [34 results]
2017-12-03 10:01:24,923 -> 11.Prunning duplicates and subsets... [2.172s] [34 results]
2017-12-03 10:01:24,923 ->      Dataset,   Eps, Cores, Mu,   Time, # Pairs,   # Disks, # Candidates, # Maximals
2017-12-03 10:01:24,923 ->         B40K,  10.0,    14, 10,  35.83,   22452,     44904,          222,         34
2017-12-03 10:01:24,976 -> Dropping indices...[0.053s]
2017-12-03 10:01:24,976 -> Finishing MaximalFinder at 10:01:24.976...
2017-12-03 10:01:24,976 -> Total time for MaximalFinder: 35.915ms...
2017-12-03 10:01:25,011 -> Closing session... [0.034s]
Done!!! Sun Dec  3 10:01:25 PST 2017
Running iteration 2/3 for B40K (epsilon = 20 , mu = 10)...
2017-12-03 10:01:28,948 -> Starting session... [1.665s]
2017-12-03 10:01:32,258 -> Reading dataset... [3.310s]
2017-12-03 10:01:32,309 -> Lauching MaximalFinder at 10:01:32.265...
2017-12-03 10:01:32,342 -> 00.Setting mu=10,epsilon=20.0,cores=14,dataset=B40K
2017-12-03 10:01:32,407 -> [Partitions Info]Points;Before indexing;1024
2017-12-03 10:01:38,853 -> [Partitions Info]Points;After indexing;1024
2017-12-03 10:01:38,875 -> 01.Indexing points... [6.533s] [39429 results]
2017-12-03 10:01:46,912 -> 02.Getting pairs... [8.036s] [47638 results]
2017-12-03 10:01:51,245 -> 03.Computing centers... [4.333s] [95276 results]
2017-12-03 10:01:51,258 -> [Partitions Info]Centers;Before indexing;1024
2017-12-03 10:01:56,115 -> [Partitions Info]Centers;After indexing;1024
2017-12-03 10:01:56,115 -> 04.Indexing centers... [4.870s] [95276 results]
2017-12-03 10:02:05,284 -> 05.Getting disks... [9.168s] [95276 results]
2017-12-03 10:02:06,510 -> 06.Filtering less-than-mu disks... [1.226s] [4784 results]
2017-12-03 10:02:09,683 -> 07.Prunning duplicate candidates... [3.173s] [3048 results]
2017-12-03 10:02:09,689 -> [Partitions Info]Candidates;Before indexing;200
2017-12-03 10:02:10,315 -> 08.Indexing candidates... [3.805s] [3048 results]
2017-12-03 10:02:10,542 -> [Partitions Info]Candidates;After indexing;16
2017-12-03 10:02:10,543 -> 09.Getting expansions... [0.228s] [5824 results]
2017-12-03 10:02:11,152 -> 10.Finding maximal disks... [0.609s] [216 results]
2017-12-03 10:02:13,348 -> 11.Prunning duplicates and subsets... [2.196s] [216 results]
2017-12-03 10:02:13,348 ->      Dataset,   Eps, Cores, Mu,   Time, # Pairs,   # Disks, # Candidates, # Maximals
2017-12-03 10:02:13,348 ->         B40K,  20.0,    14, 10,  41.01,   47638,     95276,         3048,        216
2017-12-03 10:02:13,404 -> Dropping indices...[0.056s]
2017-12-03 10:02:13,404 -> Finishing MaximalFinder at 10:02:13.404...
2017-12-03 10:02:13,404 -> Total time for MaximalFinder: 41.095ms...
2017-12-03 10:02:13,445 -> Closing session... [0.041s]
Done!!! Sun Dec  3 10:02:13 PST 2017
Running iteration 2/3 for B40K (epsilon = 30 , mu = 10)...
2017-12-03 10:02:17,481 -> Starting session... [1.606s]
2017-12-03 10:02:20,901 -> Reading dataset... [3.419s]
2017-12-03 10:02:20,950 -> Lauching MaximalFinder at 10:02:20.907...
2017-12-03 10:02:20,993 -> 00.Setting mu=10,epsilon=30.0,cores=14,dataset=B40K
2017-12-03 10:02:21,070 -> [Partitions Info]Points;Before indexing;1024
2017-12-03 10:02:27,733 -> [Partitions Info]Points;After indexing;1024
2017-12-03 10:02:27,756 -> 01.Indexing points... [6.762s] [39429 results]
2017-12-03 10:02:36,400 -> 02.Getting pairs... [8.644s] [72348 results]
2017-12-03 10:02:41,668 -> 03.Computing centers... [5.267s] [144696 results]
2017-12-03 10:02:41,684 -> [Partitions Info]Centers;Before indexing;1024
2017-12-03 10:02:47,282 -> [Partitions Info]Centers;After indexing;1024
2017-12-03 10:02:47,283 -> 04.Indexing centers... [5.615s] [144696 results]
2017-12-03 10:02:57,085 -> 05.Getting disks... [9.802s] [144696 results]
2017-12-03 10:02:58,340 -> 06.Filtering less-than-mu disks... [1.255s] [11754 results]
2017-12-03 10:03:01,477 -> 07.Prunning duplicate candidates... [3.137s] [7778 results]
2017-12-03 10:03:01,483 -> [Partitions Info]Candidates;Before indexing;200
2017-12-03 10:03:02,057 -> 08.Indexing candidates... [3.717s] [7778 results]
2017-12-03 10:03:02,342 -> [Partitions Info]Candidates;After indexing;16
2017-12-03 10:03:02,342 -> 09.Getting expansions... [0.285s] [10911 results]
2017-12-03 10:03:03,023 -> 10.Finding maximal disks... [0.681s] [480 results]
2017-12-03 10:03:05,313 -> 11.Prunning duplicates and subsets... [2.290s] [480 results]
2017-12-03 10:03:05,313 ->      Dataset,   Eps, Cores, Mu,   Time, # Pairs,   # Disks, # Candidates, # Maximals
2017-12-03 10:03:05,313 ->         B40K,  30.0,    14, 10,  44.32,   72348,    144696,         7778,        480
2017-12-03 10:03:05,388 -> Dropping indices...[0.075s]
2017-12-03 10:03:05,388 -> Finishing MaximalFinder at 10:03:05.388...
2017-12-03 10:03:05,388 -> Total time for MaximalFinder: 44.438ms...
2017-12-03 10:03:05,426 -> Closing session... [0.038s]
Done!!! Sun Dec  3 10:03:05 PST 2017
Running iteration 3/3 for B40K (epsilon = 10 , mu = 10)...
2017-12-03 10:03:09,461 -> Starting session... [1.480s]
2017-12-03 10:03:12,893 -> Reading dataset... [3.432s]
2017-12-03 10:03:12,934 -> Lauching MaximalFinder at 10:03:12.898...
2017-12-03 10:03:12,965 -> 00.Setting mu=10,epsilon=10.0,cores=14,dataset=B40K
2017-12-03 10:03:13,027 -> [Partitions Info]Points;Before indexing;1024
2017-12-03 10:03:19,635 -> [Partitions Info]Points;After indexing;1024
2017-12-03 10:03:19,660 -> 01.Indexing points... [6.695s] [39429 results]
2017-12-03 10:03:27,472 -> 02.Getting pairs... [7.812s] [22452 results]
2017-12-03 10:03:30,941 -> 03.Computing centers... [3.469s] [44904 results]
2017-12-03 10:03:30,951 -> [Partitions Info]Centers;Before indexing;1024
2017-12-03 10:03:34,576 -> [Partitions Info]Centers;After indexing;1024
2017-12-03 10:03:34,576 -> 04.Indexing centers... [3.635s] [44904 results]
2017-12-03 10:03:41,457 -> 05.Getting disks... [6.881s] [44904 results]
2017-12-03 10:03:42,578 -> 06.Filtering less-than-mu disks... [1.121s] [420 results]
2017-12-03 10:03:45,152 -> 07.Prunning duplicate candidates... [2.574s] [222 results]
2017-12-03 10:03:45,159 -> [Partitions Info]Candidates;Before indexing;200
2017-12-03 10:03:45,797 -> 08.Indexing candidates... [3.219s] [222 results]
2017-12-03 10:03:45,983 -> [Partitions Info]Candidates;After indexing;16
2017-12-03 10:03:45,983 -> 09.Getting expansions... [0.186s] [889 results]
2017-12-03 10:03:46,510 -> 10.Finding maximal disks... [0.527s] [34 results]
2017-12-03 10:03:48,439 -> 11.Prunning duplicates and subsets... [1.929s] [34 results]
2017-12-03 10:03:48,439 ->      Dataset,   Eps, Cores, Mu,   Time, # Pairs,   # Disks, # Candidates, # Maximals
2017-12-03 10:03:48,440 ->         B40K,  10.0,    14, 10,  35.47,   22452,     44904,          222,         34
2017-12-03 10:03:48,502 -> Dropping indices...[0.061s]
2017-12-03 10:03:48,502 -> Finishing MaximalFinder at 10:03:48.502...
2017-12-03 10:03:48,502 -> Total time for MaximalFinder: 35.568ms...
2017-12-03 10:03:48,537 -> Closing session... [0.035s]
Done!!! Sun Dec  3 10:03:48 PST 2017
Running iteration 3/3 for B40K (epsilon = 20 , mu = 10)...
2017-12-03 10:03:52,445 -> Starting session... [1.583s]
2017-12-03 10:03:55,860 -> Reading dataset... [3.415s]
2017-12-03 10:03:55,909 -> Lauching MaximalFinder at 10:03:55.867...
2017-12-03 10:03:55,940 -> 00.Setting mu=10,epsilon=20.0,cores=14,dataset=B40K
2017-12-03 10:03:56,004 -> [Partitions Info]Points;Before indexing;1024
2017-12-03 10:04:02,584 -> [Partitions Info]Points;After indexing;1024
2017-12-03 10:04:02,610 -> 01.Indexing points... [6.670s] [39429 results]
2017-12-03 10:04:10,723 -> 02.Getting pairs... [8.113s] [47638 results]
2017-12-03 10:04:15,504 -> 03.Computing centers... [4.781s] [95276 results]
2017-12-03 10:04:15,520 -> [Partitions Info]Centers;Before indexing;1024
2017-12-03 10:04:20,353 -> [Partitions Info]Centers;After indexing;1024
2017-12-03 10:04:20,353 -> 04.Indexing centers... [4.849s] [95276 results]
2017-12-03 10:04:28,970 -> 05.Getting disks... [8.617s] [95276 results]
2017-12-03 10:04:30,038 -> 06.Filtering less-than-mu disks... [1.068s] [4784 results]
2017-12-03 10:04:33,030 -> 07.Prunning duplicate candidates... [2.992s] [3048 results]
2017-12-03 10:04:33,040 -> [Partitions Info]Candidates;Before indexing;200
2017-12-03 10:04:33,611 -> 08.Indexing candidates... [3.573s] [3048 results]
2017-12-03 10:04:33,867 -> [Partitions Info]Candidates;After indexing;16
2017-12-03 10:04:33,867 -> 09.Getting expansions... [0.256s] [5824 results]
2017-12-03 10:04:34,469 -> 10.Finding maximal disks... [0.601s] [216 results]
2017-12-03 10:04:36,460 -> 11.Prunning duplicates and subsets... [1.991s] [216 results]
2017-12-03 10:04:36,460 ->      Dataset,   Eps, Cores, Mu,   Time, # Pairs,   # Disks, # Candidates, # Maximals
2017-12-03 10:04:36,461 ->         B40K,  20.0,    14, 10,  40.52,   47638,     95276,         3048,        216
2017-12-03 10:04:36,517 -> Dropping indices...[0.056s]
2017-12-03 10:04:36,518 -> Finishing MaximalFinder at 10:04:36.518...
2017-12-03 10:04:36,518 -> Total time for MaximalFinder: 40.607ms...
2017-12-03 10:04:36,559 -> Closing session... [0.040s]
Done!!! Sun Dec  3 10:04:37 PST 2017
Running iteration 3/3 for B40K (epsilon = 30 , mu = 10)...
2017-12-03 10:04:40,545 -> Starting session... [1.618s]
2017-12-03 10:04:43,863 -> Reading dataset... [3.318s]
2017-12-03 10:04:43,913 -> Lauching MaximalFinder at 10:04:43.870...
2017-12-03 10:04:43,945 -> 00.Setting mu=10,epsilon=30.0,cores=14,dataset=B40K
2017-12-03 10:04:44,003 -> [Partitions Info]Points;Before indexing;1024
2017-12-03 10:04:50,465 -> [Partitions Info]Points;After indexing;1024
2017-12-03 10:04:50,485 -> 01.Indexing points... [6.540s] [39429 results]
2017-12-03 10:04:58,792 -> 02.Getting pairs... [8.307s] [72348 results]
2017-12-03 10:05:04,357 -> 03.Computing centers... [5.565s] [144696 results]
2017-12-03 10:05:04,372 -> [Partitions Info]Centers;Before indexing;1024
2017-12-03 10:05:09,756 -> [Partitions Info]Centers;After indexing;1024
2017-12-03 10:05:09,756 -> 04.Indexing centers... [5.399s] [144696 results]
2017-12-03 10:05:19,550 -> 05.Getting disks... [9.794s] [144696 results]
2017-12-03 10:05:20,835 -> 06.Filtering less-than-mu disks... [1.285s] [11754 results]
2017-12-03 10:05:23,732 -> 07.Prunning duplicate candidates... [2.897s] [7778 results]
2017-12-03 10:05:23,739 -> [Partitions Info]Candidates;Before indexing;200
2017-12-03 10:05:24,335 -> 08.Indexing candidates... [3.500s] [7778 results]
2017-12-03 10:05:24,649 -> [Partitions Info]Candidates;After indexing;16
2017-12-03 10:05:24,649 -> 09.Getting expansions... [0.314s] [10911 results]
2017-12-03 10:05:25,283 -> 10.Finding maximal disks... [0.634s] [480 results]
2017-12-03 10:05:27,265 -> 11.Prunning duplicates and subsets... [1.982s] [480 results]
2017-12-03 10:05:27,265 ->      Dataset,   Eps, Cores, Mu,   Time, # Pairs,   # Disks, # Candidates, # Maximals
2017-12-03 10:05:27,265 ->         B40K,  30.0,    14, 10,  43.32,   72348,    144696,         7778,        480
2017-12-03 10:05:27,316 -> Dropping indices...[0.051s]
2017-12-03 10:05:27,316 -> Finishing MaximalFinder at 10:05:27.316...
2017-12-03 10:05:27,316 -> Total time for MaximalFinder: 43.403ms...
2017-12-03 10:05:27,361 -> Closing session... [0.045s]
Done!!! Sun Dec  3 10:05:27 PST 2017
acald013@dblab-rack12: stopping org.apache.spark.deploy.worker.Worker
acald013@dblab-rack14: stopping org.apache.spark.deploy.worker.Worker
stopping org.apache.spark.deploy.master.Master
starting org.apache.spark.deploy.master.Master, logging to /home/acald013/Spark/spark-2.1.0-bin-hadoop2.7/logs/spark-acald013-org.apache.spark.deploy.master.Master-1-dblab-rack11.cs.ucr.edu.out
acald013@dblab-rack12: starting org.apache.spark.deploy.worker.Worker, logging to /home/acald013/Spark/spark-2.1.0-bin-hadoop2.7/logs/spark-acald013-org.apache.spark.deploy.worker.Worker-1-dblab-rack12.out
acald013@dblab-rack14: starting org.apache.spark.deploy.worker.Worker, logging to /home/acald013/Spark/spark-2.1.0-bin-hadoop2.7/logs/spark-acald013-org.apache.spark.deploy.worker.Worker-1-dblab-rack14.cs.ucr.edu.out
acald013@dblab-rack11: starting org.apache.spark.deploy.worker.Worker, logging to /home/acald013/Spark/spark-2.1.0-bin-hadoop2.7/logs/spark-acald013-org.apache.spark.deploy.worker.Worker-1-dblab-rack11.cs.ucr.edu.out
Running iteration 1/3 for B60K (epsilon = 10 , mu = 10)...
2017-12-03 10:05:37,105 -> Starting session... [1.747s]
2017-12-03 10:05:40,745 -> Reading dataset... [3.639s]
2017-12-03 10:05:40,790 -> Lauching MaximalFinder at 10:05:40.751...
2017-12-03 10:05:40,822 -> 00.Setting mu=10,epsilon=10.0,cores=21,dataset=B60K
2017-12-03 10:05:40,884 -> [Partitions Info]Points;Before indexing;1024
2017-12-03 10:05:49,282 -> [Partitions Info]Points;After indexing;1024
2017-12-03 10:05:49,303 -> 01.Indexing points... [8.481s] [59143 results]
2017-12-03 10:05:58,899 -> 02.Getting pairs... [9.596s] [33678 results]
2017-12-03 10:06:02,935 -> 03.Computing centers... [4.036s] [67356 results]
2017-12-03 10:06:02,947 -> [Partitions Info]Centers;Before indexing;1024
2017-12-03 10:06:06,575 -> [Partitions Info]Centers;After indexing;1024
2017-12-03 10:06:06,575 -> 04.Indexing centers... [3.640s] [67356 results]
2017-12-03 10:06:14,412 -> 05.Getting disks... [7.837s] [67356 results]
2017-12-03 10:06:15,429 -> 06.Filtering less-than-mu disks... [1.016s] [630 results]
2017-12-03 10:06:18,662 -> 07.Prunning duplicate candidates... [3.233s] [333 results]
2017-12-03 10:06:18,668 -> [Partitions Info]Candidates;Before indexing;200
2017-12-03 10:06:19,240 -> 08.Indexing candidates... [3.811s] [333 results]
2017-12-03 10:06:19,445 -> [Partitions Info]Candidates;After indexing;25
2017-12-03 10:06:19,446 -> 09.Getting expansions... [0.206s] [1652 results]
2017-12-03 10:06:19,987 -> 10.Finding maximal disks... [0.541s] [51 results]
2017-12-03 10:06:22,228 -> 11.Prunning duplicates and subsets... [2.241s] [51 results]
2017-12-03 10:06:22,229 ->      Dataset,   Eps, Cores, Mu,   Time, # Pairs,   # Disks, # Candidates, # Maximals
2017-12-03 10:06:22,229 ->         B60K,  10.0,    21, 10,  41.41,   33678,     67356,          333,         51
2017-12-03 10:06:22,291 -> Dropping indices...[0.062s]
2017-12-03 10:06:22,291 -> Finishing MaximalFinder at 10:06:22.291...
2017-12-03 10:06:22,291 -> Total time for MaximalFinder: 41.500ms...
2017-12-03 10:06:22,350 -> Closing session... [0.059s]
Done!!! Sun Dec  3 10:06:22 PST 2017
Running iteration 1/3 for B60K (epsilon = 20 , mu = 10)...
2017-12-03 10:06:26,415 -> Starting session... [1.679s]
2017-12-03 10:06:30,183 -> Reading dataset... [3.767s]
2017-12-03 10:06:30,216 -> Lauching MaximalFinder at 10:06:30.187...
2017-12-03 10:06:30,248 -> 00.Setting mu=10,epsilon=20.0,cores=21,dataset=B60K
2017-12-03 10:06:30,308 -> [Partitions Info]Points;Before indexing;1024
2017-12-03 10:06:39,775 -> [Partitions Info]Points;After indexing;1024
2017-12-03 10:06:39,801 -> 01.Indexing points... [9.553s] [59143 results]
2017-12-03 10:06:49,067 -> 02.Getting pairs... [9.265s] [71457 results]
2017-12-03 10:06:54,024 -> 03.Computing centers... [4.957s] [142914 results]
2017-12-03 10:06:54,033 -> [Partitions Info]Centers;Before indexing;1024
2017-12-03 10:06:58,955 -> [Partitions Info]Centers;After indexing;1024
2017-12-03 10:06:58,955 -> 04.Indexing centers... [4.931s] [142914 results]
2017-12-03 10:07:07,693 -> 05.Getting disks... [8.738s] [142914 results]
2017-12-03 10:07:08,855 -> 06.Filtering less-than-mu disks... [1.162s] [7176 results]
2017-12-03 10:07:11,959 -> 07.Prunning duplicate candidates... [3.104s] [4572 results]
2017-12-03 10:07:11,965 -> [Partitions Info]Candidates;Before indexing;200
2017-12-03 10:07:12,632 -> 08.Indexing candidates... [3.777s] [4572 results]
2017-12-03 10:07:12,893 -> [Partitions Info]Candidates;After indexing;25
2017-12-03 10:07:12,893 -> 09.Getting expansions... [0.260s] [9578 results]
2017-12-03 10:07:13,550 -> 10.Finding maximal disks... [0.657s] [324 results]
2017-12-03 10:07:16,265 -> 11.Prunning duplicates and subsets... [2.715s] [324 results]
2017-12-03 10:07:16,265 ->      Dataset,   Eps, Cores, Mu,   Time, # Pairs,   # Disks, # Candidates, # Maximals
2017-12-03 10:07:16,265 ->         B60K,  20.0,    21, 10,  46.02,   71457,    142914,         4572,        324
2017-12-03 10:07:16,317 -> Dropping indices...[0.052s]
2017-12-03 10:07:16,317 -> Finishing MaximalFinder at 10:07:16.317...
2017-12-03 10:07:16,317 -> Total time for MaximalFinder: 46.100ms...
2017-12-03 10:07:16,362 -> Closing session... [0.045s]
Done!!! Sun Dec  3 10:07:16 PST 2017
Running iteration 1/3 for B60K (epsilon = 30 , mu = 10)...
2017-12-03 10:07:20,763 -> Starting session... [1.918s]
2017-12-03 10:07:24,411 -> Reading dataset... [3.647s]
2017-12-03 10:07:24,452 -> Lauching MaximalFinder at 10:07:24.416...
2017-12-03 10:07:24,482 -> 00.Setting mu=10,epsilon=30.0,cores=21,dataset=B60K
2017-12-03 10:07:24,540 -> [Partitions Info]Points;Before indexing;1024
2017-12-03 10:07:33,341 -> [Partitions Info]Points;After indexing;1024
2017-12-03 10:07:33,376 -> 01.Indexing points... [8.894s] [59143 results]
2017-12-03 10:07:42,625 -> 02.Getting pairs... [9.248s] [108522 results]
2017-12-03 10:07:48,044 -> 03.Computing centers... [5.419s] [217044 results]
2017-12-03 10:07:48,057 -> [Partitions Info]Centers;Before indexing;1024
2017-12-03 10:07:53,726 -> [Partitions Info]Centers;After indexing;1024
2017-12-03 10:07:53,726 -> 04.Indexing centers... [5.682s] [217044 results]
2017-12-03 10:08:03,907 -> 05.Getting disks... [10.181s] [217044 results]
2017-12-03 10:08:05,344 -> 06.Filtering less-than-mu disks... [1.437s] [17631 results]
2017-12-03 10:08:08,853 -> 07.Prunning duplicate candidates... [3.509s] [11667 results]
2017-12-03 10:08:08,859 -> [Partitions Info]Candidates;Before indexing;200
2017-12-03 10:08:09,585 -> 08.Indexing candidates... [4.241s] [11667 results]
2017-12-03 10:08:09,913 -> [Partitions Info]Candidates;After indexing;25
2017-12-03 10:08:09,913 -> 09.Getting expansions... [0.328s] [17632 results]
2017-12-03 10:08:10,599 -> 10.Finding maximal disks... [0.686s] [720 results]
2017-12-03 10:08:12,894 -> 11.Prunning duplicates and subsets... [2.295s] [720 results]
2017-12-03 10:08:12,894 ->      Dataset,   Eps, Cores, Mu,   Time, # Pairs,   # Disks, # Candidates, # Maximals
2017-12-03 10:08:12,894 ->         B60K,  30.0,    21, 10,  48.41,  108522,    217044,        11667,        720
2017-12-03 10:08:12,949 -> Dropping indices...[0.055s]
2017-12-03 10:08:12,949 -> Finishing MaximalFinder at 10:08:12.949...
2017-12-03 10:08:12,949 -> Total time for MaximalFinder: 48.497ms...
2017-12-03 10:08:13,090 -> Closing session... [0.141s]
Done!!! Sun Dec  3 10:08:13 PST 2017
Running iteration 2/3 for B60K (epsilon = 10 , mu = 10)...
2017-12-03 10:08:17,008 -> Starting session... [1.554s]
2017-12-03 10:08:20,887 -> Reading dataset... [3.877s]
2017-12-03 10:08:20,932 -> Lauching MaximalFinder at 10:08:20.893...
2017-12-03 10:08:20,964 -> 00.Setting mu=10,epsilon=10.0,cores=21,dataset=B60K
2017-12-03 10:08:21,025 -> [Partitions Info]Points;Before indexing;1024
2017-12-03 10:08:29,638 -> [Partitions Info]Points;After indexing;1024
2017-12-03 10:08:29,671 -> 01.Indexing points... [8.707s] [59143 results]
2017-12-03 10:08:39,417 -> 02.Getting pairs... [9.746s] [33678 results]
2017-12-03 10:08:43,357 -> 03.Computing centers... [3.940s] [67356 results]
2017-12-03 10:08:43,365 -> [Partitions Info]Centers;Before indexing;1024
2017-12-03 10:08:47,098 -> [Partitions Info]Centers;After indexing;1024
2017-12-03 10:08:47,098 -> 04.Indexing centers... [3.740s] [67356 results]
2017-12-03 10:08:54,776 -> 05.Getting disks... [7.678s] [67356 results]
2017-12-03 10:08:55,852 -> 06.Filtering less-than-mu disks... [1.076s] [630 results]
2017-12-03 10:08:58,828 -> 07.Prunning duplicate candidates... [2.976s] [333 results]
2017-12-03 10:08:58,834 -> [Partitions Info]Candidates;Before indexing;200
2017-12-03 10:08:59,448 -> 08.Indexing candidates... [3.596s] [333 results]
2017-12-03 10:08:59,767 -> [Partitions Info]Candidates;After indexing;25
2017-12-03 10:08:59,767 -> 09.Getting expansions... [0.319s] [1652 results]
2017-12-03 10:09:00,331 -> 10.Finding maximal disks... [0.564s] [51 results]
2017-12-03 10:09:02,637 -> 11.Prunning duplicates and subsets... [2.306s] [51 results]
2017-12-03 10:09:02,638 ->      Dataset,   Eps, Cores, Mu,   Time, # Pairs,   # Disks, # Candidates, # Maximals
2017-12-03 10:09:02,638 ->         B60K,  10.0,    21, 10,  41.67,   33678,     67356,          333,         51
2017-12-03 10:09:02,722 -> Dropping indices...[0.084s]
2017-12-03 10:09:02,722 -> Finishing MaximalFinder at 10:09:02.722...
2017-12-03 10:09:02,723 -> Total time for MaximalFinder: 41.790ms...
2017-12-03 10:09:02,785 -> Closing session... [0.062s]
Done!!! Sun Dec  3 10:09:03 PST 2017
Running iteration 2/3 for B60K (epsilon = 20 , mu = 10)...
2017-12-03 10:09:06,907 -> Starting session... [1.647s]
2017-12-03 10:09:10,715 -> Reading dataset... [3.808s]
2017-12-03 10:09:10,763 -> Lauching MaximalFinder at 10:09:10.722...
2017-12-03 10:09:10,794 -> 00.Setting mu=10,epsilon=20.0,cores=21,dataset=B60K
2017-12-03 10:09:10,852 -> [Partitions Info]Points;Before indexing;1024
2017-12-03 10:09:19,541 -> [Partitions Info]Points;After indexing;1024
2017-12-03 10:09:19,572 -> 01.Indexing points... [8.778s] [59143 results]
2017-12-03 10:09:29,210 -> 02.Getting pairs... [9.638s] [71457 results]
2017-12-03 10:09:33,669 -> 03.Computing centers... [4.459s] [142914 results]
2017-12-03 10:09:33,679 -> [Partitions Info]Centers;Before indexing;1024
2017-12-03 10:09:38,532 -> [Partitions Info]Centers;After indexing;1024
2017-12-03 10:09:38,628 -> 04.Indexing centers... [4.959s] [142914 results]
2017-12-03 10:09:46,938 -> 05.Getting disks... [8.310s] [142914 results]
2017-12-03 10:09:48,279 -> 06.Filtering less-than-mu disks... [1.341s] [7176 results]
2017-12-03 10:09:51,913 -> 07.Prunning duplicate candidates... [3.634s] [4572 results]
2017-12-03 10:09:51,919 -> [Partitions Info]Candidates;Before indexing;200
2017-12-03 10:09:52,538 -> 08.Indexing candidates... [4.259s] [4572 results]
2017-12-03 10:09:52,824 -> [Partitions Info]Candidates;After indexing;25
2017-12-03 10:09:52,824 -> 09.Getting expansions... [0.285s] [9578 results]
2017-12-03 10:09:53,517 -> 10.Finding maximal disks... [0.693s] [324 results]
2017-12-03 10:09:55,888 -> 11.Prunning duplicates and subsets... [2.371s] [324 results]
2017-12-03 10:09:55,888 ->      Dataset,   Eps, Cores, Mu,   Time, # Pairs,   # Disks, # Candidates, # Maximals
2017-12-03 10:09:55,888 ->         B60K,  20.0,    21, 10,  45.09,   71457,    142914,         4572,        324
2017-12-03 10:09:55,956 -> Dropping indices...[0.067s]
2017-12-03 10:09:55,956 -> Finishing MaximalFinder at 10:09:55.956...
2017-12-03 10:09:55,956 -> Total time for MaximalFinder: 45.193ms...
2017-12-03 10:09:55,999 -> Closing session... [0.043s]
Done!!! Sun Dec  3 10:09:56 PST 2017
Running iteration 2/3 for B60K (epsilon = 30 , mu = 10)...
2017-12-03 10:10:00,096 -> Starting session... [1.692s]
2017-12-03 10:10:04,153 -> Reading dataset... [4.056s]
2017-12-03 10:10:04,187 -> Lauching MaximalFinder at 10:10:04.157...
2017-12-03 10:10:04,217 -> 00.Setting mu=10,epsilon=30.0,cores=21,dataset=B60K
2017-12-03 10:10:04,277 -> [Partitions Info]Points;Before indexing;1024
2017-12-03 10:10:13,371 -> [Partitions Info]Points;After indexing;1024
2017-12-03 10:10:13,404 -> 01.Indexing points... [9.187s] [59143 results]
2017-12-03 10:10:23,330 -> 02.Getting pairs... [9.926s] [108522 results]
2017-12-03 10:10:29,312 -> 03.Computing centers... [5.982s] [217044 results]
2017-12-03 10:10:29,320 -> [Partitions Info]Centers;Before indexing;1024
2017-12-03 10:10:35,169 -> [Partitions Info]Centers;After indexing;1024
2017-12-03 10:10:35,170 -> 04.Indexing centers... [5.858s] [217044 results]
2017-12-03 10:10:45,542 -> 05.Getting disks... [10.372s] [217044 results]
2017-12-03 10:10:46,997 -> 06.Filtering less-than-mu disks... [1.455s] [17631 results]
2017-12-03 10:10:50,477 -> 07.Prunning duplicate candidates... [3.480s] [11667 results]
2017-12-03 10:10:50,483 -> [Partitions Info]Candidates;Before indexing;200
2017-12-03 10:10:51,115 -> 08.Indexing candidates... [4.118s] [11667 results]
2017-12-03 10:10:51,452 -> [Partitions Info]Candidates;After indexing;25
2017-12-03 10:10:51,452 -> 09.Getting expansions... [0.337s] [17632 results]
2017-12-03 10:10:52,217 -> 10.Finding maximal disks... [0.765s] [720 results]
2017-12-03 10:10:55,161 -> 11.Prunning duplicates and subsets... [2.944s] [720 results]
2017-12-03 10:10:55,162 ->      Dataset,   Eps, Cores, Mu,   Time, # Pairs,   # Disks, # Candidates, # Maximals
2017-12-03 10:10:55,162 ->         B60K,  30.0,    21, 10,  50.94,  108522,    217044,        11667,        720
2017-12-03 10:10:55,219 -> Dropping indices...[0.057s]
2017-12-03 10:10:55,220 -> Finishing MaximalFinder at 10:10:55.219...
2017-12-03 10:10:55,220 -> Total time for MaximalFinder: 51.032ms...
2017-12-03 10:10:55,275 -> Closing session... [0.055s]
Done!!! Sun Dec  3 10:10:56 PST 2017
Running iteration 3/3 for B60K (epsilon = 10 , mu = 10)...
2017-12-03 10:11:00,362 -> Starting session... [1.694s]
2017-12-03 10:11:04,368 -> Reading dataset... [4.006s]
2017-12-03 10:11:04,410 -> Lauching MaximalFinder at 10:11:04.374...
2017-12-03 10:11:04,441 -> 00.Setting mu=10,epsilon=10.0,cores=21,dataset=B60K
2017-12-03 10:11:04,501 -> [Partitions Info]Points;Before indexing;1024
2017-12-03 10:11:12,634 -> [Partitions Info]Points;After indexing;1024
2017-12-03 10:11:12,656 -> 01.Indexing points... [8.215s] [59143 results]
2017-12-03 10:11:21,861 -> 02.Getting pairs... [9.203s] [33678 results]
2017-12-03 10:11:25,862 -> 03.Computing centers... [4.001s] [67356 results]
2017-12-03 10:11:25,873 -> [Partitions Info]Centers;Before indexing;1024
2017-12-03 10:11:29,269 -> [Partitions Info]Centers;After indexing;1024
2017-12-03 10:11:29,269 -> 04.Indexing centers... [3.407s] [67356 results]
2017-12-03 10:11:37,022 -> 05.Getting disks... [7.753s] [67356 results]
2017-12-03 10:11:38,051 -> 06.Filtering less-than-mu disks... [1.029s] [630 results]
2017-12-03 10:11:41,039 -> 07.Prunning duplicate candidates... [2.988s] [333 results]
2017-12-03 10:11:41,046 -> [Partitions Info]Candidates;Before indexing;200
2017-12-03 10:11:41,661 -> 08.Indexing candidates... [3.610s] [333 results]
2017-12-03 10:11:41,864 -> [Partitions Info]Candidates;After indexing;25
2017-12-03 10:11:41,864 -> 09.Getting expansions... [0.203s] [1652 results]
2017-12-03 10:11:42,491 -> 10.Finding maximal disks... [0.627s] [51 results]
2017-12-03 10:11:44,666 -> 11.Prunning duplicates and subsets... [2.175s] [51 results]
2017-12-03 10:11:44,667 ->      Dataset,   Eps, Cores, Mu,   Time, # Pairs,   # Disks, # Candidates, # Maximals
2017-12-03 10:11:44,667 ->         B60K,  10.0,    21, 10,  40.23,   33678,     67356,          333,         51
2017-12-03 10:11:44,732 -> Dropping indices...[0.065s]
2017-12-03 10:11:44,734 -> Finishing MaximalFinder at 10:11:44.733...
2017-12-03 10:11:44,734 -> Total time for MaximalFinder: 40.322ms...
2017-12-03 10:11:44,795 -> Closing session... [0.061s]
Done!!! Sun Dec  3 10:11:45 PST 2017
Running iteration 3/3 for B60K (epsilon = 20 , mu = 10)...
2017-12-03 10:11:48,968 -> Starting session... [1.782s]
2017-12-03 10:11:53,064 -> Reading dataset... [4.096s]
2017-12-03 10:11:53,098 -> Lauching MaximalFinder at 10:11:53.068...
2017-12-03 10:11:53,128 -> 00.Setting mu=10,epsilon=20.0,cores=21,dataset=B60K
2017-12-03 10:11:53,186 -> [Partitions Info]Points;Before indexing;1024
2017-12-03 10:12:02,226 -> [Partitions Info]Points;After indexing;1024
2017-12-03 10:12:02,259 -> 01.Indexing points... [9.131s] [59143 results]
2017-12-03 10:12:12,375 -> 02.Getting pairs... [10.116s] [71457 results]
2017-12-03 10:12:17,776 -> 03.Computing centers... [5.401s] [142914 results]
2017-12-03 10:12:17,788 -> [Partitions Info]Centers;Before indexing;1024
2017-12-03 10:12:22,477 -> [Partitions Info]Centers;After indexing;1024
2017-12-03 10:12:22,477 -> 04.Indexing centers... [4.700s] [142914 results]
2017-12-03 10:12:31,115 -> 05.Getting disks... [8.638s] [142914 results]
2017-12-03 10:12:32,440 -> 06.Filtering less-than-mu disks... [1.324s] [7176 results]
2017-12-03 10:12:36,042 -> 07.Prunning duplicate candidates... [3.602s] [4572 results]
2017-12-03 10:12:36,048 -> [Partitions Info]Candidates;Before indexing;200
2017-12-03 10:12:36,705 -> 08.Indexing candidates... [4.265s] [4572 results]
2017-12-03 10:12:36,989 -> [Partitions Info]Candidates;After indexing;25
2017-12-03 10:12:36,989 -> 09.Getting expansions... [0.284s] [9578 results]
2017-12-03 10:12:37,615 -> 10.Finding maximal disks... [0.626s] [324 results]
2017-12-03 10:12:40,374 -> 11.Prunning duplicates and subsets... [2.759s] [324 results]
2017-12-03 10:12:40,374 ->      Dataset,   Eps, Cores, Mu,   Time, # Pairs,   # Disks, # Candidates, # Maximals
2017-12-03 10:12:40,374 ->         B60K,  20.0,    21, 10,  47.25,   71457,    142914,         4572,        324
2017-12-03 10:12:40,450 -> Dropping indices...[0.076s]
2017-12-03 10:12:40,450 -> Finishing MaximalFinder at 10:12:40.450...
2017-12-03 10:12:40,450 -> Total time for MaximalFinder: 47.352ms...
2017-12-03 10:12:40,515 -> Closing session... [0.065s]
Done!!! Sun Dec  3 10:12:40 PST 2017
Running iteration 3/3 for B60K (epsilon = 30 , mu = 10)...
2017-12-03 10:12:44,545 -> Starting session... [1.603s]
2017-12-03 10:12:48,414 -> Reading dataset... [3.869s]
2017-12-03 10:12:48,448 -> Lauching MaximalFinder at 10:12:48.419...
2017-12-03 10:12:48,476 -> 00.Setting mu=10,epsilon=30.0,cores=21,dataset=B60K
2017-12-03 10:12:48,535 -> [Partitions Info]Points;Before indexing;1024
2017-12-03 10:12:57,712 -> [Partitions Info]Points;After indexing;1024
2017-12-03 10:12:57,743 -> 01.Indexing points... [9.267s] [59143 results]
2017-12-03 10:13:07,478 -> 02.Getting pairs... [9.735s] [108522 results]
2017-12-03 10:13:13,213 -> 03.Computing centers... [5.735s] [217044 results]
2017-12-03 10:13:13,225 -> [Partitions Info]Centers;Before indexing;1024
2017-12-03 10:13:19,152 -> [Partitions Info]Centers;After indexing;1024
2017-12-03 10:13:19,152 -> 04.Indexing centers... [5.939s] [217044 results]
2017-12-03 10:13:28,634 -> 05.Getting disks... [9.482s] [217044 results]
2017-12-03 10:13:30,326 -> 06.Filtering less-than-mu disks... [1.692s] [17631 results]
2017-12-03 10:13:34,088 -> 07.Prunning duplicate candidates... [3.761s] [11667 results]
2017-12-03 10:13:34,095 -> [Partitions Info]Candidates;Before indexing;200
2017-12-03 10:13:34,741 -> 08.Indexing candidates... [4.414s] [11667 results]
2017-12-03 10:13:35,055 -> [Partitions Info]Candidates;After indexing;25
2017-12-03 10:13:35,055 -> 09.Getting expansions... [0.314s] [17632 results]
2017-12-03 10:13:35,730 -> 10.Finding maximal disks... [0.675s] [720 results]
2017-12-03 10:13:38,143 -> 11.Prunning duplicates and subsets... [2.413s] [720 results]
2017-12-03 10:13:38,144 ->      Dataset,   Eps, Cores, Mu,   Time, # Pairs,   # Disks, # Candidates, # Maximals
2017-12-03 10:13:38,144 ->         B60K,  30.0,    21, 10,  49.67,  108522,    217044,        11667,        720
2017-12-03 10:13:38,211 -> Dropping indices...[0.067s]
2017-12-03 10:13:38,212 -> Finishing MaximalFinder at 10:13:38.211...
2017-12-03 10:13:38,212 -> Total time for MaximalFinder: 49.763ms...
2017-12-03 10:13:38,247 -> Closing session... [0.035s]
Done!!! Sun Dec  3 10:13:38 PST 2017
acald013@dblab-rack12: stopping org.apache.spark.deploy.worker.Worker
acald013@dblab-rack14: stopping org.apache.spark.deploy.worker.Worker
acald013@dblab-rack11: stopping org.apache.spark.deploy.worker.Worker
stopping org.apache.spark.deploy.master.Master
starting org.apache.spark.deploy.master.Master, logging to /home/acald013/Spark/spark-2.1.0-bin-hadoop2.7/logs/spark-acald013-org.apache.spark.deploy.master.Master-1-dblab-rack11.cs.ucr.edu.out
acald013@dblab-rack12: starting org.apache.spark.deploy.worker.Worker, logging to /home/acald013/Spark/spark-2.1.0-bin-hadoop2.7/logs/spark-acald013-org.apache.spark.deploy.worker.Worker-1-dblab-rack12.out
acald013@dblab-rack15: starting org.apache.spark.deploy.worker.Worker, logging to /home/acald013/Spark/spark-2.1.0-bin-hadoop2.7/logs/spark-acald013-org.apache.spark.deploy.worker.Worker-1-dblab-rack15.out
acald013@dblab-rack14: starting org.apache.spark.deploy.worker.Worker, logging to /home/acald013/Spark/spark-2.1.0-bin-hadoop2.7/logs/spark-acald013-org.apache.spark.deploy.worker.Worker-1-dblab-rack14.cs.ucr.edu.out
acald013@dblab-rack11: starting org.apache.spark.deploy.worker.Worker, logging to /home/acald013/Spark/spark-2.1.0-bin-hadoop2.7/logs/spark-acald013-org.apache.spark.deploy.worker.Worker-1-dblab-rack11.cs.ucr.edu.out
Running iteration 1/3 for B80K (epsilon = 10 , mu = 10)...
2017-12-03 10:13:48,215 -> Starting session... [1.760s]
2017-12-03 10:13:52,370 -> Reading dataset... [4.154s]
2017-12-03 10:13:52,408 -> Lauching MaximalFinder at 10:13:52.374...
2017-12-03 10:13:52,444 -> 00.Setting mu=10,epsilon=10.0,cores=35,dataset=B80K
2017-12-03 10:13:52,504 -> [Partitions Info]Points;Before indexing;1024
2017-12-03 10:14:00,713 -> [Partitions Info]Points;After indexing;1024
2017-12-03 10:14:00,744 -> 01.Indexing points... [8.300s] [78857 results]
2017-12-03 10:14:10,103 -> 02.Getting pairs... [9.359s] [44904 results]
2017-12-03 10:14:13,487 -> 03.Computing centers... [3.384s] [89808 results]
2017-12-03 10:14:13,495 -> [Partitions Info]Centers;Before indexing;1024
2017-12-03 10:14:16,941 -> [Partitions Info]Centers;After indexing;1024
2017-12-03 10:14:16,941 -> 04.Indexing centers... [3.454s] [89808 results]
2017-12-03 10:14:23,911 -> 05.Getting disks... [6.969s] [89808 results]
2017-12-03 10:14:25,337 -> 06.Filtering less-than-mu disks... [1.426s] [840 results]
2017-12-03 10:14:28,427 -> 07.Prunning duplicate candidates... [3.088s] [444 results]
2017-12-03 10:14:28,436 -> [Partitions Info]Candidates;Before indexing;200
2017-12-03 10:14:29,079 -> 08.Indexing candidates... [3.741s] [444 results]
2017-12-03 10:14:29,334 -> [Partitions Info]Candidates;After indexing;36
2017-12-03 10:14:29,334 -> 09.Getting expansions... [0.255s] [2703 results]
2017-12-03 10:14:30,299 -> 10.Finding maximal disks... [0.965s] [68 results]
2017-12-03 10:14:33,185 -> 11.Prunning duplicates and subsets... [2.886s] [68 results]
2017-12-03 10:14:33,186 ->      Dataset,   Eps, Cores, Mu,   Time, # Pairs,   # Disks, # Candidates, # Maximals
2017-12-03 10:14:33,186 ->         B80K,  10.0,    35, 10,  40.74,   44904,     89808,          444,         68
2017-12-03 10:14:33,246 -> Dropping indices...[0.059s]
2017-12-03 10:14:33,246 -> Finishing MaximalFinder at 10:14:33.246...
2017-12-03 10:14:33,246 -> Total time for MaximalFinder: 40.838ms...
2017-12-03 10:14:33,308 -> Closing session... [0.062s]
Done!!! Sun Dec  3 10:14:33 PST 2017
Running iteration 1/3 for B80K (epsilon = 20 , mu = 10)...
2017-12-03 10:14:37,348 -> Starting session... [1.617s]
2017-12-03 10:14:41,428 -> Reading dataset... [4.077s]
2017-12-03 10:14:41,461 -> Lauching MaximalFinder at 10:14:41.432...
2017-12-03 10:14:41,493 -> 00.Setting mu=10,epsilon=20.0,cores=35,dataset=B80K
2017-12-03 10:14:41,551 -> [Partitions Info]Points;Before indexing;1024
2017-12-03 10:14:51,109 -> [Partitions Info]Points;After indexing;1024
2017-12-03 10:14:51,138 -> 01.Indexing points... [9.645s] [78857 results]
2017-12-03 10:15:00,926 -> 02.Getting pairs... [9.788s] [95276 results]
2017-12-03 10:15:05,788 -> 03.Computing centers... [4.862s] [190552 results]
2017-12-03 10:15:05,804 -> [Partitions Info]Centers;Before indexing;1024
2017-12-03 10:15:10,491 -> [Partitions Info]Centers;After indexing;1024
2017-12-03 10:15:10,492 -> 04.Indexing centers... [4.704s] [190552 results]
2017-12-03 10:15:19,412 -> 05.Getting disks... [8.920s] [190552 results]
2017-12-03 10:15:20,808 -> 06.Filtering less-than-mu disks... [1.396s] [9568 results]
2017-12-03 10:15:24,624 -> 07.Prunning duplicate candidates... [3.816s] [6096 results]
2017-12-03 10:15:24,630 -> [Partitions Info]Candidates;Before indexing;200
2017-12-03 10:15:25,369 -> 08.Indexing candidates... [4.561s] [6096 results]
2017-12-03 10:15:25,669 -> [Partitions Info]Candidates;After indexing;36
2017-12-03 10:15:25,669 -> 09.Getting expansions... [0.300s] [12585 results]
2017-12-03 10:15:26,570 -> 10.Finding maximal disks... [0.901s] [432 results]
2017-12-03 10:15:29,350 -> 11.Prunning duplicates and subsets... [2.780s] [432 results]
2017-12-03 10:15:29,350 ->      Dataset,   Eps, Cores, Mu,   Time, # Pairs,   # Disks, # Candidates, # Maximals
2017-12-03 10:15:29,350 ->         B80K,  20.0,    35, 10,  47.86,   95276,    190552,         6096,        432
2017-12-03 10:15:29,411 -> Dropping indices...[0.061s]
2017-12-03 10:15:29,411 -> Finishing MaximalFinder at 10:15:29.411...
2017-12-03 10:15:29,411 -> Total time for MaximalFinder: 47.949ms...
2017-12-03 10:15:29,454 -> Closing session... [0.043s]
Done!!! Sun Dec  3 10:15:29 PST 2017
Running iteration 1/3 for B80K (epsilon = 30 , mu = 10)...
2017-12-03 10:15:33,641 -> Starting session... [1.716s]
2017-12-03 10:15:37,427 -> Reading dataset... [3.785s]
2017-12-03 10:15:37,476 -> Lauching MaximalFinder at 10:15:37.434...
2017-12-03 10:15:37,510 -> 00.Setting mu=10,epsilon=30.0,cores=35,dataset=B80K
2017-12-03 10:15:37,571 -> [Partitions Info]Points;Before indexing;1024
2017-12-03 10:15:45,728 -> [Partitions Info]Points;After indexing;1024
2017-12-03 10:15:45,755 -> 01.Indexing points... [8.245s] [78857 results]
2017-12-03 10:15:55,612 -> 02.Getting pairs... [9.857s] [144696 results]
2017-12-03 10:16:01,240 -> 03.Computing centers... [5.628s] [289392 results]
2017-12-03 10:16:01,252 -> [Partitions Info]Centers;Before indexing;1024
2017-12-03 10:16:06,757 -> [Partitions Info]Centers;After indexing;1024
2017-12-03 10:16:06,757 -> 04.Indexing centers... [5.517s] [289392 results]
2017-12-03 10:16:16,857 -> 05.Getting disks... [10.100s] [289392 results]
2017-12-03 10:16:18,600 -> 06.Filtering less-than-mu disks... [1.743s] [23508 results]
2017-12-03 10:16:22,989 -> 07.Prunning duplicate candidates... [4.389s] [15556 results]
2017-12-03 10:16:22,995 -> [Partitions Info]Candidates;Before indexing;200
2017-12-03 10:16:23,792 -> 08.Indexing candidates... [5.192s] [15556 results]
2017-12-03 10:16:24,181 -> [Partitions Info]Candidates;After indexing;36
2017-12-03 10:16:24,181 -> 09.Getting expansions... [0.389s] [24005 results]
2017-12-03 10:16:24,951 -> 10.Finding maximal disks... [0.770s] [962 results]
2017-12-03 10:16:27,714 -> 11.Prunning duplicates and subsets... [2.763s] [960 results]
2017-12-03 10:16:27,714 ->      Dataset,   Eps, Cores, Mu,   Time, # Pairs,   # Disks, # Candidates, # Maximals
2017-12-03 10:16:27,714 ->         B80K,  30.0,    35, 10,  50.20,  144696,    289392,        15556,        960
2017-12-03 10:16:27,782 -> Dropping indices...[0.067s]
2017-12-03 10:16:27,782 -> Finishing MaximalFinder at 10:16:27.782...
2017-12-03 10:16:27,782 -> Total time for MaximalFinder: 50.306ms...
2017-12-03 10:16:27,841 -> Closing session... [0.059s]
Done!!! Sun Dec  3 10:16:29 PST 2017
Running iteration 2/3 for B80K (epsilon = 10 , mu = 10)...
2017-12-03 10:16:32,780 -> Starting session... [1.753s]
2017-12-03 10:16:36,719 -> Reading dataset... [3.939s]
2017-12-03 10:16:36,767 -> Lauching MaximalFinder at 10:16:36.726...
2017-12-03 10:16:36,801 -> 00.Setting mu=10,epsilon=10.0,cores=35,dataset=B80K
2017-12-03 10:16:36,859 -> [Partitions Info]Points;Before indexing;1024
2017-12-03 10:16:45,595 -> [Partitions Info]Points;After indexing;1024
2017-12-03 10:16:45,624 -> 01.Indexing points... [8.823s] [78857 results]
2017-12-03 10:16:55,479 -> 02.Getting pairs... [9.854s] [44904 results]
2017-12-03 10:16:59,317 -> 03.Computing centers... [3.837s] [89808 results]
2017-12-03 10:16:59,324 -> [Partitions Info]Centers;Before indexing;1024
2017-12-03 10:17:02,876 -> [Partitions Info]Centers;After indexing;1024
2017-12-03 10:17:02,876 -> 04.Indexing centers... [3.559s] [89808 results]
2017-12-03 10:17:10,153 -> 05.Getting disks... [7.277s] [89808 results]
2017-12-03 10:17:11,061 -> 06.Filtering less-than-mu disks... [0.908s] [840 results]
2017-12-03 10:17:15,255 -> 07.Prunning duplicate candidates... [4.194s] [444 results]
2017-12-03 10:17:15,261 -> [Partitions Info]Candidates;Before indexing;200
2017-12-03 10:17:15,855 -> 08.Indexing candidates... [4.794s] [444 results]
2017-12-03 10:17:16,110 -> [Partitions Info]Candidates;After indexing;36
2017-12-03 10:17:16,110 -> 09.Getting expansions... [0.255s] [2703 results]
2017-12-03 10:17:16,837 -> 10.Finding maximal disks... [0.727s] [68 results]
2017-12-03 10:17:19,997 -> 11.Prunning duplicates and subsets... [3.160s] [68 results]
2017-12-03 10:17:19,998 ->      Dataset,   Eps, Cores, Mu,   Time, # Pairs,   # Disks, # Candidates, # Maximals
2017-12-03 10:17:19,998 ->         B80K,  10.0,    35, 10,  43.20,   44904,     89808,          444,         68
2017-12-03 10:17:20,069 -> Dropping indices...[0.071s]
2017-12-03 10:17:20,069 -> Finishing MaximalFinder at 10:17:20.069...
2017-12-03 10:17:20,069 -> Total time for MaximalFinder: 43.302ms...
2017-12-03 10:17:20,117 -> Closing session... [0.048s]
Done!!! Sun Dec  3 10:17:21 PST 2017
Running iteration 2/3 for B80K (epsilon = 20 , mu = 10)...
2017-12-03 10:17:24,970 -> Starting session... [1.673s]
2017-12-03 10:17:28,854 -> Reading dataset... [3.884s]
2017-12-03 10:17:28,896 -> Lauching MaximalFinder at 10:17:28.859...
2017-12-03 10:17:28,925 -> 00.Setting mu=10,epsilon=20.0,cores=35,dataset=B80K
2017-12-03 10:17:28,984 -> [Partitions Info]Points;Before indexing;1024
2017-12-03 10:17:38,068 -> [Partitions Info]Points;After indexing;1024
2017-12-03 10:17:38,095 -> 01.Indexing points... [9.170s] [78857 results]
2017-12-03 10:17:47,438 -> 02.Getting pairs... [9.343s] [95276 results]
2017-12-03 10:17:52,064 -> 03.Computing centers... [4.626s] [190552 results]
2017-12-03 10:17:52,076 -> [Partitions Info]Centers;Before indexing;1024
2017-12-03 10:17:56,915 -> [Partitions Info]Centers;After indexing;1024
2017-12-03 10:17:56,915 -> 04.Indexing centers... [4.850s] [190552 results]
2017-12-03 10:18:05,117 -> 05.Getting disks... [8.202s] [190552 results]
2017-12-03 10:18:06,532 -> 06.Filtering less-than-mu disks... [1.415s] [9568 results]
2017-12-03 10:18:10,734 -> 07.Prunning duplicate candidates... [4.202s] [6096 results]
2017-12-03 10:18:10,743 -> [Partitions Info]Candidates;Before indexing;200
2017-12-03 10:18:11,502 -> 08.Indexing candidates... [4.970s] [6096 results]
2017-12-03 10:18:11,854 -> [Partitions Info]Candidates;After indexing;36
2017-12-03 10:18:11,854 -> 09.Getting expansions... [0.352s] [12585 results]
2017-12-03 10:18:12,621 -> 10.Finding maximal disks... [0.767s] [432 results]
2017-12-03 10:18:15,665 -> 11.Prunning duplicates and subsets... [3.043s] [432 results]
2017-12-03 10:18:15,665 ->      Dataset,   Eps, Cores, Mu,   Time, # Pairs,   # Disks, # Candidates, # Maximals
2017-12-03 10:18:15,665 ->         B80K,  20.0,    35, 10,  46.74,   95276,    190552,         6096,        432
2017-12-03 10:18:15,720 -> Dropping indices...[0.055s]
2017-12-03 10:18:15,720 -> Finishing MaximalFinder at 10:18:15.720...
2017-12-03 10:18:15,720 -> Total time for MaximalFinder: 46.824ms...
2017-12-03 10:18:15,764 -> Closing session... [0.044s]
Done!!! Sun Dec  3 10:18:16 PST 2017
Running iteration 2/3 for B80K (epsilon = 30 , mu = 10)...
2017-12-03 10:18:20,489 -> Starting session... [1.577s]
2017-12-03 10:18:24,286 -> Reading dataset... [3.797s]
2017-12-03 10:18:24,338 -> Lauching MaximalFinder at 10:18:24.293...
2017-12-03 10:18:24,371 -> 00.Setting mu=10,epsilon=30.0,cores=35,dataset=B80K
2017-12-03 10:18:24,434 -> [Partitions Info]Points;Before indexing;1024
2017-12-03 10:18:32,721 -> [Partitions Info]Points;After indexing;1024
2017-12-03 10:18:32,744 -> 01.Indexing points... [8.372s] [78857 results]
2017-12-03 10:18:43,091 -> 02.Getting pairs... [10.347s] [144696 results]
2017-12-03 10:18:48,731 -> 03.Computing centers... [5.640s] [289392 results]
2017-12-03 10:18:48,747 -> [Partitions Info]Centers;Before indexing;1024
2017-12-03 10:18:54,231 -> [Partitions Info]Centers;After indexing;1024
2017-12-03 10:18:54,232 -> 04.Indexing centers... [5.500s] [289392 results]
2017-12-03 10:19:04,339 -> 05.Getting disks... [10.107s] [289392 results]
2017-12-03 10:19:06,039 -> 06.Filtering less-than-mu disks... [1.700s] [23508 results]
2017-12-03 10:19:10,207 -> 07.Prunning duplicate candidates... [4.168s] [15556 results]
2017-12-03 10:19:10,213 -> [Partitions Info]Candidates;Before indexing;200
2017-12-03 10:19:10,953 -> 08.Indexing candidates... [4.914s] [15556 results]
2017-12-03 10:19:11,374 -> [Partitions Info]Candidates;After indexing;36
2017-12-03 10:19:11,374 -> 09.Getting expansions... [0.421s] [24005 results]
2017-12-03 10:19:12,224 -> 10.Finding maximal disks... [0.850s] [962 results]
2017-12-03 10:19:15,388 -> 11.Prunning duplicates and subsets... [3.164s] [960 results]
2017-12-03 10:19:15,388 ->      Dataset,   Eps, Cores, Mu,   Time, # Pairs,   # Disks, # Candidates, # Maximals
2017-12-03 10:19:15,388 ->         B80K,  30.0,    35, 10,  51.02,  144696,    289392,        15556,        960
2017-12-03 10:19:15,451 -> Dropping indices...[0.063s]
2017-12-03 10:19:15,452 -> Finishing MaximalFinder at 10:19:15.452...
2017-12-03 10:19:15,452 -> Total time for MaximalFinder: 51.113ms...
2017-12-03 10:19:15,501 -> Closing session... [0.049s]
Done!!! Sun Dec  3 10:19:15 PST 2017
Running iteration 3/3 for B80K (epsilon = 10 , mu = 10)...
2017-12-03 10:19:19,581 -> Starting session... [1.727s]
2017-12-03 10:19:23,761 -> Reading dataset... [4.180s]
2017-12-03 10:19:23,795 -> Lauching MaximalFinder at 10:19:23.765...
2017-12-03 10:19:23,829 -> 00.Setting mu=10,epsilon=10.0,cores=35,dataset=B80K
2017-12-03 10:19:23,888 -> [Partitions Info]Points;Before indexing;1024
2017-12-03 10:19:32,974 -> [Partitions Info]Points;After indexing;1024
2017-12-03 10:19:33,009 -> 01.Indexing points... [9.180s] [78857 results]
2017-12-03 10:19:42,163 -> 02.Getting pairs... [9.154s] [44904 results]
2017-12-03 10:19:45,737 -> 03.Computing centers... [3.574s] [89808 results]
2017-12-03 10:19:45,746 -> [Partitions Info]Centers;Before indexing;1024
2017-12-03 10:19:49,232 -> [Partitions Info]Centers;After indexing;1024
2017-12-03 10:19:49,232 -> 04.Indexing centers... [3.494s] [89808 results]
2017-12-03 10:19:56,494 -> 05.Getting disks... [7.262s] [89808 results]
2017-12-03 10:19:57,627 -> 06.Filtering less-than-mu disks... [1.133s] [840 results]
2017-12-03 10:20:00,880 -> 07.Prunning duplicate candidates... [3.253s] [444 results]
2017-12-03 10:20:00,887 -> [Partitions Info]Candidates;Before indexing;200
2017-12-03 10:20:01,508 -> 08.Indexing candidates... [3.881s] [444 results]
2017-12-03 10:20:01,735 -> [Partitions Info]Candidates;After indexing;36
2017-12-03 10:20:01,735 -> 09.Getting expansions... [0.227s] [2703 results]
2017-12-03 10:20:02,485 -> 10.Finding maximal disks... [0.750s] [68 results]
2017-12-03 10:20:05,269 -> 11.Prunning duplicates and subsets... [2.784s] [68 results]
2017-12-03 10:20:05,269 ->      Dataset,   Eps, Cores, Mu,   Time, # Pairs,   # Disks, # Candidates, # Maximals
2017-12-03 10:20:05,269 ->         B80K,  10.0,    35, 10,  41.44,   44904,     89808,          444,         68
2017-12-03 10:20:05,329 -> Dropping indices...[0.060s]
2017-12-03 10:20:05,329 -> Finishing MaximalFinder at 10:20:05.329...
2017-12-03 10:20:05,330 -> Total time for MaximalFinder: 41.533ms...
2017-12-03 10:20:05,372 -> Closing session... [0.042s]
Done!!! Sun Dec  3 10:20:05 PST 2017
Running iteration 3/3 for B80K (epsilon = 20 , mu = 10)...
2017-12-03 10:20:09,439 -> Starting session... [1.692s]
2017-12-03 10:20:13,077 -> Reading dataset... [3.636s]
2017-12-03 10:20:13,119 -> Lauching MaximalFinder at 10:20:13.082...
2017-12-03 10:20:13,149 -> 00.Setting mu=10,epsilon=20.0,cores=35,dataset=B80K
2017-12-03 10:20:13,213 -> [Partitions Info]Points;Before indexing;1024
2017-12-03 10:20:21,883 -> [Partitions Info]Points;After indexing;1024
2017-12-03 10:20:21,916 -> 01.Indexing points... [8.767s] [78857 results]
2017-12-03 10:20:31,149 -> 02.Getting pairs... [9.233s] [95276 results]
2017-12-03 10:20:35,682 -> 03.Computing centers... [4.533s] [190552 results]
2017-12-03 10:20:35,694 -> [Partitions Info]Centers;Before indexing;1024
2017-12-03 10:20:40,206 -> [Partitions Info]Centers;After indexing;1024
2017-12-03 10:20:40,206 -> 04.Indexing centers... [4.523s] [190552 results]
2017-12-03 10:20:50,038 -> 05.Getting disks... [9.832s] [190552 results]
2017-12-03 10:20:51,338 -> 06.Filtering less-than-mu disks... [1.300s] [9568 results]
2017-12-03 10:20:55,387 -> 07.Prunning duplicate candidates... [4.049s] [6096 results]
2017-12-03 10:20:55,393 -> [Partitions Info]Candidates;Before indexing;200
2017-12-03 10:20:56,059 -> 08.Indexing candidates... [4.721s] [6096 results]
2017-12-03 10:20:56,363 -> [Partitions Info]Candidates;After indexing;36
2017-12-03 10:20:56,363 -> 09.Getting expansions... [0.303s] [12585 results]
2017-12-03 10:20:57,205 -> 10.Finding maximal disks... [0.842s] [432 results]
2017-12-03 10:21:00,049 -> 11.Prunning duplicates and subsets... [2.844s] [432 results]
2017-12-03 10:21:00,050 ->      Dataset,   Eps, Cores, Mu,   Time, # Pairs,   # Disks, # Candidates, # Maximals
2017-12-03 10:21:00,050 ->         B80K,  20.0,    35, 10,  46.90,   95276,    190552,         6096,        432
2017-12-03 10:21:00,119 -> Dropping indices...[0.069s]
2017-12-03 10:21:00,119 -> Finishing MaximalFinder at 10:21:00.119...
2017-12-03 10:21:00,119 -> Total time for MaximalFinder: 46.999ms...
2017-12-03 10:21:00,191 -> Closing session... [0.072s]
Done!!! Sun Dec  3 10:21:00 PST 2017
Running iteration 3/3 for B80K (epsilon = 30 , mu = 10)...
2017-12-03 10:21:04,223 -> Starting session... [1.673s]
2017-12-03 10:21:08,142 -> Reading dataset... [3.919s]
2017-12-03 10:21:08,183 -> Lauching MaximalFinder at 10:21:08.147...
2017-12-03 10:21:08,212 -> 00.Setting mu=10,epsilon=30.0,cores=35,dataset=B80K
2017-12-03 10:21:08,276 -> [Partitions Info]Points;Before indexing;1024
2017-12-03 10:21:16,143 -> [Partitions Info]Points;After indexing;1024
2017-12-03 10:21:16,177 -> 01.Indexing points... [7.965s] [78857 results]
2017-12-03 10:21:26,524 -> 02.Getting pairs... [10.347s] [144696 results]
2017-12-03 10:21:32,542 -> 03.Computing centers... [6.017s] [289392 results]
2017-12-03 10:21:32,550 -> [Partitions Info]Centers;Before indexing;1024
2017-12-03 10:21:38,013 -> [Partitions Info]Centers;After indexing;1024
2017-12-03 10:21:38,014 -> 04.Indexing centers... [5.472s] [289392 results]
2017-12-03 10:21:47,641 -> 05.Getting disks... [9.627s] [289392 results]
2017-12-03 10:21:49,277 -> 06.Filtering less-than-mu disks... [1.636s] [23508 results]
2017-12-03 10:21:53,531 -> 07.Prunning duplicate candidates... [4.254s] [15556 results]
2017-12-03 10:21:53,537 -> [Partitions Info]Candidates;Before indexing;200
2017-12-03 10:21:54,287 -> 08.Indexing candidates... [5.009s] [15556 results]
2017-12-03 10:21:54,702 -> [Partitions Info]Candidates;After indexing;36
2017-12-03 10:21:54,702 -> 09.Getting expansions... [0.415s] [24005 results]
2017-12-03 10:21:55,510 -> 10.Finding maximal disks... [0.808s] [962 results]
2017-12-03 10:21:58,818 -> 11.Prunning duplicates and subsets... [3.308s] [960 results]
2017-12-03 10:21:58,818 ->      Dataset,   Eps, Cores, Mu,   Time, # Pairs,   # Disks, # Candidates, # Maximals
2017-12-03 10:21:58,818 ->         B80K,  30.0,    35, 10,  50.61,  144696,    289392,        15556,        960
2017-12-03 10:21:58,869 -> Dropping indices...[0.051s]
2017-12-03 10:21:58,869 -> Finishing MaximalFinder at 10:21:58.869...
2017-12-03 10:21:58,869 -> Total time for MaximalFinder: 50.686ms...
2017-12-03 10:21:58,917 -> Closing session... [0.048s]
Done!!! Sun Dec  3 10:21:59 PST 2017
acald013@dblab-rack12: stopping org.apache.spark.deploy.worker.Worker
acald013@dblab-rack15: stopping org.apache.spark.deploy.worker.Worker
acald013@dblab-rack14: stopping org.apache.spark.deploy.worker.Worker
acald013@dblab-rack11: stopping org.apache.spark.deploy.worker.Worker
stopping org.apache.spark.deploy.master.Master
Done!!!
