2017-10-09 11:48:40,295 [main] INFO  myLogger - Starting app...
2017-10-09 11:48:41,473 [main] INFO  myLogger - Setting paramaters...
Exception in thread "main" org.apache.spark.SparkException: Invalid master URL: spark://16
	at org.apache.spark.util.Utils$.extractHostPortFromSparkUrl(Utils.scala:2358)
	at org.apache.spark.rpc.RpcAddress$.fromSparkURL(RpcAddress.scala:47)
	at org.apache.spark.deploy.client.StandaloneAppClient$$anonfun$1.apply(StandaloneAppClient.scala:52)
	at org.apache.spark.deploy.client.StandaloneAppClient$$anonfun$1.apply(StandaloneAppClient.scala:52)
	at scala.collection.TraversableLike$$anonfun$map$1.apply(TraversableLike.scala:234)
	at scala.collection.TraversableLike$$anonfun$map$1.apply(TraversableLike.scala:234)
	at scala.collection.IndexedSeqOptimized$class.foreach(IndexedSeqOptimized.scala:33)
	at scala.collection.mutable.ArrayOps$ofRef.foreach(ArrayOps.scala:186)
	at scala.collection.TraversableLike$class.map(TraversableLike.scala:234)
	at scala.collection.mutable.ArrayOps$ofRef.map(ArrayOps.scala:186)
	at org.apache.spark.deploy.client.StandaloneAppClient.<init>(StandaloneAppClient.scala:52)
	at org.apache.spark.scheduler.cluster.StandaloneSchedulerBackend.start(StandaloneSchedulerBackend.scala:108)
	at org.apache.spark.scheduler.TaskSchedulerImpl.start(TaskSchedulerImpl.scala:156)
	at org.apache.spark.SparkContext.<init>(SparkContext.scala:509)
	at org.apache.spark.SparkContext$.getOrCreate(SparkContext.scala:2313)
	at org.apache.spark.sql.simba.SimbaSession$Builder$$anonfun$2.apply(SimbaSession.scala:174)
	at org.apache.spark.sql.simba.SimbaSession$Builder$$anonfun$2.apply(SimbaSession.scala:166)
	at scala.Option.getOrElse(Option.scala:121)
	at org.apache.spark.sql.simba.SimbaSession$Builder.getOrCreate(SimbaSession.scala:166)
	at FlockFinder$.run(FlockFinder.scala:52)
	at FlockFinder$.main(FlockFinder.scala:132)
	at FlockFinder.main(FlockFinder.scala)
	at sun.reflect.NativeMethodAccessorImpl.invoke0(Native Method)
	at sun.reflect.NativeMethodAccessorImpl.invoke(NativeMethodAccessorImpl.java:62)
	at sun.reflect.DelegatingMethodAccessorImpl.invoke(DelegatingMethodAccessorImpl.java:43)
	at java.lang.reflect.Method.invoke(Method.java:498)
	at org.apache.spark.deploy.SparkSubmit$.org$apache$spark$deploy$SparkSubmit$$runMain(SparkSubmit.scala:738)
	at org.apache.spark.deploy.SparkSubmit$.doRunMain$1(SparkSubmit.scala:187)
	at org.apache.spark.deploy.SparkSubmit$.submit(SparkSubmit.scala:212)
	at org.apache.spark.deploy.SparkSubmit$.main(SparkSubmit.scala:126)
	at org.apache.spark.deploy.SparkSubmit.main(SparkSubmit.scala)
2017-10-09 11:50:33,637 [main] INFO  myLogger - Starting app...
2017-10-09 11:50:34,811 [main] INFO  myLogger - Setting paramaters...
2017-10-09 11:50:36,545 [main] INFO  myLogger - Reading /home/acald013/PhD/Y3Q1/Datasets/Berlin_N277K_A18K_T15.csv ...
2017-10-09 11:50:41,454 [main] INFO  myLogger - Number of points in dataset: 277276
2017-10-09 11:50:46,007 [main] INFO  myLogger - Epsilon = 50.0 Mu = 10 iteration...
2017-10-09 11:50:50,422 [main] INFO  myLogger - 18093 points in time 117
