This is pdfTeX, Version 3.14159265-2.6-1.40.16 (TeX Live 2015/Debian) (preloaded format=pdflatex 2015.11.13)  16 FEB 2016 00:42
entering extended mode
 \write18 enabled.
 %&-line parsing enabled.
**report_v2.0.tex
(./report_v2.0.tex
LaTeX2e <2015/01/01>
Babel <3.9l> and hyphenation patterns for 5 languages loaded.
(/usr/share/texlive/texmf-dist/tex/latex/base/article.cls
Document Class: article 2014/09/29 v1.4h Standard LaTeX document class
(/usr/share/texlive/texmf-dist/tex/latex/base/size10.clo
File: size10.clo 2014/09/29 v1.4h Standard LaTeX file (size option)
)
\c@part=\count79
\c@section=\count80
\c@subsection=\count81
\c@subsubsection=\count82
\c@paragraph=\count83
\c@subparagraph=\count84
\c@figure=\count85
\c@table=\count86
\abovecaptionskip=\skip41
\belowcaptionskip=\skip42
\bibindent=\dimen102
)
(/usr/share/texlive/texmf-dist/tex/latex/base/alltt.sty
Package: alltt 1997/06/16 v2.0g defines alltt environment
)
(/usr/share/texlive/texmf-dist/tex/latex/graphics/graphicx.sty
Package: graphicx 2014/10/28 v1.0g Enhanced LaTeX Graphics (DPC,SPQR)

(/usr/share/texlive/texmf-dist/tex/latex/graphics/keyval.sty
Package: keyval 2014/10/28 v1.15 key=value parser (DPC)
\KV@toks@=\toks14
)
(/usr/share/texlive/texmf-dist/tex/latex/graphics/graphics.sty
Package: graphics 2014/10/28 v1.0p Standard LaTeX Graphics (DPC,SPQR)

(/usr/share/texlive/texmf-dist/tex/latex/graphics/trig.sty
Package: trig 1999/03/16 v1.09 sin cos tan (DPC)
)
(/usr/share/texlive/texmf-dist/tex/latex/latexconfig/graphics.cfg
File: graphics.cfg 2010/04/23 v1.9 graphics configuration of TeX Live
)
Package graphics Info: Driver file: pdftex.def on input line 94.

(/usr/share/texlive/texmf-dist/tex/latex/pdftex-def/pdftex.def
File: pdftex.def 2011/05/27 v0.06d Graphics/color for pdfTeX

(/usr/share/texlive/texmf-dist/tex/generic/oberdiek/infwarerr.sty
Package: infwarerr 2010/04/08 v1.3 Providing info/warning/error messages (HO)
)
(/usr/share/texlive/texmf-dist/tex/generic/oberdiek/ltxcmds.sty
Package: ltxcmds 2011/11/09 v1.22 LaTeX kernel commands for general use (HO)
)
\Gread@gobject=\count87
))
\Gin@req@height=\dimen103
\Gin@req@width=\dimen104
)
(/usr/share/texlive/texmf-dist/tex/latex/minted/minted.sty
Package: minted 2015/01/31 v2.0 Yet another Pygments shim for LaTeX

(/usr/share/texlive/texmf-dist/tex/latex/oberdiek/kvoptions.sty
Package: kvoptions 2011/06/30 v3.11 Key value format for package options (HO)

(/usr/share/texlive/texmf-dist/tex/generic/oberdiek/kvsetkeys.sty
Package: kvsetkeys 2012/04/25 v1.16 Key value parser (HO)

(/usr/share/texlive/texmf-dist/tex/generic/oberdiek/etexcmds.sty
Package: etexcmds 2011/02/16 v1.5 Avoid name clashes with e-TeX commands (HO)

(/usr/share/texlive/texmf-dist/tex/generic/oberdiek/ifluatex.sty
Package: ifluatex 2010/03/01 v1.3 Provides the ifluatex switch (HO)
Package ifluatex Info: LuaTeX not detected.
)
Package etexcmds Info: Could not find \expanded.
(etexcmds)             That can mean that you are not using pdfTeX 1.50 or
(etexcmds)             that some package has redefined \expanded.
(etexcmds)             In the latter case, load this package earlier.
)))
(/usr/share/texlive/texmf-dist/tex/latex/fancyvrb/fancyvrb.sty
Package: fancyvrb 2008/02/07

Style option: `fancyvrb' v2.7a, with DG/SPQR fixes, and firstline=lastline fix 
<2008/02/07> (tvz)
\FV@CodeLineNo=\count88
\FV@InFile=\read1
\FV@TabBox=\box26
\c@FancyVerbLine=\count89
\FV@StepNumber=\count90
\FV@OutFile=\write3
) (/usr/share/texlive/texmf-dist/tex/latex/float/float.sty
Package: float 2001/11/08 v1.3d Float enhancements (AL)
\c@float@type=\count91
\float@exts=\toks15
\float@box=\box27
\@float@everytoks=\toks16
\@floatcapt=\box28
)
(/usr/share/texlive/texmf-dist/tex/latex/base/ifthen.sty
Package: ifthen 2014/09/29 v1.1c Standard LaTeX ifthen package (DPC)
)
(/usr/share/texlive/texmf-dist/tex/latex/tools/calc.sty
Package: calc 2014/10/28 v4.3 Infix arithmetic (KKT,FJ)
\calc@Acount=\count92
\calc@Bcount=\count93
\calc@Adimen=\dimen105
\calc@Bdimen=\dimen106
\calc@Askip=\skip43
\calc@Bskip=\skip44
LaTeX Info: Redefining \setlength on input line 80.
LaTeX Info: Redefining \addtolength on input line 81.
\calc@Ccount=\count94
\calc@Cskip=\skip45
)
(/usr/share/texlive/texmf-dist/tex/latex/ifplatform/ifplatform.sty
Package: ifplatform 2010/10/22 v0.4 Testing for the operating system

(/usr/share/texlive/texmf-dist/tex/generic/oberdiek/pdftexcmds.sty
Package: pdftexcmds 2011/11/29 v0.20 Utility functions of pdfTeX for LuaTeX (HO
)

(/usr/share/texlive/texmf-dist/tex/generic/oberdiek/ifpdf.sty
Package: ifpdf 2011/01/30 v2.3 Provides the ifpdf switch (HO)
Package ifpdf Info: pdfTeX in PDF mode is detected.
)
Package pdftexcmds Info: LuaTeX not detected.
Package pdftexcmds Info: \pdf@primitive is available.
Package pdftexcmds Info: \pdf@ifprimitive is available.
Package pdftexcmds Info: \pdfdraftmode found.
)
(/usr/share/texlive/texmf-dist/tex/generic/oberdiek/catchfile.sty
Package: catchfile 2011/03/01 v1.6 Catch the contents of a file (HO)
)
runsystem(uname -s > "report_v2.0.w18")...executed.


(./report_v2.0.w18)
runsystem(rm -- "report_v2.0.w18")...executed.

)
(/usr/share/texlive/texmf-dist/tex/latex/etoolbox/etoolbox.sty
Package: etoolbox 2015/08/02 v2.2a e-TeX tools for LaTeX (JAW)
\etb@tempcnta=\count95
)
(/usr/share/texlive/texmf-dist/tex/generic/xstring/xstring.sty
(/usr/share/texlive/texmf-dist/tex/generic/xstring/xstring.tex
\@xs@message=\write4
\integerpart=\count96
\decimalpart=\count97
)
Package: xstring 2013/10/13  v1.7c  String manipulations (C Tellechea)
)
(/usr/share/texlive/texmf-dist/tex/latex/lineno/lineno.sty
Package: lineno 2005/11/02 line numbers on paragraphs v4.41
\linenopenalty=\count98
\output=\toks17
\linenoprevgraf=\count99
\linenumbersep=\dimen107
\linenumberwidth=\dimen108
\c@linenumber=\count100
\c@pagewiselinenumber=\count101
\c@LN@truepage=\count102
\c@internallinenumber=\count103
\c@internallinenumbers=\count104
\quotelinenumbersep=\dimen109
\bframerule=\dimen110
\bframesep=\dimen111
\bframebox=\box29
LaTeX Info: Redefining \\ on input line 3056.
)
\minted@appexistsfile=\read2
\FV@BreakIndent=\dimen112
\FV@BreakSymbolSepLeft=\dimen113
\FV@BreakSymbolSepRight=\dimen114
\FV@BreakSymbolIndentLeft=\dimen115
\FV@BreakSymbolIndentRight=\dimen116
\c@FancyVerbLineBreakLast=\count105
\FV@LineBox=\box30
\FV@LineIndentBox=\box31
\minted@bgbox=\box32
\minted@code=\write5
\c@minted@FancyVerbLineTemp=\count106
\@float@every@listing=\toks18
\c@listing=\count107
)
runsystem(mkdir -p "_minted-report_v2.0")...executed.

runsystem(which "pygmentize" && touch "report_v2.0.aex")...executed.

runsystem(rm "report_v2.0.aex")...executed.


(./_minted-report_v2.0/default.pygstyle)
(/usr/share/texlive/texmf-dist/tex/latex/xcolor/xcolor.sty
Package: xcolor 2007/01/21 v2.11 LaTeX color extensions (UK)

(/usr/share/texlive/texmf-dist/tex/latex/latexconfig/color.cfg
File: color.cfg 2007/01/18 v1.5 color configuration of teTeX/TeXLive
)
Package xcolor Info: Driver file: pdftex.def on input line 225.
Package xcolor Info: Model `cmy' substituted by `cmy0' on input line 1337.
Package xcolor Info: Model `hsb' substituted by `rgb' on input line 1341.
Package xcolor Info: Model `RGB' extended on input line 1353.
Package xcolor Info: Model `HTML' substituted by `rgb' on input line 1355.
Package xcolor Info: Model `Hsb' substituted by `hsb' on input line 1356.
Package xcolor Info: Model `tHsb' substituted by `hsb' on input line 1357.
Package xcolor Info: Model `HSB' substituted by `hsb' on input line 1358.
Package xcolor Info: Model `Gray' substituted by `gray' on input line 1359.
Package xcolor Info: Model `wave' substituted by `hsb' on input line 1360.
)
(/usr/share/texlive/texmf-dist/tex/latex/placeins/placeins.sty
Package: placeins 2005/04/18  v 2.2
)
(/usr/share/texlive/texmf-dist/tex/latex/geometry/geometry.sty
Package: geometry 2010/09/12 v5.6 Page Geometry

(/usr/share/texlive/texmf-dist/tex/generic/oberdiek/ifvtex.sty
Package: ifvtex 2010/03/01 v1.5 Detect VTeX and its facilities (HO)
Package ifvtex Info: VTeX not detected.
)
(/usr/share/texlive/texmf-dist/tex/generic/ifxetex/ifxetex.sty
Package: ifxetex 2010/09/12 v0.6 Provides ifxetex conditional
)
\Gm@cnth=\count108
\Gm@cntv=\count109
\c@Gm@tempcnt=\count110
\Gm@bindingoffset=\dimen117
\Gm@wd@mp=\dimen118
\Gm@odd@mp=\dimen119
\Gm@even@mp=\dimen120
\Gm@layoutwidth=\dimen121
\Gm@layoutheight=\dimen122
\Gm@layouthoffset=\dimen123
\Gm@layoutvoffset=\dimen124
\Gm@dimlist=\toks19
)
(/usr/share/texlive/texmf-dist/tex/latex/hyperref/hyperref.sty
Package: hyperref 2012/11/06 v6.83m Hypertext links for LaTeX

(/usr/share/texlive/texmf-dist/tex/generic/oberdiek/hobsub-hyperref.sty
Package: hobsub-hyperref 2012/05/28 v1.13 Bundle oberdiek, subset hyperref (HO)


(/usr/share/texlive/texmf-dist/tex/generic/oberdiek/hobsub-generic.sty
Package: hobsub-generic 2012/05/28 v1.13 Bundle oberdiek, subset generic (HO)
Package: hobsub 2012/05/28 v1.13 Construct package bundles (HO)
Package hobsub Info: Skipping package `infwarerr' (already loaded).
Package hobsub Info: Skipping package `ltxcmds' (already loaded).
Package hobsub Info: Skipping package `ifluatex' (already loaded).
Package hobsub Info: Skipping package `ifvtex' (already loaded).
Package: intcalc 2007/09/27 v1.1 Expandable calculations with integers (HO)
Package hobsub Info: Skipping package `ifpdf' (already loaded).
Package hobsub Info: Skipping package `etexcmds' (already loaded).
Package hobsub Info: Skipping package `kvsetkeys' (already loaded).
Package: kvdefinekeys 2011/04/07 v1.3 Define keys (HO)
Package hobsub Info: Skipping package `pdftexcmds' (already loaded).
Package: pdfescape 2011/11/25 v1.13 Implements pdfTeX's escape features (HO)
Package: bigintcalc 2012/04/08 v1.3 Expandable calculations on big integers (HO
)
Package: bitset 2011/01/30 v1.1 Handle bit-vector datatype (HO)
Package: uniquecounter 2011/01/30 v1.2 Provide unlimited unique counter (HO)
)
Package hobsub Info: Skipping package `hobsub' (already loaded).
Package: letltxmacro 2010/09/02 v1.4 Let assignment for LaTeX macros (HO)
Package: hopatch 2012/05/28 v1.2 Wrapper for package hooks (HO)
Package: xcolor-patch 2011/01/30 xcolor patch
Package: atveryend 2011/06/30 v1.8 Hooks at the very end of document (HO)
Package: atbegshi 2011/10/05 v1.16 At begin shipout hook (HO)
Package: refcount 2011/10/16 v3.4 Data extraction from label references (HO)
Package: hycolor 2011/01/30 v1.7 Color options for hyperref/bookmark (HO)
)
(/usr/share/texlive/texmf-dist/tex/latex/oberdiek/auxhook.sty
Package: auxhook 2011/03/04 v1.3 Hooks for auxiliary files (HO)
)
\@linkdim=\dimen125
\Hy@linkcounter=\count111
\Hy@pagecounter=\count112

(/usr/share/texlive/texmf-dist/tex/latex/hyperref/pd1enc.def
File: pd1enc.def 2012/11/06 v6.83m Hyperref: PDFDocEncoding definition (HO)
)
\Hy@SavedSpaceFactor=\count113

(/usr/share/texlive/texmf-dist/tex/latex/latexconfig/hyperref.cfg
File: hyperref.cfg 2002/06/06 v1.2 hyperref configuration of TeXLive
)
Package hyperref Info: Hyper figures OFF on input line 4443.
Package hyperref Info: Link nesting OFF on input line 4448.
Package hyperref Info: Hyper index ON on input line 4451.
Package hyperref Info: Plain pages OFF on input line 4458.
Package hyperref Info: Backreferencing OFF on input line 4463.
Package hyperref Info: Implicit mode ON; LaTeX internals redefined.
Package hyperref Info: Bookmarks ON on input line 4688.
\c@Hy@tempcnt=\count114

(/usr/share/texlive/texmf-dist/tex/latex/url/url.sty
\Urlmuskip=\muskip10
Package: url 2013/09/16  ver 3.4  Verb mode for urls, etc.
)
LaTeX Info: Redefining \url on input line 5041.
\XeTeXLinkMargin=\dimen126
\Fld@menulength=\count115
\Field@Width=\dimen127
\Fld@charsize=\dimen128
Package hyperref Info: Hyper figures OFF on input line 6295.
Package hyperref Info: Link nesting OFF on input line 6300.
Package hyperref Info: Hyper index ON on input line 6303.
Package hyperref Info: backreferencing OFF on input line 6310.
Package hyperref Info: Link coloring OFF on input line 6315.
Package hyperref Info: Link coloring with OCG OFF on input line 6320.
Package hyperref Info: PDF/A mode OFF on input line 6325.
LaTeX Info: Redefining \ref on input line 6365.
LaTeX Info: Redefining \pageref on input line 6369.
\Hy@abspage=\count116
\c@Item=\count117
\c@Hfootnote=\count118
)

Package hyperref Message: Driver (autodetected): hpdftex.

(/usr/share/texlive/texmf-dist/tex/latex/hyperref/hpdftex.def
File: hpdftex.def 2012/11/06 v6.83m Hyperref driver for pdfTeX
\Fld@listcount=\count119
\c@bookmark@seq@number=\count120

(/usr/share/texlive/texmf-dist/tex/latex/oberdiek/rerunfilecheck.sty
Package: rerunfilecheck 2011/04/15 v1.7 Rerun checks for auxiliary files (HO)
Package uniquecounter Info: New unique counter `rerunfilecheck' on input line 2
82.
)
\Hy@SectionHShift=\skip46
)
Package hyperref Info: Option `colorlinks' set `false' on input line 13.

(./report_v2.0.aux)
\openout1 = `report_v2.0.aux'.

LaTeX Font Info:    Checking defaults for OML/cmm/m/it on input line 18.
LaTeX Font Info:    ... okay on input line 18.
LaTeX Font Info:    Checking defaults for T1/cmr/m/n on input line 18.
LaTeX Font Info:    ... okay on input line 18.
LaTeX Font Info:    Checking defaults for OT1/cmr/m/n on input line 18.
LaTeX Font Info:    ... okay on input line 18.
LaTeX Font Info:    Checking defaults for OMS/cmsy/m/n on input line 18.
LaTeX Font Info:    ... okay on input line 18.
LaTeX Font Info:    Checking defaults for OMX/cmex/m/n on input line 18.
LaTeX Font Info:    ... okay on input line 18.
LaTeX Font Info:    Checking defaults for U/cmr/m/n on input line 18.
LaTeX Font Info:    ... okay on input line 18.
LaTeX Font Info:    Checking defaults for PD1/pdf/m/n on input line 18.
LaTeX Font Info:    ... okay on input line 18.

(/usr/share/texlive/texmf-dist/tex/context/base/supp-pdf.mkii
[Loading MPS to PDF converter (version 2006.09.02).]
\scratchcounter=\count121
\scratchdimen=\dimen129
\scratchbox=\box33
\nofMPsegments=\count122
\nofMParguments=\count123
\everyMPshowfont=\toks20
\MPscratchCnt=\count124
\MPscratchDim=\dimen130
\MPnumerator=\count125
\makeMPintoPDFobject=\count126
\everyMPtoPDFconversion=\toks21
) (/usr/share/texlive/texmf-dist/tex/latex/oberdiek/epstopdf-base.sty
Package: epstopdf-base 2010/02/09 v2.5 Base part for package epstopdf

(/usr/share/texlive/texmf-dist/tex/latex/oberdiek/grfext.sty
Package: grfext 2010/08/19 v1.1 Manage graphics extensions (HO)
)
Package grfext Info: Graphics extension search list:
(grfext)             [.png,.pdf,.jpg,.mps,.jpeg,.jbig2,.jb2,.PNG,.PDF,.JPG,.JPE
G,.JBIG2,.JB2,.eps]
(grfext)             \AppendGraphicsExtensions on input line 452.

(/usr/share/texlive/texmf-dist/tex/latex/latexconfig/epstopdf-sys.cfg
File: epstopdf-sys.cfg 2010/07/13 v1.3 Configuration of (r)epstopdf for TeX Liv
e
))
*geometry* driver: auto-detecting
*geometry* detected driver: pdftex
*geometry* verbose mode - [ preamble ] result:
* driver: pdftex
* paper: <default>
* layout: <same size as paper>
* layoutoffset:(h,v)=(0.0pt,0.0pt)
* modes: 
* h-part:(L,W,R)=(56.9055pt, 500.484pt, 56.9055pt)
* v-part:(T,H,B)=(56.9055pt, 681.15898pt, 56.9055pt)
* \paperwidth=614.295pt
* \paperheight=794.96999pt
* \textwidth=500.484pt
* \textheight=681.15898pt
* \oddsidemargin=-15.36449pt
* \evensidemargin=-15.36449pt
* \topmargin=-52.36449pt
* \headheight=12.0pt
* \headsep=25.0pt
* \topskip=10.0pt
* \footskip=30.0pt
* \marginparwidth=65.0pt
* \marginparsep=11.0pt
* \columnsep=10.0pt
* \skip\footins=9.0pt plus 4.0pt minus 2.0pt
* \hoffset=0.0pt
* \voffset=0.0pt
* \mag=1000
* \@twocolumnfalse
* \@twosidefalse
* \@mparswitchfalse
* \@reversemarginfalse
* (1in=72.27pt=25.4mm, 1cm=28.453pt)

\AtBeginShipoutBox=\box34
Package hyperref Info: Link coloring OFF on input line 18.
(/usr/share/texlive/texmf-dist/tex/latex/hyperref/nameref.sty
Package: nameref 2012/10/27 v2.43 Cross-referencing by name of section

(/usr/share/texlive/texmf-dist/tex/generic/oberdiek/gettitlestring.sty
Package: gettitlestring 2010/12/03 v1.4 Cleanup title references (HO)
)
\c@section@level=\count127
)
LaTeX Info: Redefining \ref on input line 18.
LaTeX Info: Redefining \pageref on input line 18.
LaTeX Info: Redefining \nameref on input line 18.

(./report_v2.0.out) (./report_v2.0.out)
\@outlinefile=\write6
\openout6 = `report_v2.0.out'.

LaTeX Font Info:    External font `cmex10' loaded for size
(Font)              <12> on input line 20.
LaTeX Font Info:    External font `cmex10' loaded for size
(Font)              <8> on input line 20.
LaTeX Font Info:    External font `cmex10' loaded for size
(Font)              <6> on input line 20.

<./figures/Iris_k1.pdf, id=24, 565.11125pt x 373.395pt>
File: ./figures/Iris_k1.pdf Graphic file (type pdf)

<use ./figures/Iris_k1.pdf>
Package pdftex.def Info: ./figures/Iris_k1.pdf used on input line 25.
(pdftex.def)             Requested size: 300.29344pt x 198.42258pt.

<./figures/Iris_k3.pdf, id=25, 565.11125pt x 373.395pt>
File: ./figures/Iris_k3.pdf Graphic file (type pdf)

<use ./figures/Iris_k3.pdf>
Package pdftex.def Info: ./figures/Iris_k3.pdf used on input line 31.
(pdftex.def)             Requested size: 300.29344pt x 198.42258pt.

<./figures/Iris_k5.pdf, id=26, 565.11125pt x 373.395pt>
File: ./figures/Iris_k5.pdf Graphic file (type pdf)

<use ./figures/Iris_k5.pdf>
Package pdftex.def Info: ./figures/Iris_k5.pdf used on input line 37.
(pdftex.def)             Requested size: 300.29344pt x 198.42258pt.

<./figures/Iris_k7.pdf, id=27, 565.11125pt x 373.395pt>
File: ./figures/Iris_k7.pdf Graphic file (type pdf)

<use ./figures/Iris_k7.pdf>
Package pdftex.def Info: ./figures/Iris_k7.pdf used on input line 43.
(pdftex.def)             Requested size: 300.29344pt x 198.42258pt.

<./figures/Iris_k9.pdf, id=28, 565.11125pt x 373.395pt>
File: ./figures/Iris_k9.pdf Graphic file (type pdf)

<use ./figures/Iris_k9.pdf>
Package pdftex.def Info: ./figures/Iris_k9.pdf used on input line 49.
(pdftex.def)             Requested size: 300.29344pt x 198.42258pt.
 [1

{/var/lib/texmf/fonts/map/pdftex/updmap/pdftex.map} <./figures/Iris_k1.pdf> <./
figures/Iris_k3.pdf>] [2 <./figures/Iris_k5.pdf> <./figures/Iris_k7.pdf>]
<./figures/Zoo_k1.pdf, id=74, 565.11125pt x 373.395pt>
File: ./figures/Zoo_k1.pdf Graphic file (type pdf)

<use ./figures/Zoo_k1.pdf>
Package pdftex.def Info: ./figures/Zoo_k1.pdf used on input line 59.
(pdftex.def)             Requested size: 300.29344pt x 198.42258pt.

<./figures/Zoo_k3.pdf, id=75, 565.11125pt x 373.395pt>
File: ./figures/Zoo_k3.pdf Graphic file (type pdf)

<use ./figures/Zoo_k3.pdf>
Package pdftex.def Info: ./figures/Zoo_k3.pdf used on input line 65.
(pdftex.def)             Requested size: 300.29344pt x 198.42258pt.


LaTeX Warning: `!h' float specifier changed to `!ht'.

<./figures/Zoo_k5.pdf, id=76, 565.11125pt x 373.395pt>
File: ./figures/Zoo_k5.pdf Graphic file (type pdf)

<use ./figures/Zoo_k5.pdf>
Package pdftex.def Info: ./figures/Zoo_k5.pdf used on input line 71.
(pdftex.def)             Requested size: 300.29344pt x 198.42258pt.

<./figures/Zoo_k7.pdf, id=77, 565.11125pt x 373.395pt>
File: ./figures/Zoo_k7.pdf Graphic file (type pdf)

<use ./figures/Zoo_k7.pdf>
Package pdftex.def Info: ./figures/Zoo_k7.pdf used on input line 77.
(pdftex.def)             Requested size: 300.29344pt x 198.42258pt.

<./figures/Zoo_k9.pdf, id=78, 565.11125pt x 373.395pt>
File: ./figures/Zoo_k9.pdf Graphic file (type pdf)

<use ./figures/Zoo_k9.pdf>
Package pdftex.def Info: ./figures/Zoo_k9.pdf used on input line 83.
(pdftex.def)             Requested size: 300.29344pt x 198.42258pt.
 [3 <./figures/Iris_k9.pdf> <./figures/Zoo_k1.pdf>]
[4 <./figures/Zoo_k3.pdf> <./figures/Zoo_k5.pdf>] [5 <./figures/Zoo_k7.pdf> <./
figures/Zoo_k9.pdf>] <./figures/Seeds_k1.pdf, id=139, 565.11125pt x 373.395pt>
File: ./figures/Seeds_k1.pdf Graphic file (type pdf)

<use ./figures/Seeds_k1.pdf>
Package pdftex.def Info: ./figures/Seeds_k1.pdf used on input line 93.
(pdftex.def)             Requested size: 300.29344pt x 198.42258pt.

<./figures/Seeds_k3.pdf, id=140, 565.11125pt x 373.395pt>
File: ./figures/Seeds_k3.pdf Graphic file (type pdf)

<use ./figures/Seeds_k3.pdf>
Package pdftex.def Info: ./figures/Seeds_k3.pdf used on input line 99.
(pdftex.def)             Requested size: 300.29344pt x 198.42258pt.

<./figures/Seeds_k5.pdf, id=141, 565.11125pt x 373.395pt>
File: ./figures/Seeds_k5.pdf Graphic file (type pdf)

<use ./figures/Seeds_k5.pdf>
Package pdftex.def Info: ./figures/Seeds_k5.pdf used on input line 105.
(pdftex.def)             Requested size: 300.29344pt x 198.42258pt.

<./figures/Seeds_k7.pdf, id=142, 565.11125pt x 373.395pt>
File: ./figures/Seeds_k7.pdf Graphic file (type pdf)

<use ./figures/Seeds_k7.pdf>
Package pdftex.def Info: ./figures/Seeds_k7.pdf used on input line 111.
(pdftex.def)             Requested size: 300.29344pt x 198.42258pt.

<./figures/Seeds_k9.pdf, id=143, 565.11125pt x 373.395pt>
File: ./figures/Seeds_k9.pdf Graphic file (type pdf)

<use ./figures/Seeds_k9.pdf>
Package pdftex.def Info: ./figures/Seeds_k9.pdf used on input line 117.
(pdftex.def)             Requested size: 300.29344pt x 198.42258pt.
 [6

 <./figures/Seeds_k1.pdf> <./figures/Seeds_k3.pdf>] [7 <./figures/Seeds_k5.pdf>
 <./figures/Seeds_k7.pdf>]
<./figures/Wine_k1.pdf, id=186, 565.11125pt x 373.395pt>
File: ./figures/Wine_k1.pdf Graphic file (type pdf)

<use ./figures/Wine_k1.pdf>
Package pdftex.def Info: ./figures/Wine_k1.pdf used on input line 127.
(pdftex.def)             Requested size: 300.29344pt x 198.42258pt.

<./figures/Wine_k3.pdf, id=187, 565.11125pt x 373.395pt>
File: ./figures/Wine_k3.pdf Graphic file (type pdf)

<use ./figures/Wine_k3.pdf>
Package pdftex.def Info: ./figures/Wine_k3.pdf used on input line 133.
(pdftex.def)             Requested size: 300.29344pt x 198.42258pt.


LaTeX Warning: `!h' float specifier changed to `!ht'.

<./figures/Wine_k5.pdf, id=188, 565.11125pt x 373.395pt>
File: ./figures/Wine_k5.pdf Graphic file (type pdf)

<use ./figures/Wine_k5.pdf>
Package pdftex.def Info: ./figures/Wine_k5.pdf used on input line 139.
(pdftex.def)             Requested size: 300.29344pt x 198.42258pt.

<./figures/Wine_k7.pdf, id=189, 565.11125pt x 373.395pt>
File: ./figures/Wine_k7.pdf Graphic file (type pdf)

<use ./figures/Wine_k7.pdf>
Package pdftex.def Info: ./figures/Wine_k7.pdf used on input line 145.
(pdftex.def)             Requested size: 300.29344pt x 198.42258pt.

<./figures/Wine_k9.pdf, id=190, 565.11125pt x 373.395pt>
File: ./figures/Wine_k9.pdf Graphic file (type pdf)

<use ./figures/Wine_k9.pdf>
Package pdftex.def Info: ./figures/Wine_k9.pdf used on input line 151.
(pdftex.def)             Requested size: 300.29344pt x 198.42258pt.
 [8 <./figures/Seeds_k9.pdf> <./figures/Wine_k1.pdf>] [9 <./figures/Wine_k3.pdf
> <./figures/Wine_k5.pdf>] [10 <./figures/Wine_k7.pdf> <./figures/Wine_k9.pdf>]

<./figures/Cancer_k1.pdf, id=251, 565.11125pt x 373.395pt>
File: ./figures/Cancer_k1.pdf Graphic file (type pdf)

<use ./figures/Cancer_k1.pdf>
Package pdftex.def Info: ./figures/Cancer_k1.pdf used on input line 161.
(pdftex.def)             Requested size: 300.29344pt x 198.42258pt.

<./figures/Cancer_k3.pdf, id=252, 565.11125pt x 373.395pt>
File: ./figures/Cancer_k3.pdf Graphic file (type pdf)

<use ./figures/Cancer_k3.pdf>
Package pdftex.def Info: ./figures/Cancer_k3.pdf used on input line 167.
(pdftex.def)             Requested size: 300.29344pt x 198.42258pt.

<./figures/Cancer_k5.pdf, id=253, 565.11125pt x 373.395pt>
File: ./figures/Cancer_k5.pdf Graphic file (type pdf)

<use ./figures/Cancer_k5.pdf>
Package pdftex.def Info: ./figures/Cancer_k5.pdf used on input line 173.
(pdftex.def)             Requested size: 300.29344pt x 198.42258pt.

<./figures/Cancer_k7.pdf, id=254, 565.11125pt x 373.395pt>
File: ./figures/Cancer_k7.pdf Graphic file (type pdf)

<use ./figures/Cancer_k7.pdf>
Package pdftex.def Info: ./figures/Cancer_k7.pdf used on input line 179.
(pdftex.def)             Requested size: 300.29344pt x 198.42258pt.

<./figures/Cancer_k9.pdf, id=255, 565.11125pt x 373.395pt>
File: ./figures/Cancer_k9.pdf Graphic file (type pdf)

<use ./figures/Cancer_k9.pdf>
Package pdftex.def Info: ./figures/Cancer_k9.pdf used on input line 185.
(pdftex.def)             Requested size: 300.29344pt x 198.42258pt.
Package atveryend Info: Empty hook `BeforeClearDocument' on input line 191.
 [11

 <./figures/Cancer_k1.pdf> <./figures/Cancer_k3.pdf>] [12 <./figures/Cancer_k5.
pdf> <./figures/Cancer_k7.pdf>] [13 <./figures/Cancer_k9.pdf>]
Package atveryend Info: Empty hook `AfterLastShipout' on input line 191.
 (./report_v2.0.aux)
Package atveryend Info: Executing hook `AtVeryEndDocument' on input line 191.
Package atveryend Info: Executing hook `AtEndAfterFileList' on input line 191.
Package rerunfilecheck Info: File `report_v2.0.out' has not changed.
(rerunfilecheck)             Checksum: 45C445352501EB925FCE8026D27327E3;197.
 ) 
Here is how much of TeX's memory you used:
 8367 strings out of 494938
 132221 string characters out of 6179230
 251219 words of memory out of 5000000
 11440 multiletter control sequences out of 15000+600000
 7448 words of font info for 27 fonts, out of 8000000 for 9000
 40 hyphenation exceptions out of 8191
 37i,6n,35p,820b,338s stack positions out of 5000i,500n,10000p,200000b,80000s
</usr/share/texlive/texmf-dist/fonts/type1/public/amsfonts/cm/cmbx12.pfb></us
r/share/texlive/texmf-dist/fonts/type1/public/amsfonts/cm/cmr10.pfb></usr/share
/texlive/texmf-dist/fonts/type1/public/amsfonts/cm/cmr12.pfb></usr/share/texliv
e/texmf-dist/fonts/type1/public/amsfonts/cm/cmr17.pfb>
Output written on report_v2.0.pdf (13 pages, 177441 bytes).
PDF statistics:
 338 PDF objects out of 1000 (max. 8388607)
 266 compressed objects within 3 object streams
 44 named destinations out of 1000 (max. 500000)
 166 words of extra memory for PDF output out of 10000 (max. 10000000)

