acald013@dblab-rack12: stopping org.apache.spark.deploy.worker.Worker
acald013@dblab-rack15: no org.apache.spark.deploy.worker.Worker to stop
acald013@dblab-rack14: stopping org.apache.spark.deploy.worker.Worker
acald013@dblab-rack11: stopping org.apache.spark.deploy.worker.Worker
no org.apache.spark.deploy.master.Master to stop
starting org.apache.spark.deploy.master.Master, logging to /home/acald013/Spark/spark-2.1.0-bin-hadoop2.7/logs/spark-acald013-org.apache.spark.deploy.master.Master-1-dblab-rack15.out
acald013@dblab-rack12: starting org.apache.spark.deploy.worker.Worker, logging to /home/acald013/Spark/spark-2.1.0-bin-hadoop2.7/logs/spark-acald013-org.apache.spark.deploy.worker.Worker-1-dblab-rack12.out
acald013@dblab-rack14: starting org.apache.spark.deploy.worker.Worker, logging to /home/acald013/Spark/spark-2.1.0-bin-hadoop2.7/logs/spark-acald013-org.apache.spark.deploy.worker.Worker-1-dblab-rack14.cs.ucr.edu.out
acald013@dblab-rack11: starting org.apache.spark.deploy.worker.Worker, logging to /home/acald013/Spark/spark-2.1.0-bin-hadoop2.7/logs/spark-acald013-org.apache.spark.deploy.worker.Worker-1-dblab-rack11.cs.ucr.edu.out
acald013@dblab-rack15: starting org.apache.spark.deploy.worker.Worker, logging to /home/acald013/Spark/spark-2.1.0-bin-hadoop2.7/logs/spark-acald013-org.apache.spark.deploy.worker.Worker-1-dblab-rack15.out
2017-10-19 19:12:21,174 [main] INFO  myLogger - Setting session...
2017-10-19 19:12:24,007 [main] INFO  myLogger - Reading...
2017-10-19 19:12:28,228 [main] INFO  myLogger - Indexing...
2017-10-19 19:12:36,500 [main] INFO  myLogger - Self-join...
2017-10-19 19:12:42,984 [main] INFO  myLogger - Computing disks...
2017-10-19 19:13:14,236 [main] INFO  myLogger - Mapping disks and points...
2017-10-19 19:13:39,200 [main] INFO  myLogger - Filtering less-than-mu disks...
2017-10-19 19:14:06,940 [main] INFO  myLogger - The Indexing!!!
2017-10-19 19:14:44,405 [main] INFO  myLogger - Collecting stats...
2017-10-19 19:14:53,961 [main] INFO  myLogger - Printing summary...
2017-10-19 19:14:53,961 [main] INFO  myLogger - ||,B40K,53418,512,529,2,50.0,12,37.465,100.979,0.994,0.988,90,103
2017-10-19 19:14:53,962 [main] INFO  myLogger - Dropping indices...
2017-10-19 19:14:54,113 [main] INFO  myLogger - Closing app...
2017-10-19 19:14:59,959 [main] INFO  myLogger - Setting session...
2017-10-19 19:15:02,660 [main] INFO  myLogger - Reading...
2017-10-19 19:15:06,966 [main] INFO  myLogger - Indexing...
2017-10-19 19:15:18,344 [main] INFO  myLogger - Self-join...
2017-10-19 19:15:35,051 [main] INFO  myLogger - Computing disks...
2017-10-19 19:16:15,253 [main] INFO  myLogger - Mapping disks and points...
2017-10-19 19:16:59,387 [main] INFO  myLogger - Filtering less-than-mu disks...
2017-10-19 19:17:45,833 [main] INFO  myLogger - The Indexing!!!
2017-10-19 19:18:45,023 [main] INFO  myLogger - Collecting stats...
2017-10-19 19:19:16,106 [main] INFO  myLogger - Printing summary...
2017-10-19 19:19:16,106 [main] INFO  myLogger - ||,B40K,53418,1024,1024,2,50.0,12,59.190,52.166,4.588,21.047,26,55
2017-10-19 19:19:16,106 [main] INFO  myLogger - Dropping indices...
2017-10-19 19:19:16,279 [main] INFO  myLogger - Closing app...
2017-10-19 19:19:22,458 [main] INFO  myLogger - Setting session...
2017-10-19 19:19:25,376 [main] INFO  myLogger - Reading...
2017-10-19 19:19:29,622 [main] INFO  myLogger - Indexing...
2017-10-19 19:19:44,162 [main] INFO  myLogger - Self-join...
2017-10-19 19:20:17,256 [main] INFO  myLogger - Computing disks...
2017-10-19 19:21:08,941 [main] INFO  myLogger - Mapping disks and points...
2017-10-19 19:22:17,145 [main] INFO  myLogger - Filtering less-than-mu disks...
2017-10-19 19:23:27,601 [main] INFO  myLogger - The Indexing!!!
2017-10-19 19:24:53,465 [main] INFO  myLogger - Collecting stats...
2017-10-19 19:25:52,696 [main] INFO  myLogger - Printing summary...
2017-10-19 19:25:52,696 [main] INFO  myLogger - ||,B40K,53418,1536,1560,2,50.0,12,85.863,34.242,4.699,22.085,5,37
2017-10-19 19:25:52,696 [main] INFO  myLogger - Dropping indices...
2017-10-19 19:25:52,872 [main] INFO  myLogger - Closing app...
2017-10-19 19:26:00,189 [main] INFO  myLogger - Setting session...
2017-10-19 19:26:03,110 [main] INFO  myLogger - Reading...
2017-10-19 19:26:07,498 [main] INFO  myLogger - Indexing...
2017-10-19 19:26:25,212 [main] INFO  myLogger - Self-join...
2017-10-19 19:27:14,554 [main] INFO  myLogger - Computing disks...
2017-10-19 19:28:19,890 [main] INFO  myLogger - Mapping disks and points...
2017-10-19 19:29:58,833 [main] INFO  myLogger - Filtering less-than-mu disks...
2017-10-19 19:31:40,201 [main] INFO  myLogger - The Indexing!!!
2017-10-19 19:33:39,215 [main] INFO  myLogger - Collecting stats...
2017-10-19 19:35:19,330 [main] INFO  myLogger - Printing summary...
2017-10-19 19:35:19,331 [main] INFO  myLogger - ||,B40K,53418,2048,2069,2,50.0,12,119.014,25.818,1.547,2.394,10,28
2017-10-19 19:35:19,331 [main] INFO  myLogger - Dropping indices...
2017-10-19 19:35:19,521 [main] INFO  myLogger - Closing app...
2017-10-19 19:35:25,495 [main] INFO  myLogger - Setting session...
2017-10-19 19:35:28,417 [main] INFO  myLogger - Reading...
2017-10-19 19:35:32,730 [main] INFO  myLogger - Indexing...
2017-10-19 19:35:55,735 [main] INFO  myLogger - Self-join...
2017-10-19 19:37:09,335 [main] INFO  myLogger - Computing disks...
2017-10-19 19:38:32,313 [main] INFO  myLogger - Mapping disks and points...
2017-10-19 19:40:52,356 [main] INFO  myLogger - Filtering less-than-mu disks...
2017-10-19 19:43:15,797 [main] INFO  myLogger - The Indexing!!!
2017-10-19 19:45:57,896 [main] INFO  myLogger - Collecting stats...
2017-10-19 19:48:25,542 [main] INFO  myLogger - Printing summary...
2017-10-19 19:48:25,543 [main] INFO  myLogger - ||,B40K,53418,2560,2551,2,50.0,12,162.099,20.940,0.945,0.892,17,23
2017-10-19 19:48:25,543 [main] INFO  myLogger - Dropping indices...
2017-10-19 19:48:25,749 [main] INFO  myLogger - Closing app...
2017-10-19 19:48:33,035 [main] INFO  myLogger - Setting session...
2017-10-19 19:48:35,892 [main] INFO  myLogger - Reading...
2017-10-19 19:48:40,057 [main] INFO  myLogger - Indexing...
2017-10-19 19:49:09,456 [main] INFO  myLogger - Self-join...
2017-10-19 19:51:02,117 [main] INFO  myLogger - Computing disks...
2017-10-19 19:52:48,462 [main] INFO  myLogger - Mapping disks and points...
2017-10-19 19:56:02,208 [main] INFO  myLogger - Filtering less-than-mu disks...
2017-10-19 19:59:18,445 [main] INFO  myLogger - The Indexing!!!
2017-10-19 20:02:58,479 [main] INFO  myLogger - Collecting stats...
2017-10-19 20:06:16,425 [main] INFO  myLogger - Printing summary...
2017-10-19 20:06:16,425 [main] INFO  myLogger - ||,B40K,53418,3072,2968,2,50.0,12,220.033,17.998,0.901,0.812,11,20
2017-10-19 20:06:16,425 [main] INFO  myLogger - Dropping indices...
2017-10-19 20:06:16,664 [main] INFO  myLogger - Closing app...
2017-10-19 20:06:23,893 [main] INFO  myLogger - Setting session...
2017-10-19 20:06:26,804 [main] INFO  myLogger - Reading...
2017-10-19 20:06:31,182 [main] INFO  myLogger - Indexing...
2017-10-19 20:06:39,156 [main] INFO  myLogger - Self-join...
2017-10-19 20:06:43,566 [main] INFO  myLogger - Computing disks...
2017-10-19 20:07:11,700 [main] INFO  myLogger - Mapping disks and points...
2017-10-19 20:07:32,339 [main] INFO  myLogger - Filtering less-than-mu disks...
2017-10-19 20:07:55,868 [main] INFO  myLogger - The Indexing!!!
2017-10-19 20:08:28,542 [main] INFO  myLogger - Collecting stats...
2017-10-19 20:08:34,371 [main] INFO  myLogger - Printing summary...
2017-10-19 20:08:34,371 [main] INFO  myLogger - ||,B40K,53418,512,529,8,50.0,12,32.674,100.979,0.873,0.761,89,103
2017-10-19 20:08:34,371 [main] INFO  myLogger - Dropping indices...
2017-10-19 20:08:34,516 [main] INFO  myLogger - Closing app...
2017-10-19 20:08:40,471 [main] INFO  myLogger - Setting session...
2017-10-19 20:08:43,458 [main] INFO  myLogger - Reading...
2017-10-19 20:08:47,783 [main] INFO  myLogger - Indexing...
2017-10-19 20:08:57,695 [main] INFO  myLogger - Self-join...
2017-10-19 20:09:06,951 [main] INFO  myLogger - Computing disks...
2017-10-19 20:09:39,233 [main] INFO  myLogger - Mapping disks and points...
2017-10-19 20:10:08,197 [main] INFO  myLogger - Filtering less-than-mu disks...
2017-10-19 20:10:39,581 [main] INFO  myLogger - The Indexing!!!
2017-10-19 20:11:21,124 [main] INFO  myLogger - Collecting stats...
2017-10-19 20:11:35,422 [main] INFO  myLogger - Printing summary...
2017-10-19 20:11:35,423 [main] INFO  myLogger - ||,B40K,53418,1024,1024,8,50.0,12,41.543,52.166,4.651,21.629,26,55
2017-10-19 20:11:35,423 [main] INFO  myLogger - Dropping indices...
2017-10-19 20:11:35,590 [main] INFO  myLogger - Closing app...
2017-10-19 20:11:42,742 [main] INFO  myLogger - Setting session...
2017-10-19 20:11:45,637 [main] INFO  myLogger - Reading...
2017-10-19 20:11:49,929 [main] INFO  myLogger - Indexing...
2017-10-19 20:12:02,305 [main] INFO  myLogger - Self-join...
2017-10-19 20:12:18,922 [main] INFO  myLogger - Computing disks...
2017-10-19 20:12:56,733 [main] INFO  myLogger - Mapping disks and points...
2017-10-19 20:13:36,184 [main] INFO  myLogger - Filtering less-than-mu disks...
2017-10-19 20:14:18,424 [main] INFO  myLogger - The Indexing!!!
2017-10-19 20:15:12,069 [main] INFO  myLogger - Collecting stats...
2017-10-19 20:15:40,316 [main] INFO  myLogger - Printing summary...
2017-10-19 20:15:40,317 [main] INFO  myLogger - ||,B40K,53418,1536,1560,8,50.0,12,53.645,34.242,4.691,22.007,5,37
2017-10-19 20:15:40,317 [main] INFO  myLogger - Dropping indices...
2017-10-19 20:15:40,498 [main] INFO  myLogger - Closing app...
2017-10-19 20:15:47,760 [main] INFO  myLogger - Setting session...
2017-10-19 20:15:50,663 [main] INFO  myLogger - Reading...
2017-10-19 20:15:54,973 [main] INFO  myLogger - Indexing...
2017-10-19 20:16:10,926 [main] INFO  myLogger - Self-join...
2017-10-19 20:16:37,152 [main] INFO  myLogger - Computing disks...
2017-10-19 20:17:22,681 [main] INFO  myLogger - Mapping disks and points...
2017-10-19 20:18:17,593 [main] INFO  myLogger - Filtering less-than-mu disks...
2017-10-19 20:19:15,091 [main] INFO  myLogger - The Indexing!!!
2017-10-19 20:20:28,023 [main] INFO  myLogger - Collecting stats...
2017-10-19 20:21:14,903 [main] INFO  myLogger - Printing summary...
2017-10-19 20:21:14,904 [main] INFO  myLogger - ||,B40K,53418,2048,2069,8,50.0,12,72.932,25.818,1.401,1.963,10,28
2017-10-19 20:21:14,904 [main] INFO  myLogger - Dropping indices...
2017-10-19 20:21:15,102 [main] INFO  myLogger - Closing app...
2017-10-19 20:21:21,182 [main] INFO  myLogger - Setting session...
2017-10-19 20:21:24,102 [main] INFO  myLogger - Reading...
2017-10-19 20:21:28,438 [main] INFO  myLogger - Indexing...
2017-10-19 20:21:47,643 [main] INFO  myLogger - Self-join...
2017-10-19 20:22:25,149 [main] INFO  myLogger - Computing disks...
2017-10-19 20:23:19,097 [main] INFO  myLogger - Mapping disks and points...
2017-10-19 20:24:33,798 [main] INFO  myLogger - Filtering less-than-mu disks...
2017-10-19 20:25:49,649 [main] INFO  myLogger - The Indexing!!!
2017-10-19 20:27:23,656 [main] INFO  myLogger - Collecting stats...
2017-10-19 20:28:34,187 [main] INFO  myLogger - Printing summary...
2017-10-19 20:28:34,188 [main] INFO  myLogger - ||,B40K,53418,2560,2551,8,50.0,12,94.007,20.940,0.743,0.552,17,23
2017-10-19 20:28:34,188 [main] INFO  myLogger - Dropping indices...
2017-10-19 20:28:34,394 [main] INFO  myLogger - Closing app...
2017-10-19 20:28:40,539 [main] INFO  myLogger - Setting session...
2017-10-19 20:28:43,476 [main] INFO  myLogger - Reading...
2017-10-19 20:28:47,726 [main] INFO  myLogger - Indexing...
2017-10-19 20:29:10,286 [main] INFO  myLogger - Self-join...
2017-10-19 20:30:02,754 [main] INFO  myLogger - Computing disks...
2017-10-19 20:31:06,431 [main] INFO  myLogger - Mapping disks and points...
2017-10-19 20:32:41,731 [main] INFO  myLogger - Filtering less-than-mu disks...
2017-10-19 20:34:20,642 [main] INFO  myLogger - The Indexing!!!
2017-10-19 20:36:17,747 [main] INFO  myLogger - Collecting stats...
2017-10-19 20:37:49,359 [main] INFO  myLogger - Printing summary...
2017-10-19 20:37:49,359 [main] INFO  myLogger - ||,B40K,53418,3072,2968,8,50.0,12,117.105,17.998,0.646,0.418,12,20
2017-10-19 20:37:49,359 [main] INFO  myLogger - Dropping indices...
2017-10-19 20:37:49,610 [main] INFO  myLogger - Closing app...
2017-10-19 20:37:56,769 [main] INFO  myLogger - Setting session...
2017-10-19 20:37:59,603 [main] INFO  myLogger - Reading...
2017-10-19 20:38:03,938 [main] INFO  myLogger - Indexing...
2017-10-19 20:38:11,602 [main] INFO  myLogger - Self-join...
2017-10-19 20:38:15,745 [main] INFO  myLogger - Computing disks...
2017-10-19 20:38:43,433 [main] INFO  myLogger - Mapping disks and points...
2017-10-19 20:39:03,392 [main] INFO  myLogger - Filtering less-than-mu disks...
2017-10-19 20:39:26,514 [main] INFO  myLogger - The Indexing!!!
2017-10-19 20:39:58,511 [main] INFO  myLogger - Collecting stats...
2017-10-19 20:40:03,878 [main] INFO  myLogger - Printing summary...
2017-10-19 20:40:03,879 [main] INFO  myLogger - ||,B40K,53418,512,529,14,50.0,12,31.997,100.979,0.817,0.667,90,103
2017-10-19 20:40:03,879 [main] INFO  myLogger - Dropping indices...
2017-10-19 20:40:04,024 [main] INFO  myLogger - Closing app...
2017-10-19 20:40:09,732 [main] INFO  myLogger - Setting session...
2017-10-19 20:40:12,555 [main] INFO  myLogger - Reading...
2017-10-19 20:40:16,801 [main] INFO  myLogger - Indexing...
2017-10-19 20:40:26,750 [main] INFO  myLogger - Self-join...
2017-10-19 20:40:35,623 [main] INFO  myLogger - Computing disks...
2017-10-19 20:41:08,304 [main] INFO  myLogger - Mapping disks and points...
2017-10-19 20:41:36,278 [main] INFO  myLogger - Filtering less-than-mu disks...
2017-10-19 20:42:07,783 [main] INFO  myLogger - The Indexing!!!
2017-10-19 20:42:49,272 [main] INFO  myLogger - Collecting stats...
2017-10-19 20:43:02,614 [main] INFO  myLogger - Printing summary...
2017-10-19 20:43:02,614 [main] INFO  myLogger - ||,B40K,53418,1024,1024,14,50.0,12,41.489,52.166,4.629,21.424,26,55
2017-10-19 20:43:02,615 [main] INFO  myLogger - Dropping indices...
2017-10-19 20:43:02,774 [main] INFO  myLogger - Closing app...
2017-10-19 20:43:08,883 [main] INFO  myLogger - Setting session...
2017-10-19 20:43:11,716 [main] INFO  myLogger - Reading...
2017-10-19 20:43:15,957 [main] INFO  myLogger - Indexing...
2017-10-19 20:43:28,329 [main] INFO  myLogger - Self-join...
2017-10-19 20:43:43,364 [main] INFO  myLogger - Computing disks...
2017-10-19 20:44:19,324 [main] INFO  myLogger - Mapping disks and points...
2017-10-19 20:44:56,200 [main] INFO  myLogger - Filtering less-than-mu disks...
2017-10-19 20:45:35,752 [main] INFO  myLogger - The Indexing!!!
2017-10-19 20:46:26,960 [main] INFO  myLogger - Collecting stats...
2017-10-19 20:46:52,979 [main] INFO  myLogger - Printing summary...
2017-10-19 20:46:52,979 [main] INFO  myLogger - ||,B40K,53418,1536,1560,14,50.0,12,51.208,34.242,4.678,21.885,5,37
2017-10-19 20:46:52,979 [main] INFO  myLogger - Dropping indices...
2017-10-19 20:46:53,167 [main] INFO  myLogger - Closing app...
2017-10-19 20:47:00,452 [main] INFO  myLogger - Setting session...
2017-10-19 20:47:03,265 [main] INFO  myLogger - Reading...
2017-10-19 20:47:07,465 [main] INFO  myLogger - Indexing...
2017-10-19 20:47:23,297 [main] INFO  myLogger - Self-join...
2017-10-19 20:47:47,612 [main] INFO  myLogger - Computing disks...
2017-10-19 20:48:31,187 [main] INFO  myLogger - Mapping disks and points...
2017-10-19 20:49:22,811 [main] INFO  myLogger - Filtering less-than-mu disks...
2017-10-19 20:50:16,815 [main] INFO  myLogger - The Indexing!!!
2017-10-19 20:51:25,719 [main] INFO  myLogger - Collecting stats...
2017-10-19 20:52:08,223 [main] INFO  myLogger - Printing summary...
2017-10-19 20:52:08,223 [main] INFO  myLogger - ||,B40K,53418,2048,2069,14,50.0,12,68.904,25.818,1.402,1.965,10,28
2017-10-19 20:52:08,223 [main] INFO  myLogger - Dropping indices...
2017-10-19 20:52:08,413 [main] INFO  myLogger - Closing app...
2017-10-19 20:52:14,326 [main] INFO  myLogger - Setting session...
2017-10-19 20:52:17,179 [main] INFO  myLogger - Reading...
2017-10-19 20:52:21,433 [main] INFO  myLogger - Indexing...
2017-10-19 20:52:39,967 [main] INFO  myLogger - Self-join...
2017-10-19 20:53:14,535 [main] INFO  myLogger - Computing disks...
2017-10-19 20:54:07,247 [main] INFO  myLogger - Mapping disks and points...
2017-10-19 20:55:17,493 [main] INFO  myLogger - Filtering less-than-mu disks...
2017-10-19 20:56:30,203 [main] INFO  myLogger - The Indexing!!!
2017-10-19 20:57:58,541 [main] INFO  myLogger - Collecting stats...
2017-10-19 20:59:02,313 [main] INFO  myLogger - Printing summary...
2017-10-19 20:59:02,314 [main] INFO  myLogger - ||,B40K,53418,2560,2551,14,50.0,12,88.338,20.940,0.689,0.474,17,23
2017-10-19 20:59:02,314 [main] INFO  myLogger - Dropping indices...
2017-10-19 20:59:02,532 [main] INFO  myLogger - Closing app...
2017-10-19 20:59:08,581 [main] INFO  myLogger - Setting session...
2017-10-19 20:59:11,367 [main] INFO  myLogger - Reading...
2017-10-19 20:59:15,644 [main] INFO  myLogger - Indexing...
2017-10-19 20:59:37,750 [main] INFO  myLogger - Self-join...
2017-10-19 21:00:26,382 [main] INFO  myLogger - Computing disks...
2017-10-19 21:01:26,981 [main] INFO  myLogger - Mapping disks and points...
2017-10-19 21:02:54,382 [main] INFO  myLogger - Filtering less-than-mu disks...
2017-10-19 21:04:24,424 [main] INFO  myLogger - The Indexing!!!
2017-10-19 21:06:11,416 [main] INFO  myLogger - Collecting stats...
2017-10-19 21:07:34,517 [main] INFO  myLogger - Printing summary...
2017-10-19 21:07:34,517 [main] INFO  myLogger - ||,B40K,53418,3072,2968,14,50.0,12,106.992,17.998,0.563,0.317,12,20
2017-10-19 21:07:34,517 [main] INFO  myLogger - Dropping indices...
2017-10-19 21:07:34,727 [main] INFO  myLogger - Closing app...
2017-10-19 21:07:43,113 [main] INFO  myLogger - Setting session...
2017-10-19 21:07:46,047 [main] INFO  myLogger - Reading...
2017-10-19 21:07:50,379 [main] INFO  myLogger - Indexing...
2017-10-19 21:07:58,115 [main] INFO  myLogger - Self-join...
2017-10-19 21:08:02,357 [main] INFO  myLogger - Computing disks...
2017-10-19 21:08:30,831 [main] INFO  myLogger - Mapping disks and points...
2017-10-19 21:08:52,512 [main] INFO  myLogger - Filtering less-than-mu disks...
acald013@dblab-rack12: stopping org.apache.spark.deploy.worker.Worker
2017-10-19 21:09:17,023 [main] INFO  myLogger - The Indexing!!!
acald013@dblab-rack15: stopping org.apache.spark.deploy.worker.Worker
acald013@dblab-rack14: stopping org.apache.spark.deploy.worker.Worker
acald013@dblab-rack11: stopping org.apache.spark.deploy.worker.Worker
stopping org.apache.spark.deploy.master.Master
starting org.apache.spark.deploy.master.Master, logging to /home/acald013/Spark/spark-2.1.0-bin-hadoop2.7/logs/spark-acald013-org.apache.spark.deploy.master.Master-1-dblab-rack15.out
acald013@dblab-rack12: starting org.apache.spark.deploy.worker.Worker, logging to /home/acald013/Spark/spark-2.1.0-bin-hadoop2.7/logs/spark-acald013-org.apache.spark.deploy.worker.Worker-1-dblab-rack12.out
acald013@dblab-rack14: starting org.apache.spark.deploy.worker.Worker, logging to /home/acald013/Spark/spark-2.1.0-bin-hadoop2.7/logs/spark-acald013-org.apache.spark.deploy.worker.Worker-1-dblab-rack14.cs.ucr.edu.out
acald013@dblab-rack11: starting org.apache.spark.deploy.worker.Worker, logging to /home/acald013/Spark/spark-2.1.0-bin-hadoop2.7/logs/spark-acald013-org.apache.spark.deploy.worker.Worker-1-dblab-rack11.cs.ucr.edu.out
acald013@dblab-rack15: starting org.apache.spark.deploy.worker.Worker, logging to /home/acald013/Spark/spark-2.1.0-bin-hadoop2.7/logs/spark-acald013-org.apache.spark.deploy.worker.Worker-1-dblab-rack15.out
2017-10-19 21:09:32,789 [main] INFO  myLogger - Setting session...
2017-10-19 21:09:36,126 [main] INFO  myLogger - Reading...
2017-10-19 21:09:41,305 [main] INFO  myLogger - Indexing...
2017-10-19 21:09:56,116 [main] INFO  myLogger - Self-join...
2017-10-19 21:09:58,416 [main] INFO  myLogger - Collecting stats...
2017-10-19 21:10:05,885 [main] INFO  myLogger - Computing disks...
2017-10-19 21:10:07,769 [main] INFO  myLogger - Printing summary...
2017-10-19 21:10:07,770 [main] INFO  myLogger - ||,B40K,53418,512,529,20,50.0,12,41.393,100.979,0.810,0.656,89,103
2017-10-19 21:10:07,770 [main] INFO  myLogger - Dropping indices...
2017-10-19 21:10:07,991 [main] INFO  myLogger - Closing app...
2017-10-19 21:10:18,209 [main] INFO  myLogger - Setting session...
2017-10-19 21:10:22,721 [main] INFO  myLogger - Reading...
2017-10-19 21:10:28,297 [main] INFO  myLogger - Indexing...
2017-10-19 21:10:44,188 [main] INFO  myLogger - Self-join...
2017-10-19 21:10:53,423 [main] INFO  myLogger - Mapping disks and points...
2017-10-19 21:10:58,930 [main] INFO  myLogger - Computing disks...
2017-10-19 21:11:44,420 [main] INFO  myLogger - Filtering less-than-mu disks...
2017-10-19 21:11:50,544 [main] INFO  myLogger - Mapping disks and points...
2017-10-19 21:12:38,255 [main] INFO  myLogger - The Indexing!!!
2017-10-19 21:12:39,418 [main] INFO  myLogger - Filtering less-than-mu disks...
2017-10-19 21:13:33,259 [main] INFO  myLogger - The Indexing!!!
2017-10-19 21:13:53,431 [main] INFO  myLogger - Collecting stats...
2017-10-19 21:14:09,760 [main] INFO  myLogger - Printing summary...
2017-10-19 21:14:09,761 [main] INFO  myLogger - ||,B60K,66308,512,529,2,50.0,12,75.176,125.346,3.293,10.846,110,128
2017-10-19 21:14:09,761 [main] INFO  myLogger - Dropping indices...
2017-10-19 21:14:09,926 [main] INFO  myLogger - Closing app...
2017-10-19 21:14:17,621 [main] INFO  myLogger - Setting session...
2017-10-19 21:14:22,750 [main] INFO  myLogger - Reading...
2017-10-19 21:14:29,581 [main] INFO  myLogger - Indexing...
2017-10-19 21:14:35,487 [main] INFO  myLogger - Collecting stats...
2017-10-19 21:14:47,468 [main] INFO  myLogger - Self-join...
2017-10-19 21:14:59,564 [main] INFO  myLogger - Printing summary...
2017-10-19 21:14:59,565 [main] INFO  myLogger - ||,B40K,53418,1024,1024,20,50.0,12,62.227,52.166,4.627,21.410,26,55
2017-10-19 21:14:59,565 [main] INFO  myLogger - Dropping indices...
2017-10-19 21:14:59,917 [main] INFO  myLogger - Closing app...
2017-10-19 21:15:09,526 [main] INFO  myLogger - Setting session...
2017-10-19 21:15:10,254 [main] INFO  myLogger - Computing disks...
2017-10-19 21:15:13,961 [main] INFO  myLogger - Reading...
2017-10-19 21:15:20,591 [main] INFO  myLogger - Indexing...
2017-10-19 21:15:41,606 [main] INFO  myLogger - Self-join...
2017-10-19 21:16:08,707 [main] INFO  myLogger - Computing disks...
2017-10-19 21:16:19,935 [main] INFO  myLogger - Mapping disks and points...
2017-10-19 21:17:13,897 [main] INFO  myLogger - Mapping disks and points...
2017-10-19 21:17:37,202 [main] INFO  myLogger - Filtering less-than-mu disks...
2017-10-19 21:18:19,743 [main] INFO  myLogger - Filtering less-than-mu disks...
2017-10-19 21:18:59,787 [main] INFO  myLogger - The Indexing!!!
2017-10-19 21:19:30,316 [main] INFO  myLogger - The Indexing!!!
2017-10-19 21:20:44,161 [main] INFO  myLogger - Collecting stats...
2017-10-19 21:21:02,803 [main] INFO  myLogger - Collecting stats...
2017-10-19 21:21:33,288 [main] INFO  myLogger - Printing summary...
2017-10-19 21:21:33,288 [main] INFO  myLogger - ||,B60K,66308,1024,1024,2,50.0,12,104.373,64.754,1.517,2.301,57,67
2017-10-19 21:21:33,288 [main] INFO  myLogger - Dropping indices...
2017-10-19 21:21:33,496 [main] INFO  myLogger - Closing app...
2017-10-19 21:21:42,936 [main] INFO  myLogger - Setting session...
2017-10-19 21:21:44,379 [main] INFO  myLogger - Printing summary...
2017-10-19 21:21:44,380 [main] INFO  myLogger - ||,B40K,53418,1536,1560,20,50.0,12,92.487,34.242,4.693,22.021,5,37
2017-10-19 21:21:44,380 [main] INFO  myLogger - Dropping indices...
2017-10-19 21:21:44,563 [main] INFO  myLogger - Closing app...
2017-10-19 21:21:46,326 [main] INFO  myLogger - Reading...
2017-10-19 21:21:50,687 [main] INFO  myLogger - Indexing...
2017-10-19 21:21:51,979 [main] INFO  myLogger - Setting session...
2017-10-19 21:21:54,961 [main] INFO  myLogger - Reading...
2017-10-19 21:22:00,926 [main] INFO  myLogger - Indexing...
2017-10-19 21:22:11,568 [main] INFO  myLogger - Self-join...
2017-10-19 21:22:25,605 [main] INFO  myLogger - Self-join...
2017-10-19 21:23:09,128 [main] INFO  myLogger - Computing disks...
2017-10-19 21:23:11,531 [main] INFO  myLogger - Computing disks...
2017-10-19 21:24:32,649 [main] INFO  myLogger - Mapping disks and points...
2017-10-19 21:24:48,188 [main] INFO  myLogger - Mapping disks and points...
2017-10-19 21:26:07,782 [main] INFO  myLogger - Filtering less-than-mu disks...
2017-10-19 21:26:52,197 [main] INFO  myLogger - Filtering less-than-mu disks...
acald013@dblab-rack12: stopping org.apache.spark.deploy.worker.Worker
acald013@dblab-rack15: no org.apache.spark.deploy.worker.Worker to stop
acald013@dblab-rack14: stopping org.apache.spark.deploy.worker.Worker
acald013@dblab-rack11: stopping org.apache.spark.deploy.worker.Worker
no org.apache.spark.deploy.master.Master to stop
starting org.apache.spark.deploy.master.Master, logging to /home/acald013/Spark/spark-2.1.0-bin-hadoop2.7/logs/spark-acald013-org.apache.spark.deploy.master.Master-1-dblab-rack15.out
acald013@dblab-rack12: starting org.apache.spark.deploy.worker.Worker, logging to /home/acald013/Spark/spark-2.1.0-bin-hadoop2.7/logs/spark-acald013-org.apache.spark.deploy.worker.Worker-1-dblab-rack12.out
acald013@dblab-rack14: starting org.apache.spark.deploy.worker.Worker, logging to /home/acald013/Spark/spark-2.1.0-bin-hadoop2.7/logs/spark-acald013-org.apache.spark.deploy.worker.Worker-1-dblab-rack14.cs.ucr.edu.out
acald013@dblab-rack11: starting org.apache.spark.deploy.worker.Worker, logging to /home/acald013/Spark/spark-2.1.0-bin-hadoop2.7/logs/spark-acald013-org.apache.spark.deploy.worker.Worker-1-dblab-rack11.cs.ucr.edu.out
acald013@dblab-rack15: starting org.apache.spark.deploy.worker.Worker, logging to /home/acald013/Spark/spark-2.1.0-bin-hadoop2.7/logs/spark-acald013-org.apache.spark.deploy.worker.Worker-1-dblab-rack15.out
2017-10-19 21:29:26,057 [main] INFO  myLogger - Setting session...
2017-10-19 21:29:29,002 [main] INFO  myLogger - Reading...
2017-10-19 21:29:33,339 [main] INFO  myLogger - Indexing...
2017-10-19 21:29:43,559 [main] INFO  myLogger - Self-join...
2017-10-19 21:29:50,143 [main] INFO  myLogger - Computing disks...
2017-10-19 21:30:26,136 [main] INFO  myLogger - Mapping disks and points...
2017-10-19 21:30:53,858 [main] INFO  myLogger - Filtering less-than-mu disks...
2017-10-19 21:31:25,934 [main] INFO  myLogger - The Indexing!!!
2017-10-19 21:32:10,969 [main] INFO  myLogger - Collecting stats...
2017-10-19 21:32:20,386 [main] INFO  myLogger - Printing summary...
2017-10-19 21:32:20,387 [main] INFO  myLogger - ||,B60K,66308,512,529,2,50.0,12,45.034,125.346,3.293,10.846,110,128
2017-10-19 21:32:20,387 [main] INFO  myLogger - Dropping indices...
2017-10-19 21:32:20,536 [main] INFO  myLogger - Closing app...
2017-10-19 21:32:26,462 [main] INFO  myLogger - Setting session...
2017-10-19 21:32:29,313 [main] INFO  myLogger - Reading...
2017-10-19 21:32:33,631 [main] INFO  myLogger - Indexing...
2017-10-19 21:32:46,092 [main] INFO  myLogger - Self-join...
2017-10-19 21:33:03,045 [main] INFO  myLogger - Computing disks...
2017-10-19 21:33:49,319 [main] INFO  myLogger - Mapping disks and points...
2017-10-19 21:34:34,854 [main] INFO  myLogger - Filtering less-than-mu disks...
2017-10-19 21:35:25,250 [main] INFO  myLogger - The Indexing!!!
2017-10-19 21:36:29,599 [main] INFO  myLogger - Collecting stats...
2017-10-19 21:36:58,248 [main] INFO  myLogger - Printing summary...
2017-10-19 21:36:58,248 [main] INFO  myLogger - ||,B60K,66308,1024,1024,2,50.0,12,64.349,64.754,1.517,2.301,57,67
2017-10-19 21:36:58,248 [main] INFO  myLogger - Dropping indices...
2017-10-19 21:36:58,468 [main] INFO  myLogger - Closing app...
2017-10-19 21:37:04,573 [main] INFO  myLogger - Setting session...
2017-10-19 21:37:07,435 [main] INFO  myLogger - Reading...
2017-10-19 21:37:11,835 [main] INFO  myLogger - Indexing...
2017-10-19 21:37:27,813 [main] INFO  myLogger - Self-join...
2017-10-19 21:38:00,530 [main] INFO  myLogger - Computing disks...
2017-10-19 21:38:57,272 [main] INFO  myLogger - Mapping disks and points...
2017-10-19 21:40:07,050 [main] INFO  myLogger - Filtering less-than-mu disks...
2017-10-19 21:41:20,428 [main] INFO  myLogger - The Indexing!!!
2017-10-19 21:42:52,746 [main] INFO  myLogger - Collecting stats...
2017-10-19 21:43:50,125 [main] INFO  myLogger - Printing summary...
2017-10-19 21:43:50,126 [main] INFO  myLogger - ||,B60K,66308,1536,1560,2,50.0,12,92.318,42.505,3.268,10.682,12,45
2017-10-19 21:43:50,126 [main] INFO  myLogger - Dropping indices...
2017-10-19 21:43:50,311 [main] INFO  myLogger - Closing app...
2017-10-19 21:43:57,643 [main] INFO  myLogger - Setting session...
2017-10-19 21:44:00,507 [main] INFO  myLogger - Reading...
2017-10-19 21:44:04,799 [main] INFO  myLogger - Indexing...
2017-10-19 21:44:26,432 [main] INFO  myLogger - Self-join...
2017-10-19 21:45:22,868 [main] INFO  myLogger - Computing disks...
2017-10-19 21:46:37,802 [main] INFO  myLogger - Mapping disks and points...
2017-10-19 21:48:25,784 [main] INFO  myLogger - Filtering less-than-mu disks...
2017-10-19 21:50:18,242 [main] INFO  myLogger - The Indexing!!!
2017-10-19 21:52:31,563 [main] INFO  myLogger - Collecting stats...
2017-10-19 21:54:14,497 [main] INFO  myLogger - Printing summary...
2017-10-19 21:54:14,497 [main] INFO  myLogger - ||,B60K,66308,2048,2025,2,50.0,12,133.321,32.745,1.853,3.434,10,35
2017-10-19 21:54:14,497 [main] INFO  myLogger - Dropping indices...
2017-10-19 21:54:14,703 [main] INFO  myLogger - Closing app...
2017-10-19 21:54:20,585 [main] INFO  myLogger - Setting session...
2017-10-19 21:54:23,390 [main] INFO  myLogger - Reading...
2017-10-19 21:54:27,613 [main] INFO  myLogger - Indexing...
2017-10-19 21:54:53,255 [main] INFO  myLogger - Self-join...
2017-10-19 21:56:14,078 [main] INFO  myLogger - Computing disks...
2017-10-19 21:57:44,992 [main] INFO  myLogger - Mapping disks and points...
2017-10-19 22:00:08,862 [main] INFO  myLogger - Filtering less-than-mu disks...
2017-10-19 22:02:35,890 [main] INFO  myLogger - The Indexing!!!
2017-10-19 22:05:27,084 [main] INFO  myLogger - Collecting stats...
2017-10-19 22:07:56,633 [main] INFO  myLogger - Printing summary...
2017-10-19 22:07:56,633 [main] INFO  myLogger - ||,B60K,66308,2560,2601,2,50.0,12,171.194,25.493,3.588,12.875,0,28
2017-10-19 22:07:56,633 [main] INFO  myLogger - Dropping indices...
2017-10-19 22:07:56,852 [main] INFO  myLogger - Closing app...
2017-10-19 22:08:04,993 [main] INFO  myLogger - Setting session...
2017-10-19 22:08:07,845 [main] INFO  myLogger - Reading...
2017-10-19 22:08:12,161 [main] INFO  myLogger - Indexing...
2017-10-19 22:08:44,364 [main] INFO  myLogger - Self-join...
2017-10-19 22:10:38,749 [main] INFO  myLogger - Computing disks...
2017-10-19 22:12:34,261 [main] INFO  myLogger - Mapping disks and points...
2017-10-19 22:16:00,520 [main] INFO  myLogger - Filtering less-than-mu disks...
2017-10-19 22:19:28,577 [main] INFO  myLogger - The Indexing!!!
2017-10-19 22:23:26,573 [main] INFO  myLogger - Collecting stats...
2017-10-19 22:27:00,804 [main] INFO  myLogger - Printing summary...
2017-10-19 22:27:00,805 [main] INFO  myLogger - ||,B60K,66308,3072,3024,2,50.0,12,237.996,21.927,1.028,1.058,18,24
2017-10-19 22:27:00,805 [main] INFO  myLogger - Dropping indices...
2017-10-19 22:27:01,028 [main] INFO  myLogger - Closing app...
2017-10-19 22:27:08,297 [main] INFO  myLogger - Setting session...
2017-10-19 22:27:11,212 [main] INFO  myLogger - Reading...
2017-10-19 22:27:15,537 [main] INFO  myLogger - Indexing...
2017-10-19 22:27:24,800 [main] INFO  myLogger - Self-join...
2017-10-19 22:27:29,202 [main] INFO  myLogger - Computing disks...
2017-10-19 22:28:02,824 [main] INFO  myLogger - Mapping disks and points...
2017-10-19 22:28:26,772 [main] INFO  myLogger - Filtering less-than-mu disks...
2017-10-19 22:28:54,929 [main] INFO  myLogger - The Indexing!!!
2017-10-19 22:29:35,174 [main] INFO  myLogger - Collecting stats...
2017-10-19 22:29:41,512 [main] INFO  myLogger - Printing summary...
2017-10-19 22:29:41,512 [main] INFO  myLogger - ||,B60K,66308,512,529,8,50.0,12,40.244,125.346,3.197,10.222,110,128
2017-10-19 22:29:41,512 [main] INFO  myLogger - Dropping indices...
2017-10-19 22:29:41,661 [main] INFO  myLogger - Closing app...
2017-10-19 22:29:47,619 [main] INFO  myLogger - Setting session...
2017-10-19 22:29:50,552 [main] INFO  myLogger - Reading...
2017-10-19 22:29:54,839 [main] INFO  myLogger - Indexing...
2017-10-19 22:30:06,090 [main] INFO  myLogger - Self-join...
2017-10-19 22:30:15,766 [main] INFO  myLogger - Computing disks...
2017-10-19 22:30:53,537 [main] INFO  myLogger - Mapping disks and points...
2017-10-19 22:31:24,587 [main] INFO  myLogger - Filtering less-than-mu disks...
2017-10-19 22:32:00,643 [main] INFO  myLogger - The Indexing!!!
2017-10-19 22:32:48,786 [main] INFO  myLogger - Collecting stats...
2017-10-19 22:33:03,401 [main] INFO  myLogger - Printing summary...
2017-10-19 22:33:03,402 [main] INFO  myLogger - ||,B60K,66308,1024,1024,8,50.0,12,48.143,64.754,1.452,2.107,57,67
2017-10-19 22:33:03,402 [main] INFO  myLogger - Dropping indices...
2017-10-19 22:33:03,570 [main] INFO  myLogger - Closing app...
2017-10-19 22:33:09,712 [main] INFO  myLogger - Setting session...
2017-10-19 22:33:12,550 [main] INFO  myLogger - Reading...
2017-10-19 22:33:16,860 [main] INFO  myLogger - Indexing...
2017-10-19 22:33:30,883 [main] INFO  myLogger - Self-join...
2017-10-19 22:33:47,685 [main] INFO  myLogger - Computing disks...
2017-10-19 22:34:31,828 [main] INFO  myLogger - Mapping disks and points...
2017-10-19 22:35:15,367 [main] INFO  myLogger - Filtering less-than-mu disks...
2017-10-19 22:36:03,408 [main] INFO  myLogger - The Indexing!!!
2017-10-19 22:37:05,090 [main] INFO  myLogger - Collecting stats...
2017-10-19 22:37:33,088 [main] INFO  myLogger - Printing summary...
2017-10-19 22:37:33,089 [main] INFO  myLogger - ||,B60K,66308,1536,1560,8,50.0,12,61.682,42.505,3.223,10.390,11,45
2017-10-19 22:37:33,089 [main] INFO  myLogger - Dropping indices...
2017-10-19 22:37:33,270 [main] INFO  myLogger - Closing app...
2017-10-19 22:37:39,424 [main] INFO  myLogger - Setting session...
2017-10-19 22:37:42,284 [main] INFO  myLogger - Reading...
2017-10-19 22:37:46,640 [main] INFO  myLogger - Indexing...
2017-10-19 22:38:03,265 [main] INFO  myLogger - Self-join...
2017-10-19 22:38:30,145 [main] INFO  myLogger - Computing disks...
2017-10-19 22:39:21,685 [main] INFO  myLogger - Mapping disks and points...
2017-10-19 22:40:21,197 [main] INFO  myLogger - Filtering less-than-mu disks...
2017-10-19 22:41:23,826 [main] INFO  myLogger - The Indexing!!!
2017-10-19 22:42:42,656 [main] INFO  myLogger - Collecting stats...
2017-10-19 22:43:27,880 [main] INFO  myLogger - Printing summary...
2017-10-19 22:43:27,880 [main] INFO  myLogger - ||,B60K,66308,2048,2025,8,50.0,12,78.830,32.745,1.759,3.096,9,35
2017-10-19 22:43:27,880 [main] INFO  myLogger - Dropping indices...
2017-10-19 22:43:28,063 [main] INFO  myLogger - Closing app...
2017-10-19 22:43:35,406 [main] INFO  myLogger - Setting session...
2017-10-19 22:43:38,269 [main] INFO  myLogger - Reading...
2017-10-19 22:43:42,575 [main] INFO  myLogger - Indexing...
2017-10-19 22:44:03,133 [main] INFO  myLogger - Self-join...
2017-10-19 22:44:43,060 [main] INFO  myLogger - Computing disks...
2017-10-19 22:45:43,737 [main] INFO  myLogger - Mapping disks and points...
2017-10-19 22:47:03,273 [main] INFO  myLogger - Filtering less-than-mu disks...
2017-10-19 22:48:25,476 [main] INFO  myLogger - The Indexing!!!
2017-10-19 22:50:07,031 [main] INFO  myLogger - Collecting stats...
2017-10-19 22:51:18,760 [main] INFO  myLogger - Printing summary...
2017-10-19 22:51:18,760 [main] INFO  myLogger - ||,B60K,66308,2560,2601,8,50.0,12,101.554,25.493,3.563,12.697,0,28
2017-10-19 22:51:18,760 [main] INFO  myLogger - Dropping indices...
2017-10-19 22:51:18,971 [main] INFO  myLogger - Closing app...
2017-10-19 22:51:25,083 [main] INFO  myLogger - Setting session...
2017-10-19 22:51:27,908 [main] INFO  myLogger - Reading...
2017-10-19 22:51:32,205 [main] INFO  myLogger - Indexing...
2017-10-19 22:51:56,047 [main] INFO  myLogger - Self-join...
2017-10-19 22:52:45,501 [main] INFO  myLogger - Computing disks...
2017-10-19 22:53:53,561 [main] INFO  myLogger - Mapping disks and points...
2017-10-19 22:55:29,695 [main] INFO  myLogger - Filtering less-than-mu disks...
2017-10-19 22:57:09,286 [main] INFO  myLogger - The Indexing!!!
2017-10-19 22:59:10,774 [main] INFO  myLogger - Collecting stats...
2017-10-19 23:00:44,743 [main] INFO  myLogger - Printing summary...
2017-10-19 23:00:44,744 [main] INFO  myLogger - ||,B60K,66308,3072,3024,8,50.0,12,121.488,21.927,0.804,0.647,18,24
2017-10-19 23:00:44,744 [main] INFO  myLogger - Dropping indices...
2017-10-19 23:00:44,955 [main] INFO  myLogger - Closing app...
2017-10-19 23:00:53,366 [main] INFO  myLogger - Setting session...
2017-10-19 23:00:56,375 [main] INFO  myLogger - Reading...
2017-10-19 23:01:00,707 [main] INFO  myLogger - Indexing...
2017-10-19 23:01:10,657 [main] INFO  myLogger - Self-join...
2017-10-19 23:01:14,932 [main] INFO  myLogger - Computing disks...
2017-10-19 23:01:48,491 [main] INFO  myLogger - Mapping disks and points...
2017-10-19 23:02:12,490 [main] INFO  myLogger - Filtering less-than-mu disks...
2017-10-19 23:02:41,224 [main] INFO  myLogger - The Indexing!!!
2017-10-19 23:03:20,564 [main] INFO  myLogger - Collecting stats...
2017-10-19 23:03:26,535 [main] INFO  myLogger - Printing summary...
2017-10-19 23:03:26,536 [main] INFO  myLogger - ||,B60K,66308,512,529,14,50.0,12,39.340,125.346,3.255,10.593,109,128
2017-10-19 23:03:26,536 [main] INFO  myLogger - Dropping indices...
2017-10-19 23:03:26,694 [main] INFO  myLogger - Closing app...
2017-10-19 23:03:34,066 [main] INFO  myLogger - Setting session...
2017-10-19 23:03:36,899 [main] INFO  myLogger - Reading...
2017-10-19 23:03:41,225 [main] INFO  myLogger - Indexing...
2017-10-19 23:03:52,609 [main] INFO  myLogger - Self-join...
2017-10-19 23:04:02,062 [main] INFO  myLogger - Computing disks...
2017-10-19 23:04:41,633 [main] INFO  myLogger - Mapping disks and points...
2017-10-19 23:05:16,455 [main] INFO  myLogger - Filtering less-than-mu disks...
2017-10-19 23:05:54,871 [main] INFO  myLogger - The Indexing!!!
2017-10-19 23:06:45,847 [main] INFO  myLogger - Collecting stats...
2017-10-19 23:06:59,861 [main] INFO  myLogger - Printing summary...
2017-10-19 23:06:59,862 [main] INFO  myLogger - ||,B60K,66308,1024,1024,14,50.0,12,50.976,64.754,1.444,2.086,57,67
2017-10-19 23:06:59,862 [main] INFO  myLogger - Dropping indices...
2017-10-19 23:07:00,024 [main] INFO  myLogger - Closing app...
2017-10-19 23:07:06,170 [main] INFO  myLogger - Setting session...
2017-10-19 23:07:09,088 [main] INFO  myLogger - Reading...
2017-10-19 23:07:13,438 [main] INFO  myLogger - Indexing...
2017-10-19 23:07:27,896 [main] INFO  myLogger - Self-join...
2017-10-19 23:07:44,137 [main] INFO  myLogger - Computing disks...
2017-10-19 23:08:28,222 [main] INFO  myLogger - Mapping disks and points...
2017-10-19 23:09:10,547 [main] INFO  myLogger - Filtering less-than-mu disks...
2017-10-19 23:09:57,300 [main] INFO  myLogger - The Indexing!!!
2017-10-19 23:10:58,572 [main] INFO  myLogger - Collecting stats...
2017-10-19 23:11:25,757 [main] INFO  myLogger - Printing summary...
2017-10-19 23:11:25,757 [main] INFO  myLogger - ||,B60K,66308,1536,1560,14,50.0,12,61.272,42.505,3.221,10.374,11,45
2017-10-19 23:11:25,757 [main] INFO  myLogger - Dropping indices...
2017-10-19 23:11:25,937 [main] INFO  myLogger - Closing app...
2017-10-19 23:11:33,245 [main] INFO  myLogger - Setting session...
2017-10-19 23:11:36,160 [main] INFO  myLogger - Reading...
2017-10-19 23:11:40,486 [main] INFO  myLogger - Indexing...
2017-10-19 23:11:57,399 [main] INFO  myLogger - Self-join...
2017-10-19 23:12:22,587 [main] INFO  myLogger - Computing disks...
2017-10-19 23:13:13,040 [main] INFO  myLogger - Mapping disks and points...
2017-10-19 23:14:09,193 [main] INFO  myLogger - Filtering less-than-mu disks...
2017-10-19 23:15:08,349 [main] INFO  myLogger - The Indexing!!!
2017-10-19 23:16:25,104 [main] INFO  myLogger - Collecting stats...
2017-10-19 23:17:06,882 [main] INFO  myLogger - Printing summary...
2017-10-19 23:17:06,883 [main] INFO  myLogger - ||,B60K,66308,2048,2025,14,50.0,12,76.755,32.745,1.770,3.134,9,35
2017-10-19 23:17:06,883 [main] INFO  myLogger - Dropping indices...
2017-10-19 23:17:07,068 [main] INFO  myLogger - Closing app...
2017-10-19 23:17:14,502 [main] INFO  myLogger - Setting session...
2017-10-19 23:17:17,392 [main] INFO  myLogger - Reading...
2017-10-19 23:17:21,772 [main] INFO  myLogger - Indexing...
2017-10-19 23:17:41,942 [main] INFO  myLogger - Self-join...
2017-10-19 23:18:18,464 [main] INFO  myLogger - Computing disks...
2017-10-19 23:19:18,164 [main] INFO  myLogger - Mapping disks and points...
2017-10-19 23:20:31,292 [main] INFO  myLogger - Filtering less-than-mu disks...
2017-10-19 23:21:50,869 [main] INFO  myLogger - The Indexing!!!
2017-10-19 23:23:27,968 [main] INFO  myLogger - Collecting stats...
2017-10-19 23:24:34,457 [main] INFO  myLogger - Printing summary...
2017-10-19 23:24:34,457 [main] INFO  myLogger - ||,B60K,66308,2560,2601,14,50.0,12,97.099,25.493,3.520,12.390,0,28
2017-10-19 23:24:34,457 [main] INFO  myLogger - Dropping indices...
2017-10-19 23:24:34,680 [main] INFO  myLogger - Closing app...
2017-10-19 23:24:40,777 [main] INFO  myLogger - Setting session...
2017-10-19 23:24:43,828 [main] INFO  myLogger - Reading...
2017-10-19 23:24:48,097 [main] INFO  myLogger - Indexing...
2017-10-19 23:25:10,340 [main] INFO  myLogger - Self-join...
2017-10-19 23:25:55,496 [main] INFO  myLogger - Computing disks...
2017-10-19 23:27:00,671 [main] INFO  myLogger - Mapping disks and points...
2017-10-19 23:28:32,333 [main] INFO  myLogger - Filtering less-than-mu disks...
2017-10-19 23:30:07,715 [main] INFO  myLogger - The Indexing!!!
2017-10-19 23:32:04,281 [main] INFO  myLogger - Collecting stats...
2017-10-19 23:33:32,551 [main] INFO  myLogger - Printing summary...
2017-10-19 23:33:32,551 [main] INFO  myLogger - ||,B60K,66308,3072,3024,14,50.0,12,116.566,21.927,0.727,0.529,18,24
2017-10-19 23:33:32,552 [main] INFO  myLogger - Dropping indices...
2017-10-19 23:33:32,775 [main] INFO  myLogger - Closing app...
2017-10-19 23:33:38,943 [main] INFO  myLogger - Setting session...
2017-10-19 23:33:41,831 [main] INFO  myLogger - Reading...
2017-10-19 23:33:46,140 [main] INFO  myLogger - Indexing...
2017-10-19 23:33:55,962 [main] INFO  myLogger - Self-join...
2017-10-19 23:34:00,311 [main] INFO  myLogger - Computing disks...
2017-10-19 23:34:33,971 [main] INFO  myLogger - Mapping disks and points...
2017-10-19 23:34:57,190 [main] INFO  myLogger - Filtering less-than-mu disks...
2017-10-19 23:35:24,203 [main] INFO  myLogger - The Indexing!!!
2017-10-19 23:36:02,703 [main] INFO  myLogger - Collecting stats...
2017-10-19 23:36:08,042 [main] INFO  myLogger - Printing summary...
2017-10-19 23:36:08,042 [main] INFO  myLogger - ||,B60K,66308,512,529,20,50.0,12,38.500,125.346,3.291,10.827,109,127
2017-10-19 23:36:08,042 [main] INFO  myLogger - Dropping indices...
2017-10-19 23:36:08,186 [main] INFO  myLogger - Closing app...
2017-10-19 23:36:15,476 [main] INFO  myLogger - Setting session...
2017-10-19 23:36:18,307 [main] INFO  myLogger - Reading...
2017-10-19 23:36:22,574 [main] INFO  myLogger - Indexing...
2017-10-19 23:36:34,524 [main] INFO  myLogger - Self-join...
2017-10-19 23:36:43,934 [main] INFO  myLogger - Computing disks...
2017-10-19 23:37:21,606 [main] INFO  myLogger - Mapping disks and points...
2017-10-19 23:37:53,611 [main] INFO  myLogger - Filtering less-than-mu disks...
2017-10-19 23:38:29,157 [main] INFO  myLogger - The Indexing!!!
2017-10-19 23:39:18,202 [main] INFO  myLogger - Collecting stats...
2017-10-19 23:39:31,537 [main] INFO  myLogger - Printing summary...
2017-10-19 23:39:31,538 [main] INFO  myLogger - ||,B60K,66308,1024,1024,20,50.0,12,49.044,64.754,1.407,1.979,57,67
2017-10-19 23:39:31,538 [main] INFO  myLogger - Dropping indices...
2017-10-19 23:39:31,701 [main] INFO  myLogger - Closing app...
2017-10-19 23:39:37,806 [main] INFO  myLogger - Setting session...
2017-10-19 23:39:40,753 [main] INFO  myLogger - Reading...
2017-10-19 23:39:45,121 [main] INFO  myLogger - Indexing...
2017-10-19 23:39:58,774 [main] INFO  myLogger - Self-join...
2017-10-19 23:40:14,585 [main] INFO  myLogger - Computing disks...
2017-10-19 23:40:56,830 [main] INFO  myLogger - Mapping disks and points...
2017-10-19 23:41:37,534 [main] INFO  myLogger - Filtering less-than-mu disks...
2017-10-19 23:42:22,381 [main] INFO  myLogger - The Indexing!!!
2017-10-19 23:43:21,855 [main] INFO  myLogger - Collecting stats...
2017-10-19 23:43:47,496 [main] INFO  myLogger - Printing summary...
2017-10-19 23:43:47,496 [main] INFO  myLogger - ||,B60K,66308,1536,1560,20,50.0,12,59.473,42.505,3.197,10.219,11,45
2017-10-19 23:43:47,496 [main] INFO  myLogger - Dropping indices...
2017-10-19 23:43:47,682 [main] INFO  myLogger - Closing app...
2017-10-19 23:43:55,040 [main] INFO  myLogger - Setting session...
2017-10-19 23:43:57,926 [main] INFO  myLogger - Reading...
2017-10-19 23:44:02,200 [main] INFO  myLogger - Indexing...
2017-10-19 23:44:20,056 [main] INFO  myLogger - Self-join...
2017-10-19 23:44:45,371 [main] INFO  myLogger - Computing disks...
2017-10-19 23:45:35,215 [main] INFO  myLogger - Mapping disks and points...
2017-10-19 23:46:30,720 [main] INFO  myLogger - Filtering less-than-mu disks...
2017-10-19 23:47:30,145 [main] INFO  myLogger - The Indexing!!!
2017-10-19 23:48:45,462 [main] INFO  myLogger - Collecting stats...
2017-10-19 23:49:25,527 [main] INFO  myLogger - Printing summary...
2017-10-19 23:49:25,528 [main] INFO  myLogger - ||,B60K,66308,2048,2025,20,50.0,12,75.316,32.745,1.744,3.042,9,35
2017-10-19 23:49:25,528 [main] INFO  myLogger - Dropping indices...
2017-10-19 23:49:25,721 [main] INFO  myLogger - Closing app...
2017-10-19 23:49:33,064 [main] INFO  myLogger - Setting session...
2017-10-19 23:49:35,923 [main] INFO  myLogger - Reading...
2017-10-19 23:49:40,245 [main] INFO  myLogger - Indexing...
2017-10-19 23:50:01,518 [main] INFO  myLogger - Self-join...
2017-10-19 23:50:39,327 [main] INFO  myLogger - Computing disks...
2017-10-19 23:51:38,648 [main] INFO  myLogger - Mapping disks and points...
2017-10-19 23:52:53,720 [main] INFO  myLogger - Filtering less-than-mu disks...
2017-10-19 23:54:13,176 [main] INFO  myLogger - The Indexing!!!
2017-10-19 23:55:50,369 [main] INFO  myLogger - Collecting stats...
2017-10-19 23:56:57,839 [main] INFO  myLogger - Printing summary...
2017-10-19 23:56:57,839 [main] INFO  myLogger - ||,B60K,66308,2560,2601,20,50.0,12,97.193,25.493,3.580,12.818,0,28
2017-10-19 23:56:57,839 [main] INFO  myLogger - Dropping indices...
2017-10-19 23:56:58,053 [main] INFO  myLogger - Closing app...
2017-10-19 23:57:05,352 [main] INFO  myLogger - Setting session...
2017-10-19 23:57:08,187 [main] INFO  myLogger - Reading...
2017-10-19 23:57:12,443 [main] INFO  myLogger - Indexing...
2017-10-19 23:57:36,293 [main] INFO  myLogger - Self-join...
2017-10-19 23:58:21,083 [main] INFO  myLogger - Computing disks...
2017-10-19 23:59:25,791 [main] INFO  myLogger - Mapping disks and points...
2017-10-20 00:00:55,652 [main] INFO  myLogger - Filtering less-than-mu disks...
2017-10-20 00:02:29,166 [main] INFO  myLogger - The Indexing!!!
2017-10-20 00:04:22,962 [main] INFO  myLogger - Collecting stats...
2017-10-20 00:05:49,025 [main] INFO  myLogger - Printing summary...
2017-10-20 00:05:49,025 [main] INFO  myLogger - ||,B60K,66308,3072,3024,20,50.0,12,113.795,21.927,0.707,0.500,18,24
2017-10-20 00:05:49,026 [main] INFO  myLogger - Dropping indices...
2017-10-20 00:05:49,243 [main] INFO  myLogger - Closing app...
2017-10-20 00:05:57,644 [main] INFO  myLogger - Setting session...
2017-10-20 00:06:00,552 [main] INFO  myLogger - Reading...
2017-10-20 00:06:04,895 [main] INFO  myLogger - Indexing...
2017-10-20 00:06:14,215 [main] INFO  myLogger - Self-join...
2017-10-20 00:06:18,390 [main] INFO  myLogger - Computing disks...
2017-10-20 00:06:52,267 [main] INFO  myLogger - Mapping disks and points...
2017-10-20 00:07:16,192 [main] INFO  myLogger - Filtering less-than-mu disks...
2017-10-20 00:07:44,871 [main] INFO  myLogger - The Indexing!!!
2017-10-20 00:08:24,294 [main] INFO  myLogger - Collecting stats...
2017-10-20 00:08:29,912 [main] INFO  myLogger - Printing summary...
2017-10-20 00:08:29,912 [main] INFO  myLogger - ||,B60K,66308,512,529,26,50.0,12,39.423,125.346,3.264,10.653,110,128
2017-10-20 00:08:29,912 [main] INFO  myLogger - Dropping indices...
2017-10-20 00:08:30,061 [main] INFO  myLogger - Closing app...
2017-10-20 00:08:37,406 [main] INFO  myLogger - Setting session...
2017-10-20 00:08:40,284 [main] INFO  myLogger - Reading...
2017-10-20 00:08:44,601 [main] INFO  myLogger - Indexing...
2017-10-20 00:08:56,376 [main] INFO  myLogger - Self-join...
2017-10-20 00:09:04,930 [main] INFO  myLogger - Computing disks...
2017-10-20 00:09:42,468 [main] INFO  myLogger - Mapping disks and points...
2017-10-20 00:10:13,981 [main] INFO  myLogger - Filtering less-than-mu disks...
2017-10-20 00:10:48,455 [main] INFO  myLogger - The Indexing!!!
2017-10-20 00:11:35,369 [main] INFO  myLogger - Collecting stats...
2017-10-20 00:11:48,268 [main] INFO  myLogger - Printing summary...
2017-10-20 00:11:48,269 [main] INFO  myLogger - ||,B60K,66308,1024,1024,26,50.0,12,46.913,64.754,1.431,2.049,57,67
2017-10-20 00:11:48,269 [main] INFO  myLogger - Dropping indices...
2017-10-20 00:11:48,437 [main] INFO  myLogger - Closing app...
2017-10-20 00:11:55,626 [main] INFO  myLogger - Setting session...
2017-10-20 00:11:58,540 [main] INFO  myLogger - Reading...
2017-10-20 00:12:02,882 [main] INFO  myLogger - Indexing...
2017-10-20 00:12:17,671 [main] INFO  myLogger - Self-join...
2017-10-20 00:12:33,460 [main] INFO  myLogger - Computing disks...
2017-10-20 00:13:16,348 [main] INFO  myLogger - Mapping disks and points...
2017-10-20 00:13:57,018 [main] INFO  myLogger - Filtering less-than-mu disks...
2017-10-20 00:14:42,867 [main] INFO  myLogger - The Indexing!!!
2017-10-20 00:15:43,028 [main] INFO  myLogger - Collecting stats...
2017-10-20 00:16:08,809 [main] INFO  myLogger - Printing summary...
2017-10-20 00:16:08,810 [main] INFO  myLogger - ||,B60K,66308,1536,1560,26,50.0,12,60.161,42.505,3.202,10.254,11,45
2017-10-20 00:16:08,810 [main] INFO  myLogger - Dropping indices...
2017-10-20 00:16:09,000 [main] INFO  myLogger - Closing app...
2017-10-20 00:16:16,338 [main] INFO  myLogger - Setting session...
2017-10-20 00:16:19,215 [main] INFO  myLogger - Reading...
2017-10-20 00:16:23,502 [main] INFO  myLogger - Indexing...
2017-10-20 00:16:40,558 [main] INFO  myLogger - Self-join...
2017-10-20 00:17:04,273 [main] INFO  myLogger - Computing disks...
2017-10-20 00:17:52,329 [main] INFO  myLogger - Mapping disks and points...
2017-10-20 00:18:45,330 [main] INFO  myLogger - Filtering less-than-mu disks...
2017-10-20 00:19:41,712 [main] INFO  myLogger - The Indexing!!!
2017-10-20 00:20:53,812 [main] INFO  myLogger - Collecting stats...
2017-10-20 00:21:32,579 [main] INFO  myLogger - Printing summary...
2017-10-20 00:21:32,579 [main] INFO  myLogger - ||,B60K,66308,2048,2025,26,50.0,12,72.099,32.745,1.728,2.986,9,35
2017-10-20 00:21:32,579 [main] INFO  myLogger - Dropping indices...
2017-10-20 00:21:32,777 [main] INFO  myLogger - Closing app...
2017-10-20 00:21:40,125 [main] INFO  myLogger - Setting session...
2017-10-20 00:21:42,961 [main] INFO  myLogger - Reading...
2017-10-20 00:21:47,296 [main] INFO  myLogger - Indexing...
2017-10-20 00:22:07,666 [main] INFO  myLogger - Self-join...
2017-10-20 00:22:42,379 [main] INFO  myLogger - Computing disks...
2017-10-20 00:23:39,654 [main] INFO  myLogger - Mapping disks and points...
2017-10-20 00:24:51,512 [main] INFO  myLogger - Filtering less-than-mu disks...
2017-10-20 00:26:07,883 [main] INFO  myLogger - The Indexing!!!
2017-10-20 00:27:42,523 [main] INFO  myLogger - Collecting stats...
2017-10-20 00:28:45,384 [main] INFO  myLogger - Printing summary...
2017-10-20 00:28:45,385 [main] INFO  myLogger - ||,B60K,66308,2560,2601,26,50.0,12,94.639,25.493,3.589,12.877,0,28
2017-10-20 00:28:45,385 [main] INFO  myLogger - Dropping indices...
2017-10-20 00:28:45,598 [main] INFO  myLogger - Closing app...
2017-10-20 00:28:51,758 [main] INFO  myLogger - Setting session...
2017-10-20 00:28:54,702 [main] INFO  myLogger - Reading...
2017-10-20 00:28:59,045 [main] INFO  myLogger - Indexing...
2017-10-20 00:29:22,176 [main] INFO  myLogger - Self-join...
2017-10-20 00:30:05,749 [main] INFO  myLogger - Computing disks...
2017-10-20 00:31:10,057 [main] INFO  myLogger - Mapping disks and points...
2017-10-20 00:32:36,934 [main] INFO  myLogger - Filtering less-than-mu disks...
2017-10-20 00:34:08,034 [main] INFO  myLogger - The Indexing!!!
2017-10-20 00:35:58,087 [main] INFO  myLogger - Collecting stats...
2017-10-20 00:37:19,540 [main] INFO  myLogger - Printing summary...
2017-10-20 00:37:19,540 [main] INFO  myLogger - ||,B60K,66308,3072,3024,26,50.0,12,110.053,21.927,0.703,0.494,18,24
2017-10-20 00:37:19,541 [main] INFO  myLogger - Dropping indices...
2017-10-20 00:37:19,755 [main] INFO  myLogger - Closing app...
2017-10-20 00:37:28,090 [main] INFO  myLogger - Setting session...
2017-10-20 00:37:31,018 [main] INFO  myLogger - Reading...
2017-10-20 00:37:35,425 [main] INFO  myLogger - Indexing...
2017-10-20 00:37:46,464 [main] INFO  myLogger - Self-join...
2017-10-20 00:37:53,246 [main] INFO  myLogger - Computing disks...
2017-10-20 00:38:35,537 [main] INFO  myLogger - Mapping disks and points...
2017-10-20 00:39:06,689 [main] INFO  myLogger - Filtering less-than-mu disks...
2017-10-20 00:39:44,237 [main] INFO  myLogger - The Indexing!!!
2017-10-20 00:40:36,689 [main] INFO  myLogger - Collecting stats...
2017-10-20 00:40:46,427 [main] INFO  myLogger - Printing summary...
2017-10-20 00:40:46,427 [main] INFO  myLogger - ||,B80K,90033,512,529,2,50.0,12,52.450,170.195,3.832,14.686,151,173
2017-10-20 00:40:46,428 [main] INFO  myLogger - Dropping indices...
2017-10-20 00:40:46,571 [main] INFO  myLogger - Closing app...
2017-10-20 00:40:52,669 [main] INFO  myLogger - Setting session...
2017-10-20 00:40:55,625 [main] INFO  myLogger - Reading...
2017-10-20 00:40:59,982 [main] INFO  myLogger - Indexing...
2017-10-20 00:41:14,381 [main] INFO  myLogger - Self-join...
2017-10-20 00:41:31,813 [main] INFO  myLogger - Computing disks...
2017-10-20 00:42:22,997 [main] INFO  myLogger - Mapping disks and points...
2017-10-20 00:43:11,096 [main] INFO  myLogger - Filtering less-than-mu disks...
2017-10-20 00:44:04,637 [main] INFO  myLogger - The Indexing!!!
2017-10-20 00:45:15,894 [main] INFO  myLogger - Collecting stats...
2017-10-20 00:45:45,286 [main] INFO  myLogger - Printing summary...
2017-10-20 00:45:45,286 [main] INFO  myLogger - ||,B80K,90033,1024,1024,2,50.0,12,71.257,87.923,1.089,1.186,71,90
2017-10-20 00:45:45,286 [main] INFO  myLogger - Dropping indices...
2017-10-20 00:45:45,455 [main] INFO  myLogger - Closing app...
2017-10-20 00:45:51,670 [main] INFO  myLogger - Setting session...
2017-10-20 00:45:54,815 [main] INFO  myLogger - Reading...
2017-10-20 00:45:59,198 [main] INFO  myLogger - Indexing...
2017-10-20 00:46:16,969 [main] INFO  myLogger - Self-join...
2017-10-20 00:46:51,460 [main] INFO  myLogger - Computing disks...
2017-10-20 00:47:55,411 [main] INFO  myLogger - Mapping disks and points...
2017-10-20 00:49:10,841 [main] INFO  myLogger - Filtering less-than-mu disks...
2017-10-20 00:50:31,066 [main] INFO  myLogger - The Indexing!!!
2017-10-20 00:52:12,222 [main] INFO  myLogger - Collecting stats...
2017-10-20 00:53:11,864 [main] INFO  myLogger - Printing summary...
2017-10-20 00:53:11,864 [main] INFO  myLogger - ||,B80K,90033,1536,1560,2,50.0,12,101.156,57.713,2.048,4.193,40,60
2017-10-20 00:53:11,864 [main] INFO  myLogger - Dropping indices...
2017-10-20 00:53:12,070 [main] INFO  myLogger - Closing app...
2017-10-20 00:53:19,440 [main] INFO  myLogger - Setting session...
2017-10-20 00:53:22,315 [main] INFO  myLogger - Reading...
2017-10-20 00:53:26,664 [main] INFO  myLogger - Indexing...
2017-10-20 00:53:49,256 [main] INFO  myLogger - Self-join...
2017-10-20 00:54:44,553 [main] INFO  myLogger - Computing disks...
2017-10-20 00:56:03,533 [main] INFO  myLogger - Mapping disks and points...
2017-10-20 00:57:49,284 [main] INFO  myLogger - Filtering less-than-mu disks...
2017-10-20 00:59:41,718 [main] INFO  myLogger - The Indexing!!!
2017-10-20 01:01:57,656 [main] INFO  myLogger - Collecting stats...
2017-10-20 01:03:40,178 [main] INFO  myLogger - Printing summary...
2017-10-20 01:03:40,178 [main] INFO  myLogger - ||,B80K,90033,2048,2070,2,50.0,12,135.938,43.494,3.352,11.233,21,46
2017-10-20 01:03:40,178 [main] INFO  myLogger - Dropping indices...
2017-10-20 01:03:40,377 [main] INFO  myLogger - Closing app...
2017-10-20 01:03:46,491 [main] INFO  myLogger - Setting session...
2017-10-20 01:03:49,378 [main] INFO  myLogger - Reading...
2017-10-20 01:03:53,759 [main] INFO  myLogger - Indexing...
2017-10-20 01:04:20,640 [main] INFO  myLogger - Self-join...
2017-10-20 01:05:40,471 [main] INFO  myLogger - Computing disks...
2017-10-20 01:07:17,631 [main] INFO  myLogger - Mapping disks and points...
2017-10-20 01:09:48,100 [main] INFO  myLogger - Filtering less-than-mu disks...
2017-10-20 01:12:23,056 [main] INFO  myLogger - The Indexing!!!
2017-10-20 01:15:24,169 [main] INFO  myLogger - Collecting stats...
2017-10-20 01:17:59,676 [main] INFO  myLogger - Printing summary...
2017-10-20 01:17:59,676 [main] INFO  myLogger - ||,B80K,90033,2560,2601,2,50.0,12,181.113,34.615,2.764,7.642,15,37
2017-10-20 01:17:59,677 [main] INFO  myLogger - Dropping indices...
2017-10-20 01:17:59,877 [main] INFO  myLogger - Closing app...
2017-10-20 01:18:07,071 [main] INFO  myLogger - Setting session...
2017-10-20 01:18:09,982 [main] INFO  myLogger - Reading...
2017-10-20 01:18:14,317 [main] INFO  myLogger - Indexing...
2017-10-20 01:18:47,624 [main] INFO  myLogger - Self-join...
2017-10-20 01:20:41,252 [main] INFO  myLogger - Computing disks...
2017-10-20 01:22:40,033 [main] INFO  myLogger - Mapping disks and points...
2017-10-20 01:26:02,118 [main] INFO  myLogger - Filtering less-than-mu disks...
2017-10-20 01:29:29,142 [main] INFO  myLogger - The Indexing!!!
2017-10-20 01:33:30,566 [main] INFO  myLogger - Collecting stats...
2017-10-20 01:36:57,921 [main] INFO  myLogger - Printing summary...
2017-10-20 01:36:57,922 [main] INFO  myLogger - ||,B80K,90033,3072,3025,2,50.0,12,241.424,29.763,1.900,3.610,17,32
2017-10-20 01:36:57,922 [main] INFO  myLogger - Dropping indices...
2017-10-20 01:36:58,155 [main] INFO  myLogger - Closing app...
2017-10-20 01:37:05,392 [main] INFO  myLogger - Setting session...
2017-10-20 01:37:08,298 [main] INFO  myLogger - Reading...
2017-10-20 01:37:12,669 [main] INFO  myLogger - Indexing...
2017-10-20 01:37:22,966 [main] INFO  myLogger - Self-join...
2017-10-20 01:37:27,808 [main] INFO  myLogger - Computing disks...
2017-10-20 01:38:07,169 [main] INFO  myLogger - Mapping disks and points...
2017-10-20 01:38:34,797 [main] INFO  myLogger - Filtering less-than-mu disks...
2017-10-20 01:39:08,416 [main] INFO  myLogger - The Indexing!!!
2017-10-20 01:39:55,297 [main] INFO  myLogger - Collecting stats...
2017-10-20 01:40:01,911 [main] INFO  myLogger - Printing summary...
2017-10-20 01:40:01,911 [main] INFO  myLogger - ||,B80K,90033,512,529,8,50.0,12,46.879,170.195,3.736,13.956,151,173
2017-10-20 01:40:01,911 [main] INFO  myLogger - Dropping indices...
2017-10-20 01:40:02,059 [main] INFO  myLogger - Closing app...
2017-10-20 01:40:07,837 [main] INFO  myLogger - Setting session...
2017-10-20 01:40:10,759 [main] INFO  myLogger - Reading...
2017-10-20 01:40:15,103 [main] INFO  myLogger - Indexing...
2017-10-20 01:40:27,607 [main] INFO  myLogger - Self-join...
2017-10-20 01:40:37,090 [main] INFO  myLogger - Computing disks...
2017-10-20 01:41:21,031 [main] INFO  myLogger - Mapping disks and points...
2017-10-20 01:41:55,427 [main] INFO  myLogger - Filtering less-than-mu disks...
2017-10-20 01:42:34,973 [main] INFO  myLogger - The Indexing!!!
2017-10-20 01:43:31,512 [main] INFO  myLogger - Collecting stats...
2017-10-20 01:43:45,865 [main] INFO  myLogger - Printing summary...
2017-10-20 01:43:45,866 [main] INFO  myLogger - ||,B80K,90033,1024,1024,8,50.0,12,56.539,87.923,0.994,0.987,70,90
2017-10-20 01:43:45,866 [main] INFO  myLogger - Dropping indices...
2017-10-20 01:43:46,033 [main] INFO  myLogger - Closing app...
2017-10-20 01:43:52,154 [main] INFO  myLogger - Setting session...
2017-10-20 01:43:55,026 [main] INFO  myLogger - Reading...
2017-10-20 01:43:59,412 [main] INFO  myLogger - Indexing...
2017-10-20 01:44:15,230 [main] INFO  myLogger - Self-join...
2017-10-20 01:44:32,721 [main] INFO  myLogger - Computing disks...
2017-10-20 01:45:22,170 [main] INFO  myLogger - Mapping disks and points...
2017-10-20 01:46:08,295 [main] INFO  myLogger - Filtering less-than-mu disks...
2017-10-20 01:47:00,062 [main] INFO  myLogger - The Indexing!!!
2017-10-20 01:48:09,710 [main] INFO  myLogger - Collecting stats...
2017-10-20 01:48:39,002 [main] INFO  myLogger - Printing summary...
2017-10-20 01:48:39,003 [main] INFO  myLogger - ||,B80K,90033,1536,1560,8,50.0,12,69.648,57.713,1.987,3.949,39,60
2017-10-20 01:48:39,003 [main] INFO  myLogger - Dropping indices...
2017-10-20 01:48:39,193 [main] INFO  myLogger - Closing app...
2017-10-20 01:48:46,495 [main] INFO  myLogger - Setting session...
2017-10-20 01:48:49,372 [main] INFO  myLogger - Reading...
2017-10-20 01:48:53,684 [main] INFO  myLogger - Indexing...
2017-10-20 01:49:11,640 [main] INFO  myLogger - Self-join...
2017-10-20 01:49:38,343 [main] INFO  myLogger - Computing disks...
2017-10-20 01:50:34,774 [main] INFO  myLogger - Mapping disks and points...
2017-10-20 01:51:35,958 [main] INFO  myLogger - Filtering less-than-mu disks...
2017-10-20 01:52:42,761 [main] INFO  myLogger - The Indexing!!!
2017-10-20 01:54:09,418 [main] INFO  myLogger - Collecting stats...
2017-10-20 01:54:55,955 [main] INFO  myLogger - Printing summary...
2017-10-20 01:54:55,956 [main] INFO  myLogger - ||,B80K,90033,2048,2070,8,50.0,12,86.656,43.494,3.305,10.920,21,46
2017-10-20 01:54:55,956 [main] INFO  myLogger - Dropping indices...
2017-10-20 01:54:56,146 [main] INFO  myLogger - Closing app...
2017-10-20 01:55:03,497 [main] INFO  myLogger - Setting session...
2017-10-20 01:55:06,391 [main] INFO  myLogger - Reading...
2017-10-20 01:55:10,725 [main] INFO  myLogger - Indexing...
2017-10-20 01:55:33,377 [main] INFO  myLogger - Self-join...
2017-10-20 01:56:14,305 [main] INFO  myLogger - Computing disks...
2017-10-20 01:57:22,345 [main] INFO  myLogger - Mapping disks and points...
2017-10-20 01:58:45,037 [main] INFO  myLogger - Filtering less-than-mu disks...
2017-10-20 02:00:13,804 [main] INFO  myLogger - The Indexing!!!
2017-10-20 02:02:05,665 [main] INFO  myLogger - Collecting stats...
2017-10-20 02:03:21,089 [main] INFO  myLogger - Printing summary...
2017-10-20 02:03:21,089 [main] INFO  myLogger - ||,B80K,90033,2560,2601,8,50.0,12,111.860,34.615,2.714,7.368,15,37
2017-10-20 02:03:21,089 [main] INFO  myLogger - Dropping indices...
2017-10-20 02:03:21,305 [main] INFO  myLogger - Closing app...
2017-10-20 02:03:29,667 [main] INFO  myLogger - Setting session...
2017-10-20 02:03:32,550 [main] INFO  myLogger - Reading...
2017-10-20 02:03:36,960 [main] INFO  myLogger - Indexing...
2017-10-20 02:04:04,066 [main] INFO  myLogger - Self-join...
2017-10-20 02:05:03,292 [main] INFO  myLogger - Computing disks...
2017-10-20 02:06:24,320 [main] INFO  myLogger - Mapping disks and points...
2017-10-20 02:08:15,559 [main] INFO  myLogger - Filtering less-than-mu disks...
2017-10-20 02:10:12,010 [main] INFO  myLogger - The Indexing!!!
2017-10-20 02:12:34,412 [main] INFO  myLogger - Collecting stats...
2017-10-20 02:14:19,180 [main] INFO  myLogger - Printing summary...
2017-10-20 02:14:19,180 [main] INFO  myLogger - ||,B80K,90033,3072,3025,8,50.0,12,142.402,29.763,1.796,3.226,17,32
2017-10-20 02:14:19,180 [main] INFO  myLogger - Dropping indices...
2017-10-20 02:14:19,397 [main] INFO  myLogger - Closing app...
2017-10-20 02:14:26,560 [main] INFO  myLogger - Setting session...
2017-10-20 02:14:29,530 [main] INFO  myLogger - Reading...
2017-10-20 02:14:33,910 [main] INFO  myLogger - Indexing...
2017-10-20 02:14:44,536 [main] INFO  myLogger - Self-join...
2017-10-20 02:14:49,144 [main] INFO  myLogger - Computing disks...
2017-10-20 02:15:26,477 [main] INFO  myLogger - Mapping disks and points...
2017-10-20 02:15:52,608 [main] INFO  myLogger - Filtering less-than-mu disks...
2017-10-20 02:16:23,436 [main] INFO  myLogger - The Indexing!!!
2017-10-20 02:17:07,929 [main] INFO  myLogger - Collecting stats...
2017-10-20 02:17:13,443 [main] INFO  myLogger - Printing summary...
2017-10-20 02:17:13,443 [main] INFO  myLogger - ||,B80K,90033,512,529,14,50.0,12,44.493,170.195,3.811,14.527,152,173
2017-10-20 02:17:13,443 [main] INFO  myLogger - Dropping indices...
2017-10-20 02:17:13,596 [main] INFO  myLogger - Closing app...
2017-10-20 02:17:20,943 [main] INFO  myLogger - Setting session...
2017-10-20 02:17:23,773 [main] INFO  myLogger - Reading...
2017-10-20 02:17:28,233 [main] INFO  myLogger - Indexing...
2017-10-20 02:17:41,039 [main] INFO  myLogger - Self-join...
2017-10-20 02:17:50,321 [main] INFO  myLogger - Computing disks...
2017-10-20 02:18:32,808 [main] INFO  myLogger - Mapping disks and points...
2017-10-20 02:19:04,285 [main] INFO  myLogger - Filtering less-than-mu disks...
2017-10-20 02:19:42,193 [main] INFO  myLogger - The Indexing!!!
2017-10-20 02:20:35,811 [main] INFO  myLogger - Collecting stats...
2017-10-20 02:20:49,355 [main] INFO  myLogger - Printing summary...
2017-10-20 02:20:49,355 [main] INFO  myLogger - ||,B80K,90033,1024,1024,14,50.0,12,53.617,87.923,0.937,0.878,70,90
2017-10-20 02:20:49,355 [main] INFO  myLogger - Dropping indices...
2017-10-20 02:20:49,516 [main] INFO  myLogger - Closing app...
2017-10-20 02:20:56,686 [main] INFO  myLogger - Setting session...
2017-10-20 02:20:59,517 [main] INFO  myLogger - Reading...
2017-10-20 02:21:03,856 [main] INFO  myLogger - Indexing...
2017-10-20 02:21:19,705 [main] INFO  myLogger - Self-join...
2017-10-20 02:21:36,089 [main] INFO  myLogger - Computing disks...
2017-10-20 02:22:25,772 [main] INFO  myLogger - Mapping disks and points...
2017-10-20 02:23:10,292 [main] INFO  myLogger - Filtering less-than-mu disks...
2017-10-20 02:24:00,568 [main] INFO  myLogger - The Indexing!!!
2017-10-20 02:25:08,413 [main] INFO  myLogger - Collecting stats...
2017-10-20 02:25:35,091 [main] INFO  myLogger - Printing summary...
2017-10-20 02:25:35,091 [main] INFO  myLogger - ||,B80K,90033,1536,1560,14,50.0,12,67.844,57.713,1.971,3.884,39,60
2017-10-20 02:25:35,091 [main] INFO  myLogger - Dropping indices...
2017-10-20 02:25:35,271 [main] INFO  myLogger - Closing app...
2017-10-20 02:25:42,571 [main] INFO  myLogger - Setting session...
2017-10-20 02:25:45,442 [main] INFO  myLogger - Reading...
2017-10-20 02:25:49,737 [main] INFO  myLogger - Indexing...
2017-10-20 02:26:08,202 [main] INFO  myLogger - Self-join...
2017-10-20 02:26:32,940 [main] INFO  myLogger - Computing disks...
2017-10-20 02:27:28,757 [main] INFO  myLogger - Mapping disks and points...
2017-10-20 02:28:27,778 [main] INFO  myLogger - Filtering less-than-mu disks...
2017-10-20 02:29:32,627 [main] INFO  myLogger - The Indexing!!!
2017-10-20 02:30:55,875 [main] INFO  myLogger - Collecting stats...
2017-10-20 02:31:38,755 [main] INFO  myLogger - Printing summary...
2017-10-20 02:31:38,756 [main] INFO  myLogger - ||,B80K,90033,2048,2070,14,50.0,12,83.247,43.494,3.338,11.142,21,46
2017-10-20 02:31:38,756 [main] INFO  myLogger - Dropping indices...
2017-10-20 02:31:38,960 [main] INFO  myLogger - Closing app...
2017-10-20 02:31:46,286 [main] INFO  myLogger - Setting session...
2017-10-20 02:31:49,201 [main] INFO  myLogger - Reading...
2017-10-20 02:31:53,576 [main] INFO  myLogger - Indexing...
2017-10-20 02:32:15,699 [main] INFO  myLogger - Self-join...
2017-10-20 02:32:51,742 [main] INFO  myLogger - Computing disks...
2017-10-20 02:33:54,697 [main] INFO  myLogger - Mapping disks and points...
2017-10-20 02:35:11,019 [main] INFO  myLogger - Filtering less-than-mu disks...
2017-10-20 02:36:32,303 [main] INFO  myLogger - The Indexing!!!
2017-10-20 02:38:15,320 [main] INFO  myLogger - Collecting stats...
2017-10-20 02:39:22,719 [main] INFO  myLogger - Printing summary...
2017-10-20 02:39:22,720 [main] INFO  myLogger - ||,B80K,90033,2560,2601,14,50.0,12,103.017,34.615,2.689,7.233,15,37
2017-10-20 02:39:22,720 [main] INFO  myLogger - Dropping indices...
2017-10-20 02:39:22,934 [main] INFO  myLogger - Closing app...
2017-10-20 02:39:31,222 [main] INFO  myLogger - Setting session...
2017-10-20 02:39:34,067 [main] INFO  myLogger - Reading...
2017-10-20 02:39:38,419 [main] INFO  myLogger - Indexing...
2017-10-20 02:40:03,283 [main] INFO  myLogger - Self-join...
2017-10-20 02:40:51,410 [main] INFO  myLogger - Computing disks...
2017-10-20 02:42:03,461 [main] INFO  myLogger - Mapping disks and points...
2017-10-20 02:43:36,453 [main] INFO  myLogger - Filtering less-than-mu disks...
2017-10-20 02:45:14,775 [main] INFO  myLogger - The Indexing!!!
2017-10-20 02:47:16,866 [main] INFO  myLogger - Collecting stats...
2017-10-20 02:48:42,224 [main] INFO  myLogger - Printing summary...
2017-10-20 02:48:42,224 [main] INFO  myLogger - ||,B80K,90033,3072,3025,14,50.0,12,122.090,29.763,1.751,3.065,17,32
2017-10-20 02:48:42,224 [main] INFO  myLogger - Dropping indices...
2017-10-20 02:48:42,451 [main] INFO  myLogger - Closing app...
2017-10-20 02:48:50,771 [main] INFO  myLogger - Setting session...
2017-10-20 02:48:53,660 [main] INFO  myLogger - Reading...
2017-10-20 02:48:57,993 [main] INFO  myLogger - Indexing...
2017-10-20 02:49:08,789 [main] INFO  myLogger - Self-join...
2017-10-20 02:49:13,332 [main] INFO  myLogger - Computing disks...
2017-10-20 02:49:52,363 [main] INFO  myLogger - Mapping disks and points...
2017-10-20 02:50:19,421 [main] INFO  myLogger - Filtering less-than-mu disks...
2017-10-20 02:50:51,428 [main] INFO  myLogger - The Indexing!!!
2017-10-20 02:51:38,239 [main] INFO  myLogger - Collecting stats...
2017-10-20 02:51:44,000 [main] INFO  myLogger - Printing summary...
2017-10-20 02:51:44,000 [main] INFO  myLogger - ||,B80K,90033,512,529,20,50.0,12,46.811,170.195,3.842,14.758,151,173
2017-10-20 02:51:44,000 [main] INFO  myLogger - Dropping indices...
2017-10-20 02:51:44,146 [main] INFO  myLogger - Closing app...
2017-10-20 02:51:50,225 [main] INFO  myLogger - Setting session...
2017-10-20 02:51:53,175 [main] INFO  myLogger - Reading...
2017-10-20 02:51:57,541 [main] INFO  myLogger - Indexing...
2017-10-20 02:52:10,649 [main] INFO  myLogger - Self-join...
2017-10-20 02:52:19,971 [main] INFO  myLogger - Computing disks...
2017-10-20 02:53:03,808 [main] INFO  myLogger - Mapping disks and points...
2017-10-20 02:53:38,908 [main] INFO  myLogger - Filtering less-than-mu disks...
2017-10-20 02:54:17,995 [main] INFO  myLogger - The Indexing!!!
2017-10-20 02:55:13,243 [main] INFO  myLogger - Collecting stats...
2017-10-20 02:55:26,509 [main] INFO  myLogger - Printing summary...
2017-10-20 02:55:26,510 [main] INFO  myLogger - ||,B80K,90033,1024,1024,20,50.0,12,55.248,87.923,0.929,0.862,70,90
2017-10-20 02:55:26,510 [main] INFO  myLogger - Dropping indices...
2017-10-20 02:55:26,692 [main] INFO  myLogger - Closing app...
2017-10-20 02:55:33,987 [main] INFO  myLogger - Setting session...
2017-10-20 02:55:36,855 [main] INFO  myLogger - Reading...
2017-10-20 02:55:41,184 [main] INFO  myLogger - Indexing...
2017-10-20 02:55:56,859 [main] INFO  myLogger - Self-join...
2017-10-20 02:56:12,791 [main] INFO  myLogger - Computing disks...
2017-10-20 02:56:59,983 [main] INFO  myLogger - Mapping disks and points...
2017-10-20 02:57:43,411 [main] INFO  myLogger - Filtering less-than-mu disks...
2017-10-20 02:58:33,310 [main] INFO  myLogger - The Indexing!!!
2017-10-20 02:59:40,740 [main] INFO  myLogger - Collecting stats...
2017-10-20 03:00:06,717 [main] INFO  myLogger - Printing summary...
2017-10-20 03:00:06,718 [main] INFO  myLogger - ||,B80K,90033,1536,1560,20,50.0,12,67.430,57.713,1.953,3.813,39,60
2017-10-20 03:00:06,718 [main] INFO  myLogger - Dropping indices...
2017-10-20 03:00:06,899 [main] INFO  myLogger - Closing app...
2017-10-20 03:00:14,268 [main] INFO  myLogger - Setting session...
2017-10-20 03:00:17,202 [main] INFO  myLogger - Reading...
2017-10-20 03:00:21,544 [main] INFO  myLogger - Indexing...
2017-10-20 03:00:40,261 [main] INFO  myLogger - Self-join...
2017-10-20 03:01:04,370 [main] INFO  myLogger - Computing disks...
2017-10-20 03:01:59,601 [main] INFO  myLogger - Mapping disks and points...
2017-10-20 03:02:57,089 [main] INFO  myLogger - Filtering less-than-mu disks...
2017-10-20 03:04:00,050 [main] INFO  myLogger - The Indexing!!!
2017-10-20 03:05:21,828 [main] INFO  myLogger - Collecting stats...
2017-10-20 03:06:03,518 [main] INFO  myLogger - Printing summary...
2017-10-20 03:06:03,519 [main] INFO  myLogger - ||,B80K,90033,2048,2070,20,50.0,12,81.778,43.494,3.361,11.296,21,46
2017-10-20 03:06:03,519 [main] INFO  myLogger - Dropping indices...
2017-10-20 03:06:03,712 [main] INFO  myLogger - Closing app...
2017-10-20 03:06:11,055 [main] INFO  myLogger - Setting session...
2017-10-20 03:06:14,024 [main] INFO  myLogger - Reading...
2017-10-20 03:06:18,449 [main] INFO  myLogger - Indexing...
2017-10-20 03:06:40,405 [main] INFO  myLogger - Self-join...
2017-10-20 03:07:17,311 [main] INFO  myLogger - Computing disks...
2017-10-20 03:08:23,160 [main] INFO  myLogger - Mapping disks and points...
2017-10-20 03:09:40,622 [main] INFO  myLogger - Filtering less-than-mu disks...
2017-10-20 03:11:04,884 [main] INFO  myLogger - The Indexing!!!
2017-10-20 03:12:50,437 [main] INFO  myLogger - Collecting stats...
2017-10-20 03:13:57,176 [main] INFO  myLogger - Printing summary...
2017-10-20 03:13:57,177 [main] INFO  myLogger - ||,B80K,90033,2560,2601,20,50.0,12,105.553,34.615,2.733,7.467,15,37
2017-10-20 03:13:57,177 [main] INFO  myLogger - Dropping indices...
2017-10-20 03:13:57,378 [main] INFO  myLogger - Closing app...
2017-10-20 03:14:04,712 [main] INFO  myLogger - Setting session...
2017-10-20 03:14:07,542 [main] INFO  myLogger - Reading...
2017-10-20 03:14:11,887 [main] INFO  myLogger - Indexing...
2017-10-20 03:14:37,757 [main] INFO  myLogger - Self-join...
2017-10-20 03:15:24,206 [main] INFO  myLogger - Computing disks...
2017-10-20 03:16:35,979 [main] INFO  myLogger - Mapping disks and points...
2017-10-20 03:18:08,959 [main] INFO  myLogger - Filtering less-than-mu disks...
2017-10-20 03:19:45,869 [main] INFO  myLogger - The Indexing!!!
2017-10-20 03:21:46,823 [main] INFO  myLogger - Collecting stats...
2017-10-20 03:23:09,979 [main] INFO  myLogger - Printing summary...
2017-10-20 03:23:09,980 [main] INFO  myLogger - ||,B80K,90033,3072,3025,20,50.0,12,120.953,29.763,1.762,3.105,17,32
2017-10-20 03:23:09,980 [main] INFO  myLogger - Dropping indices...
2017-10-20 03:23:10,188 [main] INFO  myLogger - Closing app...
2017-10-20 03:23:18,501 [main] INFO  myLogger - Setting session...
2017-10-20 03:23:21,359 [main] INFO  myLogger - Reading...
2017-10-20 03:23:25,708 [main] INFO  myLogger - Indexing...
2017-10-20 03:23:36,443 [main] INFO  myLogger - Self-join...
2017-10-20 03:23:41,090 [main] INFO  myLogger - Computing disks...
2017-10-20 03:24:19,037 [main] INFO  myLogger - Mapping disks and points...
2017-10-20 03:24:46,486 [main] INFO  myLogger - Filtering less-than-mu disks...
2017-10-20 03:25:17,590 [main] INFO  myLogger - The Indexing!!!
2017-10-20 03:26:02,720 [main] INFO  myLogger - Collecting stats...
2017-10-20 03:26:08,108 [main] INFO  myLogger - Printing summary...
2017-10-20 03:26:08,108 [main] INFO  myLogger - ||,B80K,90033,512,529,26,50.0,12,45.130,170.195,3.806,14.482,151,173
2017-10-20 03:26:08,109 [main] INFO  myLogger - Dropping indices...
2017-10-20 03:26:08,254 [main] INFO  myLogger - Closing app...
2017-10-20 03:26:14,297 [main] INFO  myLogger - Setting session...
2017-10-20 03:26:17,244 [main] INFO  myLogger - Reading...
2017-10-20 03:26:21,664 [main] INFO  myLogger - Indexing...
2017-10-20 03:26:34,745 [main] INFO  myLogger - Self-join...
2017-10-20 03:26:43,662 [main] INFO  myLogger - Computing disks...
2017-10-20 03:27:25,913 [main] INFO  myLogger - Mapping disks and points...
2017-10-20 03:27:58,511 [main] INFO  myLogger - Filtering less-than-mu disks...
2017-10-20 03:28:36,380 [main] INFO  myLogger - The Indexing!!!
2017-10-20 03:29:30,454 [main] INFO  myLogger - Collecting stats...
2017-10-20 03:29:43,360 [main] INFO  myLogger - Printing summary...
2017-10-20 03:29:43,361 [main] INFO  myLogger - ||,B80K,90033,1024,1024,26,50.0,12,54.074,87.923,0.913,0.833,70,90
2017-10-20 03:29:43,361 [main] INFO  myLogger - Dropping indices...
2017-10-20 03:29:43,531 [main] INFO  myLogger - Closing app...
2017-10-20 03:29:50,738 [main] INFO  myLogger - Setting session...
2017-10-20 03:29:53,598 [main] INFO  myLogger - Reading...
2017-10-20 03:29:57,986 [main] INFO  myLogger - Indexing...
2017-10-20 03:30:15,131 [main] INFO  myLogger - Self-join...
2017-10-20 03:30:32,181 [main] INFO  myLogger - Computing disks...
2017-10-20 03:31:22,837 [main] INFO  myLogger - Mapping disks and points...
2017-10-20 03:32:09,484 [main] INFO  myLogger - Filtering less-than-mu disks...
2017-10-20 03:33:01,717 [main] INFO  myLogger - The Indexing!!!
2017-10-20 03:34:11,404 [main] INFO  myLogger - Collecting stats...
2017-10-20 03:34:39,582 [main] INFO  myLogger - Printing summary...
2017-10-20 03:34:39,583 [main] INFO  myLogger - ||,B80K,90033,1536,1560,26,50.0,12,69.687,57.713,1.950,3.801,39,60
2017-10-20 03:34:39,583 [main] INFO  myLogger - Dropping indices...
2017-10-20 03:34:39,757 [main] INFO  myLogger - Closing app...
2017-10-20 03:34:47,079 [main] INFO  myLogger - Setting session...
2017-10-20 03:34:49,989 [main] INFO  myLogger - Reading...
2017-10-20 03:34:54,334 [main] INFO  myLogger - Indexing...
2017-10-20 03:35:12,759 [main] INFO  myLogger - Self-join...
2017-10-20 03:35:35,888 [main] INFO  myLogger - Computing disks...
2017-10-20 03:36:30,312 [main] INFO  myLogger - Mapping disks and points...
2017-10-20 03:37:27,517 [main] INFO  myLogger - Filtering less-than-mu disks...
2017-10-20 03:38:30,821 [main] INFO  myLogger - The Indexing!!!
2017-10-20 03:39:52,659 [main] INFO  myLogger - Collecting stats...
2017-10-20 03:40:33,301 [main] INFO  myLogger - Printing summary...
2017-10-20 03:40:33,302 [main] INFO  myLogger - ||,B80K,90033,2048,2070,26,50.0,12,81.838,43.494,3.359,11.283,21,46
2017-10-20 03:40:33,302 [main] INFO  myLogger - Dropping indices...
2017-10-20 03:40:33,495 [main] INFO  myLogger - Closing app...
2017-10-20 03:40:40,862 [main] INFO  myLogger - Setting session...
2017-10-20 03:40:43,754 [main] INFO  myLogger - Reading...
2017-10-20 03:40:48,145 [main] INFO  myLogger - Indexing...
2017-10-20 03:41:10,489 [main] INFO  myLogger - Self-join...
2017-10-20 03:41:44,318 [main] INFO  myLogger - Computing disks...
2017-10-20 03:42:46,548 [main] INFO  myLogger - Mapping disks and points...
2017-10-20 03:43:57,791 [main] INFO  myLogger - Filtering less-than-mu disks...
2017-10-20 03:45:14,561 [main] INFO  myLogger - The Indexing!!!
2017-10-20 03:46:53,229 [main] INFO  myLogger - Collecting stats...
2017-10-20 03:47:55,497 [main] INFO  myLogger - Printing summary...
2017-10-20 03:47:55,497 [main] INFO  myLogger - ||,B80K,90033,2560,2601,26,50.0,12,98.667,34.615,2.739,7.502,15,37
2017-10-20 03:47:55,497 [main] INFO  myLogger - Dropping indices...
2017-10-20 03:47:55,691 [main] INFO  myLogger - Closing app...
2017-10-20 03:48:02,732 [main] INFO  myLogger - Setting session...
2017-10-20 03:48:05,722 [main] INFO  myLogger - Reading...
2017-10-20 03:48:10,116 [main] INFO  myLogger - Indexing...
2017-10-20 03:48:35,758 [main] INFO  myLogger - Self-join...
2017-10-20 03:49:21,479 [main] INFO  myLogger - Computing disks...
2017-10-20 03:50:31,862 [main] INFO  myLogger - Mapping disks and points...
2017-10-20 03:52:02,477 [main] INFO  myLogger - Filtering less-than-mu disks...
2017-10-20 03:53:38,566 [main] INFO  myLogger - The Indexing!!!
2017-10-20 03:55:37,743 [main] INFO  myLogger - Collecting stats...
2017-10-20 03:57:00,001 [main] INFO  myLogger - Printing summary...
2017-10-20 03:57:00,001 [main] INFO  myLogger - ||,B80K,90033,3072,3025,26,50.0,12,119.177,29.763,1.761,3.101,17,32
2017-10-20 03:57:00,002 [main] INFO  myLogger - Dropping indices...
2017-10-20 03:57:00,217 [main] INFO  myLogger - Closing app...
acald013@dblab-rack15: stopping org.apache.spark.deploy.worker.Worker
acald013@dblab-rack14: stopping org.apache.spark.deploy.worker.Worker
acald013@dblab-rack12: stopping org.apache.spark.deploy.worker.Worker
acald013@dblab-rack11: stopping org.apache.spark.deploy.worker.Worker
stopping org.apache.spark.deploy.master.Master
starting org.apache.spark.deploy.master.Master, logging to /home/acald013/Spark/spark-2.1.0-bin-hadoop2.7/logs/spark-acald013-org.apache.spark.deploy.master.Master-1-dblab-rack15.out
acald013@dblab-rack12: starting org.apache.spark.deploy.worker.Worker, logging to /home/acald013/Spark/spark-2.1.0-bin-hadoop2.7/logs/spark-acald013-org.apache.spark.deploy.worker.Worker-1-dblab-rack12.out
acald013@dblab-rack15: starting org.apache.spark.deploy.worker.Worker, logging to /home/acald013/Spark/spark-2.1.0-bin-hadoop2.7/logs/spark-acald013-org.apache.spark.deploy.worker.Worker-1-dblab-rack15.out
acald013@dblab-rack14: starting org.apache.spark.deploy.worker.Worker, logging to /home/acald013/Spark/spark-2.1.0-bin-hadoop2.7/logs/spark-acald013-org.apache.spark.deploy.worker.Worker-1-dblab-rack14.cs.ucr.edu.out
acald013@dblab-rack11: starting org.apache.spark.deploy.worker.Worker, logging to /home/acald013/Spark/spark-2.1.0-bin-hadoop2.7/logs/spark-acald013-org.apache.spark.deploy.worker.Worker-1-dblab-rack11.cs.ucr.edu.out
2017-10-20 09:14:47,399 [main] INFO  myLogger - Setting session...
2017-10-20 09:14:50,335 [main] INFO  myLogger - Reading...
2017-10-20 09:14:54,683 [main] INFO  myLogger - Indexing...
2017-10-20 09:15:09,182 [main] INFO  myLogger - Self-join...
2017-10-20 09:15:32,512 [main] INFO  myLogger - Computing disks...
2017-10-20 09:16:16,152 [main] INFO  myLogger - Mapping disks and points...
2017-10-20 09:17:08,702 [main] INFO  myLogger - Filtering less-than-mu disks...
2017-10-20 09:18:02,977 [main] INFO  myLogger - The Indexing!!!
2017-10-20 09:19:11,575 [main] INFO  myLogger - Collecting stats...
2017-10-20 09:19:52,773 [main] INFO  myLogger - Printing summary...
2017-10-20 09:19:52,773 [main] INFO  myLogger - ||,B40K,53418,2048,2069,14,50.0,12,68.597,25.818,1.402,1.965,10,28
2017-10-20 09:19:52,773 [main] INFO  myLogger - Dropping indices...
2017-10-20 09:19:52,973 [main] INFO  myLogger - Closing app...
2017-10-20 09:19:58,989 [main] INFO  myLogger - Setting session...
2017-10-20 09:20:01,884 [main] INFO  myLogger - Reading...
2017-10-20 09:20:06,172 [main] INFO  myLogger - Indexing...
2017-10-20 09:20:24,168 [main] INFO  myLogger - Self-join...
2017-10-20 09:20:57,199 [main] INFO  myLogger - Computing disks...
2017-10-20 09:21:49,331 [main] INFO  myLogger - Mapping disks and points...
2017-10-20 09:22:59,727 [main] INFO  myLogger - Filtering less-than-mu disks...
2017-10-20 09:24:12,667 [main] INFO  myLogger - The Indexing!!!
2017-10-20 09:25:42,117 [main] INFO  myLogger - Collecting stats...
2017-10-20 09:26:46,441 [main] INFO  myLogger - Printing summary...
2017-10-20 09:26:46,442 [main] INFO  myLogger - ||,B40K,53418,2560,2551,14,50.0,12,89.450,20.940,0.689,0.474,17,23
2017-10-20 09:26:46,442 [main] INFO  myLogger - Dropping indices...
2017-10-20 09:26:46,658 [main] INFO  myLogger - Closing app...
2017-10-20 09:26:52,792 [main] INFO  myLogger - Setting session...
2017-10-20 09:26:55,652 [main] INFO  myLogger - Reading...
2017-10-20 09:26:59,903 [main] INFO  myLogger - Indexing...
2017-10-20 09:27:21,667 [main] INFO  myLogger - Self-join...
2017-10-20 09:28:08,828 [main] INFO  myLogger - Computing disks...
2017-10-20 09:29:09,155 [main] INFO  myLogger - Mapping disks and points...
2017-10-20 09:30:37,729 [main] INFO  myLogger - Filtering less-than-mu disks...
2017-10-20 09:32:09,751 [main] INFO  myLogger - The Indexing!!!
2017-10-20 09:33:57,626 [main] INFO  myLogger - Collecting stats...
2017-10-20 09:35:21,225 [main] INFO  myLogger - Printing summary...
2017-10-20 09:35:21,226 [main] INFO  myLogger - ||,B40K,53418,3072,2968,14,50.0,12,107.875,17.998,0.563,0.317,12,20
2017-10-20 09:35:21,226 [main] INFO  myLogger - Dropping indices...
2017-10-20 09:35:21,444 [main] INFO  myLogger - Closing app...
2017-10-20 09:35:28,842 [main] INFO  myLogger - Setting session...
2017-10-20 09:35:31,738 [main] INFO  myLogger - Reading...
2017-10-20 09:35:35,989 [main] INFO  myLogger - Indexing...
2017-10-20 09:35:50,526 [main] INFO  myLogger - Self-join...
2017-10-20 09:36:12,575 [main] INFO  myLogger - Computing disks...
2017-10-20 09:36:54,461 [main] INFO  myLogger - Mapping disks and points...
2017-10-20 09:37:44,832 [main] INFO  myLogger - Filtering less-than-mu disks...
2017-10-20 09:38:37,909 [main] INFO  myLogger - The Indexing!!!
2017-10-20 09:39:46,267 [main] INFO  myLogger - Collecting stats...
2017-10-20 09:40:27,267 [main] INFO  myLogger - Printing summary...
2017-10-20 09:40:27,268 [main] INFO  myLogger - ||,B40K,53418,2048,2069,20,50.0,12,68.358,25.818,1.395,1.946,10,28
2017-10-20 09:40:27,268 [main] INFO  myLogger - Dropping indices...
2017-10-20 09:40:27,466 [main] INFO  myLogger - Closing app...
2017-10-20 09:40:33,486 [main] INFO  myLogger - Setting session...
2017-10-20 09:40:36,457 [main] INFO  myLogger - Reading...
2017-10-20 09:40:40,779 [main] INFO  myLogger - Indexing...
2017-10-20 09:40:59,988 [main] INFO  myLogger - Self-join...
2017-10-20 09:41:34,100 [main] INFO  myLogger - Computing disks...
2017-10-20 09:42:25,855 [main] INFO  myLogger - Mapping disks and points...
2017-10-20 09:43:34,110 [main] INFO  myLogger - Filtering less-than-mu disks...
2017-10-20 09:44:45,192 [main] INFO  myLogger - The Indexing!!!
2017-10-20 09:46:11,415 [main] INFO  myLogger - Collecting stats...
2017-10-20 09:47:13,472 [main] INFO  myLogger - Printing summary...
2017-10-20 09:47:13,473 [main] INFO  myLogger - ||,B40K,53418,2560,2551,20,50.0,12,86.223,20.940,0.654,0.427,17,23
2017-10-20 09:47:13,473 [main] INFO  myLogger - Dropping indices...
2017-10-20 09:47:13,674 [main] INFO  myLogger - Closing app...
2017-10-20 09:47:21,008 [main] INFO  myLogger - Setting session...
2017-10-20 09:47:23,911 [main] INFO  myLogger - Reading...
2017-10-20 09:47:28,157 [main] INFO  myLogger - Indexing...
2017-10-20 09:47:49,832 [main] INFO  myLogger - Self-join...
2017-10-20 09:48:35,394 [main] INFO  myLogger - Computing disks...
2017-10-20 09:49:35,476 [main] INFO  myLogger - Mapping disks and points...
2017-10-20 09:51:01,501 [main] INFO  myLogger - Filtering less-than-mu disks...
2017-10-20 09:52:31,895 [main] INFO  myLogger - The Indexing!!!
2017-10-20 09:54:18,446 [main] INFO  myLogger - Collecting stats...
2017-10-20 09:55:40,018 [main] INFO  myLogger - Printing summary...
2017-10-20 09:55:40,019 [main] INFO  myLogger - ||,B40K,53418,3072,2968,20,50.0,12,106.550,17.998,0.539,0.290,12,20
2017-10-20 09:55:40,019 [main] INFO  myLogger - Dropping indices...
2017-10-20 09:55:40,239 [main] INFO  myLogger - Closing app...
2017-10-20 09:55:47,479 [main] INFO  myLogger - Setting session...
2017-10-20 09:55:50,367 [main] INFO  myLogger - Reading...
2017-10-20 09:55:54,654 [main] INFO  myLogger - Indexing...
2017-10-20 09:56:10,092 [main] INFO  myLogger - Self-join...
2017-10-20 09:56:32,624 [main] INFO  myLogger - Computing disks...
2017-10-20 09:57:15,888 [main] INFO  myLogger - Mapping disks and points...
2017-10-20 09:58:07,885 [main] INFO  myLogger - Filtering less-than-mu disks...
2017-10-20 09:59:02,315 [main] INFO  myLogger - The Indexing!!!
2017-10-20 10:00:11,556 [main] INFO  myLogger - Collecting stats...
2017-10-20 10:00:54,366 [main] INFO  myLogger - Printing summary...
2017-10-20 10:00:54,366 [main] INFO  myLogger - ||,B40K,53418,2048,2069,26,50.0,12,69.241,25.818,1.402,1.966,10,28
2017-10-20 10:00:54,366 [main] INFO  myLogger - Dropping indices...
2017-10-20 10:00:54,563 [main] INFO  myLogger - Closing app...
2017-10-20 10:01:00,637 [main] INFO  myLogger - Setting session...
2017-10-20 10:01:03,463 [main] INFO  myLogger - Reading...
2017-10-20 10:01:07,691 [main] INFO  myLogger - Indexing...
2017-10-20 10:01:25,636 [main] INFO  myLogger - Self-join...
2017-10-20 10:01:57,868 [main] INFO  myLogger - Computing disks...
2017-10-20 10:02:48,705 [main] INFO  myLogger - Mapping disks and points...
2017-10-20 10:03:56,305 [main] INFO  myLogger - Filtering less-than-mu disks...
2017-10-20 10:05:09,014 [main] INFO  myLogger - The Indexing!!!
2017-10-20 10:06:35,882 [main] INFO  myLogger - Collecting stats...
2017-10-20 10:07:37,392 [main] INFO  myLogger - Printing summary...
2017-10-20 10:07:37,393 [main] INFO  myLogger - ||,B40K,53418,2560,2551,26,50.0,12,86.868,20.940,0.640,0.409,17,23
2017-10-20 10:07:37,393 [main] INFO  myLogger - Dropping indices...
2017-10-20 10:07:37,594 [main] INFO  myLogger - Closing app...
2017-10-20 10:07:43,689 [main] INFO  myLogger - Setting session...
2017-10-20 10:07:46,555 [main] INFO  myLogger - Reading...
2017-10-20 10:07:50,835 [main] INFO  myLogger - Indexing...
2017-10-20 10:08:12,825 [main] INFO  myLogger - Self-join...
2017-10-20 10:08:59,883 [main] INFO  myLogger - Computing disks...
2017-10-20 10:10:00,362 [main] INFO  myLogger - Mapping disks and points...
2017-10-20 10:11:26,496 [main] INFO  myLogger - Filtering less-than-mu disks...
2017-10-20 10:12:54,969 [main] INFO  myLogger - The Indexing!!!
2017-10-20 10:14:42,044 [main] INFO  myLogger - Collecting stats...
2017-10-20 10:16:02,668 [main] INFO  myLogger - Printing summary...
2017-10-20 10:16:02,669 [main] INFO  myLogger - ||,B40K,53418,3072,2968,26,50.0,12,107.075,17.998,0.504,0.254,12,20
2017-10-20 10:16:02,669 [main] INFO  myLogger - Dropping indices...
2017-10-20 10:16:02,900 [main] INFO  myLogger - Closing app...
acald013@dblab-rack12: stopping org.apache.spark.deploy.worker.Worker
acald013@dblab-rack15: stopping org.apache.spark.deploy.worker.Worker
acald013@dblab-rack14: stopping org.apache.spark.deploy.worker.Worker
acald013@dblab-rack11: stopping org.apache.spark.deploy.worker.Worker
stopping org.apache.spark.deploy.master.Master
starting org.apache.spark.deploy.master.Master, logging to /home/acald013/Spark/spark-2.1.0-bin-hadoop2.7/logs/spark-acald013-org.apache.spark.deploy.master.Master-1-dblab-rack15.out
acald013@dblab-rack12: starting org.apache.spark.deploy.worker.Worker, logging to /home/acald013/Spark/spark-2.1.0-bin-hadoop2.7/logs/spark-acald013-org.apache.spark.deploy.worker.Worker-1-dblab-rack12.out
acald013@dblab-rack15: starting org.apache.spark.deploy.worker.Worker, logging to /home/acald013/Spark/spark-2.1.0-bin-hadoop2.7/logs/spark-acald013-org.apache.spark.deploy.worker.Worker-1-dblab-rack15.out
acald013@dblab-rack14: starting org.apache.spark.deploy.worker.Worker, logging to /home/acald013/Spark/spark-2.1.0-bin-hadoop2.7/logs/spark-acald013-org.apache.spark.deploy.worker.Worker-1-dblab-rack14.cs.ucr.edu.out
acald013@dblab-rack11: starting org.apache.spark.deploy.worker.Worker, logging to /home/acald013/Spark/spark-2.1.0-bin-hadoop2.7/logs/spark-acald013-org.apache.spark.deploy.worker.Worker-1-dblab-rack11.cs.ucr.edu.out
2017-10-20 10:52:18,878 [main] INFO  myLogger - Setting session...
2017-10-20 10:52:21,741 [main] INFO  myLogger - Reading...
2017-10-20 10:52:26,019 [main] INFO  myLogger - Indexing...
2017-10-20 10:52:34,058 [main] INFO  myLogger - Self-join...
2017-10-20 10:52:38,348 [main] INFO  myLogger - Computing disks...
2017-10-20 10:53:06,514 [main] INFO  myLogger - Mapping disks and points...
2017-10-20 10:53:27,324 [main] INFO  myLogger - Filtering less-than-mu disks...
2017-10-20 10:53:50,786 [main] INFO  myLogger - The Indexing!!!
2017-10-20 10:54:23,258 [main] INFO  myLogger - Collecting stats...
2017-10-20 10:54:28,791 [main] INFO  myLogger - Printing summary...
2017-10-20 10:54:28,791 [main] INFO  myLogger - ||,B40K,53418,512,529,20,50.0,12,32.471,100.979,0.810,0.656,89,103
2017-10-20 10:54:28,791 [main] INFO  myLogger - Dropping indices...
2017-10-20 10:54:28,940 [main] INFO  myLogger - Closing app...
2017-10-20 10:54:34,765 [main] INFO  myLogger - Setting session...
2017-10-20 10:54:37,622 [main] INFO  myLogger - Reading...
2017-10-20 10:54:41,856 [main] INFO  myLogger - Indexing...
2017-10-20 10:54:52,370 [main] INFO  myLogger - Self-join...
2017-10-20 10:55:02,383 [main] INFO  myLogger - Computing disks...
2017-10-20 10:55:34,518 [main] INFO  myLogger - Mapping disks and points...
2017-10-20 10:56:02,410 [main] INFO  myLogger - Filtering less-than-mu disks...
2017-10-20 10:56:33,940 [main] INFO  myLogger - The Indexing!!!
2017-10-20 10:57:15,132 [main] INFO  myLogger - Collecting stats...
2017-10-20 10:57:27,878 [main] INFO  myLogger - Printing summary...
2017-10-20 10:57:27,879 [main] INFO  myLogger - ||,B40K,53418,1024,1024,20,50.0,12,41.192,52.166,4.627,21.410,26,55
2017-10-20 10:57:27,879 [main] INFO  myLogger - Dropping indices...
2017-10-20 10:57:28,044 [main] INFO  myLogger - Closing app...
2017-10-20 10:57:34,168 [main] INFO  myLogger - Setting session...
2017-10-20 10:57:37,042 [main] INFO  myLogger - Reading...
2017-10-20 10:57:41,356 [main] INFO  myLogger - Indexing...
2017-10-20 10:57:54,158 [main] INFO  myLogger - Self-join...
2017-10-20 10:58:09,277 [main] INFO  myLogger - Computing disks...
2017-10-20 10:58:46,397 [main] INFO  myLogger - Mapping disks and points...
2017-10-20 10:59:24,673 [main] INFO  myLogger - Filtering less-than-mu disks...
2017-10-20 11:00:05,893 [main] INFO  myLogger - The Indexing!!!
2017-10-20 11:00:59,229 [main] INFO  myLogger - Collecting stats...
2017-10-20 11:01:23,955 [main] INFO  myLogger - Printing summary...
2017-10-20 11:01:23,956 [main] INFO  myLogger - ||,B40K,53418,1536,1560,20,50.0,12,53.336,34.242,4.693,22.021,5,37
2017-10-20 11:01:23,956 [main] INFO  myLogger - Dropping indices...
2017-10-20 11:01:24,138 [main] INFO  myLogger - Closing app...
2017-10-20 11:01:30,238 [main] INFO  myLogger - Setting session...
2017-10-20 11:01:33,058 [main] INFO  myLogger - Reading...
2017-10-20 11:01:37,266 [main] INFO  myLogger - Indexing...
2017-10-20 11:01:45,711 [main] INFO  myLogger - Self-join...
2017-10-20 11:01:49,931 [main] INFO  myLogger - Computing disks...
2017-10-20 11:02:18,111 [main] INFO  myLogger - Mapping disks and points...
2017-10-20 11:02:38,681 [main] INFO  myLogger - Filtering less-than-mu disks...
2017-10-20 11:03:01,422 [main] INFO  myLogger - The Indexing!!!
2017-10-20 11:03:33,099 [main] INFO  myLogger - Collecting stats...
2017-10-20 11:03:38,489 [main] INFO  myLogger - Printing summary...
2017-10-20 11:03:38,489 [main] INFO  myLogger - ||,B40K,53418,512,529,26,50.0,12,31.677,100.979,0.781,0.610,90,103
2017-10-20 11:03:38,489 [main] INFO  myLogger - Dropping indices...
2017-10-20 11:03:38,638 [main] INFO  myLogger - Closing app...
2017-10-20 11:03:44,487 [main] INFO  myLogger - Setting session...
2017-10-20 11:03:47,374 [main] INFO  myLogger - Reading...
2017-10-20 11:03:51,637 [main] INFO  myLogger - Indexing...
2017-10-20 11:04:01,760 [main] INFO  myLogger - Self-join...
2017-10-20 11:04:10,185 [main] INFO  myLogger - Computing disks...
2017-10-20 11:04:42,106 [main] INFO  myLogger - Mapping disks and points...
2017-10-20 11:05:08,971 [main] INFO  myLogger - Filtering less-than-mu disks...
2017-10-20 11:05:39,593 [main] INFO  myLogger - The Indexing!!!
2017-10-20 11:06:19,642 [main] INFO  myLogger - Collecting stats...
2017-10-20 11:06:32,189 [main] INFO  myLogger - Printing summary...
2017-10-20 11:06:32,189 [main] INFO  myLogger - ||,B40K,53418,1024,1024,26,50.0,12,40.049,52.166,4.625,21.390,26,55
2017-10-20 11:06:32,189 [main] INFO  myLogger - Dropping indices...
2017-10-20 11:06:32,359 [main] INFO  myLogger - Closing app...
2017-10-20 11:06:39,473 [main] INFO  myLogger - Setting session...
2017-10-20 11:06:42,330 [main] INFO  myLogger - Reading...
2017-10-20 11:06:46,550 [main] INFO  myLogger - Indexing...
2017-10-20 11:06:58,813 [main] INFO  myLogger - Self-join...
2017-10-20 11:07:13,716 [main] INFO  myLogger - Computing disks...
2017-10-20 11:07:49,336 [main] INFO  myLogger - Mapping disks and points...
2017-10-20 11:08:25,862 [main] INFO  myLogger - Filtering less-than-mu disks...
2017-10-20 11:09:05,151 [main] INFO  myLogger - The Indexing!!!
2017-10-20 11:09:55,641 [main] INFO  myLogger - Collecting stats...
2017-10-20 11:10:20,005 [main] INFO  myLogger - Printing summary...
2017-10-20 11:10:20,005 [main] INFO  myLogger - ||,B40K,53418,1536,1560,26,50.0,12,50.489,34.242,4.682,21.919,5,37
2017-10-20 11:10:20,005 [main] INFO  myLogger - Dropping indices...
2017-10-20 11:10:20,198 [main] INFO  myLogger - Closing app...
