acald013@dblab-rack15: no org.apache.spark.deploy.worker.Worker to stop
acald013@dblab-rack12: stopping org.apache.spark.deploy.worker.Worker
acald013@dblab-rack14: stopping org.apache.spark.deploy.worker.Worker
acald013@dblab-rack11: stopping org.apache.spark.deploy.worker.Worker
no org.apache.spark.deploy.master.Master to stop
starting org.apache.spark.deploy.master.Master, logging to /home/acald013/Spark/spark-2.1.0-bin-hadoop2.7/logs/spark-acald013-org.apache.spark.deploy.master.Master-1-dblab-rack15.out
acald013@dblab-rack12: starting org.apache.spark.deploy.worker.Worker, logging to /home/acald013/Spark/spark-2.1.0-bin-hadoop2.7/logs/spark-acald013-org.apache.spark.deploy.worker.Worker-1-dblab-rack12.out
acald013@dblab-rack15: starting org.apache.spark.deploy.worker.Worker, logging to /home/acald013/Spark/spark-2.1.0-bin-hadoop2.7/logs/spark-acald013-org.apache.spark.deploy.worker.Worker-1-dblab-rack15.out
acald013@dblab-rack14: starting org.apache.spark.deploy.worker.Worker, logging to /home/acald013/Spark/spark-2.1.0-bin-hadoop2.7/logs/spark-acald013-org.apache.spark.deploy.worker.Worker-1-dblab-rack14.cs.ucr.edu.out
acald013@dblab-rack11: starting org.apache.spark.deploy.worker.Worker, logging to /home/acald013/Spark/spark-2.1.0-bin-hadoop2.7/logs/spark-acald013-org.apache.spark.deploy.worker.Worker-1-dblab-rack11.cs.ucr.edu.out
2017-10-16 22:17:28,995 [main] INFO  myLogger - Starting app...
2017-10-16 22:17:28,996 [main] INFO  myLogger - Running app-20171016221728-0001 using 28 cores and 256 partitions...
2017-10-16 22:17:28,997 [main] INFO  myLogger - Setting mu = 12...
2017-10-16 22:18:24,608 [main] INFO  myLogger - Writing maximal disks...
2017-10-16 22:18:24,872 [main] INFO  myLogger - 8 maximal disks has been written...
2017-10-16 22:18:24,876 [main] INFO  myLogger -  PFlock  10.0     20K_1S    23.316    14.784    38.100     25626      8   28   256    22:18:24.876
2017-10-16 22:18:53,655 [main] INFO  myLogger - Writing maximal disks...
2017-10-16 22:18:54,083 [main] INFO  myLogger - 334 maximal disks has been written...
2017-10-16 22:18:54,084 [main] INFO  myLogger -  PFlock  20.0     20K_1S    14.863    14.230    29.093     52118    334   28   256    22:18:54.084
2017-10-16 22:19:22,811 [main] INFO  myLogger - Writing maximal disks...
2017-10-16 22:19:23,275 [main] INFO  myLogger - 644 maximal disks has been written...
2017-10-16 22:19:23,276 [main] INFO  myLogger -  PFlock  30.0     20K_1S    14.188    14.940    29.128     78182    644   28   256    22:19:23.276
2017-10-16 22:19:23,354 [main] INFO  myLogger - Clossing app...
Done!!! Mon Oct 16 22:19:23 PDT 2017
2017-10-16 22:19:30,373 [main] INFO  myLogger - Starting app...
2017-10-16 22:19:30,374 [main] INFO  myLogger - Running app-20171016221929-0002 using 28 cores and 256 partitions...
2017-10-16 22:19:30,375 [main] INFO  myLogger - Setting mu = 12...
2017-10-16 22:20:26,816 [main] INFO  myLogger - Writing maximal disks...
2017-10-16 22:20:27,311 [main] INFO  myLogger - 356 maximal disks has been written...
2017-10-16 22:20:27,315 [main] INFO  myLogger -  PFlock  10.0     20K_2S    23.310    15.818    39.128     34316    356   28   256    22:20:27.315
2017-10-16 22:20:56,283 [main] INFO  myLogger - Writing maximal disks...
2017-10-16 22:20:56,761 [main] INFO  myLogger - 661 maximal disks has been written...
2017-10-16 22:20:56,762 [main] INFO  myLogger -  PFlock  20.0     20K_2S    14.324    15.008    29.332     69306    661   28   256    22:20:56.762
2017-10-16 22:21:26,447 [main] INFO  myLogger - Writing maximal disks...
2017-10-16 22:21:27,126 [main] INFO  myLogger - 816 maximal disks has been written...
2017-10-16 22:21:27,128 [main] INFO  myLogger -  PFlock  30.0     20K_2S    14.389    15.916    30.305    102350    816   28   256    22:21:27.127
2017-10-16 22:21:27,212 [main] INFO  myLogger - Clossing app...
Done!!! Mon Oct 16 22:21:27 PDT 2017
2017-10-16 22:21:34,279 [main] INFO  myLogger - Starting app...
2017-10-16 22:21:34,280 [main] INFO  myLogger - Running app-20171016222133-0003 using 28 cores and 256 partitions...
2017-10-16 22:21:34,280 [main] INFO  myLogger - Setting mu = 12...
2017-10-16 22:22:39,092 [main] INFO  myLogger - Writing maximal disks...
2017-10-16 22:22:39,533 [main] INFO  myLogger - 361 maximal disks has been written...
2017-10-16 22:22:39,537 [main] INFO  myLogger -  PFlock  10.0        40K    27.667    18.845    46.512     59972    361   28   256    22:22:39.537
2017-10-16 22:23:16,297 [main] INFO  myLogger - Writing maximal disks...
2017-10-16 22:23:16,815 [main] INFO  myLogger - 752 maximal disks has been written...
2017-10-16 22:23:16,816 [main] INFO  myLogger -  PFlock  20.0        40K    18.191    18.971    37.162    121488    752   28   256    22:23:16.816
2017-10-16 22:23:57,208 [main] INFO  myLogger - Writing maximal disks...
2017-10-16 22:23:57,763 [main] INFO  myLogger - 1105 maximal disks has been written...
2017-10-16 22:23:57,764 [main] INFO  myLogger -  PFlock  30.0        40K    17.588    23.300    40.888    180652   1105   28   256    22:23:57.764
2017-10-16 22:23:57,839 [main] INFO  myLogger - Clossing app...
Done!!! Mon Oct 16 22:23:58 PDT 2017
2017-10-16 22:24:04,896 [main] INFO  myLogger - Starting app...
2017-10-16 22:24:04,897 [main] INFO  myLogger - Running app-20171016222404-0004 using 28 cores and 256 partitions...
2017-10-16 22:24:04,897 [main] INFO  myLogger - Setting mu = 12...
2017-10-16 22:24:58,015 [main] INFO  myLogger - Writing maximal disks...
2017-10-16 22:24:58,283 [main] INFO  myLogger - 19 maximal disks has been written...
2017-10-16 22:24:58,287 [main] INFO  myLogger -  PFlock  10.0     20K_3S    20.854    14.833    35.687     22452     19   28   256    22:24:58.287
2017-10-16 22:25:26,609 [main] INFO  myLogger - Writing maximal disks...
2017-10-16 22:25:27,043 [main] INFO  myLogger - 339 maximal disks has been written...
2017-10-16 22:25:27,044 [main] INFO  myLogger -  PFlock  20.0     20K_3S    14.559    14.078    28.637     47638    339   28   256    22:25:27.044
2017-10-16 22:25:54,417 [main] INFO  myLogger - Writing maximal disks...
2017-10-16 22:25:54,873 [main] INFO  myLogger - 467 maximal disks has been written...
2017-10-16 22:25:54,874 [main] INFO  myLogger -  PFlock  30.0     20K_3S    12.885    14.883    27.768     72348    467   28   256    22:25:54.874
2017-10-16 22:25:54,949 [main] INFO  myLogger - Clossing app...
Done!!! Mon Oct 16 22:25:55 PDT 2017
2017-10-16 22:26:01,962 [main] INFO  myLogger - Starting app...
2017-10-16 22:26:01,963 [main] INFO  myLogger - Running app-20171016222601-0005 using 28 cores and 256 partitions...
2017-10-16 22:26:01,964 [main] INFO  myLogger - Setting mu = 12...
2017-10-16 22:27:12,304 [main] INFO  myLogger - Writing maximal disks...
2017-10-16 22:27:12,802 [main] INFO  myLogger - 364 maximal disks has been written...
2017-10-16 22:27:12,806 [main] INFO  myLogger -  PFlock  10.0        60K    27.227    22.430    49.657     82420    364   28   256    22:27:12.805
2017-10-16 22:27:54,100 [main] INFO  myLogger - Writing maximal disks...
2017-10-16 22:27:54,650 [main] INFO  myLogger - 776 maximal disks has been written...
2017-10-16 22:27:54,651 [main] INFO  myLogger -  PFlock  20.0        60K    20.537    21.193    41.730    169122    776   28   256    22:27:54.651
2017-10-16 22:28:40,685 [main] INFO  myLogger - Writing maximal disks...
2017-10-16 22:28:41,263 [main] INFO  myLogger - 1161 maximal disks has been written...
2017-10-16 22:28:41,264 [main] INFO  myLogger -  PFlock  30.0        60K    20.608    25.944    46.552    252992   1161   28   256    22:28:41.263
2017-10-16 22:28:41,340 [main] INFO  myLogger - Clossing app...
Done!!! Mon Oct 16 22:28:41 PDT 2017
2017-10-16 22:28:48,439 [main] INFO  myLogger - Starting app...
2017-10-16 22:28:48,440 [main] INFO  myLogger - Running app-20171016222847-0006 using 28 cores and 256 partitions...
2017-10-16 22:28:48,440 [main] INFO  myLogger - Setting mu = 12...
2017-10-16 22:29:43,695 [main] INFO  myLogger - Writing maximal disks...
2017-10-16 22:29:44,081 [main] INFO  myLogger - 255 maximal disks has been written...
2017-10-16 22:29:44,085 [main] INFO  myLogger -  PFlock  10.0     20K_4S    21.783    15.083    36.866     25490    255   28   256    22:29:44.085
2017-10-16 22:30:10,884 [main] INFO  myLogger - Writing maximal disks...
2017-10-16 22:30:11,323 [main] INFO  myLogger - 417 maximal disks has been written...
2017-10-16 22:30:11,324 [main] INFO  myLogger -  PFlock  20.0     20K_4S    13.046    14.071    27.117     52228    417   28   256    22:30:11.323
2017-10-16 22:30:39,669 [main] INFO  myLogger - Writing maximal disks...
2017-10-16 22:30:40,143 [main] INFO  myLogger - 586 maximal disks has been written...
2017-10-16 22:30:40,144 [main] INFO  myLogger -  PFlock  30.0     20K_4S    13.389    15.371    28.760     78364    586   28   256    22:30:40.144
2017-10-16 22:30:40,219 [main] INFO  myLogger - Clossing app...
Done!!! Mon Oct 16 22:30:40 PDT 2017
2017-10-16 22:30:47,307 [main] INFO  myLogger - Starting app...
2017-10-16 22:30:47,308 [main] INFO  myLogger - Running app-20171016223046-0007 using 28 cores and 256 partitions...
2017-10-16 22:30:47,309 [main] INFO  myLogger - Setting mu = 12...
2017-10-16 22:31:59,035 [main] INFO  myLogger - Writing maximal disks...
2017-10-16 22:31:59,569 [main] INFO  myLogger - 450 maximal disks has been written...
2017-10-16 22:31:59,574 [main] INFO  myLogger -  PFlock  10.0        80K    30.278    22.758    53.036    107922    450   28   256    22:31:59.573
2017-10-16 22:32:44,786 [main] INFO  myLogger - Writing maximal disks...
2017-10-16 22:32:45,358 [main] INFO  myLogger - 868 maximal disks has been written...
2017-10-16 22:32:45,359 [main] INFO  myLogger -  PFlock  20.0        80K    22.038    23.633    45.671    221368    868   28   256    22:32:45.359
2017-10-16 22:33:43,337 [main] INFO  myLogger - Writing maximal disks...
2017-10-16 22:33:43,921 [main] INFO  myLogger - 1351 maximal disks has been written...
2017-10-16 22:33:43,922 [main] INFO  myLogger -  PFlock  30.0        80K    23.646    34.851    58.497    331400   1351   28   256    22:33:43.922
2017-10-16 22:33:43,999 [main] INFO  myLogger - Clossing app...
Done!!! Mon Oct 16 22:33:44 PDT 2017
acald013@dblab-rack14: stopping org.apache.spark.deploy.worker.Worker
acald013@dblab-rack15: stopping org.apache.spark.deploy.worker.Worker
acald013@dblab-rack11: stopping org.apache.spark.deploy.worker.Worker
acald013@dblab-rack12: stopping org.apache.spark.deploy.worker.Worker
stopping org.apache.spark.deploy.master.Master
Done!!!
acald013@dblab-rack12: no org.apache.spark.deploy.worker.Worker to stop
acald013@dblab-rack15: no org.apache.spark.deploy.worker.Worker to stop
acald013@dblab-rack14: no org.apache.spark.deploy.worker.Worker to stop
acald013@dblab-rack11: no org.apache.spark.deploy.worker.Worker to stop
no org.apache.spark.deploy.master.Master to stop
starting org.apache.spark.deploy.master.Master, logging to /home/acald013/Spark/spark-2.1.0-bin-hadoop2.7/logs/spark-acald013-org.apache.spark.deploy.master.Master-1-dblab-rack15.out
acald013@dblab-rack12: starting org.apache.spark.deploy.worker.Worker, logging to /home/acald013/Spark/spark-2.1.0-bin-hadoop2.7/logs/spark-acald013-org.apache.spark.deploy.worker.Worker-1-dblab-rack12.out
acald013@dblab-rack15: starting org.apache.spark.deploy.worker.Worker, logging to /home/acald013/Spark/spark-2.1.0-bin-hadoop2.7/logs/spark-acald013-org.apache.spark.deploy.worker.Worker-1-dblab-rack15.out
acald013@dblab-rack14: starting org.apache.spark.deploy.worker.Worker, logging to /home/acald013/Spark/spark-2.1.0-bin-hadoop2.7/logs/spark-acald013-org.apache.spark.deploy.worker.Worker-1-dblab-rack14.cs.ucr.edu.out
acald013@dblab-rack11: starting org.apache.spark.deploy.worker.Worker, logging to /home/acald013/Spark/spark-2.1.0-bin-hadoop2.7/logs/spark-acald013-org.apache.spark.deploy.worker.Worker-1-dblab-rack11.cs.ucr.edu.out
2017-10-16 22:44:57,663 [main] INFO  myLogger - Starting app...
2017-10-16 22:44:57,664 [main] INFO  myLogger - Running app-20171016224456-0008 using 28 cores and 256 partitions...
2017-10-16 22:44:57,665 [main] INFO  myLogger - Setting mu = 12...
2017-10-16 22:45:50,281 [main] INFO  myLogger - Writing maximal disks...
2017-10-16 22:45:50,547 [main] INFO  myLogger - 8 maximal disks has been written...
2017-10-16 22:45:50,552 [main] INFO  myLogger -  PFlock  10.0     20K_1S    21.984    14.764    36.748     25626      8   28   256    22:45:50.551
2017-10-16 22:46:19,245 [main] INFO  myLogger - Writing maximal disks...
2017-10-16 22:46:19,687 [main] INFO  myLogger - 334 maximal disks has been written...
2017-10-16 22:46:19,688 [main] INFO  myLogger -  PFlock  20.0     20K_1S    13.668    15.352    29.020     52118    334   28   256    22:46:19.688
2017-10-16 22:46:49,770 [main] INFO  myLogger - Writing maximal disks...
2017-10-16 22:46:50,243 [main] INFO  myLogger - 644 maximal disks has been written...
2017-10-16 22:46:50,244 [main] INFO  myLogger -  PFlock  30.0     20K_1S    14.232    16.263    30.495     78182    644   28   256    22:46:50.244
2017-10-16 22:46:50,319 [main] INFO  myLogger - Clossing app...
Done!!! Mon Oct 16 22:46:50 PDT 2017
2017-10-16 22:46:57,518 [main] INFO  myLogger - Starting app...
2017-10-16 22:46:57,519 [main] INFO  myLogger - Running app-20171016224656-0009 using 28 cores and 256 partitions...
2017-10-16 22:46:57,520 [main] INFO  myLogger - Setting mu = 12...
2017-10-16 22:47:52,778 [main] INFO  myLogger - Writing maximal disks...
2017-10-16 22:47:53,040 [main] INFO  myLogger - 8 maximal disks has been written...
2017-10-16 22:47:53,044 [main] INFO  myLogger -  PFlock  10.0        20K    23.408    14.128    37.536     25626      8   28   256    22:47:53.043
2017-10-16 22:48:21,633 [main] INFO  myLogger - Writing maximal disks...
2017-10-16 22:48:22,059 [main] INFO  myLogger - 334 maximal disks has been written...
2017-10-16 22:48:22,060 [main] INFO  myLogger -  PFlock  20.0        20K    14.790    14.112    28.902     52128    334   28   256    22:48:22.060
2017-10-16 22:48:50,595 [main] INFO  myLogger - Writing maximal disks...
2017-10-16 22:48:51,072 [main] INFO  myLogger - 644 maximal disks has been written...
2017-10-16 22:48:51,073 [main] INFO  myLogger -  PFlock  30.0        20K    14.589    14.362    28.951     78194    644   28   256    22:48:51.073
2017-10-16 22:48:51,152 [main] INFO  myLogger - Clossing app...
Done!!! Mon Oct 16 22:48:51 PDT 2017
2017-10-16 22:48:58,465 [main] INFO  myLogger - Starting app...
2017-10-16 22:48:58,467 [main] INFO  myLogger - Running app-20171016224857-0010 using 28 cores and 256 partitions...
2017-10-16 22:48:58,467 [main] INFO  myLogger - Setting mu = 12...
2017-10-16 22:49:55,372 [main] INFO  myLogger - Writing maximal disks...
2017-10-16 22:49:55,785 [main] INFO  myLogger - 356 maximal disks has been written...
2017-10-16 22:49:55,789 [main] INFO  myLogger -  PFlock  10.0     20K_2S    23.964    16.353    40.317     34316    356   28   256    22:49:55.789
2017-10-16 22:50:27,031 [main] INFO  myLogger - Writing maximal disks...
2017-10-16 22:50:27,499 [main] INFO  myLogger - 661 maximal disks has been written...
2017-10-16 22:50:27,500 [main] INFO  myLogger -  PFlock  20.0     20K_2S    15.356    16.239    31.595     69306    661   28   256    22:50:27.500
2017-10-16 22:50:58,090 [main] INFO  myLogger - Writing maximal disks...
2017-10-16 22:50:58,584 [main] INFO  myLogger - 816 maximal disks has been written...
2017-10-16 22:50:58,586 [main] INFO  myLogger -  PFlock  30.0     20K_2S    14.598    16.431    31.029    102350    816   28   256    22:50:58.585
2017-10-16 22:50:58,661 [main] INFO  myLogger - Clossing app...
Done!!! Mon Oct 16 22:50:59 PDT 2017
2017-10-16 22:51:05,872 [main] INFO  myLogger - Starting app...
2017-10-16 22:51:05,873 [main] INFO  myLogger - Running app-20171016225105-0011 using 28 cores and 256 partitions...
2017-10-16 22:51:05,874 [main] INFO  myLogger - Setting mu = 12...
2017-10-16 22:52:02,309 [main] INFO  myLogger - Writing maximal disks...
2017-10-16 22:52:02,753 [main] INFO  myLogger - 361 maximal disks has been written...
2017-10-16 22:52:02,757 [main] INFO  myLogger -  PFlock  10.0        40K    23.554    18.019    41.573     59972    361   28   256    22:52:02.756
2017-10-16 22:52:38,880 [main] INFO  myLogger - Writing maximal disks...
2017-10-16 22:52:39,404 [main] INFO  myLogger - 752 maximal disks has been written...
2017-10-16 22:52:39,406 [main] INFO  myLogger -  PFlock  20.0        40K    16.480    20.048    36.528    121488    752   28   256    22:52:39.405
2017-10-16 22:53:19,037 [main] INFO  myLogger - Writing maximal disks...
2017-10-16 22:53:19,581 [main] INFO  myLogger - 1105 maximal disks has been written...
2017-10-16 22:53:19,582 [main] INFO  myLogger -  PFlock  30.0        40K    17.006    23.112    40.118    180652   1105   28   256    22:53:19.582
2017-10-16 22:53:19,653 [main] INFO  myLogger - Clossing app...
Done!!! Mon Oct 16 22:53:20 PDT 2017
2017-10-16 22:53:26,740 [main] INFO  myLogger - Starting app...
2017-10-16 22:53:26,741 [main] INFO  myLogger - Running app-20171016225325-0012 using 28 cores and 256 partitions...
2017-10-16 22:53:26,741 [main] INFO  myLogger - Setting mu = 12...
2017-10-16 22:54:18,520 [main] INFO  myLogger - Writing maximal disks...
2017-10-16 22:54:18,793 [main] INFO  myLogger - 19 maximal disks has been written...
2017-10-16 22:54:18,798 [main] INFO  myLogger -  PFlock  10.0     20K_3S    19.609    14.689    34.298     22452     19   28   256    22:54:18.797
2017-10-16 22:54:48,662 [main] INFO  myLogger - Writing maximal disks...
2017-10-16 22:54:49,102 [main] INFO  myLogger - 339 maximal disks has been written...
2017-10-16 22:54:49,103 [main] INFO  myLogger -  PFlock  20.0     20K_3S    14.280    15.909    30.189     47638    339   28   256    22:54:49.103
2017-10-16 22:55:17,083 [main] INFO  myLogger - Writing maximal disks...
2017-10-16 22:55:17,547 [main] INFO  myLogger - 467 maximal disks has been written...
2017-10-16 22:55:17,548 [main] INFO  myLogger -  PFlock  30.0     20K_3S    13.434    14.951    28.385     72348    467   28   256    22:55:17.548
2017-10-16 22:55:17,624 [main] INFO  myLogger - Clossing app...
Done!!! Mon Oct 16 22:55:18 PDT 2017
2017-10-16 22:55:24,756 [main] INFO  myLogger - Starting app...
2017-10-16 22:55:24,757 [main] INFO  myLogger - Running app-20171016225523-0013 using 28 cores and 256 partitions...
2017-10-16 22:55:24,757 [main] INFO  myLogger - Setting mu = 12...
2017-10-16 22:56:32,007 [main] INFO  myLogger - Writing maximal disks...
2017-10-16 22:56:32,476 [main] INFO  myLogger - 364 maximal disks has been written...
2017-10-16 22:56:32,481 [main] INFO  myLogger -  PFlock  10.0        60K    27.533    19.842    47.375     82420    364   28   256    22:56:32.480
2017-10-16 22:57:12,536 [main] INFO  myLogger - Writing maximal disks...
2017-10-16 22:57:13,167 [main] INFO  myLogger - 776 maximal disks has been written...
2017-10-16 22:57:13,168 [main] INFO  myLogger -  PFlock  20.0        60K    19.307    21.260    40.567    169122    776   28   256    22:57:13.167
2017-10-16 22:58:01,667 [main] INFO  myLogger - Writing maximal disks...
2017-10-16 22:58:02,260 [main] INFO  myLogger - 1161 maximal disks has been written...
2017-10-16 22:58:02,261 [main] INFO  myLogger -  PFlock  30.0        60K    20.561    28.473    49.034    252992   1161   28   256    22:58:02.260
2017-10-16 22:58:02,337 [main] INFO  myLogger - Clossing app...
Done!!! Mon Oct 16 22:58:02 PDT 2017
2017-10-16 22:58:09,525 [main] INFO  myLogger - Starting app...
2017-10-16 22:58:09,526 [main] INFO  myLogger - Running app-20171016225808-0014 using 28 cores and 256 partitions...
2017-10-16 22:58:09,527 [main] INFO  myLogger - Setting mu = 12...
2017-10-16 22:59:01,352 [main] INFO  myLogger - Writing maximal disks...
2017-10-16 22:59:01,751 [main] INFO  myLogger - 255 maximal disks has been written...
2017-10-16 22:59:01,756 [main] INFO  myLogger -  PFlock  10.0     20K_4S    22.344    14.353    36.697     25490    255   28   256    22:59:01.755
2017-10-16 22:59:31,427 [main] INFO  myLogger - Writing maximal disks...
2017-10-16 22:59:31,875 [main] INFO  myLogger - 417 maximal disks has been written...
2017-10-16 22:59:31,879 [main] INFO  myLogger -  PFlock  20.0     20K_4S    15.096    14.908    30.004     52228    417   28   256    22:59:31.878
2017-10-16 23:00:02,634 [main] INFO  myLogger - Writing maximal disks...
2017-10-16 23:00:03,115 [main] INFO  myLogger - 586 maximal disks has been written...
2017-10-16 23:00:03,116 [main] INFO  myLogger -  PFlock  30.0     20K_4S    14.310    16.867    31.177     78364    586   28   256    23:00:03.115
2017-10-16 23:00:03,191 [main] INFO  myLogger - Clossing app...
Done!!! Mon Oct 16 23:00:03 PDT 2017
2017-10-16 23:00:10,181 [main] INFO  myLogger - Starting app...
2017-10-16 23:00:10,182 [main] INFO  myLogger - Running app-20171016230009-0015 using 28 cores and 256 partitions...
2017-10-16 23:00:10,182 [main] INFO  myLogger - Setting mu = 12...
2017-10-16 23:01:24,917 [main] INFO  myLogger - Writing maximal disks...
2017-10-16 23:01:25,462 [main] INFO  myLogger - 450 maximal disks has been written...
2017-10-16 23:01:25,466 [main] INFO  myLogger -  PFlock  10.0        80K    31.578    24.054    55.632    107922    450   28   256    23:01:25.465
2017-10-16 23:02:08,726 [main] INFO  myLogger - Writing maximal disks...
2017-10-16 23:02:09,295 [main] INFO  myLogger - 868 maximal disks has been written...
2017-10-16 23:02:09,296 [main] INFO  myLogger -  PFlock  20.0        80K    21.256    22.453    43.709    221368    868   28   256    23:02:09.296
2017-10-16 23:03:10,854 [main] INFO  myLogger - Writing maximal disks...
2017-10-16 23:03:11,461 [main] INFO  myLogger - 1351 maximal disks has been written...
2017-10-16 23:03:11,462 [main] INFO  myLogger -  PFlock  30.0        80K    22.838    39.268    62.106    331400   1351   28   256    23:03:11.462
2017-10-16 23:03:11,538 [main] INFO  myLogger - Clossing app...
Done!!! Mon Oct 16 23:03:12 PDT 2017
acald013@dblab-rack12: stopping org.apache.spark.deploy.worker.Worker
acald013@dblab-rack14: stopping org.apache.spark.deploy.worker.Worker
acald013@dblab-rack11: stopping org.apache.spark.deploy.worker.Worker
acald013@dblab-rack15: stopping org.apache.spark.deploy.worker.Worker
stopping org.apache.spark.deploy.master.Master
Done!!!
