Wed Oct 28 11:56:44 PDT 2015

Setting up the problem...0.002936 s
    A: 201 x 220
    B: 220 x 232
    C: 201 x 232
Allocating device variables...0.073304 s
Copying data from host to device...0.000254 s
Launching kernel...0.000251 s
Copying data from device to host...0.000187 s
Verifying results...TEST PASSED


Setting up the problem...0.010562 s
    A: 658 x 386
    B: 386 x 238
    C: 658 x 238
Allocating device variables...0.062616 s
Copying data from host to device...0.001116 s
Launching kernel...0.001360 s
Copying data from device to host...0.000593 s
Verifying results...TEST PASSED


Setting up the problem...0.022567 s
    A: 858 x 827
    B: 827 x 771
    C: 858 x 771
Allocating device variables...0.064707 s
Copying data from host to device...0.004252 s
Launching kernel...0.012147 s
Copying data from device to host...0.001623 s
Verifying results...TEST PASSED


Setting up the problem...0.023975 s
    A: 581 x 805
    B: 805 x 790
    C: 581 x 790
Allocating device variables...0.060553 s
Copying data from host to device...0.001869 s
Launching kernel...0.008033 s
Copying data from device to host...0.001893 s
Verifying results...TEST PASSED


Setting up the problem...0.013066 s
    A: 327 x 803
    B: 803 x 206
    C: 327 x 206
Allocating device variables...0.069096 s
Copying data from host to device...0.001332 s
Launching kernel...0.001210 s
Copying data from device to host...0.000305 s
Verifying results...TEST PASSED


Setting up the problem...0.016099 s
    A: 276 x 544
    B: 544 x 896
    C: 276 x 896
Allocating device variables...0.061214 s
Copying data from host to device...0.001834 s
Launching kernel...0.002862 s
Copying data from device to host...0.000924 s
Verifying results...TEST PASSED


Setting up the problem...0.022769 s
    A: 933 x 928
    B: 928 x 260
    C: 933 x 260
Allocating device variables...0.068380 s
Copying data from host to device...0.003575 s
Launching kernel...0.004803 s
Copying data from device to host...0.001650 s
Verifying results...TEST PASSED


Setting up the problem...0.013829 s
    A: 721 x 722
    B: 722 x 309
    C: 721 x 309
Allocating device variables...0.061244 s
Copying data from host to device...0.002179 s
Launching kernel...0.003523 s
Copying data from device to host...0.000963 s
Verifying results...TEST PASSED


Setting up the problem...0.015131 s
    A: 820 x 291
    B: 291 x 936
    C: 820 x 936
Allocating device variables...0.063834 s
Copying data from host to device...0.001612 s
Launching kernel...0.004693 s
Copying data from device to host...0.002825 s
Verifying results...TEST PASSED


Setting up the problem...0.014224 s
    A: 42 x 938
    B: 938 x 757
    C: 42 x 757
Allocating device variables...0.059686 s
Copying data from host to device...0.001977 s
Launching kernel...0.000868 s
Copying data from device to host...0.000133 s
Verifying results...TEST PASSED


Setting up the problem...0.004363 s
    A: 135 x 311
    B: 311 x 319
    C: 135 x 319
Allocating device variables...0.063857 s
Copying data from host to device...0.000486 s
Launching kernel...0.000332 s
Copying data from device to host...0.000179 s
Verifying results...TEST PASSED


Setting up the problem...0.011708 s
    A: 569 x 373
    B: 373 x 412
    C: 569 x 412
Allocating device variables...0.063898 s
Copying data from host to device...0.001531 s
Launching kernel...0.001955 s
Copying data from device to host...0.001576 s
Verifying results...TEST PASSED


Setting up the problem...0.014151 s
    A: 247 x 735
    B: 735 x 421
    C: 247 x 421
Allocating device variables...0.064178 s
Copying data from host to device...0.001857 s
Launching kernel...0.001730 s
Copying data from device to host...0.000739 s
Verifying results...TEST PASSED


Setting up the problem...0.027883 s
    A: 754 x 936
    B: 936 x 803
    C: 754 x 803
Allocating device variables...0.061088 s
Copying data from host to device...0.003652 s
Launching kernel...0.012086 s
Copying data from device to host...0.003035 s
Verifying results...TEST PASSED


Setting up the problem...0.002212 s
    A: 48 x 524
    B: 524 x 89
    C: 48 x 89
Allocating device variables...0.063159 s
Copying data from host to device...0.000271 s
Launching kernel...0.000105 s
Copying data from device to host...0.000034 s
Verifying results...TEST PASSED


Setting up the problem...0.009610 s
    A: 77 x 323
    B: 323 x 894
    C: 77 x 894
Allocating device variables...0.059226 s
Copying data from host to device...0.000962 s
Launching kernel...0.000533 s
Copying data from device to host...0.000343 s
Verifying results...TEST PASSED


Setting up the problem...0.004852 s
    A: 57 x 464
    B: 464 x 285
    C: 57 x 285
Allocating device variables...0.065018 s
Copying data from host to device...0.000540 s
Launching kernel...0.000229 s
Copying data from device to host...0.000075 s
Verifying results...TEST PASSED


Setting up the problem...0.014996 s
    A: 950 x 444
    B: 444 x 435
    C: 950 x 435
Allocating device variables...0.061346 s
Copying data from host to device...0.001746 s
Launching kernel...0.003924 s
Copying data from device to host...0.001670 s
Verifying results...TEST PASSED


Setting up the problem...0.007465 s
    A: 315 x 422
    B: 422 x 262
    C: 315 x 262
Allocating device variables...0.061683 s
Copying data from host to device...0.000806 s
Launching kernel...0.000786 s
Copying data from device to host...0.000331 s
Verifying results...TEST PASSED


Setting up the problem...0.012136 s
    A: 586 x 357
    B: 357 x 635
    C: 586 x 635
Allocating device variables...0.073261 s
Copying data from host to device...0.001403 s
Launching kernel...0.002977 s
Copying data from device to host...0.001338 s
Verifying results...TEST PASSED


Setting up the problem...0.011539 s
    A: 832 x 295
    B: 295 x 447
    C: 832 x 447
Allocating device variables...0.058542 s
Copying data from host to device...0.001226 s
Launching kernel...0.002317 s
Copying data from device to host...0.001481 s
Verifying results...TEST PASSED


Setting up the problem...0.005826 s
    A: 194 x 246
    B: 246 x 580
    C: 194 x 580
Allocating device variables...0.069731 s
Copying data from host to device...0.000637 s
Launching kernel...0.000624 s
Copying data from device to host...0.000431 s
Verifying results...TEST PASSED


Setting up the problem...0.018853 s
    A: 537 x 601
    B: 601 x 989
    C: 537 x 989
Allocating device variables...0.058609 s
Copying data from host to device...0.002335 s
Launching kernel...0.007067 s
Copying data from device to host...0.001786 s
Verifying results...TEST PASSED


Setting up the problem...0.003558 s
    A: 75 x 327
    B: 327 x 279
    C: 75 x 279
Allocating device variables...0.065812 s
Copying data from host to device...0.000410 s
Launching kernel...0.000211 s
Copying data from device to host...0.000098 s
Verifying results...TEST PASSED


Setting up the problem...0.003470 s
    A: 141 x 514
    B: 514 x 79
    C: 141 x 79
Allocating device variables...0.061716 s
Copying data from host to device...0.000398 s
Launching kernel...0.000182 s
Copying data from device to host...0.000060 s
Verifying results...TEST PASSED


Setting up the problem...0.016110 s
    A: 668 x 552
    B: 552 x 272
    C: 668 x 272
Allocating device variables...0.064923 s
Copying data from host to device...0.001466 s
Launching kernel...0.002028 s
Copying data from device to host...0.000706 s
Verifying results...TEST PASSED


Setting up the problem...0.019937 s
    A: 812 x 620
    B: 620 x 641
    C: 812 x 641
Allocating device variables...0.060530 s
Copying data from host to device...0.002407 s
Launching kernel...0.006923 s
Copying data from device to host...0.002120 s
Verifying results...TEST PASSED


Setting up the problem...0.015392 s
    A: 643 x 422
    B: 422 x 700
    C: 643 x 700
Allocating device variables...0.063103 s
Copying data from host to device...0.002009 s
Launching kernel...0.004151 s
Copying data from device to host...0.002887 s
Verifying results...TEST PASSED


Setting up the problem...0.009397 s
    A: 933 x 179
    B: 179 x 792
    C: 933 x 792
Allocating device variables...0.062883 s
Copying data from host to device...0.001299 s
Launching kernel...0.002705 s
Copying data from device to host...0.004631 s
Verifying results...TEST PASSED


Setting up the problem...0.023757 s
    A: 592 x 966
    B: 966 x 808
    C: 592 x 808
Allocating device variables...0.061391 s
Copying data from host to device...0.003414 s
Launching kernel...0.009602 s
Copying data from device to host...0.001848 s
Verifying results...TEST PASSED


Setting up the problem...0.012341 s
    A: 987 x 497
    B: 497 x 114
    C: 987 x 114
Allocating device variables...0.062706 s
Copying data from host to device...0.002039 s
Launching kernel...0.001346 s
Copying data from device to host...0.000801 s
Verifying results...TEST PASSED


Setting up the problem...0.014747 s
    A: 520 x 740
    B: 740 x 575
    C: 520 x 575
Allocating device variables...0.058425 s
Copying data from host to device...0.002140 s
Launching kernel...0.004699 s
Copying data from device to host...0.001091 s
Verifying results...TEST PASSED


Setting up the problem...0.012880 s
    A: 630 x 391
    B: 391 x 769
    C: 630 x 769
Allocating device variables...0.061321 s
Copying data from host to device...0.001661 s
Launching kernel...0.004193 s
Copying data from device to host...0.001940 s
Verifying results...TEST PASSED


Setting up the problem...0.026142 s
    A: 849 x 910
    B: 910 x 597
    C: 849 x 597
Allocating device variables...0.063116 s
Copying data from host to device...0.004221 s
Launching kernel...0.009991 s
Copying data from device to host...0.002980 s
Verifying results...TEST PASSED


Setting up the problem...0.020302 s
    A: 638 x 747
    B: 747 x 614
    C: 638 x 614
Allocating device variables...0.059877 s
Copying data from host to device...0.002497 s
Launching kernel...0.006314 s
Copying data from device to host...0.001598 s
Verifying results...TEST PASSED


Setting up the problem...0.013107 s
    A: 923 x 492
    B: 492 x 397
    C: 923 x 397
Allocating device variables...0.062937 s
Copying data from host to device...0.002363 s
Launching kernel...0.003967 s
Copying data from device to host...0.002384 s
Verifying results...TEST PASSED


Setting up the problem...0.003109 s
    A: 766 x 74
    B: 74 x 594
    C: 766 x 594
Allocating device variables...0.066671 s
Copying data from host to device...0.000365 s
Launching kernel...0.000774 s
Copying data from device to host...0.001545 s
Verifying results...TEST PASSED


Setting up the problem...0.011869 s
    A: 160 x 843
    B: 843 x 490
    C: 160 x 490
Allocating device variables...0.060348 s
Copying data from host to device...0.001545 s
Launching kernel...0.001542 s
Copying data from device to host...0.000306 s
Verifying results...TEST PASSED


Setting up the problem...0.016706 s
    A: 537 x 935
    B: 935 x 112
    C: 537 x 112
Allocating device variables...0.062670 s
Copying data from host to device...0.002227 s
Launching kernel...0.001249 s
Copying data from device to host...0.000444 s
Verifying results...TEST PASSED


Setting up the problem...0.013553 s
    A: 639 x 731
    B: 731 x 283
    C: 639 x 283
Allocating device variables...0.061107 s
Copying data from host to device...0.001918 s
Launching kernel...0.002904 s
Copying data from device to host...0.000853 s
Verifying results...TEST PASSED


Setting up the problem...0.021587 s
    A: 832 x 664
    B: 664 x 932
    C: 832 x 932
Allocating device variables...0.063601 s
Copying data from host to device...0.002412 s
Launching kernel...0.010851 s
Copying data from device to host...0.002773 s
Verifying results...TEST PASSED


Setting up the problem...0.013358 s
    A: 729 x 544
    B: 544 x 541
    C: 729 x 541
Allocating device variables...0.059384 s
Copying data from host to device...0.001885 s
Launching kernel...0.004623 s
Copying data from device to host...0.001367 s
Verifying results...TEST PASSED


Setting up the problem...0.010650 s
    A: 135 x 526
    B: 526 x 669
    C: 135 x 669
Allocating device variables...0.061637 s
Copying data from host to device...0.001190 s
Launching kernel...0.001086 s
Copying data from device to host...0.000358 s
Verifying results...TEST PASSED


Setting up the problem...0.013778 s
    A: 834 x 636
    B: 636 x 198
    C: 834 x 198
Allocating device variables...0.059688 s
Copying data from host to device...0.001884 s
Launching kernel...0.002312 s
Copying data from device to host...0.000713 s
Verifying results...TEST PASSED


Setting up the problem...0.000639 s
    A: 923 x 16
    B: 16 x 322
    C: 923 x 322
Allocating device variables...0.069312 s
Copying data from host to device...0.000143 s
Launching kernel...0.000180 s
Copying data from device to host...0.001997 s
Verifying results...TEST PASSED


Setting up the problem...0.010028 s
    A: 774 x 320
    B: 320 x 414
    C: 774 x 414
Allocating device variables...0.066318 s
Copying data from host to device...0.001597 s
Launching kernel...0.002190 s
Copying data from device to host...0.002140 s
Verifying results...TEST PASSED


Setting up the problem...0.001760 s
    A: 547 x 89
    B: 89 x 90
    C: 547 x 90
Allocating device variables...0.066324 s
Copying data from host to device...0.000221 s
Launching kernel...0.000143 s
Copying data from device to host...0.000198 s
Verifying results...TEST PASSED


Setting up the problem...0.016795 s
    A: 939 x 414
    B: 414 x 535
    C: 939 x 535
Allocating device variables...0.063116 s
Copying data from host to device...0.001723 s
Launching kernel...0.004554 s
Copying data from device to host...0.002070 s
Verifying results...TEST PASSED


Setting up the problem...0.000998 s
    A: 140 x 132
    B: 132 x 101
    C: 140 x 101
Allocating device variables...0.069089 s
Copying data from host to device...0.000146 s
Launching kernel...0.000091 s
Copying data from device to host...0.000071 s
Verifying results...TEST PASSED


Setting up the problem...0.015748 s
    A: 350 x 966
    B: 966 x 400
    C: 350 x 400
Allocating device variables...0.060243 s
Copying data from host to device...0.001884 s
Launching kernel...0.002854 s
Copying data from device to host...0.000612 s
Verifying results...TEST PASSED


Setting up the problem...0.024732 s
    A: 456 x 987
    B: 987 x 756
    C: 456 x 756
Allocating device variables...0.064716 s
Copying data from host to device...0.003089 s
Launching kernel...0.007347 s
Copying data from device to host...0.001387 s
Verifying results...TEST PASSED


Setting up the problem...0.017916 s
    A: 732 x 480
    B: 480 x 793
    C: 732 x 793
Allocating device variables...0.060785 s
Copying data from host to device...0.001895 s
Launching kernel...0.005973 s
Copying data from device to host...0.002272 s
Verifying results...TEST PASSED


Setting up the problem...0.000714 s
    A: 916 x 15
    B: 15 x 568
    C: 916 x 568
Allocating device variables...0.063072 s
Copying data from host to device...0.000113 s
Launching kernel...0.000236 s
Copying data from device to host...0.001750 s
Verifying results...TEST PASSED


Setting up the problem...0.001160 s
    A: 772 x 41
    B: 41 x 124
    C: 772 x 124
Allocating device variables...0.068729 s
Copying data from host to device...0.000216 s
Launching kernel...0.000161 s
Copying data from device to host...0.000688 s
Verifying results...TEST PASSED


Setting up the problem...0.013089 s
    A: 493 x 719
    B: 719 x 102
    C: 493 x 102
Allocating device variables...0.063159 s
Copying data from host to device...0.001566 s
Launching kernel...0.000864 s
Copying data from device to host...0.000369 s
Verifying results...TEST PASSED


Setting up the problem...0.015026 s
    A: 750 x 612
    B: 612 x 580
    C: 750 x 580
Allocating device variables...0.059016 s
Copying data from host to device...0.002152 s
Launching kernel...0.005690 s
Copying data from device to host...0.001751 s
Verifying results...TEST PASSED


Setting up the problem...0.016308 s
    A: 101 x 818
    B: 818 x 631
    C: 101 x 631
Allocating device variables...0.062592 s
Copying data from host to device...0.002233 s
Launching kernel...0.001287 s
Copying data from device to host...0.000469 s
Verifying results...TEST PASSED


Setting up the problem...0.031189 s
    A: 965 x 966
    B: 966 x 957
    C: 965 x 957
Allocating device variables...0.068041 s
Copying data from host to device...0.004534 s
Launching kernel...0.019474 s
Copying data from device to host...0.002404 s
Verifying results...TEST PASSED


Setting up the problem...0.015980 s
    A: 783 x 721
    B: 721 x 108
    C: 783 x 108
Allocating device variables...0.061624 s
Copying data from host to device...0.001790 s
Launching kernel...0.001356 s
Copying data from device to host...0.000333 s
Verifying results...TEST PASSED


Setting up the problem...0.005449 s
    A: 633 x 116
    B: 116 x 886
    C: 633 x 886
Allocating device variables...0.064023 s
Copying data from host to device...0.000600 s
Launching kernel...0.001384 s
Copying data from device to host...0.001886 s
Verifying results...TEST PASSED


Setting up the problem...0.016114 s
    A: 347 x 825
    B: 825 x 683
    C: 347 x 683
Allocating device variables...0.067555 s
Copying data from host to device...0.002329 s
Launching kernel...0.004313 s
Copying data from device to host...0.001034 s
Verifying results...TEST PASSED


Setting up the problem...0.022044 s
    A: 943 x 588
    B: 588 x 797
    C: 943 x 797
Allocating device variables...0.066500 s
Copying data from host to device...0.002704 s
Launching kernel...0.009500 s
Copying data from device to host...0.002131 s
Verifying results...TEST PASSED


Setting up the problem...0.018250 s
    A: 472 x 510
    B: 510 x 970
    C: 472 x 970
Allocating device variables...0.062533 s
Copying data from host to device...0.002672 s
Launching kernel...0.005185 s
Copying data from device to host...0.002929 s
Verifying results...TEST PASSED


Setting up the problem...0.021387 s
    A: 861 x 582
    B: 582 x 800
    C: 861 x 800
Allocating device variables...0.059246 s
Copying data from host to device...0.002594 s
Launching kernel...0.008342 s
Copying data from device to host...0.002263 s
Verifying results...TEST PASSED


Setting up the problem...0.013922 s
    A: 87 x 833
    B: 833 x 460
    C: 87 x 460
Allocating device variables...0.061867 s
Copying data from host to device...0.001678 s
Launching kernel...0.000810 s
Copying data from device to host...0.000301 s
Verifying results...TEST PASSED


Setting up the problem...0.008558 s
    A: 139 x 342
    B: 342 x 677
    C: 139 x 677
Allocating device variables...0.060443 s
Copying data from host to device...0.000921 s
Launching kernel...0.000763 s
Copying data from device to host...0.000372 s
Verifying results...TEST PASSED


Setting up the problem...0.003788 s
    A: 851 x 73
    B: 73 x 835
    C: 851 x 835
Allocating device variables...0.067084 s
Copying data from host to device...0.000439 s
Launching kernel...0.001189 s
Copying data from device to host...0.002297 s
Verifying results...TEST PASSED


Setting up the problem...0.013198 s
    A: 493 x 521
    B: 521 x 810
    C: 493 x 810
Allocating device variables...0.059775 s
Copying data from host to device...0.001967 s
Launching kernel...0.004713 s
Copying data from device to host...0.001627 s
Verifying results...TEST PASSED


Setting up the problem...0.002076 s
    A: 378 x 87
    B: 87 x 392
    C: 378 x 392
Allocating device variables...0.065403 s
Copying data from host to device...0.000260 s
Launching kernel...0.000301 s
Copying data from device to host...0.000567 s
Verifying results...TEST PASSED


Setting up the problem...0.010405 s
    A: 998 x 390
    B: 390 x 152
    C: 998 x 152
Allocating device variables...0.060664 s
Copying data from host to device...0.001259 s
Launching kernel...0.001259 s
Copying data from device to host...0.000580 s
Verifying results...TEST PASSED


Setting up the problem...0.017866 s
    A: 562 x 550
    B: 550 x 646
    C: 562 x 646
Allocating device variables...0.062081 s
Copying data from host to device...0.002192 s
Launching kernel...0.004333 s
Copying data from device to host...0.002374 s
Verifying results...TEST PASSED


Setting up the problem...0.001120 s
    A: 154 x 81
    B: 81 x 287
    C: 154 x 287
Allocating device variables...0.066595 s
Copying data from host to device...0.000156 s
Launching kernel...0.000126 s
Copying data from device to host...0.000183 s
Verifying results...TEST PASSED


Setting up the problem...0.018581 s
    A: 900 x 532
    B: 532 x 927
    C: 900 x 927
Allocating device variables...0.065112 s
Copying data from host to device...0.003286 s
Launching kernel...0.009591 s
Copying data from device to host...0.004264 s
Verifying results...TEST PASSED


Setting up the problem...0.011244 s
    A: 377 x 826
    B: 826 x 278
    C: 377 x 278
Allocating device variables...0.060507 s
Copying data from host to device...0.001556 s
Launching kernel...0.001891 s
Copying data from device to host...0.000402 s
Verifying results...TEST PASSED


Setting up the problem...0.020998 s
    A: 435 x 880
    B: 880 x 629
    C: 435 x 629
Allocating device variables...0.059606 s
Copying data from host to device...0.002461 s
Launching kernel...0.005149 s
Copying data from device to host...0.001162 s
Verifying results...TEST PASSED


Setting up the problem...0.016841 s
    A: 933 x 385
    B: 385 x 894
    C: 933 x 894
Allocating device variables...0.060725 s
Copying data from host to device...0.001811 s
Launching kernel...0.006961 s
Copying data from device to host...0.002439 s
Verifying results...TEST PASSED


Setting up the problem...0.010883 s
    A: 262 x 868
    B: 868 x 148
    C: 262 x 148
Allocating device variables...0.059147 s
Copying data from host to device...0.001158 s
Launching kernel...0.000792 s
Copying data from device to host...0.000164 s
Verifying results...TEST PASSED


Setting up the problem...0.001296 s
    A: 568 x 28
    B: 28 x 910
    C: 568 x 910
Allocating device variables...0.065219 s
Copying data from host to device...0.000177 s
Launching kernel...0.000392 s
Copying data from device to host...0.001729 s
Verifying results...TEST PASSED


Setting up the problem...0.012054 s
    A: 414 x 433
    B: 433 x 534
    C: 414 x 534
Allocating device variables...0.062606 s
Copying data from host to device...0.001710 s
Launching kernel...0.002146 s
Copying data from device to host...0.001518 s
Verifying results...TEST PASSED


Setting up the problem...0.014523 s
    A: 662 x 461
    B: 461 x 466
    C: 662 x 466
Allocating device variables...0.062482 s
Copying data from host to device...0.001864 s
Launching kernel...0.003170 s
Copying data from device to host...0.002075 s
Verifying results...TEST PASSED


Setting up the problem...0.008673 s
    A: 327 x 839
    B: 839 x 18
    C: 327 x 18
Allocating device variables...0.062105 s
Copying data from host to device...0.001183 s
Launching kernel...0.000286 s
Copying data from device to host...0.000072 s
Verifying results...TEST PASSED


Setting up the problem...0.004246 s
    A: 145 x 185
    B: 185 x 600
    C: 145 x 600
Allocating device variables...0.063590 s
Copying data from host to device...0.000481 s
Launching kernel...0.000377 s
Copying data from device to host...0.000336 s
Verifying results...TEST PASSED


Setting up the problem...0.012143 s
    A: 800 x 487
    B: 487 x 17
    C: 800 x 17
Allocating device variables...0.059010 s
Copying data from host to device...0.001127 s
Launching kernel...0.000244 s
Copying data from device to host...0.000067 s
Verifying results...TEST PASSED


Setting up the problem...0.005488 s
    A: 147 x 203
    B: 203 x 733
    C: 147 x 733
Allocating device variables...0.064885 s
Copying data from host to device...0.000604 s
Launching kernel...0.000517 s
Copying data from device to host...0.000412 s
Verifying results...TEST PASSED


Setting up the problem...0.008328 s
    A: 78 x 541
    B: 541 x 424
    C: 78 x 424
Allocating device variables...0.059443 s
Copying data from host to device...0.000902 s
Launching kernel...0.000434 s
Copying data from device to host...0.000144 s
Verifying results...TEST PASSED


Setting up the problem...0.017951 s
    A: 522 x 719
    B: 719 x 389
    C: 522 x 389
Allocating device variables...0.062259 s
Copying data from host to device...0.002275 s
Launching kernel...0.003236 s
Copying data from device to host...0.001395 s
Verifying results...TEST PASSED


Setting up the problem...0.022518 s
    A: 585 x 957
    B: 957 x 744
    C: 585 x 744
Allocating device variables...0.061664 s
Copying data from host to device...0.003253 s
Launching kernel...0.008749 s
Copying data from device to host...0.001813 s
Verifying results...TEST PASSED


Setting up the problem...0.012421 s
    A: 486 x 287
    B: 287 x 929
    C: 486 x 929
Allocating device variables...0.066523 s
Copying data from host to device...0.001295 s
Launching kernel...0.002816 s
Copying data from device to host...0.001549 s
Verifying results...TEST PASSED


Setting up the problem...0.000882 s
    A: 38 x 35
    B: 35 x 771
    C: 38 x 771
Allocating device variables...0.068881 s
Copying data from host to device...0.000192 s
Launching kernel...0.000095 s
Copying data from device to host...0.000229 s
Verifying results...TEST PASSED


Setting up the problem...0.005577 s
    A: 675 x 181
    B: 181 x 270
    C: 675 x 270
Allocating device variables...0.063066 s
Copying data from host to device...0.000581 s
Launching kernel...0.000735 s
Copying data from device to host...0.000693 s
Verifying results...TEST PASSED


Setting up the problem...0.011891 s
    A: 10 x 659
    B: 659 x 581
    C: 10 x 581
Allocating device variables...0.064785 s
Copying data from host to device...0.001103 s
Launching kernel...0.000229 s
Copying data from device to host...0.000042 s
Verifying results...TEST PASSED


Setting up the problem...0.021314 s
    A: 233 x 817
    B: 817 x 923
    C: 233 x 923
Allocating device variables...0.060201 s
Copying data from host to device...0.002524 s
Launching kernel...0.003996 s
Copying data from device to host...0.000916 s
Verifying results...TEST PASSED


Setting up the problem...0.010533 s
    A: 203 x 859
    B: 859 x 272
    C: 203 x 272
Allocating device variables...0.062581 s
Copying data from host to device...0.001680 s
Launching kernel...0.001072 s
Copying data from device to host...0.000398 s
Verifying results...TEST PASSED


Setting up the problem...0.013454 s
    A: 723 x 270
    B: 270 x 909
    C: 723 x 909
Allocating device variables...0.058472 s
Copying data from host to device...0.001423 s
Launching kernel...0.003814 s
Copying data from device to host...0.002477 s
Verifying results...TEST PASSED


Setting up the problem...0.002877 s
    A: 150 x 260
    B: 260 x 209
    C: 150 x 209
Allocating device variables...0.065957 s
Copying data from host to device...0.000339 s
Launching kernel...0.000222 s
Copying data from device to host...0.000135 s
Verifying results...TEST PASSED


Setting up the problem...0.013003 s
    A: 464 x 458
    B: 458 x 862
    C: 464 x 862
Allocating device variables...0.060738 s
Copying data from host to device...0.001790 s
Launching kernel...0.003967 s
Copying data from device to host...0.001681 s
Verifying results...TEST PASSED


Setting up the problem...0.017573 s
    A: 275 x 652
    B: 652 x 632
    C: 275 x 632
Allocating device variables...0.070991 s
Copying data from host to device...0.002160 s
Launching kernel...0.002448 s
Copying data from device to host...0.001198 s
Verifying results...TEST PASSED


Setting up the problem...0.011964 s
    A: 959 x 301
    B: 301 x 431
    C: 959 x 431
Allocating device variables...0.063546 s
Copying data from host to device...0.001246 s
Launching kernel...0.002736 s
Copying data from device to host...0.001429 s
Verifying results...TEST PASSED


Setting up the problem...0.004444 s
    A: 965 x 103
    B: 103 x 368
    C: 965 x 368
Allocating device variables...0.063944 s
Copying data from host to device...0.000633 s
Launching kernel...0.000792 s
Copying data from device to host...0.002327 s
Verifying results...TEST PASSED


Setting up the problem...0.014275 s
    A: 318 x 804
    B: 804 x 595
    C: 318 x 595
Allocating device variables...0.059335 s
Copying data from host to device...0.002114 s
Launching kernel...0.003295 s
Copying data from device to host...0.000812 s
Verifying results...TEST PASSED

Done!!!
Wed Oct 28 11:57:38 PDT 2015
